2022-11-22 17:02:35,126: - INFO - Test_NavData_ZHT: test.Test_NavData_ZHT > Before Navigate To...https://10.8.56.174[ZHT]
2022-11-22 17:02:35,368: - INFO - Test_NavData_ZHT: test.Test_NavData_ZHT > Login to main page...
2022-11-22 17:02:51,109: - INFO - Test_NavData_ZHT: test_Step01_Login_ZHT > [Pass]Take screenshot...
2022-11-22 17:02:51,196: - INFO - Test_NavData_ZHT: test.Test_NavData_ZHT > Switch to 'Non-Config' mode...
2022-11-22 17:02:51,364: - INFO - Test_NavData_ZHT: test.Test_NavData_ZHT > Data created for [ZHT]!
2022-11-22 17:02:53,885: - INFO - Test_NavData_ZHT: test.Test_NavData_ZHT > 'HOME' Menu: 儀表板
2022-11-22 17:02:53,907: - INFO - Test_NavData_ZHT: test.Test_NavData_ZHT > 'HOME' Menu: 系統
2022-11-22 17:02:53,929: - INFO - Test_NavData_ZHT: test.Test_NavData_ZHT > 'HOME' Menu: 存取點
2022-11-22 17:02:53,952: - INFO - Test_NavData_ZHT: test.Test_NavData_ZHT > 'HOME' Menu: 擷取 ATP
2022-11-22 17:02:53,973: - INFO - Test_NavData_ZHT: test.Test_NavData_ZHT > 'HOME' Menu: 拓撲
2022-11-22 17:02:53,996: - INFO - Test_NavData_ZHT: test.Test_NavData_ZHT > 'HOME' Menu: 法律資訊
2022-11-22 17:02:54,014: - INFO - Test_NavData_ZHT: test.Test_NavData_ZHT > 'HOME' Menu: API
2022-11-22 17:02:54,014: - INFO - Test_NavData_ZHT: test.Test_NavData_ZHT > ========================================================================
2022-11-22 17:02:54,015: - INFO - Test_NavData_ZHT: test.Test_NavData_ZHT > ALL MENU: 7
2022-11-22 17:02:54,304: - INFO - Test_NavData_ZHT: test.Test_NavData_ZHT > Data updated for [ZHT]!
2022-11-22 17:02:54,304: - INFO - Test_NavData_ZHT: test.Test_NavData_ZHT > Top menu 'HOME' is done!
2022-11-22 17:02:56,485: - INFO - Test_NavData_ZHT: test.Test_NavData_ZHT > 'MONITOR' Menu: 即時圖表
2022-11-22 17:02:56,503: - INFO - Test_NavData_ZHT: test.Test_NavData_ZHT > 'MONITOR' Menu: 系統監視器
2022-11-22 17:02:56,515: - INFO - Test_NavData_ZHT: test.Test_NavData_ZHT > 'MONITOR' Menu: 通訊協定監視
2022-11-22 17:02:56,528: - INFO - Test_NavData_ZHT: test.Test_NavData_ZHT > 'MONITOR' Menu: 使用者監視器
2022-11-22 17:02:56,551: - INFO - Test_NavData_ZHT: test.Test_NavData_ZHT > 'MONITOR' Menu: BWM 監視器
2022-11-22 17:02:56,566: - INFO - Test_NavData_ZHT: test.Test_NavData_ZHT > 'MONITOR' Menu: AppFlow
2022-11-22 17:02:56,589: - INFO - Test_NavData_ZHT: test.Test_NavData_ZHT > 'MONITOR' Menu: AppFlow 報告
2022-11-22 17:02:56,604: - INFO - Test_NavData_ZHT: test.Test_NavData_ZHT > 'MONITOR' Menu: AppFlow 監視器
2022-11-22 17:02:56,623: - INFO - Test_NavData_ZHT: test.Test_NavData_ZHT > 'MONITOR' Menu: CTA 報告
2022-11-22 17:02:56,647: - INFO - Test_NavData_ZHT: test.Test_NavData_ZHT > 'MONITOR' Menu: SDWAN
2022-11-22 17:02:56,669: - INFO - Test_NavData_ZHT: test.Test_NavData_ZHT > 'MONITOR' Menu: SDWAN 監視器
2022-11-22 17:02:56,683: - INFO - Test_NavData_ZHT: test.Test_NavData_ZHT > 'MONITOR' Menu: SD-WAN 連線
2022-11-22 17:02:56,697: - INFO - Test_NavData_ZHT: test.Test_NavData_ZHT > 'MONITOR' Menu: 記錄
2022-11-22 17:02:56,707: - INFO - Test_NavData_ZHT: test.Test_NavData_ZHT > 'MONITOR' Menu: 系統記錄
2022-11-22 17:02:56,719: - INFO - Test_NavData_ZHT: test.Test_NavData_ZHT > 'MONITOR' Menu: 稽核記錄
2022-11-22 17:02:56,739: - INFO - Test_NavData_ZHT: test.Test_NavData_ZHT > 'MONITOR' Menu: 工具與監視器
2022-11-22 17:02:56,757: - INFO - Test_NavData_ZHT: test.Test_NavData_ZHT > 'MONITOR' Menu: 封包監視
2022-11-22 17:02:56,778: - INFO - Test_NavData_ZHT: test.Test_NavData_ZHT > 'MONITOR' Menu: 連線
2022-11-22 17:02:56,789: - INFO - Test_NavData_ZHT: test.Test_NavData_ZHT > 'MONITOR' Menu: 核心 0 處理序
2022-11-22 17:02:56,803: - INFO - Test_NavData_ZHT: test.Test_NavData_ZHT > 'MONITOR' Menu: 封包重放
2022-11-22 17:02:56,804: - INFO - Test_NavData_ZHT: test.Test_NavData_ZHT > ========================================================================
2022-11-22 17:02:56,804: - INFO - Test_NavData_ZHT: test.Test_NavData_ZHT > ALL MENU: 20
2022-11-22 17:02:56,817: - INFO - Test_NavData_ZHT: test.Test_NavData_ZHT > Data updated for [ZHT]!
2022-11-22 17:02:56,817: - INFO - Test_NavData_ZHT: test.Test_NavData_ZHT > Top menu 'MONITOR' is done!
2022-11-22 17:02:59,338: - INFO - Test_NavData_ZHT: test.Test_NavData_ZHT > 'DEVICE' Menu: 設定
2022-11-22 17:02:59,356: - INFO - Test_NavData_ZHT: test.Test_NavData_ZHT > 'DEVICE' Menu: 授權
2022-11-22 17:02:59,368: - INFO - Test_NavData_ZHT: test.Test_NavData_ZHT > 'DEVICE' Menu: 管理
2022-11-22 17:02:59,386: - INFO - Test_NavData_ZHT: test.Test_NavData_ZHT > 'DEVICE' Menu: 時間
2022-11-22 17:02:59,410: - INFO - Test_NavData_ZHT: test.Test_NavData_ZHT > 'DEVICE' Menu: 憑證
2022-11-22 17:02:59,423: - INFO - Test_NavData_ZHT: test.Test_NavData_ZHT > 'DEVICE' Menu: SNMP
2022-11-22 17:02:59,446: - INFO - Test_NavData_ZHT: test.Test_NavData_ZHT > 'DEVICE' Menu: 韌體與設定
2022-11-22 17:02:59,471: - INFO - Test_NavData_ZHT: test.Test_NavData_ZHT > 'DEVICE' Menu: 儲存空間
2022-11-22 17:02:59,493: - INFO - Test_NavData_ZHT: test.Test_NavData_ZHT > 'DEVICE' Menu: 重新啟動
2022-11-22 17:02:59,516: - INFO - Test_NavData_ZHT: test.Test_NavData_ZHT > 'DEVICE' Menu: 高可用性
2022-11-22 17:02:59,536: - INFO - Test_NavData_ZHT: test.Test_NavData_ZHT > 'DEVICE' Menu: 狀態
2022-11-22 17:02:59,563: - INFO - Test_NavData_ZHT: test.Test_NavData_ZHT > 'DEVICE' Menu: 設定
2022-11-22 17:02:59,591: - INFO - Test_NavData_ZHT: test.Test_NavData_ZHT > 'DEVICE' Menu: 進階
2022-11-22 17:02:59,613: - INFO - Test_NavData_ZHT: test.Test_NavData_ZHT > 'DEVICE' Menu: 監視
2022-11-22 17:02:59,634: - INFO - Test_NavData_ZHT: test.Test_NavData_ZHT > 'DEVICE' Menu: 使用者
2022-11-22 17:02:59,654: - INFO - Test_NavData_ZHT: test.Test_NavData_ZHT > 'DEVICE' Menu: 狀態
2022-11-22 17:02:59,676: - INFO - Test_NavData_ZHT: test.Test_NavData_ZHT > 'DEVICE' Menu: 設定
2022-11-22 17:02:59,701: - INFO - Test_NavData_ZHT: test.Test_NavData_ZHT > 'DEVICE' Menu: 分割區
2022-11-22 17:02:59,728: - INFO - Test_NavData_ZHT: test.Test_NavData_ZHT > 'DEVICE' Menu: 本機使用者與群組
2022-11-22 17:02:59,759: - INFO - Test_NavData_ZHT: test.Test_NavData_ZHT > 'DEVICE' Menu: 來賓服務
2022-11-22 17:02:59,778: - INFO - Test_NavData_ZHT: test.Test_NavData_ZHT > 'DEVICE' Menu: 來賓帳戶
2022-11-22 17:02:59,796: - INFO - Test_NavData_ZHT: test.Test_NavData_ZHT > 'DEVICE' Menu: 來賓狀態
2022-11-22 17:02:59,815: - INFO - Test_NavData_ZHT: test.Test_NavData_ZHT > 'DEVICE' Menu: AppFlow
2022-11-22 17:02:59,834: - INFO - Test_NavData_ZHT: test.Test_NavData_ZHT > 'DEVICE' Menu: 流量報告
2022-11-22 17:02:59,852: - INFO - Test_NavData_ZHT: test.Test_NavData_ZHT > 'DEVICE' Menu: AppFlow 代理程式
2022-11-22 17:02:59,873: - INFO - Test_NavData_ZHT: test.Test_NavData_ZHT > 'DEVICE' Menu: 記錄
2022-11-22 17:02:59,892: - INFO - Test_NavData_ZHT: test.Test_NavData_ZHT > 'DEVICE' Menu: 設定
2022-11-22 17:02:59,910: - INFO - Test_NavData_ZHT: test.Test_NavData_ZHT > 'DEVICE' Menu: Syslog
2022-11-22 17:02:59,930: - INFO - Test_NavData_ZHT: test.Test_NavData_ZHT > 'DEVICE' Menu: 自動化
2022-11-22 17:02:59,947: - INFO - Test_NavData_ZHT: test.Test_NavData_ZHT > 'DEVICE' Menu: 名稱解析
2022-11-22 17:02:59,965: - INFO - Test_NavData_ZHT: test.Test_NavData_ZHT > 'DEVICE' Menu: 報告
2022-11-22 17:02:59,986: - INFO - Test_NavData_ZHT: test.Test_NavData_ZHT > 'DEVICE' Menu: AWS
2022-11-22 17:03:00,010: - INFO - Test_NavData_ZHT: test.Test_NavData_ZHT > 'DEVICE' Menu: 診斷
2022-11-22 17:03:00,028: - INFO - Test_NavData_ZHT: test.Test_NavData_ZHT > 'DEVICE' Menu: 技術支援報告
2022-11-22 17:03:00,046: - INFO - Test_NavData_ZHT: test.Test_NavData_ZHT > 'DEVICE' Menu: 檢查網路設定
2022-11-22 17:03:00,066: - INFO - Test_NavData_ZHT: test.Test_NavData_ZHT > 'DEVICE' Menu: DNS 名稱查詢
2022-11-22 17:03:00,081: - INFO - Test_NavData_ZHT: test.Test_NavData_ZHT > 'DEVICE' Menu: 網路路徑
2022-11-22 17:03:00,102: - INFO - Test_NavData_ZHT: test.Test_NavData_ZHT > 'DEVICE' Menu: 偵測
2022-11-22 17:03:00,125: - INFO - Test_NavData_ZHT: test.Test_NavData_ZHT > 'DEVICE' Menu: 追蹤路由
2022-11-22 17:03:00,151: - INFO - Test_NavData_ZHT: test.Test_NavData_ZHT > 'DEVICE' Menu: 即時封鎖清單
2022-11-22 17:03:00,164: - INFO - Test_NavData_ZHT: test.Test_NavData_ZHT > 'DEVICE' Menu: 反向名稱查詢
2022-11-22 17:03:00,182: - INFO - Test_NavData_ZHT: test.Test_NavData_ZHT > 'DEVICE' Menu: 連線 TopX
2022-11-22 17:03:00,197: - INFO - Test_NavData_ZHT: test.Test_NavData_ZHT > 'DEVICE' Menu: Geo 和 Botnet
2022-11-22 17:03:00,209: - INFO - Test_NavData_ZHT: test.Test_NavData_ZHT > 'DEVICE' Menu: MX 和橫幅
2022-11-22 17:03:00,221: - INFO - Test_NavData_ZHT: test.Test_NavData_ZHT > 'DEVICE' Menu: GRID 檢查
2022-11-22 17:03:00,233: - INFO - Test_NavData_ZHT: test.Test_NavData_ZHT > 'DEVICE' Menu: URL 評等要求
2022-11-22 17:03:00,246: - INFO - Test_NavData_ZHT: test.Test_NavData_ZHT > 'DEVICE' Menu: PMTU 探索
2022-11-22 17:03:00,260: - INFO - Test_NavData_ZHT: test.Test_NavData_ZHT > 'DEVICE' Menu: 交換器診斷
2022-11-22 17:03:00,272: - INFO - Test_NavData_ZHT: test.Test_NavData_ZHT > 'DEVICE' Menu: 交換器網路
2022-11-22 17:03:00,300: - INFO - Test_NavData_ZHT: test.Test_NavData_ZHT > 'DEVICE' Menu: 概觀
2022-11-22 17:03:00,315: - INFO - Test_NavData_ZHT: test.Test_NavData_ZHT > 'DEVICE' Menu: 交換器
2022-11-22 17:03:00,327: - INFO - Test_NavData_ZHT: test.Test_NavData_ZHT > 'DEVICE' Menu: 存取點
2022-11-22 17:03:00,339: - INFO - Test_NavData_ZHT: test.Test_NavData_ZHT > 'DEVICE' Menu: 設定
2022-11-22 17:03:00,355: - INFO - Test_NavData_ZHT: test.Test_NavData_ZHT > 'DEVICE' Menu: 韌體管理
2022-11-22 17:03:00,373: - INFO - Test_NavData_ZHT: test.Test_NavData_ZHT > 'DEVICE' Menu: 平面設計圖檢視
2022-11-22 17:03:00,392: - INFO - Test_NavData_ZHT: test.Test_NavData_ZHT > 'DEVICE' Menu: 站台狀態
2022-11-22 17:03:00,415: - INFO - Test_NavData_ZHT: test.Test_NavData_ZHT > 'DEVICE' Menu: IDS
2022-11-22 17:03:00,438: - INFO - Test_NavData_ZHT: test.Test_NavData_ZHT > 'DEVICE' Menu: 進階 IDP
2022-11-22 17:03:00,461: - INFO - Test_NavData_ZHT: test.Test_NavData_ZHT > 'DEVICE' Menu: 封包擷取
2022-11-22 17:03:00,485: - INFO - Test_NavData_ZHT: test.Test_NavData_ZHT > 'DEVICE' Menu: 虛擬存取點
2022-11-22 17:03:00,500: - INFO - Test_NavData_ZHT: test.Test_NavData_ZHT > 'DEVICE' Menu: RF 監視
2022-11-22 17:03:00,515: - INFO - Test_NavData_ZHT: test.Test_NavData_ZHT > 'DEVICE' Menu: RF 分析
2022-11-22 17:03:00,528: - INFO - Test_NavData_ZHT: test.Test_NavData_ZHT > 'DEVICE' Menu: RF 頻譜
2022-11-22 17:03:00,547: - INFO - Test_NavData_ZHT: test.Test_NavData_ZHT > 'DEVICE' Menu: FairNet
2022-11-22 17:03:00,570: - INFO - Test_NavData_ZHT: test.Test_NavData_ZHT > 'DEVICE' Menu: Wi-Fi 多媒體
2022-11-22 17:03:00,597: - INFO - Test_NavData_ZHT: test.Test_NavData_ZHT > 'DEVICE' Menu: 3G/4G/LTE WWAN
2022-11-22 17:03:00,620: - INFO - Test_NavData_ZHT: test.Test_NavData_ZHT > 'DEVICE' Menu: 藍牙 LE
2022-11-22 17:03:00,638: - INFO - Test_NavData_ZHT: test.Test_NavData_ZHT > 'DEVICE' Menu: 無線電管理
2022-11-22 17:03:00,659: - INFO - Test_NavData_ZHT: test.Test_NavData_ZHT > 'DEVICE' Menu: WWAN
2022-11-22 17:03:00,660: - INFO - Test_NavData_ZHT: test.Test_NavData_ZHT > ========================================================================
2022-11-22 17:03:00,660: - INFO - Test_NavData_ZHT: test.Test_NavData_ZHT > ALL MENU: 69
2022-11-22 17:03:00,696: - INFO - Test_NavData_ZHT: test.Test_NavData_ZHT > Data updated for [ZHT]!
2022-11-22 17:03:00,697: - INFO - Test_NavData_ZHT: test.Test_NavData_ZHT > Top menu 'DEVICE' is done!
2022-11-22 17:03:03,230: - INFO - Test_NavData_ZHT: test.Test_NavData_ZHT > 'NETWORK' Menu: 系統
2022-11-22 17:03:03,256: - INFO - Test_NavData_ZHT: test.Test_NavData_ZHT > 'NETWORK' Menu: 介面
2022-11-22 17:03:03,271: - INFO - Test_NavData_ZHT: test.Test_NavData_ZHT > 'NETWORK' Menu: 容錯移轉和負載平衡
2022-11-22 17:03:03,296: - INFO - Test_NavData_ZHT: test.Test_NavData_ZHT > 'NETWORK' Menu: 探索芳鄰
2022-11-22 17:03:03,319: - INFO - Test_NavData_ZHT: test.Test_NavData_ZHT > 'NETWORK' Menu: ARP
2022-11-22 17:03:03,348: - INFO - Test_NavData_ZHT: test.Test_NavData_ZHT > 'NETWORK' Menu: MAC-IP 反詐騙
2022-11-22 17:03:03,371: - INFO - Test_NavData_ZHT: test.Test_NavData_ZHT > 'NETWORK' Menu: Web 代理
2022-11-22 17:03:03,393: - INFO - Test_NavData_ZHT: test.Test_NavData_ZHT > 'NETWORK' Menu: PortShield 群組
2022-11-22 17:03:03,414: - INFO - Test_NavData_ZHT: test.Test_NavData_ZHT > 'NETWORK' Menu: VLAN 轉譯
2022-11-22 17:03:03,435: - INFO - Test_NavData_ZHT: test.Test_NavData_ZHT > 'NETWORK' Menu: IP 協助程式
2022-11-22 17:03:03,460: - INFO - Test_NavData_ZHT: test.Test_NavData_ZHT > 'NETWORK' Menu: 動態路由
2022-11-22 17:03:03,483: - INFO - Test_NavData_ZHT: test.Test_NavData_ZHT > 'NETWORK' Menu: DHCP 伺服器
2022-11-22 17:03:03,504: - INFO - Test_NavData_ZHT: test.Test_NavData_ZHT > 'NETWORK' Menu: 多點傳送
2022-11-22 17:03:03,526: - INFO - Test_NavData_ZHT: test.Test_NavData_ZHT > 'NETWORK' Menu: 網路監視器
2022-11-22 17:03:03,548: - INFO - Test_NavData_ZHT: test.Test_NavData_ZHT > 'NETWORK' Menu: AWS 設定
2022-11-22 17:03:03,573: - INFO - Test_NavData_ZHT: test.Test_NavData_ZHT > 'NETWORK' Menu: 防火牆
2022-11-22 17:03:03,605: - INFO - Test_NavData_ZHT: test.Test_NavData_ZHT > 'NETWORK' Menu: 進階
2022-11-22 17:03:03,623: - INFO - Test_NavData_ZHT: test.Test_NavData_ZHT > 'NETWORK' Menu: 洪水攻擊防護
2022-11-22 17:03:03,640: - INFO - Test_NavData_ZHT: test.Test_NavData_ZHT > 'NETWORK' Menu: SSL 控制
2022-11-22 17:03:03,653: - INFO - Test_NavData_ZHT: test.Test_NavData_ZHT > 'NETWORK' Menu: 加密控制
2022-11-22 17:03:03,667: - INFO - Test_NavData_ZHT: test.Test_NavData_ZHT > 'NETWORK' Menu: RBL 篩選條件
2022-11-22 17:03:03,692: - INFO - Test_NavData_ZHT: test.Test_NavData_ZHT > 'NETWORK' Menu: VoIP
2022-11-22 17:03:03,713: - INFO - Test_NavData_ZHT: test.Test_NavData_ZHT > 'NETWORK' Menu: 設定
2022-11-22 17:03:03,738: - INFO - Test_NavData_ZHT: test.Test_NavData_ZHT > 'NETWORK' Menu: 呼叫狀態
2022-11-22 17:03:03,753: - INFO - Test_NavData_ZHT: test.Test_NavData_ZHT > 'NETWORK' Menu: DNS
2022-11-22 17:03:03,772: - INFO - Test_NavData_ZHT: test.Test_NavData_ZHT > 'NETWORK' Menu: 設定
2022-11-22 17:03:03,786: - INFO - Test_NavData_ZHT: test.Test_NavData_ZHT > 'NETWORK' Menu: 動態 DNS
2022-11-22 17:03:03,800: - INFO - Test_NavData_ZHT: test.Test_NavData_ZHT > 'NETWORK' Menu: DNS 代理
2022-11-22 17:03:03,813: - INFO - Test_NavData_ZHT: test.Test_NavData_ZHT > 'NETWORK' Menu: DNS 安全性
2022-11-22 17:03:03,830: - INFO - Test_NavData_ZHT: test.Test_NavData_ZHT > 'NETWORK' Menu: 交換器
2022-11-22 17:03:03,842: - INFO - Test_NavData_ZHT: test.Test_NavData_ZHT > 'NETWORK' Menu: VLAN 主幹
2022-11-22 17:03:03,853: - INFO - Test_NavData_ZHT: test.Test_NavData_ZHT > 'NETWORK' Menu: L2 探索
2022-11-22 17:03:03,864: - INFO - Test_NavData_ZHT: test.Test_NavData_ZHT > 'NETWORK' Menu: 連結彙總
2022-11-22 17:03:03,877: - INFO - Test_NavData_ZHT: test.Test_NavData_ZHT > 'NETWORK' Menu: 連接埠鏡像
2022-11-22 17:03:03,898: - INFO - Test_NavData_ZHT: test.Test_NavData_ZHT > 'NETWORK' Menu: SDWAN
2022-11-22 17:03:03,921: - INFO - Test_NavData_ZHT: test.Test_NavData_ZHT > 'NETWORK' Menu: 群組
2022-11-22 17:03:03,945: - INFO - Test_NavData_ZHT: test.Test_NavData_ZHT > 'NETWORK' Menu: SLA 探查
2022-11-22 17:03:03,970: - INFO - Test_NavData_ZHT: test.Test_NavData_ZHT > 'NETWORK' Menu: SLA 類別物件
2022-11-22 17:03:03,994: - INFO - Test_NavData_ZHT: test.Test_NavData_ZHT > 'NETWORK' Menu: 路徑選取設定檔
2022-11-22 17:03:04,014: - INFO - Test_NavData_ZHT: test.Test_NavData_ZHT > 'NETWORK' Menu: 規則
2022-11-22 17:03:04,034: - INFO - Test_NavData_ZHT: test.Test_NavData_ZHT > 'NETWORK' Menu: IPsec VPN
2022-11-22 17:03:04,057: - INFO - Test_NavData_ZHT: test.Test_NavData_ZHT > 'NETWORK' Menu: 規則與設定
2022-11-22 17:03:04,079: - INFO - Test_NavData_ZHT: test.Test_NavData_ZHT > 'NETWORK' Menu: 進階
2022-11-22 17:03:04,098: - INFO - Test_NavData_ZHT: test.Test_NavData_ZHT > 'NETWORK' Menu: 透過 VPN 的 DHCP
2022-11-22 17:03:04,123: - INFO - Test_NavData_ZHT: test.Test_NavData_ZHT > 'NETWORK' Menu: L2TP 伺服器
2022-11-22 17:03:04,138: - INFO - Test_NavData_ZHT: test.Test_NavData_ZHT > 'NETWORK' Menu: AWS VPN
2022-11-22 17:03:04,150: - INFO - Test_NavData_ZHT: test.Test_NavData_ZHT > 'NETWORK' Menu: SSL VPN
2022-11-22 17:03:04,163: - INFO - Test_NavData_ZHT: test.Test_NavData_ZHT > 'NETWORK' Menu: 狀態
2022-11-22 17:03:04,177: - INFO - Test_NavData_ZHT: test.Test_NavData_ZHT > 'NETWORK' Menu: 伺服器設定
2022-11-22 17:03:04,202: - INFO - Test_NavData_ZHT: test.Test_NavData_ZHT > 'NETWORK' Menu: 用戶端設定
2022-11-22 17:03:04,229: - INFO - Test_NavData_ZHT: test.Test_NavData_ZHT > 'NETWORK' Menu: 入口網站設定
2022-11-22 17:03:04,242: - INFO - Test_NavData_ZHT: test.Test_NavData_ZHT > 'NETWORK' Menu: 虛擬辦公室
2022-11-22 17:03:04,242: - INFO - Test_NavData_ZHT: test.Test_NavData_ZHT > ========================================================================
2022-11-22 17:03:04,243: - INFO - Test_NavData_ZHT: test.Test_NavData_ZHT > ALL MENU: 52
2022-11-22 17:03:04,317: - INFO - Test_NavData_ZHT: test.Test_NavData_ZHT > Data updated for [ZHT]!
2022-11-22 17:03:04,317: - INFO - Test_NavData_ZHT: test.Test_NavData_ZHT > Top menu 'NETWORK' is done!
2022-11-22 17:03:06,197: - INFO - Test_NavData_ZHT: test.Test_NavData_ZHT > 'OBJECT' Menu: 比對物件
2022-11-22 17:03:06,233: - INFO - Test_NavData_ZHT: test.Test_NavData_ZHT > 'OBJECT' Menu: 區域
2022-11-22 17:03:06,251: - INFO - Test_NavData_ZHT: test.Test_NavData_ZHT > 'OBJECT' Menu: 位址
2022-11-22 17:03:06,270: - INFO - Test_NavData_ZHT: test.Test_NavData_ZHT > 'OBJECT' Menu: 服務
2022-11-22 17:03:06,298: - INFO - Test_NavData_ZHT: test.Test_NavData_ZHT > 'OBJECT' Menu: URI 清單
2022-11-22 17:03:06,315: - INFO - Test_NavData_ZHT: test.Test_NavData_ZHT > 'OBJECT' Menu: 比對物件
2022-11-22 17:03:06,335: - INFO - Test_NavData_ZHT: test.Test_NavData_ZHT > 'OBJECT' Menu: 排程
2022-11-22 17:03:06,355: - INFO - Test_NavData_ZHT: test.Test_NavData_ZHT > 'OBJECT' Menu: 動態群組
2022-11-22 17:03:06,368: - INFO - Test_NavData_ZHT: test.Test_NavData_ZHT > 'OBJECT' Menu: 電子郵件地址
2022-11-22 17:03:06,390: - INFO - Test_NavData_ZHT: test.Test_NavData_ZHT > 'OBJECT' Menu: 設定檔物件
2022-11-22 17:03:06,416: - INFO - Test_NavData_ZHT: test.Test_NavData_ZHT > 'OBJECT' Menu: 端點安全性
2022-11-22 17:03:06,433: - INFO - Test_NavData_ZHT: test.Test_NavData_ZHT > 'OBJECT' Menu: 頻寬
2022-11-22 17:03:06,447: - INFO - Test_NavData_ZHT: test.Test_NavData_ZHT > 'OBJECT' Menu: QoS 標記
2022-11-22 17:03:06,465: - INFO - Test_NavData_ZHT: test.Test_NavData_ZHT > 'OBJECT' Menu: 內容篩選
2022-11-22 17:03:06,488: - INFO - Test_NavData_ZHT: test.Test_NavData_ZHT > 'OBJECT' Menu: DHCP 選項
2022-11-22 17:03:06,510: - INFO - Test_NavData_ZHT: test.Test_NavData_ZHT > 'OBJECT' Menu: AWS
2022-11-22 17:03:06,529: - INFO - Test_NavData_ZHT: test.Test_NavData_ZHT > 'OBJECT' Menu: 動作物件
2022-11-22 17:03:06,551: - INFO - Test_NavData_ZHT: test.Test_NavData_ZHT > 'OBJECT' Menu: 應用程式規則執行
2022-11-22 17:03:06,573: - INFO - Test_NavData_ZHT: test.Test_NavData_ZHT > 'OBJECT' Menu: 內容篩選器執行
2022-11-22 17:03:06,574: - INFO - Test_NavData_ZHT: test.Test_NavData_ZHT > ========================================================================
2022-11-22 17:03:06,574: - INFO - Test_NavData_ZHT: test.Test_NavData_ZHT > ALL MENU: 19
2022-11-22 17:03:06,623: - INFO - Test_NavData_ZHT: test.Test_NavData_ZHT > Data updated for [ZHT]!
2022-11-22 17:03:06,623: - INFO - Test_NavData_ZHT: test.Test_NavData_ZHT > Top menu 'OBJECT' is done!
2022-11-22 17:03:09,887: - INFO - Test_NavData_ZHT: test.Test_NavData_ZHT > 'POLICY' Menu: 規則與原則
2022-11-22 17:03:09,915: - INFO - Test_NavData_ZHT: test.Test_NavData_ZHT > 'POLICY' Menu: 存取規則
2022-11-22 17:03:09,939: - INFO - Test_NavData_ZHT: test.Test_NavData_ZHT > 'POLICY' Menu: NAT 規則
2022-11-22 17:03:09,964: - INFO - Test_NavData_ZHT: test.Test_NavData_ZHT > 'POLICY' Menu: 路由規則
2022-11-22 17:03:09,997: - INFO - Test_NavData_ZHT: test.Test_NavData_ZHT > 'POLICY' Menu: 內容篩選規則
2022-11-22 17:03:10,028: - INFO - Test_NavData_ZHT: test.Test_NavData_ZHT > 'POLICY' Menu: 應用程式規則
2022-11-22 17:03:10,046: - INFO - Test_NavData_ZHT: test.Test_NavData_ZHT > 'POLICY' Menu: 端點規則
2022-11-22 17:03:10,075: - INFO - Test_NavData_ZHT: test.Test_NavData_ZHT > 'POLICY' Menu: DPI-SSL
2022-11-22 17:03:10,097: - INFO - Test_NavData_ZHT: test.Test_NavData_ZHT > 'POLICY' Menu: 用戶端 SSL
2022-11-22 17:03:10,120: - INFO - Test_NavData_ZHT: test.Test_NavData_ZHT > 'POLICY' Menu: 伺服器 SSL
2022-11-22 17:03:10,145: - INFO - Test_NavData_ZHT: test.Test_NavData_ZHT > 'POLICY' Menu: DPI-SSH
2022-11-22 17:03:10,168: - INFO - Test_NavData_ZHT: test.Test_NavData_ZHT > 'POLICY' Menu: 設定
2022-11-22 17:03:10,193: - INFO - Test_NavData_ZHT: test.Test_NavData_ZHT > 'POLICY' Menu: 安全性服務
2022-11-22 17:03:10,215: - INFO - Test_NavData_ZHT: test.Test_NavData_ZHT > 'POLICY' Menu: 摘要
2022-11-22 17:03:10,242: - INFO - Test_NavData_ZHT: test.Test_NavData_ZHT > 'POLICY' Menu: 閘道防病毒
2022-11-22 17:03:10,263: - INFO - Test_NavData_ZHT: test.Test_NavData_ZHT > 'POLICY' Menu: 防間諜軟體
2022-11-22 17:03:10,289: - INFO - Test_NavData_ZHT: test.Test_NavData_ZHT > 'POLICY' Menu: 入侵防護
2022-11-22 17:03:10,323: - INFO - Test_NavData_ZHT: test.Test_NavData_ZHT > 'POLICY' Menu: Geo-IP 篩選條件
2022-11-22 17:03:10,344: - INFO - Test_NavData_ZHT: test.Test_NavData_ZHT > 'POLICY' Menu: Botnet 篩選器
2022-11-22 17:03:10,365: - INFO - Test_NavData_ZHT: test.Test_NavData_ZHT > 'POLICY' Menu: 應用程式控制
2022-11-22 17:03:10,387: - INFO - Test_NavData_ZHT: test.Test_NavData_ZHT > 'POLICY' Menu: 內容篩選
2022-11-22 17:03:10,404: - INFO - Test_NavData_ZHT: test.Test_NavData_ZHT > 'POLICY' Menu: 反垃圾郵件
2022-11-22 17:03:10,425: - INFO - Test_NavData_ZHT: test.Test_NavData_ZHT > 'POLICY' Menu: 狀態
2022-11-22 17:03:10,445: - INFO - Test_NavData_ZHT: test.Test_NavData_ZHT > 'POLICY' Menu: 設定
2022-11-22 17:03:10,469: - INFO - Test_NavData_ZHT: test.Test_NavData_ZHT > 'POLICY' Menu: 擷取 ATP
2022-11-22 17:03:10,493: - INFO - Test_NavData_ZHT: test.Test_NavData_ZHT > 'POLICY' Menu: 設定
2022-11-22 17:03:10,521: - INFO - Test_NavData_ZHT: test.Test_NavData_ZHT > 'POLICY' Menu: 掃描歷程記錄
2022-11-22 17:03:10,547: - INFO - Test_NavData_ZHT: test.Test_NavData_ZHT > 'POLICY' Menu: 端點安全性
2022-11-22 17:03:10,547: - INFO - Test_NavData_ZHT: test.Test_NavData_ZHT > ========================================================================
2022-11-22 17:03:10,547: - INFO - Test_NavData_ZHT: test.Test_NavData_ZHT > ALL MENU: 28
2022-11-22 17:03:10,578: - INFO - Test_NavData_ZHT: test.Test_NavData_ZHT > Data updated for [ZHT]!
2022-11-22 17:03:10,579: - INFO - Test_NavData_ZHT: test.Test_NavData_ZHT > Top menu 'POLICY' is done!
2022-11-22 17:03:14,813: - INFO - Test_NavData_ZHT: test.Test_NavData_ZHT > Info created for [ZHT]!
2022-11-22 17:03:14,822: - INFO - Test_NavData_ZHT: test.Test_NavData_ZHT > Info updated for [ZHT]!
2022-11-22 17:03:14,823: - INFO - Test_NavData_ZHT: test.Test_NavData_ZHT > ^^^^^^^^^^^^^^^^^^^^^^^^^^^^^^^^^^
2022-11-22 17:03:14,823: - INFO - Test_NavData_ZHT: test.Test_NavData_ZHT > ^          All Matched!          ^
2022-11-22 17:03:14,823: - INFO - Test_NavData_ZHT: test.Test_NavData_ZHT > ^^^^^^^^^^^^^^^^^^^^^^^^^^^^^^^^^^
2022-11-22 17:03:15,234: - INFO - Test_NavData_ZHT: test_Step02_MenuTop_ZHT > [Pass]Take screenshot...
2022-11-22 17:04:41,668: - INFO - Test_NavData_ENG: test.Test_NavData_ENG > Before Navigate To...https://10.8.162.219[ENG]
2022-11-22 17:04:41,903: - INFO - Test_NavData_ENG: test.Test_NavData_ENG > Login to main page...
2022-11-22 17:04:42,307: - INFO - Test_NavData_ZHT: test.Test_NavData_ZHT > Before Navigate To...https://10.8.56.174[ZHT]
2022-11-22 17:04:42,486: - INFO - Test_NavData_ZHT: test.Test_NavData_ZHT > Login to main page...
2022-11-22 17:04:57,706: - INFO - Test_NavData_ENG: test_Step01_Login_ENG > [Pass]Take screenshot...
2022-11-22 17:04:57,839: - INFO - Test_NavData_ENG: test.Test_NavData_ENG > Switch to 'Non-Config' mode...
2022-11-22 17:04:57,959: - INFO - Test_NavData_ENG: test.Test_NavData_ENG > Data created for [ENG]!
2022-11-22 17:04:58,232: - INFO - Test_NavData_ZHT: test_Step01_Login_ZHT > [Pass]Take screenshot...
2022-11-22 17:04:58,322: - INFO - Test_NavData_ZHT: test.Test_NavData_ZHT > Switch to 'Non-Config' mode...
2022-11-22 17:04:58,328: - INFO - Test_NavData_ZHT: test.Test_NavData_ZHT > Data created for [ZHT]!
2022-11-22 17:04:59,978: - INFO - Test_NavData_ENG: test.Test_NavData_ENG > 'HOME' Menu: Dashboard
2022-11-22 17:04:59,996: - INFO - Test_NavData_ENG: test.Test_NavData_ENG > 'HOME' Menu: System
2022-11-22 17:05:00,018: - INFO - Test_NavData_ENG: test.Test_NavData_ENG > 'HOME' Menu: Access Points
2022-11-22 17:05:00,038: - INFO - Test_NavData_ENG: test.Test_NavData_ENG > 'HOME' Menu: Capture ATP
2022-11-22 17:05:00,062: - INFO - Test_NavData_ENG: test.Test_NavData_ENG > 'HOME' Menu: Topology
2022-11-22 17:05:00,087: - INFO - Test_NavData_ENG: test.Test_NavData_ENG > 'HOME' Menu: Legal Information
2022-11-22 17:05:00,121: - INFO - Test_NavData_ENG: test.Test_NavData_ENG > 'HOME' Menu: API
2022-11-22 17:05:00,121: - INFO - Test_NavData_ENG: test.Test_NavData_ENG > ========================================================================
2022-11-22 17:05:00,122: - INFO - Test_NavData_ENG: test.Test_NavData_ENG > 'HOME' Menu: No duplicated data to the TOP
2022-11-22 17:05:00,123: - INFO - Test_NavData_ENG: test.Test_NavData_ENG > ========================================================================
2022-11-22 17:05:00,123: - INFO - Test_NavData_ENG: test.Test_NavData_ENG > ALL MENU: 7
2022-11-22 17:05:00,413: - INFO - Test_NavData_ENG: test.Test_NavData_ENG > Data updated for [ENG]!
2022-11-22 17:05:00,413: - INFO - Test_NavData_ENG: test.Test_NavData_ENG > Top menu 'HOME' is done!
2022-11-22 17:05:00,915: - INFO - Test_NavData_ZHT: test.Test_NavData_ZHT > 'HOME' Menu: 儀表板 >> Dashboard
2022-11-22 17:05:00,939: - INFO - Test_NavData_ZHT: test.Test_NavData_ZHT > 'HOME' Menu: 系統 >> System
2022-11-22 17:05:00,964: - INFO - Test_NavData_ZHT: test.Test_NavData_ZHT > 'HOME' Menu: 存取點 >> Access Points
2022-11-22 17:05:00,991: - INFO - Test_NavData_ZHT: test.Test_NavData_ZHT > 'HOME' Menu: 擷取 ATP >> Capture ATP
2022-11-22 17:05:01,008: - INFO - Test_NavData_ZHT: test.Test_NavData_ZHT > 'HOME' Menu: 拓撲 >> Topology
2022-11-22 17:05:01,024: - INFO - Test_NavData_ZHT: test.Test_NavData_ZHT > 'HOME' Menu: 法律資訊 >> Legal Information
2022-11-22 17:05:01,039: - INFO - Test_NavData_ZHT: test.Test_NavData_ZHT > 'HOME' Menu: API >> API
2022-11-22 17:05:01,040: - INFO - Test_NavData_ZHT: test.Test_NavData_ZHT > ========================================================================
2022-11-22 17:05:01,040: - INFO - Test_NavData_ZHT: test.Test_NavData_ZHT > 'HOME' Menu: No duplicated data to the TOP
2022-11-22 17:05:01,040: - INFO - Test_NavData_ZHT: test.Test_NavData_ZHT > ========================================================================
2022-11-22 17:05:01,040: - INFO - Test_NavData_ZHT: test.Test_NavData_ZHT > ALL MENU: 7
2022-11-22 17:05:01,058: - INFO - Test_NavData_ZHT: test.Test_NavData_ZHT > Data updated for [ZHT]!
2022-11-22 17:05:01,059: - INFO - Test_NavData_ZHT: test.Test_NavData_ZHT > Top menu 'HOME' is done!
2022-11-22 17:05:02,394: - INFO - Test_NavData_ENG: test.Test_NavData_ENG > 'MONITOR' Menu: Real-Time Charts
2022-11-22 17:05:02,418: - INFO - Test_NavData_ENG: test.Test_NavData_ENG > 'MONITOR' Menu: System Monitor
2022-11-22 17:05:02,454: - INFO - Test_NavData_ENG: test.Test_NavData_ENG > 'MONITOR' Menu: Protocol Monitor
2022-11-22 17:05:02,480: - INFO - Test_NavData_ENG: test.Test_NavData_ENG > 'MONITOR' Menu: User Monitor
2022-11-22 17:05:02,510: - INFO - Test_NavData_ENG: test.Test_NavData_ENG > 'MONITOR' Menu: BWM Monitor
2022-11-22 17:05:02,535: - INFO - Test_NavData_ENG: test.Test_NavData_ENG > 'MONITOR' Menu: AppFlow
2022-11-22 17:05:02,555: - INFO - Test_NavData_ENG: test.Test_NavData_ENG > 'MONITOR' Menu: AppFlow Report
2022-11-22 17:05:02,583: - INFO - Test_NavData_ENG: test.Test_NavData_ENG > 'MONITOR' Menu: AppFlow Monitor
2022-11-22 17:05:02,604: - INFO - Test_NavData_ENG: test.Test_NavData_ENG > 'MONITOR' Menu: CTA Report
2022-11-22 17:05:02,628: - INFO - Test_NavData_ENG: test.Test_NavData_ENG > 'MONITOR' Menu: SDWAN
2022-11-22 17:05:02,657: - INFO - Test_NavData_ENG: test.Test_NavData_ENG > 'MONITOR' Menu: SDWAN Monitor
2022-11-22 17:05:02,687: - INFO - Test_NavData_ENG: test.Test_NavData_ENG > 'MONITOR' Menu: SD-WAN Connections
2022-11-22 17:05:02,714: - INFO - Test_NavData_ENG: test.Test_NavData_ENG > 'MONITOR' Menu: Logs
2022-11-22 17:05:02,744: - INFO - Test_NavData_ENG: test.Test_NavData_ENG > 'MONITOR' Menu: System Logs
2022-11-22 17:05:02,778: - INFO - Test_NavData_ENG: test.Test_NavData_ENG > 'MONITOR' Menu: Auditing Logs
2022-11-22 17:05:02,813: - INFO - Test_NavData_ENG: test.Test_NavData_ENG > 'MONITOR' Menu: Tools & Monitors
2022-11-22 17:05:02,847: - INFO - Test_NavData_ENG: test.Test_NavData_ENG > 'MONITOR' Menu: Packet Monitor
2022-11-22 17:05:02,867: - INFO - Test_NavData_ENG: test.Test_NavData_ENG > 'MONITOR' Menu: Connections
2022-11-22 17:05:02,889: - INFO - Test_NavData_ENG: test.Test_NavData_ENG > 'MONITOR' Menu: Core 0 Processes
2022-11-22 17:05:02,908: - INFO - Test_NavData_ENG: test.Test_NavData_ENG > 'MONITOR' Menu: Packet Replay
2022-11-22 17:05:02,908: - INFO - Test_NavData_ENG: test.Test_NavData_ENG > ========================================================================
2022-11-22 17:05:02,908: - INFO - Test_NavData_ENG: test.Test_NavData_ENG > 'MONITOR' Menu: No duplicated data to the TOP
2022-11-22 17:05:02,908: - INFO - Test_NavData_ENG: test.Test_NavData_ENG > ========================================================================
2022-11-22 17:05:02,909: - INFO - Test_NavData_ENG: test.Test_NavData_ENG > ALL MENU: 20
2022-11-22 17:05:02,919: - INFO - Test_NavData_ENG: test.Test_NavData_ENG > Data updated for [ENG]!
2022-11-22 17:05:02,920: - INFO - Test_NavData_ENG: test.Test_NavData_ENG > Top menu 'MONITOR' is done!
2022-11-22 17:05:03,366: - INFO - Test_NavData_ZHT: test.Test_NavData_ZHT > 'MONITOR' Menu: 即時圖表 >> Real-Time Charts
2022-11-22 17:05:03,393: - INFO - Test_NavData_ZHT: test.Test_NavData_ZHT > 'MONITOR' Menu: 系統監視器 >> System Monitor
2022-11-22 17:05:03,419: - INFO - Test_NavData_ZHT: test.Test_NavData_ZHT > 'MONITOR' Menu: 通訊協定監視 >> Protocol Monitor
2022-11-22 17:05:03,444: - INFO - Test_NavData_ZHT: test.Test_NavData_ZHT > 'MONITOR' Menu: 使用者監視器 >> User Monitor
2022-11-22 17:05:03,464: - INFO - Test_NavData_ZHT: test.Test_NavData_ZHT > 'MONITOR' Menu: BWM 監視器 >> BWM Monitor
2022-11-22 17:05:03,491: - INFO - Test_NavData_ZHT: test.Test_NavData_ZHT > 'MONITOR' Menu: AppFlow >> AppFlow
2022-11-22 17:05:03,514: - INFO - Test_NavData_ZHT: test.Test_NavData_ZHT > 'MONITOR' Menu: AppFlow 報告 >> AppFlow Report
2022-11-22 17:05:03,533: - INFO - Test_NavData_ZHT: test.Test_NavData_ZHT > 'MONITOR' Menu: AppFlow 監視器 >> AppFlow Monitor
2022-11-22 17:05:03,559: - INFO - Test_NavData_ZHT: test.Test_NavData_ZHT > 'MONITOR' Menu: CTA 報告 >> CTA Report
2022-11-22 17:05:03,578: - INFO - Test_NavData_ZHT: test.Test_NavData_ZHT > 'MONITOR' Menu: SDWAN >> SDWAN
2022-11-22 17:05:03,603: - INFO - Test_NavData_ZHT: test.Test_NavData_ZHT > 'MONITOR' Menu: SDWAN 監視器 >> SDWAN Monitor
2022-11-22 17:05:03,629: - INFO - Test_NavData_ZHT: test.Test_NavData_ZHT > 'MONITOR' Menu: SD-WAN 連線 >> SD-WAN Connections
2022-11-22 17:05:03,655: - INFO - Test_NavData_ZHT: test.Test_NavData_ZHT > 'MONITOR' Menu: 記錄 >> Logs
2022-11-22 17:05:03,674: - INFO - Test_NavData_ZHT: test.Test_NavData_ZHT > 'MONITOR' Menu: 系統記錄 >> System Logs
2022-11-22 17:05:03,698: - INFO - Test_NavData_ZHT: test.Test_NavData_ZHT > 'MONITOR' Menu: 稽核記錄 >> Auditing Logs
2022-11-22 17:05:03,717: - INFO - Test_NavData_ZHT: test.Test_NavData_ZHT > 'MONITOR' Menu: 工具與監視器 >> Tools & Monitors
2022-11-22 17:05:03,765: - INFO - Test_NavData_ZHT: test.Test_NavData_ZHT > 'MONITOR' Menu: 封包監視 >> Packet Monitor
2022-11-22 17:05:03,780: - INFO - Test_NavData_ZHT: test.Test_NavData_ZHT > 'MONITOR' Menu: 連線 >> Connections
2022-11-22 17:05:03,796: - INFO - Test_NavData_ZHT: test.Test_NavData_ZHT > 'MONITOR' Menu: 核心 0 處理序 >> Core 0 Processes
2022-11-22 17:05:03,809: - INFO - Test_NavData_ZHT: test.Test_NavData_ZHT > 'MONITOR' Menu: 封包重放 >> Packet Replay
2022-11-22 17:05:03,809: - INFO - Test_NavData_ZHT: test.Test_NavData_ZHT > ========================================================================
2022-11-22 17:05:03,810: - INFO - Test_NavData_ZHT: test.Test_NavData_ZHT > 'MONITOR' Menu: No duplicated data to the TOP
2022-11-22 17:05:03,810: - INFO - Test_NavData_ZHT: test.Test_NavData_ZHT > ========================================================================
2022-11-22 17:05:03,810: - INFO - Test_NavData_ZHT: test.Test_NavData_ZHT > ALL MENU: 20
2022-11-22 17:05:03,825: - INFO - Test_NavData_ZHT: test.Test_NavData_ZHT > Data updated for [ZHT]!
2022-11-22 17:05:03,825: - INFO - Test_NavData_ZHT: test.Test_NavData_ZHT > Top menu 'MONITOR' is done!
2022-11-22 17:05:04,879: - INFO - Test_NavData_ENG: test.Test_NavData_ENG > 'DEVICE' Menu: Settings
2022-11-22 17:05:04,926: - INFO - Test_NavData_ENG: test.Test_NavData_ENG > 'DEVICE' Menu: Licenses
2022-11-22 17:05:04,969: - INFO - Test_NavData_ENG: test.Test_NavData_ENG > 'DEVICE' Menu: Administration
2022-11-22 17:05:05,006: - INFO - Test_NavData_ENG: test.Test_NavData_ENG > 'DEVICE' Menu: Time
2022-11-22 17:05:05,107: - INFO - Test_NavData_ENG: test.Test_NavData_ENG > 'DEVICE' Menu: Certificates
2022-11-22 17:05:05,149: - INFO - Test_NavData_ENG: test.Test_NavData_ENG > 'DEVICE' Menu: SNMP
2022-11-22 17:05:05,168: - INFO - Test_NavData_ENG: test.Test_NavData_ENG > 'DEVICE' Menu: Firmware and Settings
2022-11-22 17:05:05,184: - INFO - Test_NavData_ENG: test.Test_NavData_ENG > 'DEVICE' Menu: Storage
2022-11-22 17:05:05,208: - INFO - Test_NavData_ENG: test.Test_NavData_ENG > 'DEVICE' Menu: Restart
2022-11-22 17:05:05,237: - INFO - Test_NavData_ENG: test.Test_NavData_ENG > 'DEVICE' Menu: High Availability
2022-11-22 17:05:05,272: - INFO - Test_NavData_ENG: test.Test_NavData_ENG > 'DEVICE' Menu: Status
2022-11-22 17:05:05,305: - INFO - Test_NavData_ENG: test.Test_NavData_ENG > 'DEVICE' Menu: Settings
2022-11-22 17:05:05,338: - INFO - Test_NavData_ENG: test.Test_NavData_ENG > 'DEVICE' Menu: Advanced
2022-11-22 17:05:05,371: - INFO - Test_NavData_ENG: test.Test_NavData_ENG > 'DEVICE' Menu: Monitoring
2022-11-22 17:05:05,394: - INFO - Test_NavData_ENG: test.Test_NavData_ENG > 'DEVICE' Menu: Users
2022-11-22 17:05:05,415: - INFO - Test_NavData_ENG: test.Test_NavData_ENG > 'DEVICE' Menu: Status
2022-11-22 17:05:05,434: - INFO - Test_NavData_ENG: test.Test_NavData_ENG > 'DEVICE' Menu: Settings
2022-11-22 17:05:05,452: - INFO - Test_NavData_ENG: test.Test_NavData_ENG > 'DEVICE' Menu: Local Users & Groups
2022-11-22 17:05:05,472: - INFO - Test_NavData_ENG: test.Test_NavData_ENG > 'DEVICE' Menu: Guest Services
2022-11-22 17:05:05,491: - INFO - Test_NavData_ENG: test.Test_NavData_ENG > 'DEVICE' Menu: Guest Accounts
2022-11-22 17:05:05,513: - INFO - Test_NavData_ENG: test.Test_NavData_ENG > 'DEVICE' Menu: Guest Status
2022-11-22 17:05:05,541: - INFO - Test_NavData_ENG: test.Test_NavData_ENG > 'DEVICE' Menu: AppFlow
2022-11-22 17:05:05,571: - INFO - Test_NavData_ENG: test.Test_NavData_ENG > 'DEVICE' Menu: Flow Reporting
2022-11-22 17:05:05,594: - INFO - Test_NavData_ENG: test.Test_NavData_ENG > 'DEVICE' Menu: AppFlow Agent
2022-11-22 17:05:05,615: - INFO - Test_NavData_ENG: test.Test_NavData_ENG > 'DEVICE' Menu: Log
2022-11-22 17:05:05,634: - INFO - Test_NavData_ENG: test.Test_NavData_ENG > 'DEVICE' Menu: Settings
2022-11-22 17:05:05,666: - INFO - Test_NavData_ENG: test.Test_NavData_ENG > 'DEVICE' Menu: Syslog
2022-11-22 17:05:05,695: - INFO - Test_NavData_ENG: test.Test_NavData_ENG > 'DEVICE' Menu: Automation
2022-11-22 17:05:05,734: - INFO - Test_NavData_ENG: test.Test_NavData_ENG > 'DEVICE' Menu: Name Resolution
2022-11-22 17:05:05,773: - INFO - Test_NavData_ENG: test.Test_NavData_ENG > 'DEVICE' Menu: Reports
2022-11-22 17:05:05,814: - INFO - Test_NavData_ENG: test.Test_NavData_ENG > 'DEVICE' Menu: AWS
2022-11-22 17:05:05,858: - INFO - Test_NavData_ENG: test.Test_NavData_ENG > 'DEVICE' Menu: Diagnostics
2022-11-22 17:05:05,892: - INFO - Test_NavData_ENG: test.Test_NavData_ENG > 'DEVICE' Menu: Tech Support Report
2022-11-22 17:05:05,927: - INFO - Test_NavData_ENG: test.Test_NavData_ENG > 'DEVICE' Menu: Check Network Settings
2022-11-22 17:05:05,961: - INFO - Test_NavData_ENG: test.Test_NavData_ENG > 'DEVICE' Menu: DNS Name Lookup
2022-11-22 17:05:05,999: - INFO - Test_NavData_ENG: test.Test_NavData_ENG > 'DEVICE' Menu: Network Path
2022-11-22 17:05:06,040: - INFO - Test_NavData_ENG: test.Test_NavData_ENG > 'DEVICE' Menu: Ping
2022-11-22 17:05:06,078: - INFO - Test_NavData_ENG: test.Test_NavData_ENG > 'DEVICE' Menu: Trace Route
2022-11-22 17:05:06,112: - INFO - Test_NavData_ENG: test.Test_NavData_ENG > 'DEVICE' Menu: Real-Time Blacklist
2022-11-22 17:05:06,144: - INFO - Test_NavData_ENG: test.Test_NavData_ENG > 'DEVICE' Menu: Reverse Name Lookup
2022-11-22 17:05:06,172: - INFO - Test_NavData_ENG: test.Test_NavData_ENG > 'DEVICE' Menu: Connection TopX
2022-11-22 17:05:06,204: - INFO - Test_NavData_ENG: test.Test_NavData_ENG > 'DEVICE' Menu: Geo and Botnet
2022-11-22 17:05:06,235: - INFO - Test_NavData_ENG: test.Test_NavData_ENG > 'DEVICE' Menu: MX and Banner
2022-11-22 17:05:06,269: - INFO - Test_NavData_ENG: test.Test_NavData_ENG > 'DEVICE' Menu: GRID Check
2022-11-22 17:05:06,303: - INFO - Test_NavData_ENG: test.Test_NavData_ENG > 'DEVICE' Menu: URL Rating Request
2022-11-22 17:05:06,328: - INFO - Test_NavData_ZHT: test.Test_NavData_ZHT > 'DEVICE' Menu: 設定 >> Settings
2022-11-22 17:05:06,336: - INFO - Test_NavData_ENG: test.Test_NavData_ENG > 'DEVICE' Menu: PMTU Discovery
2022-11-22 17:05:06,351: - INFO - Test_NavData_ZHT: test.Test_NavData_ZHT > 'DEVICE' Menu: 授權 >> Licenses
2022-11-22 17:05:06,370: - INFO - Test_NavData_ENG: test.Test_NavData_ENG > 'DEVICE' Menu: Switch Diagnostics
2022-11-22 17:05:06,377: - INFO - Test_NavData_ZHT: test.Test_NavData_ZHT > 'DEVICE' Menu: 管理 >> Administration
2022-11-22 17:05:06,407: - INFO - Test_NavData_ZHT: test.Test_NavData_ZHT > 'DEVICE' Menu: 時間 >> Time
2022-11-22 17:05:06,407: - INFO - Test_NavData_ENG: test.Test_NavData_ENG > 'DEVICE' Menu: Switch Network
2022-11-22 17:05:06,429: - INFO - Test_NavData_ZHT: test.Test_NavData_ZHT > 'DEVICE' Menu: 憑證 >> Certificates
2022-11-22 17:05:06,437: - INFO - Test_NavData_ENG: test.Test_NavData_ENG > 'DEVICE' Menu: Overview
2022-11-22 17:05:06,458: - INFO - Test_NavData_ZHT: test.Test_NavData_ZHT > 'DEVICE' Menu: SNMP >> SNMP
2022-11-22 17:05:06,474: - INFO - Test_NavData_ENG: test.Test_NavData_ENG > 'DEVICE' Menu: Switches
2022-11-22 17:05:06,480: - INFO - Test_NavData_ZHT: test.Test_NavData_ZHT > 'DEVICE' Menu: 韌體與設定 >> Firmware and Settings
2022-11-22 17:05:06,500: - INFO - Test_NavData_ZHT: test.Test_NavData_ZHT > 'DEVICE' Menu: 儲存空間 >> Storage
2022-11-22 17:05:06,508: - INFO - Test_NavData_ENG: test.Test_NavData_ENG > 'DEVICE' Menu: Access Points
2022-11-22 17:05:06,524: - INFO - Test_NavData_ZHT: test.Test_NavData_ZHT > 'DEVICE' Menu: 重新啟動 >> Restart
2022-11-22 17:05:06,544: - INFO - Test_NavData_ENG: test.Test_NavData_ENG > 'DEVICE' Menu: Settings
2022-11-22 17:05:06,545: - INFO - Test_NavData_ZHT: test.Test_NavData_ZHT > 'DEVICE' Menu: 高可用性 >> High Availability
2022-11-22 17:05:06,557: - INFO - Test_NavData_ZHT: test.Test_NavData_ZHT > 'DEVICE' Menu: 狀態 >> Status
2022-11-22 17:05:06,568: - INFO - Test_NavData_ENG: test.Test_NavData_ENG > 'DEVICE' Menu: Firmware Management
2022-11-22 17:05:06,574: - INFO - Test_NavData_ZHT: test.Test_NavData_ZHT > 'DEVICE' Menu: 設定 >> Settings
2022-11-22 17:05:06,595: - INFO - Test_NavData_ZHT: test.Test_NavData_ZHT > 'DEVICE' Menu: 進階 >> Advanced
2022-11-22 17:05:06,603: - INFO - Test_NavData_ENG: test.Test_NavData_ENG > 'DEVICE' Menu: Floor Plan View
2022-11-22 17:05:06,616: - INFO - Test_NavData_ZHT: test.Test_NavData_ZHT > 'DEVICE' Menu: 監視 >> Monitoring
2022-11-22 17:05:06,634: - INFO - Test_NavData_ZHT: test.Test_NavData_ZHT > 'DEVICE' Menu: 使用者 >> Users
2022-11-22 17:05:06,643: - INFO - Test_NavData_ENG: test.Test_NavData_ENG > 'DEVICE' Menu: Station Status
2022-11-22 17:05:06,661: - INFO - Test_NavData_ZHT: test.Test_NavData_ZHT > 'DEVICE' Menu: 狀態 >> Status
2022-11-22 17:05:06,669: - INFO - Test_NavData_ENG: test.Test_NavData_ENG > 'DEVICE' Menu: IDS
2022-11-22 17:05:06,671: - INFO - Test_NavData_ZHT: test.Test_NavData_ZHT > 'DEVICE' Menu: 設定 >> Settings
2022-11-22 17:05:06,686: - INFO - Test_NavData_ZHT: test.Test_NavData_ZHT > 'DEVICE' Menu: 分割區 >> Partitions
2022-11-22 17:05:06,692: - INFO - Test_NavData_ENG: test.Test_NavData_ENG > 'DEVICE' Menu: Advanced IDP
2022-11-22 17:05:06,712: - INFO - Test_NavData_ZHT: test.Test_NavData_ZHT > 'DEVICE' Menu: 本機使用者與群組 >> Local Users & Groups
2022-11-22 17:05:06,727: - INFO - Test_NavData_ENG: test.Test_NavData_ENG > 'DEVICE' Menu: Packet Capture
2022-11-22 17:05:06,732: - INFO - Test_NavData_ZHT: test.Test_NavData_ZHT > 'DEVICE' Menu: 來賓服務 >> Guest Services
2022-11-22 17:05:06,759: - INFO - Test_NavData_ZHT: test.Test_NavData_ZHT > 'DEVICE' Menu: 來賓帳戶 >> Guest Accounts
2022-11-22 17:05:06,761: - INFO - Test_NavData_ENG: test.Test_NavData_ENG > 'DEVICE' Menu: Virtual Access Point
2022-11-22 17:05:06,780: - INFO - Test_NavData_ZHT: test.Test_NavData_ZHT > 'DEVICE' Menu: 來賓狀態 >> Guest Status
2022-11-22 17:05:06,804: - INFO - Test_NavData_ENG: test.Test_NavData_ENG > 'DEVICE' Menu: RF Monitoring
2022-11-22 17:05:06,804: - INFO - Test_NavData_ZHT: test.Test_NavData_ZHT > 'DEVICE' Menu: AppFlow >> AppFlow
2022-11-22 17:05:06,831: - INFO - Test_NavData_ZHT: test.Test_NavData_ZHT > 'DEVICE' Menu: 流量報告 >> Flow Reporting
2022-11-22 17:05:06,844: - INFO - Test_NavData_ENG: test.Test_NavData_ENG > 'DEVICE' Menu: RF Analysis
2022-11-22 17:05:06,853: - INFO - Test_NavData_ZHT: test.Test_NavData_ZHT > 'DEVICE' Menu: AppFlow 代理程式 >> AppFlow Agent
2022-11-22 17:05:06,879: - INFO - Test_NavData_ENG: test.Test_NavData_ENG > 'DEVICE' Menu: RF Spectrum
2022-11-22 17:05:06,880: - INFO - Test_NavData_ZHT: test.Test_NavData_ZHT > 'DEVICE' Menu: 記錄 >> Log
2022-11-22 17:05:06,897: - INFO - Test_NavData_ZHT: test.Test_NavData_ZHT > 'DEVICE' Menu: 設定 >> Settings
2022-11-22 17:05:06,908: - INFO - Test_NavData_ENG: test.Test_NavData_ENG > 'DEVICE' Menu: FairNet
2022-11-22 17:05:06,917: - INFO - Test_NavData_ZHT: test.Test_NavData_ZHT > 'DEVICE' Menu: Syslog >> Syslog
2022-11-22 17:05:06,937: - INFO - Test_NavData_ZHT: test.Test_NavData_ZHT > 'DEVICE' Menu: 自動化 >> Automation
2022-11-22 17:05:06,939: - INFO - Test_NavData_ENG: test.Test_NavData_ENG > 'DEVICE' Menu: Wi-Fi Multimedia
2022-11-22 17:05:06,962: - INFO - Test_NavData_ZHT: test.Test_NavData_ZHT > 'DEVICE' Menu: 名稱解析 >> Name Resolution
2022-11-22 17:05:06,969: - INFO - Test_NavData_ENG: test.Test_NavData_ENG > 'DEVICE' Menu: 3G/4G/LTE WWAN
2022-11-22 17:05:06,983: - INFO - Test_NavData_ZHT: test.Test_NavData_ZHT > 'DEVICE' Menu: 報告 >> Reports
2022-11-22 17:05:06,991: - INFO - Test_NavData_ENG: test.Test_NavData_ENG > 'DEVICE' Menu: Bluetooth LE
2022-11-22 17:05:06,996: - INFO - Test_NavData_ZHT: test.Test_NavData_ZHT > 'DEVICE' Menu: AWS >> AWS
2022-11-22 17:05:07,009: - INFO - Test_NavData_ZHT: test.Test_NavData_ZHT > 'DEVICE' Menu: 診斷 >> Diagnostics
2022-11-22 17:05:07,010: - INFO - Test_NavData_ENG: test.Test_NavData_ENG > 'DEVICE' Menu: Radio Management
2022-11-22 17:05:07,020: - INFO - Test_NavData_ZHT: test.Test_NavData_ZHT > 'DEVICE' Menu: 技術支援報告 >> Tech Support Report
2022-11-22 17:05:07,028: - INFO - Test_NavData_ENG: test.Test_NavData_ENG > 'DEVICE' Menu: WWAN
2022-11-22 17:05:07,028: - INFO - Test_NavData_ENG: test.Test_NavData_ENG > ========================================================================
2022-11-22 17:05:07,028: - INFO - Test_NavData_ENG: test.Test_NavData_ENG > 'DEVICE' Menu: Settings >> Settings (TOP)
2022-11-22 17:05:07,028: - INFO - Test_NavData_ENG: test.Test_NavData_ENG > ========================================================================
2022-11-22 17:05:07,028: - INFO - Test_NavData_ENG: test.Test_NavData_ENG > ALL MENU: 68
2022-11-22 17:05:07,031: - INFO - Test_NavData_ZHT: test.Test_NavData_ZHT > 'DEVICE' Menu: 檢查網路設定 >> Check Network Settings
2022-11-22 17:05:07,058: - INFO - Test_NavData_ZHT: test.Test_NavData_ZHT > 'DEVICE' Menu: DNS 名稱查詢 >> DNS Name Lookup
2022-11-22 17:05:07,069: - INFO - Test_NavData_ENG: test.Test_NavData_ENG > Data updated for [ENG]!
2022-11-22 17:05:07,069: - INFO - Test_NavData_ENG: test.Test_NavData_ENG > Top menu 'DEVICE' is done!
2022-11-22 17:05:07,077: - INFO - Test_NavData_ZHT: test.Test_NavData_ZHT > 'DEVICE' Menu: 網路路徑 >> Network Path
2022-11-22 17:05:07,093: - INFO - Test_NavData_ZHT: test.Test_NavData_ZHT > 'DEVICE' Menu: 偵測 >> Ping
2022-11-22 17:05:07,108: - INFO - Test_NavData_ZHT: test.Test_NavData_ZHT > 'DEVICE' Menu: 追蹤路由 >> Trace Route
2022-11-22 17:05:07,126: - INFO - Test_NavData_ZHT: test.Test_NavData_ZHT > 'DEVICE' Menu: 即時封鎖清單 >> Real-Time Blacklist
2022-11-22 17:05:07,146: - INFO - Test_NavData_ZHT: test.Test_NavData_ZHT > 'DEVICE' Menu: 反向名稱查詢 >> Reverse Name Lookup
2022-11-22 17:05:07,166: - INFO - Test_NavData_ZHT: test.Test_NavData_ZHT > 'DEVICE' Menu: 連線 TopX >> Connection TopX
2022-11-22 17:05:07,183: - INFO - Test_NavData_ZHT: test.Test_NavData_ZHT > 'DEVICE' Menu: Geo 和 Botnet >> Geo and Botnet
2022-11-22 17:05:07,198: - INFO - Test_NavData_ZHT: test.Test_NavData_ZHT > 'DEVICE' Menu: MX 和橫幅 >> MX and Banner
2022-11-22 17:05:07,222: - INFO - Test_NavData_ZHT: test.Test_NavData_ZHT > 'DEVICE' Menu: GRID 檢查 >> GRID Check
2022-11-22 17:05:07,241: - INFO - Test_NavData_ZHT: test.Test_NavData_ZHT > 'DEVICE' Menu: URL 評等要求 >> URL Rating Request
2022-11-22 17:05:07,255: - INFO - Test_NavData_ZHT: test.Test_NavData_ZHT > 'DEVICE' Menu: PMTU 探索 >> PMTU Discovery
2022-11-22 17:05:07,280: - INFO - Test_NavData_ZHT: test.Test_NavData_ZHT > 'DEVICE' Menu: 交換器診斷 >> Switch Diagnostics
2022-11-22 17:05:07,304: - INFO - Test_NavData_ZHT: test.Test_NavData_ZHT > 'DEVICE' Menu: 交換器網路 >> Switch Network
2022-11-22 17:05:07,319: - INFO - Test_NavData_ZHT: test.Test_NavData_ZHT > 'DEVICE' Menu: 概觀 >> Overview
2022-11-22 17:05:07,348: - INFO - Test_NavData_ZHT: test.Test_NavData_ZHT > 'DEVICE' Menu: 交換器 >> Switches
2022-11-22 17:05:07,376: - INFO - Test_NavData_ZHT: test.Test_NavData_ZHT > 'DEVICE' Menu: 存取點 >> Access Points
2022-11-22 17:05:07,405: - INFO - Test_NavData_ZHT: test.Test_NavData_ZHT > 'DEVICE' Menu: 設定 >> Settings
2022-11-22 17:05:07,424: - INFO - Test_NavData_ZHT: test.Test_NavData_ZHT > 'DEVICE' Menu: 韌體管理 >> Firmware Management
2022-11-22 17:05:07,453: - INFO - Test_NavData_ZHT: test.Test_NavData_ZHT > 'DEVICE' Menu: 平面設計圖檢視 >> Floor Plan View
2022-11-22 17:05:07,474: - INFO - Test_NavData_ZHT: test.Test_NavData_ZHT > 'DEVICE' Menu: 站台狀態 >> Station Status
2022-11-22 17:05:07,492: - INFO - Test_NavData_ZHT: test.Test_NavData_ZHT > 'DEVICE' Menu: IDS >> IDS
2022-11-22 17:05:07,513: - INFO - Test_NavData_ZHT: test.Test_NavData_ZHT > 'DEVICE' Menu: 進階 IDP >> Advanced IDP
2022-11-22 17:05:07,534: - INFO - Test_NavData_ZHT: test.Test_NavData_ZHT > 'DEVICE' Menu: 封包擷取 >> Packet Capture
2022-11-22 17:05:07,553: - INFO - Test_NavData_ZHT: test.Test_NavData_ZHT > 'DEVICE' Menu: 虛擬存取點 >> Virtual Access Point
2022-11-22 17:05:07,568: - INFO - Test_NavData_ZHT: test.Test_NavData_ZHT > 'DEVICE' Menu: RF 監視 >> RF Monitoring
2022-11-22 17:05:07,581: - INFO - Test_NavData_ZHT: test.Test_NavData_ZHT > 'DEVICE' Menu: RF 分析 >> RF Analysis
2022-11-22 17:05:07,594: - INFO - Test_NavData_ZHT: test.Test_NavData_ZHT > 'DEVICE' Menu: RF 頻譜 >> RF Spectrum
2022-11-22 17:05:07,619: - INFO - Test_NavData_ZHT: test.Test_NavData_ZHT > 'DEVICE' Menu: FairNet >> FairNet
2022-11-22 17:05:07,645: - INFO - Test_NavData_ZHT: test.Test_NavData_ZHT > 'DEVICE' Menu: Wi-Fi 多媒體 >> Wi-Fi Multimedia
2022-11-22 17:05:07,672: - INFO - Test_NavData_ZHT: test.Test_NavData_ZHT > 'DEVICE' Menu: 3G/4G/LTE WWAN >> 3G/4G/LTE WWAN
2022-11-22 17:05:07,693: - INFO - Test_NavData_ZHT: test.Test_NavData_ZHT > 'DEVICE' Menu: 藍牙 LE >> Bluetooth LE
2022-11-22 17:05:07,711: - INFO - Test_NavData_ZHT: test.Test_NavData_ZHT > 'DEVICE' Menu: 無線電管理 >> Radio Management
2022-11-22 17:05:07,727: - INFO - Test_NavData_ZHT: test.Test_NavData_ZHT > 'DEVICE' Menu: WWAN >> WWAN
2022-11-22 17:05:07,727: - INFO - Test_NavData_ZHT: test.Test_NavData_ZHT > ========================================================================
2022-11-22 17:05:07,727: - INFO - Test_NavData_ZHT: test.Test_NavData_ZHT > 'DEVICE' Menu: Settings >> Settings (TOP)
2022-11-22 17:05:07,727: - INFO - Test_NavData_ZHT: test.Test_NavData_ZHT > ========================================================================
2022-11-22 17:05:07,727: - INFO - Test_NavData_ZHT: test.Test_NavData_ZHT > ALL MENU: 69
2022-11-22 17:05:07,747: - INFO - Test_NavData_ZHT: test.Test_NavData_ZHT > Data updated for [ZHT]!
2022-11-22 17:05:07,748: - INFO - Test_NavData_ZHT: test.Test_NavData_ZHT > Top menu 'DEVICE' is done!
2022-11-22 17:05:09,030: - INFO - Test_NavData_ENG: test.Test_NavData_ENG > 'NETWORK' Menu: System
2022-11-22 17:05:09,060: - INFO - Test_NavData_ENG: test.Test_NavData_ENG > 'NETWORK' Menu: Interfaces
2022-11-22 17:05:09,089: - INFO - Test_NavData_ENG: test.Test_NavData_ENG > 'NETWORK' Menu: Failover & LB
2022-11-22 17:05:09,123: - INFO - Test_NavData_ENG: test.Test_NavData_ENG > 'NETWORK' Menu: Neighbor Discovery
2022-11-22 17:05:09,157: - INFO - Test_NavData_ENG: test.Test_NavData_ENG > 'NETWORK' Menu: ARP
2022-11-22 17:05:09,202: - INFO - Test_NavData_ENG: test.Test_NavData_ENG > 'NETWORK' Menu: MAC IP Anti-Spoof
2022-11-22 17:05:09,240: - INFO - Test_NavData_ENG: test.Test_NavData_ENG > 'NETWORK' Menu: Web Proxy
2022-11-22 17:05:09,274: - INFO - Test_NavData_ENG: test.Test_NavData_ENG > 'NETWORK' Menu: PortShield Groups
2022-11-22 17:05:09,306: - INFO - Test_NavData_ENG: test.Test_NavData_ENG > 'NETWORK' Menu: PoE Settings
2022-11-22 17:05:09,334: - INFO - Test_NavData_ENG: test.Test_NavData_ENG > 'NETWORK' Menu: VLAN Translation
2022-11-22 17:05:09,370: - INFO - Test_NavData_ENG: test.Test_NavData_ENG > 'NETWORK' Menu: IP Helper
2022-11-22 17:05:09,394: - INFO - Test_NavData_ENG: test.Test_NavData_ENG > 'NETWORK' Menu: Dynamic Routing
2022-11-22 17:05:09,423: - INFO - Test_NavData_ENG: test.Test_NavData_ENG > 'NETWORK' Menu: DHCP Server
2022-11-22 17:05:09,452: - INFO - Test_NavData_ENG: test.Test_NavData_ENG > 'NETWORK' Menu: Multicast
2022-11-22 17:05:09,486: - INFO - Test_NavData_ENG: test.Test_NavData_ENG > 'NETWORK' Menu: Network Monitor
2022-11-22 17:05:09,527: - INFO - Test_NavData_ENG: test.Test_NavData_ENG > 'NETWORK' Menu: AWS Configuration
2022-11-22 17:05:09,579: - INFO - Test_NavData_ENG: test.Test_NavData_ENG > 'NETWORK' Menu: Firewall
2022-11-22 17:05:09,611: - INFO - Test_NavData_ENG: test.Test_NavData_ENG > 'NETWORK' Menu: Advanced
2022-11-22 17:05:09,633: - INFO - Test_NavData_ENG: test.Test_NavData_ENG > 'NETWORK' Menu: Flood Protection
2022-11-22 17:05:09,658: - INFO - Test_NavData_ENG: test.Test_NavData_ENG > 'NETWORK' Menu: SSL Control
2022-11-22 17:05:09,676: - INFO - Test_NavData_ENG: test.Test_NavData_ENG > 'NETWORK' Menu: Cipher Control
2022-11-22 17:05:09,696: - INFO - Test_NavData_ENG: test.Test_NavData_ENG > 'NETWORK' Menu: RBL Filter
2022-11-22 17:05:09,730: - INFO - Test_NavData_ENG: test.Test_NavData_ENG > 'NETWORK' Menu: VoIP
2022-11-22 17:05:09,765: - INFO - Test_NavData_ENG: test.Test_NavData_ENG > 'NETWORK' Menu: Settings
2022-11-22 17:05:09,801: - INFO - Test_NavData_ENG: test.Test_NavData_ENG > 'NETWORK' Menu: Call Status
2022-11-22 17:05:09,845: - INFO - Test_NavData_ENG: test.Test_NavData_ENG > 'NETWORK' Menu: DNS
2022-11-22 17:05:09,884: - INFO - Test_NavData_ENG: test.Test_NavData_ENG > 'NETWORK' Menu: Settings
2022-11-22 17:05:09,916: - INFO - Test_NavData_ENG: test.Test_NavData_ENG > 'NETWORK' Menu: Dynamic DNS
2022-11-22 17:05:09,956: - INFO - Test_NavData_ENG: test.Test_NavData_ENG > 'NETWORK' Menu: DNS Proxy
2022-11-22 17:05:09,992: - INFO - Test_NavData_ENG: test.Test_NavData_ENG > 'NETWORK' Menu: DNS Security
2022-11-22 17:05:10,021: - INFO - Test_NavData_ENG: test.Test_NavData_ENG > 'NETWORK' Menu: SDWAN
2022-11-22 17:05:10,047: - INFO - Test_NavData_ENG: test.Test_NavData_ENG > 'NETWORK' Menu: Groups
2022-11-22 17:05:10,070: - INFO - Test_NavData_ENG: test.Test_NavData_ENG > 'NETWORK' Menu: SLA Probes
2022-11-22 17:05:10,091: - INFO - Test_NavData_ENG: test.Test_NavData_ENG > 'NETWORK' Menu: SLA Class Objects
2022-11-22 17:05:10,113: - INFO - Test_NavData_ENG: test.Test_NavData_ENG > 'NETWORK' Menu: Path Selection Profiles
2022-11-22 17:05:10,135: - INFO - Test_NavData_ENG: test.Test_NavData_ENG > 'NETWORK' Menu: Rules
2022-11-22 17:05:10,156: - INFO - Test_NavData_ENG: test.Test_NavData_ENG > 'NETWORK' Menu: IPSec VPN
2022-11-22 17:05:10,177: - INFO - Test_NavData_ENG: test.Test_NavData_ENG > 'NETWORK' Menu: Rules and Settings
2022-11-22 17:05:10,201: - INFO - Test_NavData_ENG: test.Test_NavData_ENG > 'NETWORK' Menu: Advanced
2022-11-22 17:05:10,224: - INFO - Test_NavData_ENG: test.Test_NavData_ENG > 'NETWORK' Menu: DHCP over VPN
2022-11-22 17:05:10,245: - INFO - Test_NavData_ENG: test.Test_NavData_ENG > 'NETWORK' Menu: L2TP Server
2022-11-22 17:05:10,267: - INFO - Test_NavData_ENG: test.Test_NavData_ENG > 'NETWORK' Menu: AWS VPN
2022-11-22 17:05:10,291: - INFO - Test_NavData_ENG: test.Test_NavData_ENG > 'NETWORK' Menu: SSL VPN
2022-11-22 17:05:10,314: - INFO - Test_NavData_ENG: test.Test_NavData_ENG > 'NETWORK' Menu: Status
2022-11-22 17:05:10,333: - INFO - Test_NavData_ENG: test.Test_NavData_ENG > 'NETWORK' Menu: Server Settings
2022-11-22 17:05:10,353: - INFO - Test_NavData_ENG: test.Test_NavData_ENG > 'NETWORK' Menu: Client Settings
2022-11-22 17:05:10,376: - INFO - Test_NavData_ENG: test.Test_NavData_ENG > 'NETWORK' Menu: Portal Settings
2022-11-22 17:05:10,393: - INFO - Test_NavData_ENG: test.Test_NavData_ENG > 'NETWORK' Menu: Virtual Office
2022-11-22 17:05:10,393: - INFO - Test_NavData_ENG: test.Test_NavData_ENG > ========================================================================
2022-11-22 17:05:10,393: - INFO - Test_NavData_ENG: test.Test_NavData_ENG > 'NETWORK' Menu: No duplicated data to the TOP
2022-11-22 17:05:10,393: - INFO - Test_NavData_ENG: test.Test_NavData_ENG > ========================================================================
2022-11-22 17:05:10,393: - INFO - Test_NavData_ENG: test.Test_NavData_ENG > ALL MENU: 48
2022-11-22 17:05:10,420: - INFO - Test_NavData_ENG: test.Test_NavData_ENG > Data updated for [ENG]!
2022-11-22 17:05:10,420: - INFO - Test_NavData_ENG: test.Test_NavData_ENG > Top menu 'NETWORK' is done!
2022-11-22 17:05:10,601: - INFO - Test_NavData_ZHT: test.Test_NavData_ZHT > 'NETWORK' Menu: 系統 >> System
2022-11-22 17:05:10,630: - INFO - Test_NavData_ZHT: test.Test_NavData_ZHT > 'NETWORK' Menu: 介面 >> Interfaces
2022-11-22 17:05:10,653: - INFO - Test_NavData_ZHT: test.Test_NavData_ZHT > 'NETWORK' Menu: 容錯移轉和負載平衡 >> Failover & LB
2022-11-22 17:05:10,681: - INFO - Test_NavData_ZHT: test.Test_NavData_ZHT > 'NETWORK' Menu: 探索芳鄰 >> Neighbor Discovery
2022-11-22 17:05:10,703: - INFO - Test_NavData_ZHT: test.Test_NavData_ZHT > 'NETWORK' Menu: ARP >> ARP
2022-11-22 17:05:10,731: - INFO - Test_NavData_ZHT: test.Test_NavData_ZHT > 'NETWORK' Menu: MAC-IP 反詐騙 >> MAC IP Anti-Spoof
2022-11-22 17:05:10,757: - INFO - Test_NavData_ZHT: test.Test_NavData_ZHT > 'NETWORK' Menu: Web 代理 >> Web Proxy
2022-11-22 17:05:10,787: - INFO - Test_NavData_ZHT: test.Test_NavData_ZHT > 'NETWORK' Menu: PortShield 群組 >> PortShield Groups
2022-11-22 17:05:10,816: - INFO - Test_NavData_ZHT: test.Test_NavData_ZHT > 'NETWORK' Menu: VLAN 轉譯 >> VLAN Translation
2022-11-22 17:05:10,838: - INFO - Test_NavData_ZHT: test.Test_NavData_ZHT > 'NETWORK' Menu: IP 協助程式 >> IP Helper
2022-11-22 17:05:10,866: - INFO - Test_NavData_ZHT: test.Test_NavData_ZHT > 'NETWORK' Menu: 動態路由 >> Dynamic Routing
2022-11-22 17:05:10,895: - INFO - Test_NavData_ZHT: test.Test_NavData_ZHT > 'NETWORK' Menu: DHCP 伺服器 >> DHCP Server
2022-11-22 17:05:10,917: - INFO - Test_NavData_ZHT: test.Test_NavData_ZHT > 'NETWORK' Menu: 多點傳送 >> Multicast
2022-11-22 17:05:10,942: - INFO - Test_NavData_ZHT: test.Test_NavData_ZHT > 'NETWORK' Menu: 網路監視器 >> Network Monitor
2022-11-22 17:05:10,970: - INFO - Test_NavData_ZHT: test.Test_NavData_ZHT > 'NETWORK' Menu: AWS 設定 >> AWS Configuration
2022-11-22 17:05:10,986: - INFO - Test_NavData_ZHT: test.Test_NavData_ZHT > 'NETWORK' Menu: 防火牆 >> Firewall
2022-11-22 17:05:11,002: - INFO - Test_NavData_ZHT: test.Test_NavData_ZHT > 'NETWORK' Menu: 進階 >> Advanced
2022-11-22 17:05:11,019: - INFO - Test_NavData_ZHT: test.Test_NavData_ZHT > 'NETWORK' Menu: 洪水攻擊防護 >> Flood Protection
2022-11-22 17:05:11,034: - INFO - Test_NavData_ZHT: test.Test_NavData_ZHT > 'NETWORK' Menu: SSL 控制 >> SSL Control
2022-11-22 17:05:11,051: - INFO - Test_NavData_ZHT: test.Test_NavData_ZHT > 'NETWORK' Menu: 加密控制 >> Cipher Control
2022-11-22 17:05:11,068: - INFO - Test_NavData_ZHT: test.Test_NavData_ZHT > 'NETWORK' Menu: RBL 篩選條件 >> RBL Filter
2022-11-22 17:05:11,091: - INFO - Test_NavData_ZHT: test.Test_NavData_ZHT > 'NETWORK' Menu: VoIP >> VoIP
2022-11-22 17:05:11,113: - INFO - Test_NavData_ZHT: test.Test_NavData_ZHT > 'NETWORK' Menu: 設定 >> Settings
2022-11-22 17:05:11,137: - INFO - Test_NavData_ZHT: test.Test_NavData_ZHT > 'NETWORK' Menu: 呼叫狀態 >> Call Status
2022-11-22 17:05:11,164: - INFO - Test_NavData_ZHT: test.Test_NavData_ZHT > 'NETWORK' Menu: DNS >> DNS
2022-11-22 17:05:11,189: - INFO - Test_NavData_ZHT: test.Test_NavData_ZHT > 'NETWORK' Menu: 設定 >> Settings
2022-11-22 17:05:11,213: - INFO - Test_NavData_ZHT: test.Test_NavData_ZHT > 'NETWORK' Menu: 動態 DNS >> Dynamic DNS
2022-11-22 17:05:11,238: - INFO - Test_NavData_ZHT: test.Test_NavData_ZHT > 'NETWORK' Menu: DNS 代理 >> DNS Proxy
2022-11-22 17:05:11,269: - INFO - Test_NavData_ZHT: test.Test_NavData_ZHT > 'NETWORK' Menu: DNS 安全性 >> DNS Security
2022-11-22 17:05:11,313: - INFO - Test_NavData_ZHT: test.Test_NavData_ZHT > 'NETWORK' Menu: 交換器 >> Switching
2022-11-22 17:05:11,329: - INFO - Test_NavData_ZHT: test.Test_NavData_ZHT > 'NETWORK' Menu: VLAN 主幹 >> VLAN Trunking
2022-11-22 17:05:11,344: - INFO - Test_NavData_ZHT: test.Test_NavData_ZHT > 'NETWORK' Menu: L2 探索 >> L2 Discovery
2022-11-22 17:05:11,356: - INFO - Test_NavData_ZHT: test.Test_NavData_ZHT > 'NETWORK' Menu: 連結彙總 >> Link Aggregation
2022-11-22 17:05:11,368: - INFO - Test_NavData_ZHT: test.Test_NavData_ZHT > 'NETWORK' Menu: 連接埠鏡像 >> Port Mirroring
2022-11-22 17:05:11,379: - INFO - Test_NavData_ZHT: test.Test_NavData_ZHT > 'NETWORK' Menu: SDWAN >> SDWAN
2022-11-22 17:05:11,394: - INFO - Test_NavData_ZHT: test.Test_NavData_ZHT > 'NETWORK' Menu: 群組 >> Groups
2022-11-22 17:05:11,407: - INFO - Test_NavData_ZHT: test.Test_NavData_ZHT > 'NETWORK' Menu: SLA 探查 >> SLA Probes
2022-11-22 17:05:11,420: - INFO - Test_NavData_ZHT: test.Test_NavData_ZHT > 'NETWORK' Menu: SLA 類別物件 >> SLA Class Objects
2022-11-22 17:05:11,439: - INFO - Test_NavData_ZHT: test.Test_NavData_ZHT > 'NETWORK' Menu: 路徑選取設定檔 >> Path Selection Profiles
2022-11-22 17:05:11,458: - INFO - Test_NavData_ZHT: test.Test_NavData_ZHT > 'NETWORK' Menu: 規則 >> Rules
2022-11-22 17:05:11,474: - INFO - Test_NavData_ZHT: test.Test_NavData_ZHT > 'NETWORK' Menu: IPsec VPN >> IPSec VPN
2022-11-22 17:05:11,494: - INFO - Test_NavData_ZHT: test.Test_NavData_ZHT > 'NETWORK' Menu: 規則與設定 >> Rules and Settings
2022-11-22 17:05:11,522: - INFO - Test_NavData_ZHT: test.Test_NavData_ZHT > 'NETWORK' Menu: 進階 >> Advanced
2022-11-22 17:05:11,549: - INFO - Test_NavData_ZHT: test.Test_NavData_ZHT > 'NETWORK' Menu: 透過 VPN 的 DHCP >> DHCP over VPN
2022-11-22 17:05:11,581: - INFO - Test_NavData_ZHT: test.Test_NavData_ZHT > 'NETWORK' Menu: L2TP 伺服器 >> L2TP Server
2022-11-22 17:05:11,600: - INFO - Test_NavData_ZHT: test.Test_NavData_ZHT > 'NETWORK' Menu: AWS VPN >> AWS VPN
2022-11-22 17:05:11,627: - INFO - Test_NavData_ZHT: test.Test_NavData_ZHT > 'NETWORK' Menu: SSL VPN >> SSL VPN
2022-11-22 17:05:11,651: - INFO - Test_NavData_ZHT: test.Test_NavData_ZHT > 'NETWORK' Menu: 狀態 >> Status
2022-11-22 17:05:11,671: - INFO - Test_NavData_ZHT: test.Test_NavData_ZHT > 'NETWORK' Menu: 伺服器設定 >> Server Settings
2022-11-22 17:05:11,691: - INFO - Test_NavData_ZHT: test.Test_NavData_ZHT > 'NETWORK' Menu: 用戶端設定 >> Client Settings
2022-11-22 17:05:11,710: - INFO - Test_NavData_ZHT: test.Test_NavData_ZHT > 'NETWORK' Menu: 入口網站設定 >> Portal Settings
2022-11-22 17:05:11,730: - INFO - Test_NavData_ZHT: test.Test_NavData_ZHT > 'NETWORK' Menu: 虛擬辦公室 >> Virtual Office
2022-11-22 17:05:11,731: - INFO - Test_NavData_ZHT: test.Test_NavData_ZHT > ========================================================================
2022-11-22 17:05:11,731: - INFO - Test_NavData_ZHT: test.Test_NavData_ZHT > 'NETWORK' Menu: No duplicated data to the TOP
2022-11-22 17:05:11,731: - INFO - Test_NavData_ZHT: test.Test_NavData_ZHT > ========================================================================
2022-11-22 17:05:11,731: - INFO - Test_NavData_ZHT: test.Test_NavData_ZHT > ALL MENU: 52
2022-11-22 17:05:11,758: - INFO - Test_NavData_ZHT: test.Test_NavData_ZHT > Data updated for [ZHT]!
2022-11-22 17:05:11,758: - INFO - Test_NavData_ZHT: test.Test_NavData_ZHT > Top menu 'NETWORK' is done!
2022-11-22 17:05:12,209: - INFO - Test_NavData_ENG: test.Test_NavData_ENG > 'OBJECT' Menu: Match Objects
2022-11-22 17:05:12,244: - INFO - Test_NavData_ENG: test.Test_NavData_ENG > 'OBJECT' Menu: Zones
2022-11-22 17:05:12,285: - INFO - Test_NavData_ENG: test.Test_NavData_ENG > 'OBJECT' Menu: Addresses
2022-11-22 17:05:12,321: - INFO - Test_NavData_ENG: test.Test_NavData_ENG > 'OBJECT' Menu: Services
2022-11-22 17:05:12,369: - INFO - Test_NavData_ENG: test.Test_NavData_ENG > 'OBJECT' Menu: URI Lists
2022-11-22 17:05:12,411: - INFO - Test_NavData_ENG: test.Test_NavData_ENG > 'OBJECT' Menu: Match Objects
2022-11-22 17:05:12,451: - INFO - Test_NavData_ENG: test.Test_NavData_ENG > 'OBJECT' Menu: Schedules
2022-11-22 17:05:12,482: - INFO - Test_NavData_ENG: test.Test_NavData_ENG > 'OBJECT' Menu: Dynamic Group
2022-11-22 17:05:12,511: - INFO - Test_NavData_ENG: test.Test_NavData_ENG > 'OBJECT' Menu: Email Addresses
2022-11-22 17:05:12,536: - INFO - Test_NavData_ENG: test.Test_NavData_ENG > 'OBJECT' Menu: Profile Objects
2022-11-22 17:05:12,556: - INFO - Test_NavData_ENG: test.Test_NavData_ENG > 'OBJECT' Menu: Endpoint Security
2022-11-22 17:05:12,574: - INFO - Test_NavData_ENG: test.Test_NavData_ENG > 'OBJECT' Menu: Bandwidth
2022-11-22 17:05:12,602: - INFO - Test_NavData_ENG: test.Test_NavData_ENG > 'OBJECT' Menu: QoS Marking
2022-11-22 17:05:12,633: - INFO - Test_NavData_ENG: test.Test_NavData_ENG > 'OBJECT' Menu: Content Filter
2022-11-22 17:05:12,655: - INFO - Test_NavData_ENG: test.Test_NavData_ENG > 'OBJECT' Menu: DHCP Option
2022-11-22 17:05:12,684: - INFO - Test_NavData_ENG: test.Test_NavData_ENG > 'OBJECT' Menu: AWS
2022-11-22 17:05:12,711: - INFO - Test_NavData_ENG: test.Test_NavData_ENG > 'OBJECT' Menu: Action Objects
2022-11-22 17:05:12,740: - INFO - Test_NavData_ENG: test.Test_NavData_ENG > 'OBJECT' Menu: App Rule Actions
2022-11-22 17:05:12,775: - INFO - Test_NavData_ENG: test.Test_NavData_ENG > 'OBJECT' Menu: Content Filter Actions
2022-11-22 17:05:12,776: - INFO - Test_NavData_ENG: test.Test_NavData_ENG > ========================================================================
2022-11-22 17:05:12,776: - INFO - Test_NavData_ENG: test.Test_NavData_ENG > 'OBJECT' Menu: Match Objects >> Match Objects (TOP)
2022-11-22 17:05:12,776: - INFO - Test_NavData_ENG: test.Test_NavData_ENG > ========================================================================
2022-11-22 17:05:12,777: - INFO - Test_NavData_ENG: test.Test_NavData_ENG > ALL MENU: 19
2022-11-22 17:05:12,822: - INFO - Test_NavData_ENG: test.Test_NavData_ENG > Data updated for [ENG]!
2022-11-22 17:05:12,822: - INFO - Test_NavData_ENG: test.Test_NavData_ENG > Top menu 'OBJECT' is done!
2022-11-22 17:05:13,747: - INFO - Test_NavData_ZHT: test.Test_NavData_ZHT > 'OBJECT' Menu: 比對物件 >> Match Objects
2022-11-22 17:05:13,765: - INFO - Test_NavData_ZHT: test.Test_NavData_ZHT > 'OBJECT' Menu: 區域 >> Zones
2022-11-22 17:05:13,791: - INFO - Test_NavData_ZHT: test.Test_NavData_ZHT > 'OBJECT' Menu: 位址 >> Addresses
2022-11-22 17:05:13,811: - INFO - Test_NavData_ZHT: test.Test_NavData_ZHT > 'OBJECT' Menu: 服務 >> Services
2022-11-22 17:05:13,824: - INFO - Test_NavData_ZHT: test.Test_NavData_ZHT > 'OBJECT' Menu: URI 清單 >> URI Lists
2022-11-22 17:05:13,840: - INFO - Test_NavData_ZHT: test.Test_NavData_ZHT > 'OBJECT' Menu: 比對物件 >> Match Objects
2022-11-22 17:05:13,862: - INFO - Test_NavData_ZHT: test.Test_NavData_ZHT > 'OBJECT' Menu: 排程 >> Schedules
2022-11-22 17:05:13,894: - INFO - Test_NavData_ZHT: test.Test_NavData_ZHT > 'OBJECT' Menu: 動態群組 >> Dynamic Group
2022-11-22 17:05:13,922: - INFO - Test_NavData_ZHT: test.Test_NavData_ZHT > 'OBJECT' Menu: 電子郵件地址 >> Email Addresses
2022-11-22 17:05:13,945: - INFO - Test_NavData_ZHT: test.Test_NavData_ZHT > 'OBJECT' Menu: 設定檔物件 >> Profile Objects
2022-11-22 17:05:13,974: - INFO - Test_NavData_ZHT: test.Test_NavData_ZHT > 'OBJECT' Menu: 端點安全性 >> Endpoint Security
2022-11-22 17:05:13,996: - INFO - Test_NavData_ZHT: test.Test_NavData_ZHT > 'OBJECT' Menu: 頻寬 >> Bandwidth
2022-11-22 17:05:14,011: - INFO - Test_NavData_ZHT: test.Test_NavData_ZHT > 'OBJECT' Menu: QoS 標記 >> QoS Marking
2022-11-22 17:05:14,023: - INFO - Test_NavData_ZHT: test.Test_NavData_ZHT > 'OBJECT' Menu: 內容篩選 >> Content Filter
2022-11-22 17:05:14,040: - INFO - Test_NavData_ZHT: test.Test_NavData_ZHT > 'OBJECT' Menu: DHCP 選項 >> DHCP Option
2022-11-22 17:05:14,053: - INFO - Test_NavData_ZHT: test.Test_NavData_ZHT > 'OBJECT' Menu: AWS >> AWS
2022-11-22 17:05:14,067: - INFO - Test_NavData_ZHT: test.Test_NavData_ZHT > 'OBJECT' Menu: 動作物件 >> Action Objects
2022-11-22 17:05:14,082: - INFO - Test_NavData_ZHT: test.Test_NavData_ZHT > 'OBJECT' Menu: 應用程式規則執行 >> App Rule Actions
2022-11-22 17:05:14,098: - INFO - Test_NavData_ZHT: test.Test_NavData_ZHT > 'OBJECT' Menu: 內容篩選器執行 >> Content Filter Actions
2022-11-22 17:05:14,098: - INFO - Test_NavData_ZHT: test.Test_NavData_ZHT > ========================================================================
2022-11-22 17:05:14,098: - INFO - Test_NavData_ZHT: test.Test_NavData_ZHT > 'OBJECT' Menu: Match Objects >> Match Objects (TOP)
2022-11-22 17:05:14,098: - INFO - Test_NavData_ZHT: test.Test_NavData_ZHT > ========================================================================
2022-11-22 17:05:14,098: - INFO - Test_NavData_ZHT: test.Test_NavData_ZHT > ALL MENU: 19
2022-11-22 17:05:14,114: - INFO - Test_NavData_ZHT: test.Test_NavData_ZHT > Data updated for [ZHT]!
2022-11-22 17:05:14,114: - INFO - Test_NavData_ZHT: test.Test_NavData_ZHT > Top menu 'OBJECT' is done!
2022-11-22 17:05:15,475: - INFO - Test_NavData_ENG: test.Test_NavData_ENG > 'POLICY' Menu: Rules and Policies
2022-11-22 17:05:15,502: - INFO - Test_NavData_ENG: test.Test_NavData_ENG > 'POLICY' Menu: Access Rules
2022-11-22 17:05:15,527: - INFO - Test_NavData_ENG: test.Test_NavData_ENG > 'POLICY' Menu: NAT Rules
2022-11-22 17:05:15,548: - INFO - Test_NavData_ENG: test.Test_NavData_ENG > 'POLICY' Menu: Routing Rules
2022-11-22 17:05:15,574: - INFO - Test_NavData_ENG: test.Test_NavData_ENG > 'POLICY' Menu: Content Filter Rules
2022-11-22 17:05:15,594: - INFO - Test_NavData_ENG: test.Test_NavData_ENG > 'POLICY' Menu: App Rules
2022-11-22 17:05:15,634: - INFO - Test_NavData_ENG: test.Test_NavData_ENG > 'POLICY' Menu: Endpoint Rules
2022-11-22 17:05:15,675: - INFO - Test_NavData_ENG: test.Test_NavData_ENG > 'POLICY' Menu: DPI-SSL
2022-11-22 17:05:15,714: - INFO - Test_NavData_ENG: test.Test_NavData_ENG > 'POLICY' Menu: Client SSL
2022-11-22 17:05:15,757: - INFO - Test_NavData_ENG: test.Test_NavData_ENG > 'POLICY' Menu: Server SSL
2022-11-22 17:05:15,800: - INFO - Test_NavData_ENG: test.Test_NavData_ENG > 'POLICY' Menu: DPI-SSH
2022-11-22 17:05:15,852: - INFO - Test_NavData_ENG: test.Test_NavData_ENG > 'POLICY' Menu: Settings
2022-11-22 17:05:15,887: - INFO - Test_NavData_ENG: test.Test_NavData_ENG > 'POLICY' Menu: Security Services
2022-11-22 17:05:15,931: - INFO - Test_NavData_ENG: test.Test_NavData_ENG > 'POLICY' Menu: Summary
2022-11-22 17:05:15,965: - INFO - Test_NavData_ENG: test.Test_NavData_ENG > 'POLICY' Menu: Gateway Anti-Virus
2022-11-22 17:05:16,006: - INFO - Test_NavData_ENG: test.Test_NavData_ENG > 'POLICY' Menu: Anti-Spyware
2022-11-22 17:05:16,027: - INFO - Test_NavData_ENG: test.Test_NavData_ENG > 'POLICY' Menu: Intrusion Prevention
2022-11-22 17:05:16,047: - INFO - Test_NavData_ENG: test.Test_NavData_ENG > 'POLICY' Menu: Geo-IP Filter
2022-11-22 17:05:16,070: - INFO - Test_NavData_ENG: test.Test_NavData_ENG > 'POLICY' Menu: Botnet Filter
2022-11-22 17:05:16,098: - INFO - Test_NavData_ENG: test.Test_NavData_ENG > 'POLICY' Menu: App Control
2022-11-22 17:05:16,119: - INFO - Test_NavData_ENG: test.Test_NavData_ENG > 'POLICY' Menu: Content Filter
2022-11-22 17:05:16,137: - INFO - Test_NavData_ENG: test.Test_NavData_ENG > 'POLICY' Menu: Anti-Spam
2022-11-22 17:05:16,159: - INFO - Test_NavData_ENG: test.Test_NavData_ENG > 'POLICY' Menu: Status
2022-11-22 17:05:16,185: - INFO - Test_NavData_ENG: test.Test_NavData_ENG > 'POLICY' Menu: Settings
2022-11-22 17:05:16,203: - INFO - Test_NavData_ENG: test.Test_NavData_ENG > 'POLICY' Menu: Capture ATP
2022-11-22 17:05:16,230: - INFO - Test_NavData_ENG: test.Test_NavData_ENG > 'POLICY' Menu: Settings
2022-11-22 17:05:16,261: - INFO - Test_NavData_ENG: test.Test_NavData_ENG > 'POLICY' Menu: Scanning History
2022-11-22 17:05:16,312: - INFO - Test_NavData_ENG: test.Test_NavData_ENG > 'POLICY' Menu: Endpoint Security
2022-11-22 17:05:16,313: - INFO - Test_NavData_ENG: test.Test_NavData_ENG > ========================================================================
2022-11-22 17:05:16,313: - INFO - Test_NavData_ENG: test.Test_NavData_ENG > 'POLICY' Menu: No duplicated data to the TOP
2022-11-22 17:05:16,313: - INFO - Test_NavData_ENG: test.Test_NavData_ENG > ========================================================================
2022-11-22 17:05:16,313: - INFO - Test_NavData_ENG: test.Test_NavData_ENG > ALL MENU: 28
2022-11-22 17:05:16,334: - INFO - Test_NavData_ENG: test.Test_NavData_ENG > Data updated for [ENG]!
2022-11-22 17:05:16,334: - INFO - Test_NavData_ENG: test.Test_NavData_ENG > Top menu 'POLICY' is done!
2022-11-22 17:05:17,253: - INFO - Test_NavData_ZHT: test.Test_NavData_ZHT > 'POLICY' Menu: 規則與原則 >> Rules and Policies
2022-11-22 17:05:17,268: - INFO - Test_NavData_ZHT: test.Test_NavData_ZHT > 'POLICY' Menu: 存取規則 >> Access Rules
2022-11-22 17:05:17,282: - INFO - Test_NavData_ZHT: test.Test_NavData_ZHT > 'POLICY' Menu: NAT 規則 >> NAT Rules
2022-11-22 17:05:17,298: - INFO - Test_NavData_ZHT: test.Test_NavData_ZHT > 'POLICY' Menu: 路由規則 >> Routing Rules
2022-11-22 17:05:17,318: - INFO - Test_NavData_ZHT: test.Test_NavData_ZHT > 'POLICY' Menu: 內容篩選規則 >> Content Filter Rules
2022-11-22 17:05:17,351: - INFO - Test_NavData_ZHT: test.Test_NavData_ZHT > 'POLICY' Menu: 應用程式規則 >> App Rules
2022-11-22 17:05:17,373: - INFO - Test_NavData_ZHT: test.Test_NavData_ZHT > 'POLICY' Menu: 端點規則 >> Endpoint Rules
2022-11-22 17:05:17,388: - INFO - Test_NavData_ZHT: test.Test_NavData_ZHT > 'POLICY' Menu: DPI-SSL >> DPI-SSL
2022-11-22 17:05:17,401: - INFO - Test_NavData_ZHT: test.Test_NavData_ZHT > 'POLICY' Menu: 用戶端 SSL >> Client SSL
2022-11-22 17:05:17,422: - INFO - Test_NavData_ZHT: test.Test_NavData_ZHT > 'POLICY' Menu: 伺服器 SSL >> Server SSL
2022-11-22 17:05:17,437: - INFO - Test_NavData_ZHT: test.Test_NavData_ZHT > 'POLICY' Menu: DPI-SSH >> DPI-SSH
2022-11-22 17:05:17,461: - INFO - Test_NavData_ZHT: test.Test_NavData_ZHT > 'POLICY' Menu: 設定 >> Settings
2022-11-22 17:05:17,482: - INFO - Test_NavData_ZHT: test.Test_NavData_ZHT > 'POLICY' Menu: 安全性服務 >> Security Services
2022-11-22 17:05:17,509: - INFO - Test_NavData_ZHT: test.Test_NavData_ZHT > 'POLICY' Menu: 摘要 >> Summary
2022-11-22 17:05:17,533: - INFO - Test_NavData_ZHT: test.Test_NavData_ZHT > 'POLICY' Menu: 閘道防病毒 >> Gateway Anti-Virus
2022-11-22 17:05:17,557: - INFO - Test_NavData_ZHT: test.Test_NavData_ZHT > 'POLICY' Menu: 防間諜軟體 >> Anti-Spyware
2022-11-22 17:05:17,574: - INFO - Test_NavData_ZHT: test.Test_NavData_ZHT > 'POLICY' Menu: 入侵防護 >> Intrusion Prevention
2022-11-22 17:05:17,594: - INFO - Test_NavData_ZHT: test.Test_NavData_ZHT > 'POLICY' Menu: Geo-IP 篩選條件 >> Geo-IP Filter
2022-11-22 17:05:17,621: - INFO - Test_NavData_ZHT: test.Test_NavData_ZHT > 'POLICY' Menu: Botnet 篩選器 >> Botnet Filter
2022-11-22 17:05:17,644: - INFO - Test_NavData_ZHT: test.Test_NavData_ZHT > 'POLICY' Menu: 應用程式控制 >> App Control
2022-11-22 17:05:17,665: - INFO - Test_NavData_ZHT: test.Test_NavData_ZHT > 'POLICY' Menu: 內容篩選 >> Content Filter
2022-11-22 17:05:17,696: - INFO - Test_NavData_ZHT: test.Test_NavData_ZHT > 'POLICY' Menu: 反垃圾郵件 >> Anti-Spam
2022-11-22 17:05:17,725: - INFO - Test_NavData_ZHT: test.Test_NavData_ZHT > 'POLICY' Menu: 狀態 >> Status
2022-11-22 17:05:17,755: - INFO - Test_NavData_ZHT: test.Test_NavData_ZHT > 'POLICY' Menu: 設定 >> Settings
2022-11-22 17:05:17,784: - INFO - Test_NavData_ZHT: test.Test_NavData_ZHT > 'POLICY' Menu: 擷取 ATP >> Capture ATP
2022-11-22 17:05:17,814: - INFO - Test_NavData_ZHT: test.Test_NavData_ZHT > 'POLICY' Menu: 設定 >> Settings
2022-11-22 17:05:17,852: - INFO - Test_NavData_ZHT: test.Test_NavData_ZHT > 'POLICY' Menu: 掃描歷程記錄 >> Scanning History
2022-11-22 17:05:17,872: - INFO - Test_NavData_ZHT: test.Test_NavData_ZHT > 'POLICY' Menu: 端點安全性 >> Endpoint Security
2022-11-22 17:05:17,872: - INFO - Test_NavData_ZHT: test.Test_NavData_ZHT > ========================================================================
2022-11-22 17:05:17,872: - INFO - Test_NavData_ZHT: test.Test_NavData_ZHT > 'POLICY' Menu: No duplicated data to the TOP
2022-11-22 17:05:17,872: - INFO - Test_NavData_ZHT: test.Test_NavData_ZHT > ========================================================================
2022-11-22 17:05:17,872: - INFO - Test_NavData_ZHT: test.Test_NavData_ZHT > ALL MENU: 28
2022-11-22 17:05:17,885: - INFO - Test_NavData_ZHT: test.Test_NavData_ZHT > Data updated for [ZHT]!
2022-11-22 17:05:17,886: - INFO - Test_NavData_ZHT: test.Test_NavData_ZHT > Top menu 'POLICY' is done!
2022-11-22 17:05:22,123: - INFO - Test_NavData_ZHT: test.Test_NavData_ZHT > Info created for [ZHT]!
2022-11-22 17:05:22,128: - INFO - Test_NavData_ZHT: test.Test_NavData_ZHT > Info updated for [ZHT]!
2022-11-22 17:05:22,486: - INFO - Test_NavData_ENG: test.Test_NavData_ENG > Info created for [ENG]!
2022-11-22 17:05:22,490: - INFO - Test_NavData_ENG: test.Test_NavData_ENG > Info updated for [ENG]!
2022-11-22 17:05:22,807: - INFO - Test_NavData_ZHT: test_Step02_MenuTop_ZHT > [Pass]Take screenshot...
2022-11-22 17:05:23,072: - INFO - Test_NavData_ENG: test_Step02_MenuTop_ENG > [Pass]Take screenshot...
2022-11-22 17:05:26,257: - INFO - Test_NavData_ENG: Box_ZHT > Got data!
2022-11-22 17:05:26,260: - INFO - Test_NavData_ENG: box_ENG > Got data!
2022-11-22 17:05:26,260: - INFO - Test_NavData_ENG: test_dataCompare > Ready to start...
2022-11-22 17:05:26,260: - INFO - Test_NavData_ENG: test_dataCompare > --------------------------------------------------------------------
2022-11-22 17:05:26,262: - INFO - Test_NavData_ENG: test_dataCompare > [ZHT] info: Device Name -----> NSa 5700
2022-11-22 17:05:26,262: - INFO - Test_NavData_ENG: test_dataCompare > [ZHT] info: Serial Number ---> 2CB8EDA2B70F
2022-11-22 17:05:26,262: - INFO - Test_NavData_ENG: test_dataCompare > [ZHT] info: Firmware Version > SonicOS 7.0.1-5095-D3600-t5584
2022-11-22 17:05:26,262: - INFO - Test_NavData_ENG: test_dataCompare > --------------------------------------------------------------------
2022-11-22 17:05:26,263: - INFO - Test_NavData_ENG: test_dataCompare > [ENG] info: Device Name -----> TZ 570P
2022-11-22 17:05:26,263: - INFO - Test_NavData_ENG: test_dataCompare > [ENG] info: Serial Number ---> 2CB8ED694D58
2022-11-22 17:05:26,263: - INFO - Test_NavData_ENG: test_dataCompare > [ENG] info: Firmware Version > SonicOS 7.0.1-5095-P3639
2022-11-22 17:05:26,263: - INFO - Test_NavData_ENG: test_dataCompare > --------------------------------------------------------------------
2022-11-22 17:05:26,263: - INFO - Test_NavData_ENG: missing_page > [ENG] version missing: DEVICE > Users > Partitions
2022-11-22 17:05:26,264: - INFO - Test_NavData_ENG: missing_page > [ZHT] version missing: NETWORK > System > PoE Settings
2022-11-22 17:05:26,264: - INFO - Test_NavData_ENG: missing_page > [ENG] version missing: NETWORK > Switching
2022-11-22 17:05:26,264: - INFO - Test_NavData_ENG: missing_page > [ENG] version missing: NETWORK > Switching > VLAN Trunking
2022-11-22 17:05:26,264: - INFO - Test_NavData_ENG: missing_page > [ENG] version missing: NETWORK > Switching > L2 Discovery
2022-11-22 17:05:26,264: - INFO - Test_NavData_ENG: missing_page > [ENG] version missing: NETWORK > Switching > Link Aggregation
2022-11-22 17:05:26,264: - INFO - Test_NavData_ENG: missing_page > [ENG] version missing: NETWORK > Switching > Port Mirroring
