2022-09-20 17:04:50,280: - INFO - Test_NavData_JPN: test.Test_NavData_JPN > Before Navigate To...https://10.8.162.182[JPN]
2022-09-20 17:04:50,590: - INFO - Test_NavData_JPN: test.Test_NavData_JPN > Login to main page...
2022-09-20 17:05:06,817: - INFO - Test_NavData_JPN: test_Step01_Login_JPN > [Pass]Take screenshot...
2022-09-20 17:05:06,999: - INFO - Test_NavData_JPN: test.Test_NavData_JPN > Switch to 'Non-Config' mode...
2022-09-20 17:05:07,240: - INFO - Test_NavData_JPN: test.Test_NavData_JPN > Data created for [JPN]!
2022-09-20 17:05:10,901: - INFO - Test_NavData_JPN: test.Test_NavData_JPN > 'HOME' Menu: ダッシュボード
2022-09-20 17:05:10,923: - INFO - Test_NavData_JPN: test.Test_NavData_JPN > 'HOME' Menu: システム
2022-09-20 17:05:10,944: - INFO - Test_NavData_JPN: test.Test_NavData_JPN > 'HOME' Menu: アクセス ポイント
2022-09-20 17:05:10,965: - INFO - Test_NavData_JPN: test.Test_NavData_JPN > 'HOME' Menu: キャプチャ ATP
2022-09-20 17:05:10,986: - INFO - Test_NavData_JPN: test.Test_NavData_JPN > 'HOME' Menu: トポロジ
2022-09-20 17:05:11,009: - INFO - Test_NavData_JPN: test.Test_NavData_JPN > 'HOME' Menu: 法的情報
2022-09-20 17:05:11,030: - INFO - Test_NavData_JPN: test.Test_NavData_JPN > 'HOME' Menu: API
2022-09-20 17:05:11,031: - INFO - Test_NavData_JPN: test.Test_NavData_JPN > ========================================================================
2022-09-20 17:05:11,031: - INFO - Test_NavData_JPN: test.Test_NavData_JPN > ALL MENU: 7
2022-09-20 17:05:11,366: - INFO - Test_NavData_JPN: test.Test_NavData_JPN > Data updated for [JPN]!
2022-09-20 17:05:11,366: - INFO - Test_NavData_JPN: test.Test_NavData_JPN > Top menu 'HOME' is done!
2022-09-20 17:05:14,821: - INFO - Test_NavData_JPN: test.Test_NavData_JPN > 'MONITOR' Menu: リアルタイム グラフ
2022-09-20 17:05:14,846: - INFO - Test_NavData_JPN: test.Test_NavData_JPN > 'MONITOR' Menu: システム監視
2022-09-20 17:05:14,866: - INFO - Test_NavData_JPN: test.Test_NavData_JPN > 'MONITOR' Menu: プロトコル監視
2022-09-20 17:05:14,892: - INFO - Test_NavData_JPN: test.Test_NavData_JPN > 'MONITOR' Menu: ユーザ監視
2022-09-20 17:05:14,913: - INFO - Test_NavData_JPN: test.Test_NavData_JPN > 'MONITOR' Menu: 帯域幅管理監視
2022-09-20 17:05:14,932: - INFO - Test_NavData_JPN: test.Test_NavData_JPN > 'MONITOR' Menu: AppFlow
2022-09-20 17:05:14,956: - INFO - Test_NavData_JPN: test.Test_NavData_JPN > 'MONITOR' Menu: AppFlow 報告
2022-09-20 17:05:14,981: - INFO - Test_NavData_JPN: test.Test_NavData_JPN > 'MONITOR' Menu: AppFlow 監視
2022-09-20 17:05:15,001: - INFO - Test_NavData_JPN: test.Test_NavData_JPN > 'MONITOR' Menu: CTA レポート
2022-09-20 17:05:15,022: - INFO - Test_NavData_JPN: test.Test_NavData_JPN > 'MONITOR' Menu: SDWAN
2022-09-20 17:05:15,040: - INFO - Test_NavData_JPN: test.Test_NavData_JPN > 'MONITOR' Menu: SDWAN 監視
2022-09-20 17:05:15,060: - INFO - Test_NavData_JPN: test.Test_NavData_JPN > 'MONITOR' Menu: SD-WAN 接続
2022-09-20 17:05:15,080: - INFO - Test_NavData_JPN: test.Test_NavData_JPN > 'MONITOR' Menu: ログ
2022-09-20 17:05:15,101: - INFO - Test_NavData_JPN: test.Test_NavData_JPN > 'MONITOR' Menu: システム ログ
2022-09-20 17:05:15,125: - INFO - Test_NavData_JPN: test.Test_NavData_JPN > 'MONITOR' Menu: 監査ログ
2022-09-20 17:05:15,148: - INFO - Test_NavData_JPN: test.Test_NavData_JPN > 'MONITOR' Menu: ツールと監視
2022-09-20 17:05:15,173: - INFO - Test_NavData_JPN: test.Test_NavData_JPN > 'MONITOR' Menu: パケット監視
2022-09-20 17:05:15,196: - INFO - Test_NavData_JPN: test.Test_NavData_JPN > 'MONITOR' Menu: 接続
2022-09-20 17:05:15,219: - INFO - Test_NavData_JPN: test.Test_NavData_JPN > 'MONITOR' Menu: コア 0 プロセス
2022-09-20 17:05:15,239: - INFO - Test_NavData_JPN: test.Test_NavData_JPN > 'MONITOR' Menu: パケット再生
2022-09-20 17:05:15,240: - INFO - Test_NavData_JPN: test.Test_NavData_JPN > ========================================================================
2022-09-20 17:05:15,240: - INFO - Test_NavData_JPN: test.Test_NavData_JPN > ALL MENU: 20
2022-09-20 17:05:15,270: - INFO - Test_NavData_JPN: test.Test_NavData_JPN > Data updated for [JPN]!
2022-09-20 17:05:15,270: - INFO - Test_NavData_JPN: test.Test_NavData_JPN > Top menu 'MONITOR' is done!
2022-09-20 17:05:19,005: - INFO - Test_NavData_JPN: test.Test_NavData_JPN > 'DEVICE' Menu: 設定
2022-09-20 17:05:19,035: - INFO - Test_NavData_JPN: test.Test_NavData_JPN > 'DEVICE' Menu: ライセンス
2022-09-20 17:05:19,066: - INFO - Test_NavData_JPN: test.Test_NavData_JPN > 'DEVICE' Menu: 管理
2022-09-20 17:05:19,097: - INFO - Test_NavData_JPN: test.Test_NavData_JPN > 'DEVICE' Menu: 時間
2022-09-20 17:05:19,133: - INFO - Test_NavData_JPN: test.Test_NavData_JPN > 'DEVICE' Menu: 証明書
2022-09-20 17:05:19,165: - INFO - Test_NavData_JPN: test.Test_NavData_JPN > 'DEVICE' Menu: SNMP
2022-09-20 17:05:19,188: - INFO - Test_NavData_JPN: test.Test_NavData_JPN > 'DEVICE' Menu: ファームウェアと設定
2022-09-20 17:05:19,208: - INFO - Test_NavData_JPN: test.Test_NavData_JPN > 'DEVICE' Menu: 記憶装置
2022-09-20 17:05:19,235: - INFO - Test_NavData_JPN: test.Test_NavData_JPN > 'DEVICE' Menu: 再起動
2022-09-20 17:05:19,259: - INFO - Test_NavData_JPN: test.Test_NavData_JPN > 'DEVICE' Menu: 高可用性
2022-09-20 17:05:19,280: - INFO - Test_NavData_JPN: test.Test_NavData_JPN > 'DEVICE' Menu: 状況
2022-09-20 17:05:19,300: - INFO - Test_NavData_JPN: test.Test_NavData_JPN > 'DEVICE' Menu: 設定
2022-09-20 17:05:19,321: - INFO - Test_NavData_JPN: test.Test_NavData_JPN > 'DEVICE' Menu: 詳細
2022-09-20 17:05:19,341: - INFO - Test_NavData_JPN: test.Test_NavData_JPN > 'DEVICE' Menu: 監視
2022-09-20 17:05:19,361: - INFO - Test_NavData_JPN: test.Test_NavData_JPN > 'DEVICE' Menu: ユーザ
2022-09-20 17:05:19,385: - INFO - Test_NavData_JPN: test.Test_NavData_JPN > 'DEVICE' Menu: 状況
2022-09-20 17:05:19,408: - INFO - Test_NavData_JPN: test.Test_NavData_JPN > 'DEVICE' Menu: 設定
2022-09-20 17:05:19,431: - INFO - Test_NavData_JPN: test.Test_NavData_JPN > 'DEVICE' Menu: ローカル ユーザとグループ
2022-09-20 17:05:19,457: - INFO - Test_NavData_JPN: test.Test_NavData_JPN > 'DEVICE' Menu: ゲスト サービス
2022-09-20 17:05:19,476: - INFO - Test_NavData_JPN: test.Test_NavData_JPN > 'DEVICE' Menu: ゲスト アカウント
2022-09-20 17:05:19,498: - INFO - Test_NavData_JPN: test.Test_NavData_JPN > 'DEVICE' Menu: ゲスト状況
2022-09-20 17:05:19,519: - INFO - Test_NavData_JPN: test.Test_NavData_JPN > 'DEVICE' Menu: AppFlow
2022-09-20 17:05:19,541: - INFO - Test_NavData_JPN: test.Test_NavData_JPN > 'DEVICE' Menu: フロー報告
2022-09-20 17:05:19,561: - INFO - Test_NavData_JPN: test.Test_NavData_JPN > 'DEVICE' Menu: AppFlow エージェント
2022-09-20 17:05:19,582: - INFO - Test_NavData_JPN: test.Test_NavData_JPN > 'DEVICE' Menu: ログ
2022-09-20 17:05:19,602: - INFO - Test_NavData_JPN: test.Test_NavData_JPN > 'DEVICE' Menu: 設定
2022-09-20 17:05:19,624: - INFO - Test_NavData_JPN: test.Test_NavData_JPN > 'DEVICE' Menu: Syslog
2022-09-20 17:05:19,644: - INFO - Test_NavData_JPN: test.Test_NavData_JPN > 'DEVICE' Menu: 自動化
2022-09-20 17:05:19,664: - INFO - Test_NavData_JPN: test.Test_NavData_JPN > 'DEVICE' Menu: 名前解決
2022-09-20 17:05:19,686: - INFO - Test_NavData_JPN: test.Test_NavData_JPN > 'DEVICE' Menu: レポート
2022-09-20 17:05:19,707: - INFO - Test_NavData_JPN: test.Test_NavData_JPN > 'DEVICE' Menu: AWS
2022-09-20 17:05:19,727: - INFO - Test_NavData_JPN: test.Test_NavData_JPN > 'DEVICE' Menu: 診断
2022-09-20 17:05:19,749: - INFO - Test_NavData_JPN: test.Test_NavData_JPN > 'DEVICE' Menu: テクニカル サポート レポート
2022-09-20 17:05:19,769: - INFO - Test_NavData_JPN: test.Test_NavData_JPN > 'DEVICE' Menu: ネットワーク設定の確認
2022-09-20 17:05:19,793: - INFO - Test_NavData_JPN: test.Test_NavData_JPN > 'DEVICE' Menu: DNS 名の調査
2022-09-20 17:05:19,815: - INFO - Test_NavData_JPN: test.Test_NavData_JPN > 'DEVICE' Menu: ネットワーク パス
2022-09-20 17:05:19,836: - INFO - Test_NavData_JPN: test.Test_NavData_JPN > 'DEVICE' Menu: Ping
2022-09-20 17:05:19,861: - INFO - Test_NavData_JPN: test.Test_NavData_JPN > 'DEVICE' Menu: ルート追跡
2022-09-20 17:05:19,882: - INFO - Test_NavData_JPN: test.Test_NavData_JPN > 'DEVICE' Menu: リアルタイム ブラックリスト
2022-09-20 17:05:19,905: - INFO - Test_NavData_JPN: test.Test_NavData_JPN > 'DEVICE' Menu: 逆引き名前調査
2022-09-20 17:05:19,928: - INFO - Test_NavData_JPN: test.Test_NavData_JPN > 'DEVICE' Menu: 上位接続
2022-09-20 17:05:19,949: - INFO - Test_NavData_JPN: test.Test_NavData_JPN > 'DEVICE' Menu: 地域とボットネット
2022-09-20 17:05:19,970: - INFO - Test_NavData_JPN: test.Test_NavData_JPN > 'DEVICE' Menu: MX とバナー
2022-09-20 17:05:19,990: - INFO - Test_NavData_JPN: test.Test_NavData_JPN > 'DEVICE' Menu: グリッド確認
2022-09-20 17:05:20,014: - INFO - Test_NavData_JPN: test.Test_NavData_JPN > 'DEVICE' Menu: URL 格付け要求
2022-09-20 17:05:20,036: - INFO - Test_NavData_JPN: test.Test_NavData_JPN > 'DEVICE' Menu: PMTU 検出
2022-09-20 17:05:20,059: - INFO - Test_NavData_JPN: test.Test_NavData_JPN > 'DEVICE' Menu: スイッチ診断
2022-09-20 17:05:20,081: - INFO - Test_NavData_JPN: test.Test_NavData_JPN > 'DEVICE' Menu: スイッチ ネットワーク
2022-09-20 17:05:20,104: - INFO - Test_NavData_JPN: test.Test_NavData_JPN > 'DEVICE' Menu: 概要
2022-09-20 17:05:20,125: - INFO - Test_NavData_JPN: test.Test_NavData_JPN > 'DEVICE' Menu: スイッチ
2022-09-20 17:05:20,147: - INFO - Test_NavData_JPN: test.Test_NavData_JPN > 'DEVICE' Menu: アクセス ポイント
2022-09-20 17:05:20,168: - INFO - Test_NavData_JPN: test.Test_NavData_JPN > 'DEVICE' Menu: 設定
2022-09-20 17:05:20,189: - INFO - Test_NavData_JPN: test.Test_NavData_JPN > 'DEVICE' Menu: ファームウェア管理
2022-09-20 17:05:20,213: - INFO - Test_NavData_JPN: test.Test_NavData_JPN > 'DEVICE' Menu: フロア プランの表示
2022-09-20 17:05:20,237: - INFO - Test_NavData_JPN: test.Test_NavData_JPN > 'DEVICE' Menu: ステーション状況
2022-09-20 17:05:20,260: - INFO - Test_NavData_JPN: test.Test_NavData_JPN > 'DEVICE' Menu: IDS
2022-09-20 17:05:20,282: - INFO - Test_NavData_JPN: test.Test_NavData_JPN > 'DEVICE' Menu: 高度な IDP
2022-09-20 17:05:20,306: - INFO - Test_NavData_JPN: test.Test_NavData_JPN > 'DEVICE' Menu: パケット キャプチャ
2022-09-20 17:05:20,330: - INFO - Test_NavData_JPN: test.Test_NavData_JPN > 'DEVICE' Menu: 仮想アクセス ポイント
2022-09-20 17:05:20,357: - INFO - Test_NavData_JPN: test.Test_NavData_JPN > 'DEVICE' Menu: RF 監視
2022-09-20 17:05:20,384: - INFO - Test_NavData_JPN: test.Test_NavData_JPN > 'DEVICE' Menu: RF 解析
2022-09-20 17:05:20,407: - INFO - Test_NavData_JPN: test.Test_NavData_JPN > 'DEVICE' Menu: RF スペクトラム
2022-09-20 17:05:20,431: - INFO - Test_NavData_JPN: test.Test_NavData_JPN > 'DEVICE' Menu: FairNet
2022-09-20 17:05:20,461: - INFO - Test_NavData_JPN: test.Test_NavData_JPN > 'DEVICE' Menu: Wi-Fi マルチメディア
2022-09-20 17:05:20,486: - INFO - Test_NavData_JPN: test.Test_NavData_JPN > 'DEVICE' Menu: 3G/4G/LTE WWAN
2022-09-20 17:05:20,512: - INFO - Test_NavData_JPN: test.Test_NavData_JPN > 'DEVICE' Menu: Bluetooth LE
2022-09-20 17:05:20,535: - INFO - Test_NavData_JPN: test.Test_NavData_JPN > 'DEVICE' Menu: 無線管理
2022-09-20 17:05:20,556: - INFO - Test_NavData_JPN: test.Test_NavData_JPN > 'DEVICE' Menu: WWAN
2022-09-20 17:05:20,557: - INFO - Test_NavData_JPN: test.Test_NavData_JPN > ========================================================================
2022-09-20 17:05:20,557: - INFO - Test_NavData_JPN: test.Test_NavData_JPN > ALL MENU: 68
2022-09-20 17:05:20,623: - INFO - Test_NavData_JPN: test.Test_NavData_JPN > Data updated for [JPN]!
2022-09-20 17:05:20,625: - INFO - Test_NavData_JPN: test.Test_NavData_JPN > Top menu 'DEVICE' is done!
2022-09-20 17:05:23,678: - INFO - Test_NavData_JPN: test.Test_NavData_JPN > 'NETWORK' Menu: システム
2022-09-20 17:05:23,700: - INFO - Test_NavData_JPN: test.Test_NavData_JPN > 'NETWORK' Menu: インターフェース
2022-09-20 17:05:23,721: - INFO - Test_NavData_JPN: test.Test_NavData_JPN > 'NETWORK' Menu: フェイルオーバーと負荷分散
2022-09-20 17:05:23,741: - INFO - Test_NavData_JPN: test.Test_NavData_JPN > 'NETWORK' Menu: 近隣者検出
2022-09-20 17:05:23,767: - INFO - Test_NavData_JPN: test.Test_NavData_JPN > 'NETWORK' Menu: ARP
2022-09-20 17:05:23,791: - INFO - Test_NavData_JPN: test.Test_NavData_JPN > 'NETWORK' Menu: MAC IP アンチスプーフ
2022-09-20 17:05:23,813: - INFO - Test_NavData_JPN: test.Test_NavData_JPN > 'NETWORK' Menu: ウェブ プロキシ
2022-09-20 17:05:23,836: - INFO - Test_NavData_JPN: test.Test_NavData_JPN > 'NETWORK' Menu: PortShield グループ
2022-09-20 17:05:23,859: - INFO - Test_NavData_JPN: test.Test_NavData_JPN > 'NETWORK' Menu: PoE 設定
2022-09-20 17:05:23,881: - INFO - Test_NavData_JPN: test.Test_NavData_JPN > 'NETWORK' Menu: VLAN 変換
2022-09-20 17:05:23,905: - INFO - Test_NavData_JPN: test.Test_NavData_JPN > 'NETWORK' Menu: IP ヘルパー
2022-09-20 17:05:23,936: - INFO - Test_NavData_JPN: test.Test_NavData_JPN > 'NETWORK' Menu: 動的ルーティング
2022-09-20 17:05:23,962: - INFO - Test_NavData_JPN: test.Test_NavData_JPN > 'NETWORK' Menu: DHCP サーバ
2022-09-20 17:05:23,985: - INFO - Test_NavData_JPN: test.Test_NavData_JPN > 'NETWORK' Menu: マルチキャスト
2022-09-20 17:05:24,011: - INFO - Test_NavData_JPN: test.Test_NavData_JPN > 'NETWORK' Menu: ネットワーク監視
2022-09-20 17:05:24,039: - INFO - Test_NavData_JPN: test.Test_NavData_JPN > 'NETWORK' Menu: AWS 設定
2022-09-20 17:05:24,064: - INFO - Test_NavData_JPN: test.Test_NavData_JPN > 'NETWORK' Menu: ファイアウォール
2022-09-20 17:05:24,186: - INFO - Test_NavData_JPN: test.Test_NavData_JPN > 'NETWORK' Menu: 詳細
2022-09-20 17:05:24,229: - INFO - Test_NavData_JPN: test.Test_NavData_JPN > 'NETWORK' Menu: フラッド防御
2022-09-20 17:05:24,252: - INFO - Test_NavData_JPN: test.Test_NavData_JPN > 'NETWORK' Menu: SSL 制御
2022-09-20 17:05:24,277: - INFO - Test_NavData_JPN: test.Test_NavData_JPN > 'NETWORK' Menu: 暗号化制御
2022-09-20 17:05:24,299: - INFO - Test_NavData_JPN: test.Test_NavData_JPN > 'NETWORK' Menu: RBL フィルタ
2022-09-20 17:05:24,324: - INFO - Test_NavData_JPN: test.Test_NavData_JPN > 'NETWORK' Menu: VoIP
2022-09-20 17:05:24,345: - INFO - Test_NavData_JPN: test.Test_NavData_JPN > 'NETWORK' Menu: 設定
2022-09-20 17:05:24,374: - INFO - Test_NavData_JPN: test.Test_NavData_JPN > 'NETWORK' Menu: 通話状況
2022-09-20 17:05:24,396: - INFO - Test_NavData_JPN: test.Test_NavData_JPN > 'NETWORK' Menu: DNS
2022-09-20 17:05:24,419: - INFO - Test_NavData_JPN: test.Test_NavData_JPN > 'NETWORK' Menu: 設定
2022-09-20 17:05:24,442: - INFO - Test_NavData_JPN: test.Test_NavData_JPN > 'NETWORK' Menu: 動的 DNS
2022-09-20 17:05:24,465: - INFO - Test_NavData_JPN: test.Test_NavData_JPN > 'NETWORK' Menu: DNS プロキシ
2022-09-20 17:05:24,487: - INFO - Test_NavData_JPN: test.Test_NavData_JPN > 'NETWORK' Menu: DNS セキュリティ
2022-09-20 17:05:24,513: - INFO - Test_NavData_JPN: test.Test_NavData_JPN > 'NETWORK' Menu: SDWAN
2022-09-20 17:05:24,536: - INFO - Test_NavData_JPN: test.Test_NavData_JPN > 'NETWORK' Menu: グループ
2022-09-20 17:05:24,561: - INFO - Test_NavData_JPN: test.Test_NavData_JPN > 'NETWORK' Menu: SLA プローブ
2022-09-20 17:05:24,584: - INFO - Test_NavData_JPN: test.Test_NavData_JPN > 'NETWORK' Menu: SLA クラス オブジェクト
2022-09-20 17:05:24,607: - INFO - Test_NavData_JPN: test.Test_NavData_JPN > 'NETWORK' Menu: パス選択プロファイル
2022-09-20 17:05:24,631: - INFO - Test_NavData_JPN: test.Test_NavData_JPN > 'NETWORK' Menu: ルール
2022-09-20 17:05:24,656: - INFO - Test_NavData_JPN: test.Test_NavData_JPN > 'NETWORK' Menu: IPSec VPN
2022-09-20 17:05:24,680: - INFO - Test_NavData_JPN: test.Test_NavData_JPN > 'NETWORK' Menu: ルールと設定
2022-09-20 17:05:24,704: - INFO - Test_NavData_JPN: test.Test_NavData_JPN > 'NETWORK' Menu: 詳細
2022-09-20 17:05:24,726: - INFO - Test_NavData_JPN: test.Test_NavData_JPN > 'NETWORK' Menu: VPN を越えた DHCP
2022-09-20 17:05:24,749: - INFO - Test_NavData_JPN: test.Test_NavData_JPN > 'NETWORK' Menu: L2TP サーバ
2022-09-20 17:05:24,771: - INFO - Test_NavData_JPN: test.Test_NavData_JPN > 'NETWORK' Menu: AWS VPN
2022-09-20 17:05:24,796: - INFO - Test_NavData_JPN: test.Test_NavData_JPN > 'NETWORK' Menu: SSL VPN
2022-09-20 17:05:24,820: - INFO - Test_NavData_JPN: test.Test_NavData_JPN > 'NETWORK' Menu: 状況
2022-09-20 17:05:24,845: - INFO - Test_NavData_JPN: test.Test_NavData_JPN > 'NETWORK' Menu: サーバ設定
2022-09-20 17:05:24,869: - INFO - Test_NavData_JPN: test.Test_NavData_JPN > 'NETWORK' Menu: クライアント設定
2022-09-20 17:05:24,893: - INFO - Test_NavData_JPN: test.Test_NavData_JPN > 'NETWORK' Menu: ポータル設定
2022-09-20 17:05:24,915: - INFO - Test_NavData_JPN: test.Test_NavData_JPN > 'NETWORK' Menu: 仮想オフィス
2022-09-20 17:05:24,916: - INFO - Test_NavData_JPN: test.Test_NavData_JPN > ========================================================================
2022-09-20 17:05:24,916: - INFO - Test_NavData_JPN: test.Test_NavData_JPN > ALL MENU: 48
2022-09-20 17:05:24,989: - INFO - Test_NavData_JPN: test.Test_NavData_JPN > Data updated for [JPN]!
2022-09-20 17:05:24,989: - INFO - Test_NavData_JPN: test.Test_NavData_JPN > Top menu 'NETWORK' is done!
2022-09-20 17:05:28,550: - INFO - Test_NavData_JPN: test.Test_NavData_JPN > 'OBJECT' Menu: 一致オブジェクト
2022-09-20 17:05:28,585: - INFO - Test_NavData_JPN: test.Test_NavData_JPN > 'OBJECT' Menu: ゾーン
2022-09-20 17:05:28,607: - INFO - Test_NavData_JPN: test.Test_NavData_JPN > 'OBJECT' Menu: アドレス
2022-09-20 17:05:28,629: - INFO - Test_NavData_JPN: test.Test_NavData_JPN > 'OBJECT' Menu: サービス
2022-09-20 17:05:28,653: - INFO - Test_NavData_JPN: test.Test_NavData_JPN > 'OBJECT' Menu: URI リスト
2022-09-20 17:05:28,682: - INFO - Test_NavData_JPN: test.Test_NavData_JPN > 'OBJECT' Menu: 一致オブジェクト
2022-09-20 17:05:28,706: - INFO - Test_NavData_JPN: test.Test_NavData_JPN > 'OBJECT' Menu: スケジュール
2022-09-20 17:05:28,729: - INFO - Test_NavData_JPN: test.Test_NavData_JPN > 'OBJECT' Menu: 動的グループ
2022-09-20 17:05:28,754: - INFO - Test_NavData_JPN: test.Test_NavData_JPN > 'OBJECT' Menu: 電子メール アドレス
2022-09-20 17:05:28,776: - INFO - Test_NavData_JPN: test.Test_NavData_JPN > 'OBJECT' Menu: プロファイル オブジェクト
2022-09-20 17:05:28,798: - INFO - Test_NavData_JPN: test.Test_NavData_JPN > 'OBJECT' Menu: エンドポイント セキュリティ
2022-09-20 17:05:28,820: - INFO - Test_NavData_JPN: test.Test_NavData_JPN > 'OBJECT' Menu: 帯域幅
2022-09-20 17:05:28,841: - INFO - Test_NavData_JPN: test.Test_NavData_JPN > 'OBJECT' Menu: QoS 級割
2022-09-20 17:05:28,864: - INFO - Test_NavData_JPN: test.Test_NavData_JPN > 'OBJECT' Menu: コンテンツ フィルタ
2022-09-20 17:05:28,890: - INFO - Test_NavData_JPN: test.Test_NavData_JPN > 'OBJECT' Menu: DHCP オプション
2022-09-20 17:05:28,915: - INFO - Test_NavData_JPN: test.Test_NavData_JPN > 'OBJECT' Menu: AWS
2022-09-20 17:05:28,939: - INFO - Test_NavData_JPN: test.Test_NavData_JPN > 'OBJECT' Menu: 動作オブジェクト
2022-09-20 17:05:28,963: - INFO - Test_NavData_JPN: test.Test_NavData_JPN > 'OBJECT' Menu: アプリケーション ルールの動作
2022-09-20 17:05:28,989: - INFO - Test_NavData_JPN: test.Test_NavData_JPN > 'OBJECT' Menu: コンテンツ フィルタの動作
2022-09-20 17:05:28,989: - INFO - Test_NavData_JPN: test.Test_NavData_JPN > ========================================================================
2022-09-20 17:05:28,990: - INFO - Test_NavData_JPN: test.Test_NavData_JPN > ALL MENU: 19
2022-09-20 17:05:29,054: - INFO - Test_NavData_JPN: test.Test_NavData_JPN > Data updated for [JPN]!
2022-09-20 17:05:29,055: - INFO - Test_NavData_JPN: test.Test_NavData_JPN > Top menu 'OBJECT' is done!
2022-09-20 17:05:33,578: - INFO - Test_NavData_JPN: test.Test_NavData_JPN > 'POLICY' Menu: ルールとポリシー
2022-09-20 17:05:33,603: - INFO - Test_NavData_JPN: test.Test_NavData_JPN > 'POLICY' Menu: アクセス ルール
2022-09-20 17:05:33,628: - INFO - Test_NavData_JPN: test.Test_NavData_JPN > 'POLICY' Menu: NAT ルール
2022-09-20 17:05:33,654: - INFO - Test_NavData_JPN: test.Test_NavData_JPN > 'POLICY' Menu: ルーティング ルール
2022-09-20 17:05:33,683: - INFO - Test_NavData_JPN: test.Test_NavData_JPN > 'POLICY' Menu: コンテンツ フィルタ ルール
2022-09-20 17:05:33,707: - INFO - Test_NavData_JPN: test.Test_NavData_JPN > 'POLICY' Menu: アプリケーション ルール
2022-09-20 17:05:33,730: - INFO - Test_NavData_JPN: test.Test_NavData_JPN > 'POLICY' Menu: エンドポイント ルール
2022-09-20 17:05:33,755: - INFO - Test_NavData_JPN: test.Test_NavData_JPN > 'POLICY' Menu: DPI-SSL
2022-09-20 17:05:33,777: - INFO - Test_NavData_JPN: test.Test_NavData_JPN > 'POLICY' Menu: クライアント SSL
2022-09-20 17:05:33,803: - INFO - Test_NavData_JPN: test.Test_NavData_JPN > 'POLICY' Menu: サーバ SSL
2022-09-20 17:05:33,830: - INFO - Test_NavData_JPN: test.Test_NavData_JPN > 'POLICY' Menu: DPI-SSH
2022-09-20 17:05:33,856: - INFO - Test_NavData_JPN: test.Test_NavData_JPN > 'POLICY' Menu: 設定
2022-09-20 17:05:33,882: - INFO - Test_NavData_JPN: test.Test_NavData_JPN > 'POLICY' Menu: セキュリティ サービス
2022-09-20 17:05:33,913: - INFO - Test_NavData_JPN: test.Test_NavData_JPN > 'POLICY' Menu: サマリ
2022-09-20 17:05:33,938: - INFO - Test_NavData_JPN: test.Test_NavData_JPN > 'POLICY' Menu: ゲートウェイ アンチウイルス
2022-09-20 17:05:33,969: - INFO - Test_NavData_JPN: test.Test_NavData_JPN > 'POLICY' Menu: アンチスパイウェア
2022-09-20 17:05:33,993: - INFO - Test_NavData_JPN: test.Test_NavData_JPN > 'POLICY' Menu: 侵入防御
2022-09-20 17:05:34,017: - INFO - Test_NavData_JPN: test.Test_NavData_JPN > 'POLICY' Menu: 地域 IP フィルタ
2022-09-20 17:05:34,044: - INFO - Test_NavData_JPN: test.Test_NavData_JPN > 'POLICY' Menu: ボットネット フィルタ
2022-09-20 17:05:34,067: - INFO - Test_NavData_JPN: test.Test_NavData_JPN > 'POLICY' Menu: アプリケーション制御
2022-09-20 17:05:34,093: - INFO - Test_NavData_JPN: test.Test_NavData_JPN > 'POLICY' Menu: コンテンツ フィルタ
2022-09-20 17:05:34,115: - INFO - Test_NavData_JPN: test.Test_NavData_JPN > 'POLICY' Menu: アンチスパム
2022-09-20 17:05:34,137: - INFO - Test_NavData_JPN: test.Test_NavData_JPN > 'POLICY' Menu: 状況
2022-09-20 17:05:34,161: - INFO - Test_NavData_JPN: test.Test_NavData_JPN > 'POLICY' Menu: 設定
2022-09-20 17:05:34,185: - INFO - Test_NavData_JPN: test.Test_NavData_JPN > 'POLICY' Menu: リレー ドメイン
2022-09-20 17:05:34,208: - INFO - Test_NavData_JPN: test.Test_NavData_JPN > 'POLICY' Menu: ジャンク ボックス メッセージ
2022-09-20 17:05:34,230: - INFO - Test_NavData_JPN: test.Test_NavData_JPN > 'POLICY' Menu: ジャンク ボックス設定
2022-09-20 17:05:34,255: - INFO - Test_NavData_JPN: test.Test_NavData_JPN > 'POLICY' Menu: ジャンク ボックス サマリ
2022-09-20 17:05:34,278: - INFO - Test_NavData_JPN: test.Test_NavData_JPN > 'POLICY' Menu: ユーザ表示セットアップ
2022-09-20 17:05:34,300: - INFO - Test_NavData_JPN: test.Test_NavData_JPN > 'POLICY' Menu: アドレス帳
2022-09-20 17:05:34,323: - INFO - Test_NavData_JPN: test.Test_NavData_JPN > 'POLICY' Menu: ユーザ管理
2022-09-20 17:05:34,348: - INFO - Test_NavData_JPN: test.Test_NavData_JPN > 'POLICY' Menu: LDAP 構成
2022-09-20 17:05:34,371: - INFO - Test_NavData_JPN: test.Test_NavData_JPN > 'POLICY' Menu: 詳細
2022-09-20 17:05:34,397: - INFO - Test_NavData_JPN: test.Test_NavData_JPN > 'POLICY' Menu: ダウンロード
2022-09-20 17:05:34,430: - INFO - Test_NavData_JPN: test.Test_NavData_JPN > 'POLICY' Menu: キャプチャ ATP
2022-09-20 17:05:34,454: - INFO - Test_NavData_JPN: test.Test_NavData_JPN > 'POLICY' Menu: 設定
2022-09-20 17:05:34,477: - INFO - Test_NavData_JPN: test.Test_NavData_JPN > 'POLICY' Menu: スキャン履歴
2022-09-20 17:05:34,503: - INFO - Test_NavData_JPN: test.Test_NavData_JPN > 'POLICY' Menu: エンドポイント セキュリティ
2022-09-20 17:05:34,503: - INFO - Test_NavData_JPN: test.Test_NavData_JPN > ========================================================================
2022-09-20 17:05:34,504: - INFO - Test_NavData_JPN: test.Test_NavData_JPN > ALL MENU: 38
2022-09-20 17:05:34,561: - INFO - Test_NavData_JPN: test.Test_NavData_JPN > Data updated for [JPN]!
2022-09-20 17:05:34,562: - INFO - Test_NavData_JPN: test.Test_NavData_JPN > Top menu 'POLICY' is done!
2022-09-20 17:05:42,428: - INFO - Test_NavData_JPN: test.Test_NavData_JPN > Info created for [JPN]!
2022-09-20 17:05:42,438: - INFO - Test_NavData_JPN: test.Test_NavData_JPN > Info updated for [JPN]!
2022-09-20 17:05:42,438: - INFO - Test_NavData_JPN: test.Test_NavData_JPN > ^^^^^^^^^^^^^^^^^^^^^^^^^^^^^^^^^^
2022-09-20 17:05:42,438: - INFO - Test_NavData_JPN: test.Test_NavData_JPN > ^          All Matched!          ^
2022-09-20 17:05:42,439: - INFO - Test_NavData_JPN: test.Test_NavData_JPN > ^^^^^^^^^^^^^^^^^^^^^^^^^^^^^^^^^^
2022-09-20 17:05:43,149: - INFO - Test_NavData_JPN: test_Step02_MenuTop_JPN > [Pass]Take screenshot...
2022-09-20 17:09:45,336: - INFO - Test_NavData_ENG: test.Test_NavData_ENG > Before Navigate To...https://10.8.162.173[ENG]
2022-09-20 17:09:45,336: - INFO - Test_NavData_JPN: test.Test_NavData_JPN > Before Navigate To...https://10.8.162.182[JPN]
2022-09-20 17:09:45,589: - INFO - Test_NavData_JPN: test.Test_NavData_JPN > Login to main page...
2022-09-20 17:09:45,604: - INFO - Test_NavData_ENG: test.Test_NavData_ENG > Login to main page...
2022-09-20 17:10:01,752: - INFO - Test_NavData_JPN: test_Step01_Login_JPN > [Pass]Take screenshot...
2022-09-20 17:10:01,752: - INFO - Test_NavData_ENG: test_Step01_Login_ENG > [Pass]Take screenshot...
2022-09-20 17:10:01,956: - INFO - Test_NavData_ENG: test.Test_NavData_ENG > Switch to 'Non-Config' mode...
2022-09-20 17:10:01,966: - INFO - Test_NavData_JPN: test.Test_NavData_JPN > Switch to 'Non-Config' mode...
2022-09-20 17:10:02,226: - INFO - Test_NavData_ENG: test.Test_NavData_ENG > Data created for [ENG]!
2022-09-20 17:10:02,226: - INFO - Test_NavData_JPN: test.Test_NavData_JPN > Data created for [JPN]!
2022-09-20 17:10:05,948: - INFO - Test_NavData_ENG: test.Test_NavData_ENG > 'HOME' Menu: Dashboard
2022-09-20 17:10:05,985: - INFO - Test_NavData_ENG: test.Test_NavData_ENG > 'HOME' Menu: System
2022-09-20 17:10:06,024: - INFO - Test_NavData_ENG: test.Test_NavData_ENG > 'HOME' Menu: Access Points
2022-09-20 17:10:06,062: - INFO - Test_NavData_ENG: test.Test_NavData_ENG > 'HOME' Menu: Capture ATP
2022-09-20 17:10:06,105: - INFO - Test_NavData_ENG: test.Test_NavData_ENG > 'HOME' Menu: Topology
2022-09-20 17:10:06,145: - INFO - Test_NavData_ENG: test.Test_NavData_ENG > 'HOME' Menu: Legal Information
2022-09-20 17:10:06,180: - INFO - Test_NavData_ENG: test.Test_NavData_ENG > 'HOME' Menu: API
2022-09-20 17:10:06,181: - INFO - Test_NavData_ENG: test.Test_NavData_ENG > ========================================================================
2022-09-20 17:10:06,181: - INFO - Test_NavData_ENG: test.Test_NavData_ENG > 'HOME' Menu: No duplicated data to the TOP
2022-09-20 17:10:06,181: - INFO - Test_NavData_ENG: test.Test_NavData_ENG > ========================================================================
2022-09-20 17:10:06,182: - INFO - Test_NavData_ENG: test.Test_NavData_ENG > ALL MENU: 7
2022-09-20 17:10:06,535: - INFO - Test_NavData_ENG: test.Test_NavData_ENG > Data updated for [ENG]!
2022-09-20 17:10:06,535: - INFO - Test_NavData_ENG: test.Test_NavData_ENG > Top menu 'HOME' is done!
2022-09-20 17:10:07,049: - INFO - Test_NavData_JPN: test.Test_NavData_JPN > 'HOME' Menu: ダッシュボード >> Dashboard
2022-09-20 17:10:07,072: - INFO - Test_NavData_JPN: test.Test_NavData_JPN > 'HOME' Menu: システム >> System
2022-09-20 17:10:07,093: - INFO - Test_NavData_JPN: test.Test_NavData_JPN > 'HOME' Menu: アクセス ポイント >> Access Points
2022-09-20 17:10:07,116: - INFO - Test_NavData_JPN: test.Test_NavData_JPN > 'HOME' Menu: キャプチャ ATP >> Capture ATP
2022-09-20 17:10:07,142: - INFO - Test_NavData_JPN: test.Test_NavData_JPN > 'HOME' Menu: トポロジ >> Topology
2022-09-20 17:10:07,164: - INFO - Test_NavData_JPN: test.Test_NavData_JPN > 'HOME' Menu: 法的情報 >> Legal Information
2022-09-20 17:10:07,194: - INFO - Test_NavData_JPN: test.Test_NavData_JPN > 'HOME' Menu: API >> API
2022-09-20 17:10:07,195: - INFO - Test_NavData_JPN: test.Test_NavData_JPN > ========================================================================
2022-09-20 17:10:07,195: - INFO - Test_NavData_JPN: test.Test_NavData_JPN > 'HOME' Menu: No duplicated data to the TOP
2022-09-20 17:10:07,195: - INFO - Test_NavData_JPN: test.Test_NavData_JPN > ========================================================================
2022-09-20 17:10:07,196: - INFO - Test_NavData_JPN: test.Test_NavData_JPN > ALL MENU: 7
2022-09-20 17:10:07,217: - INFO - Test_NavData_JPN: test.Test_NavData_JPN > Data updated for [JPN]!
2022-09-20 17:10:07,218: - INFO - Test_NavData_JPN: test.Test_NavData_JPN > Top menu 'HOME' is done!
2022-09-20 17:10:09,496: - INFO - Test_NavData_ENG: test.Test_NavData_ENG > 'MONITOR' Menu: Real-Time Charts
2022-09-20 17:10:09,544: - INFO - Test_NavData_ENG: test.Test_NavData_ENG > 'MONITOR' Menu: System Monitor
2022-09-20 17:10:09,581: - INFO - Test_NavData_ENG: test.Test_NavData_ENG > 'MONITOR' Menu: Protocol Monitor
2022-09-20 17:10:09,628: - INFO - Test_NavData_ENG: test.Test_NavData_ENG > 'MONITOR' Menu: User Monitor
2022-09-20 17:10:09,666: - INFO - Test_NavData_ENG: test.Test_NavData_ENG > 'MONITOR' Menu: BWM Monitor
2022-09-20 17:10:09,701: - INFO - Test_NavData_ENG: test.Test_NavData_ENG > 'MONITOR' Menu: AppFlow
2022-09-20 17:10:09,741: - INFO - Test_NavData_ENG: test.Test_NavData_ENG > 'MONITOR' Menu: AppFlow Report
2022-09-20 17:10:09,770: - INFO - Test_NavData_ENG: test.Test_NavData_ENG > 'MONITOR' Menu: AppFlow Monitor
2022-09-20 17:10:09,802: - INFO - Test_NavData_ENG: test.Test_NavData_ENG > 'MONITOR' Menu: CTA Report
2022-09-20 17:10:09,834: - INFO - Test_NavData_ENG: test.Test_NavData_ENG > 'MONITOR' Menu: SDWAN
2022-09-20 17:10:09,869: - INFO - Test_NavData_ENG: test.Test_NavData_ENG > 'MONITOR' Menu: SDWAN Monitor
2022-09-20 17:10:09,903: - INFO - Test_NavData_ENG: test.Test_NavData_ENG > 'MONITOR' Menu: SD-WAN Connections
2022-09-20 17:10:09,940: - INFO - Test_NavData_ENG: test.Test_NavData_ENG > 'MONITOR' Menu: Logs
2022-09-20 17:10:09,980: - INFO - Test_NavData_ENG: test.Test_NavData_ENG > 'MONITOR' Menu: System Logs
2022-09-20 17:10:10,015: - INFO - Test_NavData_ENG: test.Test_NavData_ENG > 'MONITOR' Menu: Auditing Logs
2022-09-20 17:10:10,053: - INFO - Test_NavData_ENG: test.Test_NavData_ENG > 'MONITOR' Menu: Tools & Monitors
2022-09-20 17:10:10,090: - INFO - Test_NavData_ENG: test.Test_NavData_ENG > 'MONITOR' Menu: Packet Monitor
2022-09-20 17:10:10,128: - INFO - Test_NavData_ENG: test.Test_NavData_ENG > 'MONITOR' Menu: Connections
2022-09-20 17:10:10,161: - INFO - Test_NavData_ENG: test.Test_NavData_ENG > 'MONITOR' Menu: Core 0 Processes
2022-09-20 17:10:10,200: - INFO - Test_NavData_ENG: test.Test_NavData_ENG > 'MONITOR' Menu: Packet Replay
2022-09-20 17:10:10,201: - INFO - Test_NavData_ENG: test.Test_NavData_ENG > ========================================================================
2022-09-20 17:10:10,201: - INFO - Test_NavData_ENG: test.Test_NavData_ENG > 'MONITOR' Menu: No duplicated data to the TOP
2022-09-20 17:10:10,201: - INFO - Test_NavData_ENG: test.Test_NavData_ENG > ========================================================================
2022-09-20 17:10:10,201: - INFO - Test_NavData_ENG: test.Test_NavData_ENG > ALL MENU: 20
2022-09-20 17:10:10,228: - INFO - Test_NavData_ENG: test.Test_NavData_ENG > Data updated for [ENG]!
2022-09-20 17:10:10,228: - INFO - Test_NavData_ENG: test.Test_NavData_ENG > Top menu 'MONITOR' is done!
2022-09-20 17:10:11,475: - INFO - Test_NavData_JPN: test.Test_NavData_JPN > 'MONITOR' Menu: リアルタイム グラフ >> Real-Time Charts
2022-09-20 17:10:11,501: - INFO - Test_NavData_JPN: test.Test_NavData_JPN > 'MONITOR' Menu: システム監視 >> System Monitor
2022-09-20 17:10:11,527: - INFO - Test_NavData_JPN: test.Test_NavData_JPN > 'MONITOR' Menu: プロトコル監視 >> Protocol Monitor
2022-09-20 17:10:11,549: - INFO - Test_NavData_JPN: test.Test_NavData_JPN > 'MONITOR' Menu: ユーザ監視 >> User Monitor
2022-09-20 17:10:11,579: - INFO - Test_NavData_JPN: test.Test_NavData_JPN > 'MONITOR' Menu: 帯域幅管理監視 >> BWM Monitor
2022-09-20 17:10:11,604: - INFO - Test_NavData_JPN: test.Test_NavData_JPN > 'MONITOR' Menu: AppFlow >> AppFlow
2022-09-20 17:10:11,631: - INFO - Test_NavData_JPN: test.Test_NavData_JPN > 'MONITOR' Menu: AppFlow 報告 >> AppFlow Report
2022-09-20 17:10:11,656: - INFO - Test_NavData_JPN: test.Test_NavData_JPN > 'MONITOR' Menu: AppFlow 監視 >> AppFlow Monitor
2022-09-20 17:10:11,679: - INFO - Test_NavData_JPN: test.Test_NavData_JPN > 'MONITOR' Menu: CTA レポート >> CTA Report
2022-09-20 17:10:11,702: - INFO - Test_NavData_JPN: test.Test_NavData_JPN > 'MONITOR' Menu: SDWAN >> SDWAN
2022-09-20 17:10:11,728: - INFO - Test_NavData_JPN: test.Test_NavData_JPN > 'MONITOR' Menu: SDWAN 監視 >> SDWAN Monitor
2022-09-20 17:10:11,750: - INFO - Test_NavData_JPN: test.Test_NavData_JPN > 'MONITOR' Menu: SD-WAN 接続 >> SD-WAN Connections
2022-09-20 17:10:11,774: - INFO - Test_NavData_JPN: test.Test_NavData_JPN > 'MONITOR' Menu: ログ >> Logs
2022-09-20 17:10:11,800: - INFO - Test_NavData_JPN: test.Test_NavData_JPN > 'MONITOR' Menu: システム ログ >> System Logs
2022-09-20 17:10:11,833: - INFO - Test_NavData_JPN: test.Test_NavData_JPN > 'MONITOR' Menu: 監査ログ >> Auditing Logs
2022-09-20 17:10:11,858: - INFO - Test_NavData_JPN: test.Test_NavData_JPN > 'MONITOR' Menu: ツールと監視 >> Tools & Monitors
2022-09-20 17:10:11,880: - INFO - Test_NavData_JPN: test.Test_NavData_JPN > 'MONITOR' Menu: パケット監視 >> Packet Monitor
2022-09-20 17:10:11,907: - INFO - Test_NavData_JPN: test.Test_NavData_JPN > 'MONITOR' Menu: 接続 >> Connections
2022-09-20 17:10:11,931: - INFO - Test_NavData_JPN: test.Test_NavData_JPN > 'MONITOR' Menu: コア 0 プロセス >> Core 0 Processes
2022-09-20 17:10:11,954: - INFO - Test_NavData_JPN: test.Test_NavData_JPN > 'MONITOR' Menu: パケット再生 >> Packet Replay
2022-09-20 17:10:11,954: - INFO - Test_NavData_JPN: test.Test_NavData_JPN > ========================================================================
2022-09-20 17:10:11,955: - INFO - Test_NavData_JPN: test.Test_NavData_JPN > 'MONITOR' Menu: No duplicated data to the TOP
2022-09-20 17:10:11,955: - INFO - Test_NavData_JPN: test.Test_NavData_JPN > ========================================================================
2022-09-20 17:10:11,955: - INFO - Test_NavData_JPN: test.Test_NavData_JPN > ALL MENU: 20
2022-09-20 17:10:11,978: - INFO - Test_NavData_JPN: test.Test_NavData_JPN > Data updated for [JPN]!
2022-09-20 17:10:11,978: - INFO - Test_NavData_JPN: test.Test_NavData_JPN > Top menu 'MONITOR' is done!
2022-09-20 17:10:13,887: - INFO - Test_NavData_ENG: test.Test_NavData_ENG > 'DEVICE' Menu: Settings
2022-09-20 17:10:13,947: - INFO - Test_NavData_ENG: test.Test_NavData_ENG > 'DEVICE' Menu: Licenses
2022-09-20 17:10:14,001: - INFO - Test_NavData_ENG: test.Test_NavData_ENG > 'DEVICE' Menu: Administration
2022-09-20 17:10:14,052: - INFO - Test_NavData_ENG: test.Test_NavData_ENG > 'DEVICE' Menu: Time
2022-09-20 17:10:14,087: - INFO - Test_NavData_ENG: test.Test_NavData_ENG > 'DEVICE' Menu: Certificates
2022-09-20 17:10:14,139: - INFO - Test_NavData_ENG: test.Test_NavData_ENG > 'DEVICE' Menu: SNMP
2022-09-20 17:10:14,184: - INFO - Test_NavData_ENG: test.Test_NavData_ENG > 'DEVICE' Menu: Firmware and Settings
2022-09-20 17:10:14,221: - INFO - Test_NavData_ENG: test.Test_NavData_ENG > 'DEVICE' Menu: Storage
2022-09-20 17:10:14,263: - INFO - Test_NavData_ENG: test.Test_NavData_ENG > 'DEVICE' Menu: Restart
2022-09-20 17:10:14,301: - INFO - Test_NavData_ENG: test.Test_NavData_ENG > 'DEVICE' Menu: High Availability
2022-09-20 17:10:14,344: - INFO - Test_NavData_ENG: test.Test_NavData_ENG > 'DEVICE' Menu: Status
2022-09-20 17:10:14,495: - INFO - Test_NavData_ENG: test.Test_NavData_ENG > 'DEVICE' Menu: Settings
2022-09-20 17:10:14,551: - INFO - Test_NavData_ENG: test.Test_NavData_ENG > 'DEVICE' Menu: Advanced
2022-09-20 17:10:14,585: - INFO - Test_NavData_ENG: test.Test_NavData_ENG > 'DEVICE' Menu: Monitoring
2022-09-20 17:10:14,624: - INFO - Test_NavData_ENG: test.Test_NavData_ENG > 'DEVICE' Menu: Users
2022-09-20 17:10:14,665: - INFO - Test_NavData_ENG: test.Test_NavData_ENG > 'DEVICE' Menu: Status
2022-09-20 17:10:14,706: - INFO - Test_NavData_ENG: test.Test_NavData_ENG > 'DEVICE' Menu: Settings
2022-09-20 17:10:14,741: - INFO - Test_NavData_ENG: test.Test_NavData_ENG > 'DEVICE' Menu: Partitions
2022-09-20 17:10:14,780: - INFO - Test_NavData_ENG: test.Test_NavData_ENG > 'DEVICE' Menu: Local Users & Groups
2022-09-20 17:10:14,845: - INFO - Test_NavData_ENG: test.Test_NavData_ENG > 'DEVICE' Menu: Guest Services
2022-09-20 17:10:14,886: - INFO - Test_NavData_ENG: test.Test_NavData_ENG > 'DEVICE' Menu: Guest Accounts
2022-09-20 17:10:14,919: - INFO - Test_NavData_ENG: test.Test_NavData_ENG > 'DEVICE' Menu: Guest Status
2022-09-20 17:10:14,954: - INFO - Test_NavData_ENG: test.Test_NavData_ENG > 'DEVICE' Menu: AppFlow
2022-09-20 17:10:14,986: - INFO - Test_NavData_ENG: test.Test_NavData_ENG > 'DEVICE' Menu: Flow Reporting
2022-09-20 17:10:15,045: - INFO - Test_NavData_ENG: test.Test_NavData_ENG > 'DEVICE' Menu: AppFlow Agent
2022-09-20 17:10:15,091: - INFO - Test_NavData_ENG: test.Test_NavData_ENG > 'DEVICE' Menu: Log
2022-09-20 17:10:15,128: - INFO - Test_NavData_ENG: test.Test_NavData_ENG > 'DEVICE' Menu: Settings
2022-09-20 17:10:15,162: - INFO - Test_NavData_ENG: test.Test_NavData_ENG > 'DEVICE' Menu: Syslog
2022-09-20 17:10:15,202: - INFO - Test_NavData_ENG: test.Test_NavData_ENG > 'DEVICE' Menu: Automation
2022-09-20 17:10:15,240: - INFO - Test_NavData_ENG: test.Test_NavData_ENG > 'DEVICE' Menu: Name Resolution
2022-09-20 17:10:15,277: - INFO - Test_NavData_ENG: test.Test_NavData_ENG > 'DEVICE' Menu: Reports
2022-09-20 17:10:15,317: - INFO - Test_NavData_ENG: test.Test_NavData_ENG > 'DEVICE' Menu: AWS
2022-09-20 17:10:15,352: - INFO - Test_NavData_ENG: test.Test_NavData_ENG > 'DEVICE' Menu: Diagnostics
2022-09-20 17:10:15,391: - INFO - Test_NavData_ENG: test.Test_NavData_ENG > 'DEVICE' Menu: Tech Support Report
2022-09-20 17:10:15,427: - INFO - Test_NavData_ENG: test.Test_NavData_ENG > 'DEVICE' Menu: Check Network Settings
2022-09-20 17:10:15,463: - INFO - Test_NavData_ENG: test.Test_NavData_ENG > 'DEVICE' Menu: DNS Name Lookup
2022-09-20 17:10:15,469: - INFO - Test_NavData_JPN: test.Test_NavData_JPN > 'DEVICE' Menu: 設定 >> Settings
2022-09-20 17:10:15,497: - INFO - Test_NavData_JPN: test.Test_NavData_JPN > 'DEVICE' Menu: ライセンス >> Licenses
2022-09-20 17:10:15,500: - INFO - Test_NavData_ENG: test.Test_NavData_ENG > 'DEVICE' Menu: Network Path
2022-09-20 17:10:15,525: - INFO - Test_NavData_JPN: test.Test_NavData_JPN > 'DEVICE' Menu: 管理 >> Administration
2022-09-20 17:10:15,537: - INFO - Test_NavData_ENG: test.Test_NavData_ENG > 'DEVICE' Menu: Ping
2022-09-20 17:10:15,552: - INFO - Test_NavData_JPN: test.Test_NavData_JPN > 'DEVICE' Menu: 時間 >> Time
2022-09-20 17:10:15,568: - INFO - Test_NavData_ENG: test.Test_NavData_ENG > 'DEVICE' Menu: Trace Route
2022-09-20 17:10:15,574: - INFO - Test_NavData_JPN: test.Test_NavData_JPN > 'DEVICE' Menu: 証明書 >> Certificates
2022-09-20 17:10:15,601: - INFO - Test_NavData_JPN: test.Test_NavData_JPN > 'DEVICE' Menu: SNMP >> SNMP
2022-09-20 17:10:15,607: - INFO - Test_NavData_ENG: test.Test_NavData_ENG > 'DEVICE' Menu: Real-Time Blacklist
2022-09-20 17:10:15,626: - INFO - Test_NavData_JPN: test.Test_NavData_JPN > 'DEVICE' Menu: ファームウェアと設定 >> Firmware and Settings
2022-09-20 17:10:15,648: - INFO - Test_NavData_ENG: test.Test_NavData_ENG > 'DEVICE' Menu: Reverse Name Lookup
2022-09-20 17:10:15,652: - INFO - Test_NavData_JPN: test.Test_NavData_JPN > 'DEVICE' Menu: 記憶装置 >> Storage
2022-09-20 17:10:15,686: - INFO - Test_NavData_JPN: test.Test_NavData_JPN > 'DEVICE' Menu: 再起動 >> Restart
2022-09-20 17:10:15,689: - INFO - Test_NavData_ENG: test.Test_NavData_ENG > 'DEVICE' Menu: Connection TopX
2022-09-20 17:10:15,715: - INFO - Test_NavData_JPN: test.Test_NavData_JPN > 'DEVICE' Menu: 高可用性 >> High Availability
2022-09-20 17:10:15,729: - INFO - Test_NavData_ENG: test.Test_NavData_ENG > 'DEVICE' Menu: Geo and Botnet
2022-09-20 17:10:15,740: - INFO - Test_NavData_JPN: test.Test_NavData_JPN > 'DEVICE' Menu: 状況 >> Status
2022-09-20 17:10:15,763: - INFO - Test_NavData_JPN: test.Test_NavData_JPN > 'DEVICE' Menu: 設定 >> Settings
2022-09-20 17:10:15,769: - INFO - Test_NavData_ENG: test.Test_NavData_ENG > 'DEVICE' Menu: MX and Banner
2022-09-20 17:10:15,788: - INFO - Test_NavData_JPN: test.Test_NavData_JPN > 'DEVICE' Menu: 詳細 >> Advanced
2022-09-20 17:10:15,808: - INFO - Test_NavData_ENG: test.Test_NavData_ENG > 'DEVICE' Menu: GRID Check
2022-09-20 17:10:15,821: - INFO - Test_NavData_JPN: test.Test_NavData_JPN > 'DEVICE' Menu: 監視 >> Monitoring
2022-09-20 17:10:15,843: - INFO - Test_NavData_ENG: test.Test_NavData_ENG > 'DEVICE' Menu: URL Rating Request
2022-09-20 17:10:15,848: - INFO - Test_NavData_JPN: test.Test_NavData_JPN > 'DEVICE' Menu: ユーザ >> Users
2022-09-20 17:10:15,872: - INFO - Test_NavData_JPN: test.Test_NavData_JPN > 'DEVICE' Menu: 状況 >> Status
2022-09-20 17:10:15,882: - INFO - Test_NavData_ENG: test.Test_NavData_ENG > 'DEVICE' Menu: PMTU Discovery
2022-09-20 17:10:15,896: - INFO - Test_NavData_JPN: test.Test_NavData_JPN > 'DEVICE' Menu: 設定 >> Settings
2022-09-20 17:10:15,919: - INFO - Test_NavData_ENG: test.Test_NavData_ENG > 'DEVICE' Menu: Switch Diagnostics
2022-09-20 17:10:15,923: - INFO - Test_NavData_JPN: test.Test_NavData_JPN > 'DEVICE' Menu: ローカル ユーザとグループ >> Local Users & Groups
2022-09-20 17:10:15,946: - INFO - Test_NavData_JPN: test.Test_NavData_JPN > 'DEVICE' Menu: ゲスト サービス >> Guest Services
2022-09-20 17:10:15,960: - INFO - Test_NavData_ENG: test.Test_NavData_ENG > 'DEVICE' Menu: Switch Network
2022-09-20 17:10:15,967: - INFO - Test_NavData_JPN: test.Test_NavData_JPN > 'DEVICE' Menu: ゲスト アカウント >> Guest Accounts
2022-09-20 17:10:15,988: - INFO - Test_NavData_JPN: test.Test_NavData_JPN > 'DEVICE' Menu: ゲスト状況 >> Guest Status
2022-09-20 17:10:16,001: - INFO - Test_NavData_ENG: test.Test_NavData_ENG > 'DEVICE' Menu: Overview
2022-09-20 17:10:16,012: - INFO - Test_NavData_JPN: test.Test_NavData_JPN > 'DEVICE' Menu: AppFlow >> AppFlow
2022-09-20 17:10:16,034: - INFO - Test_NavData_JPN: test.Test_NavData_JPN > 'DEVICE' Menu: フロー報告 >> Flow Reporting
2022-09-20 17:10:16,039: - INFO - Test_NavData_ENG: test.Test_NavData_ENG > 'DEVICE' Menu: Switches
2022-09-20 17:10:16,057: - INFO - Test_NavData_JPN: test.Test_NavData_JPN > 'DEVICE' Menu: AppFlow エージェント >> AppFlow Agent
2022-09-20 17:10:16,074: - INFO - Test_NavData_ENG: test.Test_NavData_ENG > 'DEVICE' Menu: Access Points
2022-09-20 17:10:16,079: - INFO - Test_NavData_JPN: test.Test_NavData_JPN > 'DEVICE' Menu: ログ >> Log
2022-09-20 17:10:16,102: - INFO - Test_NavData_JPN: test.Test_NavData_JPN > 'DEVICE' Menu: 設定 >> Settings
2022-09-20 17:10:16,113: - INFO - Test_NavData_ENG: test.Test_NavData_ENG > 'DEVICE' Menu: Settings
2022-09-20 17:10:16,126: - INFO - Test_NavData_JPN: test.Test_NavData_JPN > 'DEVICE' Menu: Syslog >> Syslog
2022-09-20 17:10:16,150: - INFO - Test_NavData_JPN: test.Test_NavData_JPN > 'DEVICE' Menu: 自動化 >> Automation
2022-09-20 17:10:16,151: - INFO - Test_NavData_ENG: test.Test_NavData_ENG > 'DEVICE' Menu: Firmware Management
2022-09-20 17:10:16,172: - INFO - Test_NavData_JPN: test.Test_NavData_JPN > 'DEVICE' Menu: 名前解決 >> Name Resolution
2022-09-20 17:10:16,187: - INFO - Test_NavData_ENG: test.Test_NavData_ENG > 'DEVICE' Menu: Floor Plan View
2022-09-20 17:10:16,195: - INFO - Test_NavData_JPN: test.Test_NavData_JPN > 'DEVICE' Menu: レポート >> Reports
2022-09-20 17:10:16,220: - INFO - Test_NavData_ENG: test.Test_NavData_ENG > 'DEVICE' Menu: Station Status
2022-09-20 17:10:16,222: - INFO - Test_NavData_JPN: test.Test_NavData_JPN > 'DEVICE' Menu: AWS >> AWS
2022-09-20 17:10:16,243: - INFO - Test_NavData_JPN: test.Test_NavData_JPN > 'DEVICE' Menu: 診断 >> Diagnostics
2022-09-20 17:10:16,259: - INFO - Test_NavData_ENG: test.Test_NavData_ENG > 'DEVICE' Menu: IDS
2022-09-20 17:10:16,267: - INFO - Test_NavData_JPN: test.Test_NavData_JPN > 'DEVICE' Menu: テクニカル サポート レポート >> Tech Support Report
2022-09-20 17:10:16,288: - INFO - Test_NavData_JPN: test.Test_NavData_JPN > 'DEVICE' Menu: ネットワーク設定の確認 >> Check Network Settings
2022-09-20 17:10:16,297: - INFO - Test_NavData_ENG: test.Test_NavData_ENG > 'DEVICE' Menu: Advanced IDP
2022-09-20 17:10:16,312: - INFO - Test_NavData_JPN: test.Test_NavData_JPN > 'DEVICE' Menu: DNS 名の調査 >> DNS Name Lookup
2022-09-20 17:10:16,334: - INFO - Test_NavData_ENG: test.Test_NavData_ENG > 'DEVICE' Menu: Packet Capture
2022-09-20 17:10:16,336: - INFO - Test_NavData_JPN: test.Test_NavData_JPN > 'DEVICE' Menu: ネットワーク パス >> Network Path
2022-09-20 17:10:16,360: - INFO - Test_NavData_JPN: test.Test_NavData_JPN > 'DEVICE' Menu: Ping >> Ping
2022-09-20 17:10:16,368: - INFO - Test_NavData_ENG: test.Test_NavData_ENG > 'DEVICE' Menu: Virtual Access Point
2022-09-20 17:10:16,383: - INFO - Test_NavData_JPN: test.Test_NavData_JPN > 'DEVICE' Menu: ルート追跡 >> Trace Route
2022-09-20 17:10:16,411: - INFO - Test_NavData_ENG: test.Test_NavData_ENG > 'DEVICE' Menu: RF Monitoring
2022-09-20 17:10:16,411: - INFO - Test_NavData_JPN: test.Test_NavData_JPN > 'DEVICE' Menu: リアルタイム ブラックリスト >> Real-Time Blacklist
2022-09-20 17:10:16,436: - INFO - Test_NavData_JPN: test.Test_NavData_JPN > 'DEVICE' Menu: 逆引き名前調査 >> Reverse Name Lookup
2022-09-20 17:10:16,445: - INFO - Test_NavData_ENG: test.Test_NavData_ENG > 'DEVICE' Menu: RF Analysis
2022-09-20 17:10:16,458: - INFO - Test_NavData_JPN: test.Test_NavData_JPN > 'DEVICE' Menu: 上位接続 >> Connection TopX
2022-09-20 17:10:16,482: - INFO - Test_NavData_ENG: test.Test_NavData_ENG > 'DEVICE' Menu: RF Spectrum
2022-09-20 17:10:16,483: - INFO - Test_NavData_JPN: test.Test_NavData_JPN > 'DEVICE' Menu: 地域とボットネット >> Geo and Botnet
2022-09-20 17:10:16,504: - INFO - Test_NavData_JPN: test.Test_NavData_JPN > 'DEVICE' Menu: MX とバナー >> MX and Banner
2022-09-20 17:10:16,516: - INFO - Test_NavData_ENG: test.Test_NavData_ENG > 'DEVICE' Menu: FairNet
2022-09-20 17:10:16,526: - INFO - Test_NavData_JPN: test.Test_NavData_JPN > 'DEVICE' Menu: グリッド確認 >> GRID Check
2022-09-20 17:10:16,549: - INFO - Test_NavData_ENG: test.Test_NavData_ENG > 'DEVICE' Menu: Wi-Fi Multimedia
2022-09-20 17:10:16,556: - INFO - Test_NavData_JPN: test.Test_NavData_JPN > 'DEVICE' Menu: URL 格付け要求 >> URL Rating Request
2022-09-20 17:10:16,579: - INFO - Test_NavData_JPN: test.Test_NavData_JPN > 'DEVICE' Menu: PMTU 検出 >> PMTU Discovery
2022-09-20 17:10:16,586: - INFO - Test_NavData_ENG: test.Test_NavData_ENG > 'DEVICE' Menu: 3G/4G/LTE WWAN
2022-09-20 17:10:16,601: - INFO - Test_NavData_JPN: test.Test_NavData_JPN > 'DEVICE' Menu: スイッチ診断 >> Switch Diagnostics
2022-09-20 17:10:16,619: - INFO - Test_NavData_ENG: test.Test_NavData_ENG > 'DEVICE' Menu: Bluetooth LE
2022-09-20 17:10:16,627: - INFO - Test_NavData_JPN: test.Test_NavData_JPN > 'DEVICE' Menu: スイッチ ネットワーク >> Switch Network
2022-09-20 17:10:16,651: - INFO - Test_NavData_ENG: test.Test_NavData_ENG > 'DEVICE' Menu: Radio Management
2022-09-20 17:10:16,652: - INFO - Test_NavData_JPN: test.Test_NavData_JPN > 'DEVICE' Menu: 概要 >> Overview
2022-09-20 17:10:16,677: - INFO - Test_NavData_JPN: test.Test_NavData_JPN > 'DEVICE' Menu: スイッチ >> Switches
2022-09-20 17:10:16,688: - INFO - Test_NavData_ENG: test.Test_NavData_ENG > 'DEVICE' Menu: WWAN
2022-09-20 17:10:16,688: - INFO - Test_NavData_ENG: test.Test_NavData_ENG > ========================================================================
2022-09-20 17:10:16,688: - INFO - Test_NavData_ENG: test.Test_NavData_ENG > 'DEVICE' Menu: Settings >> Settings (TOP)
2022-09-20 17:10:16,689: - INFO - Test_NavData_ENG: test.Test_NavData_ENG > ========================================================================
2022-09-20 17:10:16,689: - INFO - Test_NavData_ENG: test.Test_NavData_ENG > ALL MENU: 69
2022-09-20 17:10:16,703: - INFO - Test_NavData_JPN: test.Test_NavData_JPN > 'DEVICE' Menu: アクセス ポイント >> Access Points
2022-09-20 17:10:16,731: - INFO - Test_NavData_JPN: test.Test_NavData_JPN > 'DEVICE' Menu: 設定 >> Settings
2022-09-20 17:10:16,741: - INFO - Test_NavData_ENG: test.Test_NavData_ENG > Data updated for [ENG]!
2022-09-20 17:10:16,741: - INFO - Test_NavData_ENG: test.Test_NavData_ENG > Top menu 'DEVICE' is done!
2022-09-20 17:10:16,756: - INFO - Test_NavData_JPN: test.Test_NavData_JPN > 'DEVICE' Menu: ファームウェア管理 >> Firmware Management
2022-09-20 17:10:16,782: - INFO - Test_NavData_JPN: test.Test_NavData_JPN > 'DEVICE' Menu: フロア プランの表示 >> Floor Plan View
2022-09-20 17:10:16,806: - INFO - Test_NavData_JPN: test.Test_NavData_JPN > 'DEVICE' Menu: ステーション状況 >> Station Status
2022-09-20 17:10:16,829: - INFO - Test_NavData_JPN: test.Test_NavData_JPN > 'DEVICE' Menu: IDS >> IDS
2022-09-20 17:10:16,854: - INFO - Test_NavData_JPN: test.Test_NavData_JPN > 'DEVICE' Menu: 高度な IDP >> Advanced IDP
2022-09-20 17:10:16,884: - INFO - Test_NavData_JPN: test.Test_NavData_JPN > 'DEVICE' Menu: パケット キャプチャ >> Packet Capture
2022-09-20 17:10:16,912: - INFO - Test_NavData_JPN: test.Test_NavData_JPN > 'DEVICE' Menu: 仮想アクセス ポイント >> Virtual Access Point
2022-09-20 17:10:16,940: - INFO - Test_NavData_JPN: test.Test_NavData_JPN > 'DEVICE' Menu: RF 監視 >> RF Monitoring
2022-09-20 17:10:16,968: - INFO - Test_NavData_JPN: test.Test_NavData_JPN > 'DEVICE' Menu: RF 解析 >> RF Analysis
2022-09-20 17:10:16,990: - INFO - Test_NavData_JPN: test.Test_NavData_JPN > 'DEVICE' Menu: RF スペクトラム >> RF Spectrum
2022-09-20 17:10:17,014: - INFO - Test_NavData_JPN: test.Test_NavData_JPN > 'DEVICE' Menu: FairNet >> FairNet
2022-09-20 17:10:17,034: - INFO - Test_NavData_JPN: test.Test_NavData_JPN > 'DEVICE' Menu: Wi-Fi マルチメディア >> Wi-Fi Multimedia
2022-09-20 17:10:17,056: - INFO - Test_NavData_JPN: test.Test_NavData_JPN > 'DEVICE' Menu: 3G/4G/LTE WWAN >> 3G/4G/LTE WWAN
2022-09-20 17:10:17,079: - INFO - Test_NavData_JPN: test.Test_NavData_JPN > 'DEVICE' Menu: Bluetooth LE >> Bluetooth LE
2022-09-20 17:10:17,108: - INFO - Test_NavData_JPN: test.Test_NavData_JPN > 'DEVICE' Menu: 無線管理 >> Radio Management
2022-09-20 17:10:17,131: - INFO - Test_NavData_JPN: test.Test_NavData_JPN > 'DEVICE' Menu: WWAN >> WWAN
2022-09-20 17:10:17,132: - INFO - Test_NavData_JPN: test.Test_NavData_JPN > ========================================================================
2022-09-20 17:10:17,132: - INFO - Test_NavData_JPN: test.Test_NavData_JPN > 'DEVICE' Menu: Settings >> Settings (TOP)
2022-09-20 17:10:17,132: - INFO - Test_NavData_JPN: test.Test_NavData_JPN > ========================================================================
2022-09-20 17:10:17,132: - INFO - Test_NavData_JPN: test.Test_NavData_JPN > ALL MENU: 68
2022-09-20 17:10:17,168: - INFO - Test_NavData_JPN: test.Test_NavData_JPN > Data updated for [JPN]!
2022-09-20 17:10:17,169: - INFO - Test_NavData_JPN: test.Test_NavData_JPN > Top menu 'DEVICE' is done!
2022-09-20 17:10:19,821: - INFO - Test_NavData_ENG: test.Test_NavData_ENG > 'NETWORK' Menu: System
2022-09-20 17:10:19,863: - INFO - Test_NavData_ENG: test.Test_NavData_ENG > 'NETWORK' Menu: Interfaces
2022-09-20 17:10:19,902: - INFO - Test_NavData_ENG: test.Test_NavData_ENG > 'NETWORK' Menu: Failover & LB
2022-09-20 17:10:19,948: - INFO - Test_NavData_ENG: test.Test_NavData_ENG > 'NETWORK' Menu: Neighbor Discovery
2022-09-20 17:10:19,989: - INFO - Test_NavData_ENG: test.Test_NavData_ENG > 'NETWORK' Menu: ARP
2022-09-20 17:10:20,027: - INFO - Test_NavData_ENG: test.Test_NavData_ENG > 'NETWORK' Menu: MAC IP Anti-Spoof
2022-09-20 17:10:20,065: - INFO - Test_NavData_ENG: test.Test_NavData_ENG > 'NETWORK' Menu: Web Proxy
2022-09-20 17:10:20,108: - INFO - Test_NavData_ENG: test.Test_NavData_ENG > 'NETWORK' Menu: PortShield Groups
2022-09-20 17:10:20,146: - INFO - Test_NavData_ENG: test.Test_NavData_ENG > 'NETWORK' Menu: VLAN Translation
2022-09-20 17:10:20,186: - INFO - Test_NavData_ENG: test.Test_NavData_ENG > 'NETWORK' Menu: IP Helper
2022-09-20 17:10:20,244: - INFO - Test_NavData_ENG: test.Test_NavData_ENG > 'NETWORK' Menu: Dynamic Routing
2022-09-20 17:10:20,292: - INFO - Test_NavData_ENG: test.Test_NavData_ENG > 'NETWORK' Menu: DHCP Server
2022-09-20 17:10:20,328: - INFO - Test_NavData_ENG: test.Test_NavData_ENG > 'NETWORK' Menu: Multicast
2022-09-20 17:10:20,370: - INFO - Test_NavData_ENG: test.Test_NavData_ENG > 'NETWORK' Menu: Network Monitor
2022-09-20 17:10:20,420: - INFO - Test_NavData_ENG: test.Test_NavData_ENG > 'NETWORK' Menu: AWS Configuration
2022-09-20 17:10:20,460: - INFO - Test_NavData_ENG: test.Test_NavData_ENG > 'NETWORK' Menu: Firewall
2022-09-20 17:10:20,495: - INFO - Test_NavData_ENG: test.Test_NavData_ENG > 'NETWORK' Menu: Advanced
2022-09-20 17:10:20,539: - INFO - Test_NavData_ENG: test.Test_NavData_ENG > 'NETWORK' Menu: Flood Protection
2022-09-20 17:10:20,577: - INFO - Test_NavData_ENG: test.Test_NavData_ENG > 'NETWORK' Menu: SSL Control
2022-09-20 17:10:20,622: - INFO - Test_NavData_ENG: test.Test_NavData_ENG > 'NETWORK' Menu: Cipher Control
2022-09-20 17:10:20,665: - INFO - Test_NavData_ENG: test.Test_NavData_ENG > 'NETWORK' Menu: RBL Filter
2022-09-20 17:10:20,704: - INFO - Test_NavData_ENG: test.Test_NavData_ENG > 'NETWORK' Menu: VoIP
2022-09-20 17:10:20,745: - INFO - Test_NavData_ENG: test.Test_NavData_ENG > 'NETWORK' Menu: Settings
2022-09-20 17:10:20,781: - INFO - Test_NavData_ENG: test.Test_NavData_ENG > 'NETWORK' Menu: Call Status
2022-09-20 17:10:20,823: - INFO - Test_NavData_ENG: test.Test_NavData_ENG > 'NETWORK' Menu: DNS
2022-09-20 17:10:20,860: - INFO - Test_NavData_ENG: test.Test_NavData_ENG > 'NETWORK' Menu: Settings
2022-09-20 17:10:20,901: - INFO - Test_NavData_ENG: test.Test_NavData_ENG > 'NETWORK' Menu: Dynamic DNS
2022-09-20 17:10:20,943: - INFO - Test_NavData_ENG: test.Test_NavData_ENG > 'NETWORK' Menu: DNS Proxy
2022-09-20 17:10:20,980: - INFO - Test_NavData_ENG: test.Test_NavData_ENG > 'NETWORK' Menu: DNS Security
2022-09-20 17:10:21,017: - INFO - Test_NavData_ENG: test.Test_NavData_ENG > 'NETWORK' Menu: Switching
2022-09-20 17:10:21,055: - INFO - Test_NavData_ENG: test.Test_NavData_ENG > 'NETWORK' Menu: VLAN Trunking
2022-09-20 17:10:21,098: - INFO - Test_NavData_ENG: test.Test_NavData_ENG > 'NETWORK' Menu: L2 Discovery
2022-09-20 17:10:21,138: - INFO - Test_NavData_ENG: test.Test_NavData_ENG > 'NETWORK' Menu: Link Aggregation
2022-09-20 17:10:21,177: - INFO - Test_NavData_ENG: test.Test_NavData_ENG > 'NETWORK' Menu: Port Mirroring
2022-09-20 17:10:21,215: - INFO - Test_NavData_ENG: test.Test_NavData_ENG > 'NETWORK' Menu: SDWAN
2022-09-20 17:10:21,251: - INFO - Test_NavData_JPN: test.Test_NavData_JPN > 'NETWORK' Menu: システム >> System
2022-09-20 17:10:21,254: - INFO - Test_NavData_ENG: test.Test_NavData_ENG > 'NETWORK' Menu: Groups
2022-09-20 17:10:21,283: - INFO - Test_NavData_JPN: test.Test_NavData_JPN > 'NETWORK' Menu: インターフェース >> Interfaces
2022-09-20 17:10:21,289: - INFO - Test_NavData_ENG: test.Test_NavData_ENG > 'NETWORK' Menu: SLA Probes
2022-09-20 17:10:21,307: - INFO - Test_NavData_JPN: test.Test_NavData_JPN > 'NETWORK' Menu: フェイルオーバーと負荷分散 >> Failover & LB
2022-09-20 17:10:21,329: - INFO - Test_NavData_ENG: test.Test_NavData_ENG > 'NETWORK' Menu: SLA Class Objects
2022-09-20 17:10:21,333: - INFO - Test_NavData_JPN: test.Test_NavData_JPN > 'NETWORK' Menu: 近隣者検出 >> Neighbor Discovery
2022-09-20 17:10:21,356: - INFO - Test_NavData_JPN: test.Test_NavData_JPN > 'NETWORK' Menu: ARP >> ARP
2022-09-20 17:10:21,367: - INFO - Test_NavData_ENG: test.Test_NavData_ENG > 'NETWORK' Menu: Path Selection Profiles
2022-09-20 17:10:21,383: - INFO - Test_NavData_JPN: test.Test_NavData_JPN > 'NETWORK' Menu: MAC IP アンチスプーフ >> MAC IP Anti-Spoof
2022-09-20 17:10:21,406: - INFO - Test_NavData_ENG: test.Test_NavData_ENG > 'NETWORK' Menu: Rules
2022-09-20 17:10:21,407: - INFO - Test_NavData_JPN: test.Test_NavData_JPN > 'NETWORK' Menu: ウェブ プロキシ >> Web Proxy
2022-09-20 17:10:21,518: - INFO - Test_NavData_ENG: test.Test_NavData_ENG > 'NETWORK' Menu: IPSec VPN
2022-09-20 17:10:21,529: - INFO - Test_NavData_JPN: test.Test_NavData_JPN > 'NETWORK' Menu: PortShield グループ >> PortShield Groups
2022-09-20 17:10:21,577: - INFO - Test_NavData_ENG: test.Test_NavData_ENG > 'NETWORK' Menu: Rules and Settings
2022-09-20 17:10:21,588: - INFO - Test_NavData_JPN: test.Test_NavData_JPN > 'NETWORK' Menu: PoE 設定 >> PoE Settings
2022-09-20 17:10:21,610: - INFO - Test_NavData_JPN: test.Test_NavData_JPN > 'NETWORK' Menu: VLAN 変換 >> VLAN Translation
2022-09-20 17:10:21,615: - INFO - Test_NavData_ENG: test.Test_NavData_ENG > 'NETWORK' Menu: Advanced
2022-09-20 17:10:21,638: - INFO - Test_NavData_JPN: test.Test_NavData_JPN > 'NETWORK' Menu: IP ヘルパー >> IP Helper
2022-09-20 17:10:21,659: - INFO - Test_NavData_ENG: test.Test_NavData_ENG > 'NETWORK' Menu: DHCP over VPN
2022-09-20 17:10:21,663: - INFO - Test_NavData_JPN: test.Test_NavData_JPN > 'NETWORK' Menu: 動的ルーティング >> Dynamic Routing
2022-09-20 17:10:21,685: - INFO - Test_NavData_JPN: test.Test_NavData_JPN > 'NETWORK' Menu: DHCP サーバ >> DHCP Server
2022-09-20 17:10:21,693: - INFO - Test_NavData_ENG: test.Test_NavData_ENG > 'NETWORK' Menu: L2TP Server
2022-09-20 17:10:21,706: - INFO - Test_NavData_JPN: test.Test_NavData_JPN > 'NETWORK' Menu: マルチキャスト >> Multicast
2022-09-20 17:10:21,729: - INFO - Test_NavData_JPN: test.Test_NavData_JPN > 'NETWORK' Menu: ネットワーク監視 >> Network Monitor
2022-09-20 17:10:21,729: - INFO - Test_NavData_ENG: test.Test_NavData_ENG > 'NETWORK' Menu: AWS VPN
2022-09-20 17:10:21,763: - INFO - Test_NavData_JPN: test.Test_NavData_JPN > 'NETWORK' Menu: AWS 設定 >> AWS Configuration
2022-09-20 17:10:21,779: - INFO - Test_NavData_ENG: test.Test_NavData_ENG > 'NETWORK' Menu: SSL VPN
2022-09-20 17:10:21,787: - INFO - Test_NavData_JPN: test.Test_NavData_JPN > 'NETWORK' Menu: ファイアウォール >> Firewall
2022-09-20 17:10:21,810: - INFO - Test_NavData_JPN: test.Test_NavData_JPN > 'NETWORK' Menu: 詳細 >> Advanced
2022-09-20 17:10:21,817: - INFO - Test_NavData_ENG: test.Test_NavData_ENG > 'NETWORK' Menu: Status
2022-09-20 17:10:21,838: - INFO - Test_NavData_JPN: test.Test_NavData_JPN > 'NETWORK' Menu: フラッド防御 >> Flood Protection
2022-09-20 17:10:21,851: - INFO - Test_NavData_ENG: test.Test_NavData_ENG > 'NETWORK' Menu: Server Settings
2022-09-20 17:10:21,862: - INFO - Test_NavData_JPN: test.Test_NavData_JPN > 'NETWORK' Menu: SSL 制御 >> SSL Control
2022-09-20 17:10:21,891: - INFO - Test_NavData_JPN: test.Test_NavData_JPN > 'NETWORK' Menu: 暗号化制御 >> Cipher Control
2022-09-20 17:10:21,891: - INFO - Test_NavData_ENG: test.Test_NavData_ENG > 'NETWORK' Menu: Client Settings
2022-09-20 17:10:21,915: - INFO - Test_NavData_JPN: test.Test_NavData_JPN > 'NETWORK' Menu: RBL フィルタ >> RBL Filter
2022-09-20 17:10:21,928: - INFO - Test_NavData_ENG: test.Test_NavData_ENG > 'NETWORK' Menu: Portal Settings
2022-09-20 17:10:21,939: - INFO - Test_NavData_JPN: test.Test_NavData_JPN > 'NETWORK' Menu: VoIP >> VoIP
2022-09-20 17:10:21,965: - INFO - Test_NavData_JPN: test.Test_NavData_JPN > 'NETWORK' Menu: 設定 >> Settings
2022-09-20 17:10:21,968: - INFO - Test_NavData_ENG: test.Test_NavData_ENG > 'NETWORK' Menu: Virtual Office
2022-09-20 17:10:21,968: - INFO - Test_NavData_ENG: test.Test_NavData_ENG > ========================================================================
2022-09-20 17:10:21,969: - INFO - Test_NavData_ENG: test.Test_NavData_ENG > 'NETWORK' Menu: No duplicated data to the TOP
2022-09-20 17:10:21,969: - INFO - Test_NavData_ENG: test.Test_NavData_ENG > ========================================================================
2022-09-20 17:10:21,969: - INFO - Test_NavData_ENG: test.Test_NavData_ENG > ALL MENU: 52
2022-09-20 17:10:21,993: - INFO - Test_NavData_JPN: test.Test_NavData_JPN > 'NETWORK' Menu: 通話状況 >> Call Status
2022-09-20 17:10:22,024: - INFO - Test_NavData_ENG: test.Test_NavData_ENG > Data updated for [ENG]!
2022-09-20 17:10:22,024: - INFO - Test_NavData_ENG: test.Test_NavData_ENG > Top menu 'NETWORK' is done!
2022-09-20 17:10:22,024: - INFO - Test_NavData_JPN: test.Test_NavData_JPN > 'NETWORK' Menu: DNS >> DNS
2022-09-20 17:10:22,048: - INFO - Test_NavData_JPN: test.Test_NavData_JPN > 'NETWORK' Menu: 設定 >> Settings
2022-09-20 17:10:22,075: - INFO - Test_NavData_JPN: test.Test_NavData_JPN > 'NETWORK' Menu: 動的 DNS >> Dynamic DNS
2022-09-20 17:10:22,103: - INFO - Test_NavData_JPN: test.Test_NavData_JPN > 'NETWORK' Menu: DNS プロキシ >> DNS Proxy
2022-09-20 17:10:22,126: - INFO - Test_NavData_JPN: test.Test_NavData_JPN > 'NETWORK' Menu: DNS セキュリティ >> DNS Security
2022-09-20 17:10:22,159: - INFO - Test_NavData_JPN: test.Test_NavData_JPN > 'NETWORK' Menu: SDWAN >> SDWAN
2022-09-20 17:10:22,183: - INFO - Test_NavData_JPN: test.Test_NavData_JPN > 'NETWORK' Menu: グループ >> Groups
2022-09-20 17:10:22,205: - INFO - Test_NavData_JPN: test.Test_NavData_JPN > 'NETWORK' Menu: SLA プローブ >> SLA Probes
2022-09-20 17:10:22,232: - INFO - Test_NavData_JPN: test.Test_NavData_JPN > 'NETWORK' Menu: SLA クラス オブジェクト >> SLA Class Objects
2022-09-20 17:10:22,259: - INFO - Test_NavData_JPN: test.Test_NavData_JPN > 'NETWORK' Menu: パス選択プロファイル >> Path Selection Profiles
2022-09-20 17:10:22,287: - INFO - Test_NavData_JPN: test.Test_NavData_JPN > 'NETWORK' Menu: ルール >> Rules
2022-09-20 17:10:22,311: - INFO - Test_NavData_JPN: test.Test_NavData_JPN > 'NETWORK' Menu: IPSec VPN >> IPSec VPN
2022-09-20 17:10:22,333: - INFO - Test_NavData_JPN: test.Test_NavData_JPN > 'NETWORK' Menu: ルールと設定 >> Rules and Settings
2022-09-20 17:10:22,361: - INFO - Test_NavData_JPN: test.Test_NavData_JPN > 'NETWORK' Menu: 詳細 >> Advanced
2022-09-20 17:10:22,391: - INFO - Test_NavData_JPN: test.Test_NavData_JPN > 'NETWORK' Menu: VPN を越えた DHCP >> DHCP over VPN
2022-09-20 17:10:22,417: - INFO - Test_NavData_JPN: test.Test_NavData_JPN > 'NETWORK' Menu: L2TP サーバ >> L2TP Server
2022-09-20 17:10:22,438: - INFO - Test_NavData_JPN: test.Test_NavData_JPN > 'NETWORK' Menu: AWS VPN >> AWS VPN
2022-09-20 17:10:22,469: - INFO - Test_NavData_JPN: test.Test_NavData_JPN > 'NETWORK' Menu: SSL VPN >> SSL VPN
2022-09-20 17:10:22,494: - INFO - Test_NavData_JPN: test.Test_NavData_JPN > 'NETWORK' Menu: 状況 >> Status
2022-09-20 17:10:22,529: - INFO - Test_NavData_JPN: test.Test_NavData_JPN > 'NETWORK' Menu: サーバ設定 >> Server Settings
2022-09-20 17:10:22,553: - INFO - Test_NavData_JPN: test.Test_NavData_JPN > 'NETWORK' Menu: クライアント設定 >> Client Settings
2022-09-20 17:10:22,581: - INFO - Test_NavData_JPN: test.Test_NavData_JPN > 'NETWORK' Menu: ポータル設定 >> Portal Settings
2022-09-20 17:10:22,605: - INFO - Test_NavData_JPN: test.Test_NavData_JPN > 'NETWORK' Menu: 仮想オフィス >> Virtual Office
2022-09-20 17:10:22,605: - INFO - Test_NavData_JPN: test.Test_NavData_JPN > ========================================================================
2022-09-20 17:10:22,606: - INFO - Test_NavData_JPN: test.Test_NavData_JPN > 'NETWORK' Menu: No duplicated data to the TOP
2022-09-20 17:10:22,606: - INFO - Test_NavData_JPN: test.Test_NavData_JPN > ========================================================================
2022-09-20 17:10:22,606: - INFO - Test_NavData_JPN: test.Test_NavData_JPN > ALL MENU: 48
2022-09-20 17:10:22,657: - INFO - Test_NavData_JPN: test.Test_NavData_JPN > Data updated for [JPN]!
2022-09-20 17:10:22,657: - INFO - Test_NavData_JPN: test.Test_NavData_JPN > Top menu 'NETWORK' is done!
2022-09-20 17:10:24,641: - INFO - Test_NavData_ENG: test.Test_NavData_ENG > 'OBJECT' Menu: Match Objects
2022-09-20 17:10:24,689: - INFO - Test_NavData_ENG: test.Test_NavData_ENG > 'OBJECT' Menu: Zones
2022-09-20 17:10:24,730: - INFO - Test_NavData_ENG: test.Test_NavData_ENG > 'OBJECT' Menu: Addresses
2022-09-20 17:10:24,770: - INFO - Test_NavData_ENG: test.Test_NavData_ENG > 'OBJECT' Menu: Services
2022-09-20 17:10:24,807: - INFO - Test_NavData_ENG: test.Test_NavData_ENG > 'OBJECT' Menu: URI Lists
2022-09-20 17:10:24,843: - INFO - Test_NavData_ENG: test.Test_NavData_ENG > 'OBJECT' Menu: Match Objects
2022-09-20 17:10:24,881: - INFO - Test_NavData_ENG: test.Test_NavData_ENG > 'OBJECT' Menu: Schedules
2022-09-20 17:10:24,932: - INFO - Test_NavData_ENG: test.Test_NavData_ENG > 'OBJECT' Menu: Dynamic Group
2022-09-20 17:10:25,017: - INFO - Test_NavData_ENG: test.Test_NavData_ENG > 'OBJECT' Menu: Email Addresses
2022-09-20 17:10:25,068: - INFO - Test_NavData_ENG: test.Test_NavData_ENG > 'OBJECT' Menu: Profile Objects
2022-09-20 17:10:25,121: - INFO - Test_NavData_ENG: test.Test_NavData_ENG > 'OBJECT' Menu: Endpoint Security
2022-09-20 17:10:25,165: - INFO - Test_NavData_ENG: test.Test_NavData_ENG > 'OBJECT' Menu: Bandwidth
2022-09-20 17:10:25,211: - INFO - Test_NavData_ENG: test.Test_NavData_ENG > 'OBJECT' Menu: QoS Marking
2022-09-20 17:10:25,253: - INFO - Test_NavData_ENG: test.Test_NavData_ENG > 'OBJECT' Menu: Content Filter
2022-09-20 17:10:25,295: - INFO - Test_NavData_ENG: test.Test_NavData_ENG > 'OBJECT' Menu: DHCP Option
2022-09-20 17:10:25,337: - INFO - Test_NavData_ENG: test.Test_NavData_ENG > 'OBJECT' Menu: AWS
2022-09-20 17:10:25,377: - INFO - Test_NavData_ENG: test.Test_NavData_ENG > 'OBJECT' Menu: Action Objects
2022-09-20 17:10:25,483: - INFO - Test_NavData_ENG: test.Test_NavData_ENG > 'OBJECT' Menu: App Rule Actions
2022-09-20 17:10:25,562: - INFO - Test_NavData_ENG: test.Test_NavData_ENG > 'OBJECT' Menu: Content Filter Actions
2022-09-20 17:10:25,562: - INFO - Test_NavData_ENG: test.Test_NavData_ENG > ========================================================================
2022-09-20 17:10:25,562: - INFO - Test_NavData_ENG: test.Test_NavData_ENG > 'OBJECT' Menu: Match Objects >> Match Objects (TOP)
2022-09-20 17:10:25,562: - INFO - Test_NavData_ENG: test.Test_NavData_ENG > ========================================================================
2022-09-20 17:10:25,562: - INFO - Test_NavData_ENG: test.Test_NavData_ENG > ALL MENU: 19
2022-09-20 17:10:25,606: - INFO - Test_NavData_ENG: test.Test_NavData_ENG > Data updated for [ENG]!
2022-09-20 17:10:25,606: - INFO - Test_NavData_ENG: test.Test_NavData_ENG > Top menu 'OBJECT' is done!
2022-09-20 17:10:26,223: - INFO - Test_NavData_JPN: test.Test_NavData_JPN > 'OBJECT' Menu: 一致オブジェクト >> Match Objects
2022-09-20 17:10:26,253: - INFO - Test_NavData_JPN: test.Test_NavData_JPN > 'OBJECT' Menu: ゾーン >> Zones
2022-09-20 17:10:26,273: - INFO - Test_NavData_JPN: test.Test_NavData_JPN > 'OBJECT' Menu: アドレス >> Addresses
2022-09-20 17:10:26,303: - INFO - Test_NavData_JPN: test.Test_NavData_JPN > 'OBJECT' Menu: サービス >> Services
2022-09-20 17:10:26,330: - INFO - Test_NavData_JPN: test.Test_NavData_JPN > 'OBJECT' Menu: URI リスト >> URI Lists
2022-09-20 17:10:26,357: - INFO - Test_NavData_JPN: test.Test_NavData_JPN > 'OBJECT' Menu: 一致オブジェクト >> Match Objects
2022-09-20 17:10:26,384: - INFO - Test_NavData_JPN: test.Test_NavData_JPN > 'OBJECT' Menu: スケジュール >> Schedules
2022-09-20 17:10:26,413: - INFO - Test_NavData_JPN: test.Test_NavData_JPN > 'OBJECT' Menu: 動的グループ >> Dynamic Group
2022-09-20 17:10:26,439: - INFO - Test_NavData_JPN: test.Test_NavData_JPN > 'OBJECT' Menu: 電子メール アドレス >> Email Addresses
2022-09-20 17:10:26,474: - INFO - Test_NavData_JPN: test.Test_NavData_JPN > 'OBJECT' Menu: プロファイル オブジェクト >> Profile Objects
2022-09-20 17:10:26,498: - INFO - Test_NavData_JPN: test.Test_NavData_JPN > 'OBJECT' Menu: エンドポイント セキュリティ >> Endpoint Security
2022-09-20 17:10:26,522: - INFO - Test_NavData_JPN: test.Test_NavData_JPN > 'OBJECT' Menu: 帯域幅 >> Bandwidth
2022-09-20 17:10:26,549: - INFO - Test_NavData_JPN: test.Test_NavData_JPN > 'OBJECT' Menu: QoS 級割 >> QoS Marking
2022-09-20 17:10:26,575: - INFO - Test_NavData_JPN: test.Test_NavData_JPN > 'OBJECT' Menu: コンテンツ フィルタ >> Content Filter
2022-09-20 17:10:26,598: - INFO - Test_NavData_JPN: test.Test_NavData_JPN > 'OBJECT' Menu: DHCP オプション >> DHCP Option
2022-09-20 17:10:26,622: - INFO - Test_NavData_JPN: test.Test_NavData_JPN > 'OBJECT' Menu: AWS >> AWS
2022-09-20 17:10:26,651: - INFO - Test_NavData_JPN: test.Test_NavData_JPN > 'OBJECT' Menu: 動作オブジェクト >> Action Objects
2022-09-20 17:10:26,684: - INFO - Test_NavData_JPN: test.Test_NavData_JPN > 'OBJECT' Menu: アプリケーション ルールの動作 >> App Rule Actions
2022-09-20 17:10:26,710: - INFO - Test_NavData_JPN: test.Test_NavData_JPN > 'OBJECT' Menu: コンテンツ フィルタの動作 >> Content Filter Actions
2022-09-20 17:10:26,710: - INFO - Test_NavData_JPN: test.Test_NavData_JPN > ========================================================================
2022-09-20 17:10:26,711: - INFO - Test_NavData_JPN: test.Test_NavData_JPN > 'OBJECT' Menu: Match Objects >> Match Objects (TOP)
2022-09-20 17:10:26,711: - INFO - Test_NavData_JPN: test.Test_NavData_JPN > ========================================================================
2022-09-20 17:10:26,711: - INFO - Test_NavData_JPN: test.Test_NavData_JPN > ALL MENU: 19
2022-09-20 17:10:26,748: - INFO - Test_NavData_JPN: test.Test_NavData_JPN > Data updated for [JPN]!
2022-09-20 17:10:26,748: - INFO - Test_NavData_JPN: test.Test_NavData_JPN > Top menu 'OBJECT' is done!
2022-09-20 17:10:30,251: - INFO - Test_NavData_ENG: test.Test_NavData_ENG > 'POLICY' Menu: Rules and Policies
2022-09-20 17:10:30,296: - INFO - Test_NavData_ENG: test.Test_NavData_ENG > 'POLICY' Menu: Access Rules
2022-09-20 17:10:30,335: - INFO - Test_NavData_ENG: test.Test_NavData_ENG > 'POLICY' Menu: NAT Rules
2022-09-20 17:10:30,380: - INFO - Test_NavData_ENG: test.Test_NavData_ENG > 'POLICY' Menu: Routing Rules
2022-09-20 17:10:30,423: - INFO - Test_NavData_ENG: test.Test_NavData_ENG > 'POLICY' Menu: Content Filter Rules
2022-09-20 17:10:30,465: - INFO - Test_NavData_ENG: test.Test_NavData_ENG > 'POLICY' Menu: App Rules
2022-09-20 17:10:30,651: - INFO - Test_NavData_ENG: test.Test_NavData_ENG > 'POLICY' Menu: Endpoint Rules
2022-09-20 17:10:30,692: - INFO - Test_NavData_ENG: test.Test_NavData_ENG > 'POLICY' Menu: DPI-SSL
2022-09-20 17:10:30,727: - INFO - Test_NavData_ENG: test.Test_NavData_ENG > 'POLICY' Menu: Client SSL
2022-09-20 17:10:30,765: - INFO - Test_NavData_ENG: test.Test_NavData_ENG > 'POLICY' Menu: Server SSL
2022-09-20 17:10:30,807: - INFO - Test_NavData_ENG: test.Test_NavData_ENG > 'POLICY' Menu: DPI-SSH
2022-09-20 17:10:30,849: - INFO - Test_NavData_ENG: test.Test_NavData_ENG > 'POLICY' Menu: Settings
2022-09-20 17:10:30,893: - INFO - Test_NavData_ENG: test.Test_NavData_ENG > 'POLICY' Menu: Security Services
2022-09-20 17:10:30,942: - INFO - Test_NavData_ENG: test.Test_NavData_ENG > 'POLICY' Menu: Summary
2022-09-20 17:10:30,977: - INFO - Test_NavData_ENG: test.Test_NavData_ENG > 'POLICY' Menu: Gateway Anti-Virus
2022-09-20 17:10:31,016: - INFO - Test_NavData_ENG: test.Test_NavData_ENG > 'POLICY' Menu: Anti-Spyware
2022-09-20 17:10:31,062: - INFO - Test_NavData_ENG: test.Test_NavData_ENG > 'POLICY' Menu: Intrusion Prevention
2022-09-20 17:10:31,106: - INFO - Test_NavData_ENG: test.Test_NavData_ENG > 'POLICY' Menu: Geo-IP Filter
2022-09-20 17:10:31,142: - INFO - Test_NavData_ENG: test.Test_NavData_ENG > 'POLICY' Menu: Botnet Filter
2022-09-20 17:10:31,186: - INFO - Test_NavData_ENG: test.Test_NavData_ENG > 'POLICY' Menu: App Control
2022-09-20 17:10:31,223: - INFO - Test_NavData_ENG: test.Test_NavData_ENG > 'POLICY' Menu: Content Filter
2022-09-20 17:10:31,263: - INFO - Test_NavData_ENG: test.Test_NavData_ENG > 'POLICY' Menu: Anti-Spam
2022-09-20 17:10:31,304: - INFO - Test_NavData_ENG: test.Test_NavData_ENG > 'POLICY' Menu: Status
2022-09-20 17:10:31,354: - INFO - Test_NavData_ENG: test.Test_NavData_ENG > 'POLICY' Menu: Settings
2022-09-20 17:10:31,398: - INFO - Test_NavData_ENG: test.Test_NavData_ENG > 'POLICY' Menu: Capture ATP
2022-09-20 17:10:31,443: - INFO - Test_NavData_ENG: test.Test_NavData_ENG > 'POLICY' Menu: Settings
2022-09-20 17:10:31,477: - INFO - Test_NavData_ENG: test.Test_NavData_ENG > 'POLICY' Menu: Scanning History
2022-09-20 17:10:31,516: - INFO - Test_NavData_ENG: test.Test_NavData_ENG > 'POLICY' Menu: Endpoint Security
2022-09-20 17:10:31,516: - INFO - Test_NavData_ENG: test.Test_NavData_ENG > ========================================================================
2022-09-20 17:10:31,516: - INFO - Test_NavData_ENG: test.Test_NavData_ENG > 'POLICY' Menu: No duplicated data to the TOP
2022-09-20 17:10:31,516: - INFO - Test_NavData_ENG: test.Test_NavData_ENG > ========================================================================
2022-09-20 17:10:31,516: - INFO - Test_NavData_ENG: test.Test_NavData_ENG > ALL MENU: 28
2022-09-20 17:10:31,553: - INFO - Test_NavData_ENG: test.Test_NavData_ENG > Data updated for [ENG]!
2022-09-20 17:10:31,553: - INFO - Test_NavData_ENG: test.Test_NavData_ENG > Top menu 'POLICY' is done!
2022-09-20 17:10:32,277: - INFO - Test_NavData_JPN: test.Test_NavData_JPN > 'POLICY' Menu: ルールとポリシー >> Rules and Policies
2022-09-20 17:10:32,309: - INFO - Test_NavData_JPN: test.Test_NavData_JPN > 'POLICY' Menu: アクセス ルール >> Access Rules
2022-09-20 17:10:32,341: - INFO - Test_NavData_JPN: test.Test_NavData_JPN > 'POLICY' Menu: NAT ルール >> NAT Rules
2022-09-20 17:10:32,372: - INFO - Test_NavData_JPN: test.Test_NavData_JPN > 'POLICY' Menu: ルーティング ルール >> Routing Rules
2022-09-20 17:10:32,400: - INFO - Test_NavData_JPN: test.Test_NavData_JPN > 'POLICY' Menu: コンテンツ フィルタ ルール >> Content Filter Rules
2022-09-20 17:10:32,427: - INFO - Test_NavData_JPN: test.Test_NavData_JPN > 'POLICY' Menu: アプリケーション ルール >> App Rules
2022-09-20 17:10:32,456: - INFO - Test_NavData_JPN: test.Test_NavData_JPN > 'POLICY' Menu: エンドポイント ルール >> Endpoint Rules
2022-09-20 17:10:32,483: - INFO - Test_NavData_JPN: test.Test_NavData_JPN > 'POLICY' Menu: DPI-SSL >> DPI-SSL
2022-09-20 17:10:32,508: - INFO - Test_NavData_JPN: test.Test_NavData_JPN > 'POLICY' Menu: クライアント SSL >> Client SSL
2022-09-20 17:10:32,534: - INFO - Test_NavData_JPN: test.Test_NavData_JPN > 'POLICY' Menu: サーバ SSL >> Server SSL
2022-09-20 17:10:32,563: - INFO - Test_NavData_JPN: test.Test_NavData_JPN > 'POLICY' Menu: DPI-SSH >> DPI-SSH
2022-09-20 17:10:32,586: - INFO - Test_NavData_JPN: test.Test_NavData_JPN > 'POLICY' Menu: 設定 >> Settings
2022-09-20 17:10:32,612: - INFO - Test_NavData_JPN: test.Test_NavData_JPN > 'POLICY' Menu: セキュリティ サービス >> Security Services
2022-09-20 17:10:32,636: - INFO - Test_NavData_JPN: test.Test_NavData_JPN > 'POLICY' Menu: サマリ >> Summary
2022-09-20 17:10:32,663: - INFO - Test_NavData_JPN: test.Test_NavData_JPN > 'POLICY' Menu: ゲートウェイ アンチウイルス >> Gateway Anti-Virus
2022-09-20 17:10:32,693: - INFO - Test_NavData_JPN: test.Test_NavData_JPN > 'POLICY' Menu: アンチスパイウェア >> Anti-Spyware
2022-09-20 17:10:32,720: - INFO - Test_NavData_JPN: test.Test_NavData_JPN > 'POLICY' Menu: 侵入防御 >> Intrusion Prevention
2022-09-20 17:10:32,747: - INFO - Test_NavData_JPN: test.Test_NavData_JPN > 'POLICY' Menu: 地域 IP フィルタ >> Geo-IP Filter
2022-09-20 17:10:32,778: - INFO - Test_NavData_JPN: test.Test_NavData_JPN > 'POLICY' Menu: ボットネット フィルタ >> Botnet Filter
2022-09-20 17:10:32,810: - INFO - Test_NavData_JPN: test.Test_NavData_JPN > 'POLICY' Menu: アプリケーション制御 >> App Control
2022-09-20 17:10:32,841: - INFO - Test_NavData_JPN: test.Test_NavData_JPN > 'POLICY' Menu: コンテンツ フィルタ >> Content Filter
2022-09-20 17:10:32,883: - INFO - Test_NavData_JPN: test.Test_NavData_JPN > 'POLICY' Menu: アンチスパム >> Anti-Spam
2022-09-20 17:10:32,913: - INFO - Test_NavData_JPN: test.Test_NavData_JPN > 'POLICY' Menu: 状況 >> Status
2022-09-20 17:10:32,949: - INFO - Test_NavData_JPN: test.Test_NavData_JPN > 'POLICY' Menu: 設定 >> Settings
2022-09-20 17:10:32,977: - INFO - Test_NavData_JPN: test.Test_NavData_JPN > 'POLICY' Menu: リレー ドメイン >> Relay Domains
2022-09-20 17:10:33,010: - INFO - Test_NavData_JPN: test.Test_NavData_JPN > 'POLICY' Menu: ジャンク ボックス メッセージ >> Junk Box Messages
2022-09-20 17:10:33,041: - INFO - Test_NavData_JPN: test.Test_NavData_JPN > 'POLICY' Menu: ジャンク ボックス設定 >> Junk Box Settings
2022-09-20 17:10:33,070: - INFO - Test_NavData_JPN: test.Test_NavData_JPN > 'POLICY' Menu: ジャンク ボックス サマリ >> Junk Box Summary
2022-09-20 17:10:33,102: - INFO - Test_NavData_JPN: test.Test_NavData_JPN > 'POLICY' Menu: ユーザ表示セットアップ >> User View Setup
2022-09-20 17:10:33,156: - INFO - Test_NavData_JPN: test.Test_NavData_JPN > 'POLICY' Menu: アドレス帳 >> Address Books
2022-09-20 17:10:33,221: - INFO - Test_NavData_JPN: test.Test_NavData_JPN > 'POLICY' Menu: ユーザ管理 >> Manage Users
2022-09-20 17:10:33,378: - INFO - Test_NavData_JPN: test.Test_NavData_JPN > 'POLICY' Menu: LDAP 構成 >> LDAP Configuration
2022-09-20 17:10:33,414: - INFO - Test_NavData_JPN: test.Test_NavData_JPN > 'POLICY' Menu: 詳細 >> Advanced
2022-09-20 17:10:33,451: - INFO - Test_NavData_JPN: test.Test_NavData_JPN > 'POLICY' Menu: ダウンロード >> Downloads
2022-09-20 17:10:33,482: - INFO - Test_NavData_JPN: test.Test_NavData_JPN > 'POLICY' Menu: キャプチャ ATP >> Capture ATP
2022-09-20 17:10:33,513: - INFO - Test_NavData_JPN: test.Test_NavData_JPN > 'POLICY' Menu: 設定 >> Settings
2022-09-20 17:10:33,542: - INFO - Test_NavData_JPN: test.Test_NavData_JPN > 'POLICY' Menu: スキャン履歴 >> Scanning History
2022-09-20 17:10:33,565: - INFO - Test_NavData_JPN: test.Test_NavData_JPN > 'POLICY' Menu: エンドポイント セキュリティ >> Endpoint Security
2022-09-20 17:10:33,565: - INFO - Test_NavData_JPN: test.Test_NavData_JPN > ========================================================================
2022-09-20 17:10:33,565: - INFO - Test_NavData_JPN: test.Test_NavData_JPN > 'POLICY' Menu: No duplicated data to the TOP
2022-09-20 17:10:33,565: - INFO - Test_NavData_JPN: test.Test_NavData_JPN > ========================================================================
2022-09-20 17:10:33,566: - INFO - Test_NavData_JPN: test.Test_NavData_JPN > ALL MENU: 38
2022-09-20 17:10:33,590: - INFO - Test_NavData_JPN: test.Test_NavData_JPN > Data updated for [JPN]!
2022-09-20 17:10:33,591: - INFO - Test_NavData_JPN: test.Test_NavData_JPN > Top menu 'POLICY' is done!
2022-09-20 17:10:42,170: - INFO - Test_NavData_JPN: test.Test_NavData_JPN > Info created for [JPN]!
2022-09-20 17:10:42,175: - INFO - Test_NavData_JPN: test.Test_NavData_JPN > Info updated for [JPN]!
2022-09-20 17:10:42,895: - INFO - Test_NavData_JPN: test_Step02_MenuTop_JPN > [Pass]Take screenshot...
2022-09-20 17:10:54,034: - INFO - Test_NavData_ENG: test.Test_NavData_ENG > Info created for [ENG]!
2022-09-20 17:10:54,039: - INFO - Test_NavData_ENG: test.Test_NavData_ENG > Info updated for [ENG]!
2022-09-20 17:10:54,741: - INFO - Test_NavData_ENG: test_Step02_MenuTop_ENG > [Pass]Take screenshot...
2022-09-20 17:10:58,017: - INFO - Test_NavData_ENG: box_JPN > Got data!
2022-09-20 17:10:58,023: - INFO - Test_NavData_ENG: box_ENG > Got data!
2022-09-20 17:10:58,024: - INFO - Test_NavData_ENG: test_dataCompare > Ready to start...
2022-09-20 17:10:58,024: - INFO - Test_NavData_ENG: test_dataCompare > --------------------------------------------------------------------
2022-09-20 17:10:58,025: - INFO - Test_NavData_ENG: test_dataCompare > [JPN] info: Device Name -----> TZ 570P
2022-09-20 17:10:58,025: - INFO - Test_NavData_ENG: test_dataCompare > [JPN] info: Serial Number ---> 2CB8ED694D58
2022-09-20 17:10:58,026: - INFO - Test_NavData_ENG: test_dataCompare > [JPN] info: Firmware Version > SonicOS 7.0.1-5080-P3248-j3408
2022-09-20 17:10:58,026: - INFO - Test_NavData_ENG: test_dataCompare > --------------------------------------------------------------------
2022-09-20 17:10:58,027: - INFO - Test_NavData_ENG: test_dataCompare > [ENG] info: Device Name -----> NSA 2700
2022-09-20 17:10:58,027: - INFO - Test_NavData_ENG: test_dataCompare > [ENG] info: Serial Number ---> 2CB8ED8279E0
2022-09-20 17:10:58,027: - INFO - Test_NavData_ENG: test_dataCompare > [ENG] info: Firmware Version > SonicOS 7.0.1-5080-P3250
2022-09-20 17:10:58,027: - INFO - Test_NavData_ENG: test_dataCompare > --------------------------------------------------------------------
2022-09-20 17:10:58,029: - INFO - Test_NavData_ENG: missing_page > [JPN] version missing: DEVICE > Users > Partitions
2022-09-20 17:10:58,030: - INFO - Test_NavData_ENG: missing_page > [JPN] version missing: NETWORK > Switching
2022-09-20 17:10:58,030: - INFO - Test_NavData_ENG: missing_page > [JPN] version missing: NETWORK > Switching > VLAN Trunking
2022-09-20 17:10:58,030: - INFO - Test_NavData_ENG: missing_page > [JPN] version missing: NETWORK > Switching > L2 Discovery
2022-09-20 17:10:58,030: - INFO - Test_NavData_ENG: missing_page > [JPN] version missing: NETWORK > Switching > Link Aggregation
2022-09-20 17:10:58,030: - INFO - Test_NavData_ENG: missing_page > [JPN] version missing: NETWORK > Switching > Port Mirroring
2022-09-20 17:10:58,030: - INFO - Test_NavData_ENG: missing_page > [ENG] version missing: NETWORK > System > PoE Settings
2022-09-20 17:10:58,031: - INFO - Test_NavData_ENG: missing_page > [ENG] version missing: POLICY > Anti-Spam > Relay Domains
2022-09-20 17:10:58,031: - INFO - Test_NavData_ENG: missing_page > [ENG] version missing: POLICY > Anti-Spam > Junk Box Messages
2022-09-20 17:10:58,031: - INFO - Test_NavData_ENG: missing_page > [ENG] version missing: POLICY > Anti-Spam > Junk Box Settings
2022-09-20 17:10:58,032: - INFO - Test_NavData_ENG: missing_page > [ENG] version missing: POLICY > Anti-Spam > Junk Box Summary
2022-09-20 17:10:58,032: - INFO - Test_NavData_ENG: missing_page > [ENG] version missing: POLICY > Anti-Spam > User View Setup
2022-09-20 17:10:58,032: - INFO - Test_NavData_ENG: missing_page > [ENG] version missing: POLICY > Anti-Spam > Address Books
2022-09-20 17:10:58,032: - INFO - Test_NavData_ENG: missing_page > [ENG] version missing: POLICY > Anti-Spam > Manage Users
2022-09-20 17:10:58,032: - INFO - Test_NavData_ENG: missing_page > [ENG] version missing: POLICY > Anti-Spam > LDAP Configuration
2022-09-20 17:10:58,032: - INFO - Test_NavData_ENG: missing_page > [ENG] version missing: POLICY > Anti-Spam > Advanced
2022-09-20 17:10:58,032: - INFO - Test_NavData_ENG: missing_page > [ENG] version missing: POLICY > Anti-Spam > Downloads
