2023-02-07 15:09:45,256: - INFO - Test_NavData_JPN: test.Test_NavData_JPN > Before Navigate To...https://10.8.162.151[JPN]
2023-02-07 15:09:45,256: - INFO - Test_NavData_ENG: test.Test_NavData_ENG > Before Navigate To...https://10.8.162.153[ENG]
2023-02-07 15:09:45,489: - INFO - Test_NavData_ENG: test.Test_NavData_ENG > Login to main page...
2023-02-07 15:09:45,489: - INFO - Test_NavData_JPN: test.Test_NavData_JPN > Login to main page...
2023-02-07 15:10:15,536: - INFO - Test_NavData_ENG: test.Test_NavData_ENG > Element Not Found! >> preempt
2023-02-07 15:10:15,827: - INFO - Test_NavData_ENG: test_Step01_Login_ENG > [Pass]Take screenshot...
2023-02-07 15:10:15,915: - INFO - Test_NavData_ENG: test.Test_NavData_ENG > Switch to 'Non-Config' mode...
2023-02-07 15:10:15,935: - INFO - Test_NavData_JPN: test.Test_NavData_JPN > Element Not Found! >> preempt
2023-02-07 15:10:16,004: - INFO - Test_NavData_ENG: test.Test_NavData_ENG > Data created for [ENG]!
2023-02-07 15:10:16,269: - INFO - Test_NavData_JPN: test_Step01_Login_JPN > [Pass]Take screenshot...
2023-02-07 15:10:16,385: - INFO - Test_NavData_JPN: test.Test_NavData_JPN > Switch to 'Non-Config' mode...
2023-02-07 15:10:16,388: - INFO - Test_NavData_JPN: test.Test_NavData_JPN > Data created for [JPN]!
2023-02-07 15:10:18,098: - INFO - Test_NavData_ENG: test.Test_NavData_ENG > 'HOME' Menu: Dashboard
2023-02-07 15:10:18,113: - INFO - Test_NavData_ENG: test.Test_NavData_ENG > 'HOME' Menu: System
2023-02-07 15:10:18,127: - INFO - Test_NavData_ENG: test.Test_NavData_ENG > 'HOME' Menu: Access Points
2023-02-07 15:10:18,148: - INFO - Test_NavData_ENG: test.Test_NavData_ENG > 'HOME' Menu: Capture ATP
2023-02-07 15:10:18,172: - INFO - Test_NavData_ENG: test.Test_NavData_ENG > 'HOME' Menu: Topology
2023-02-07 15:10:18,192: - INFO - Test_NavData_ENG: test.Test_NavData_ENG > 'HOME' Menu: Legal Information
2023-02-07 15:10:18,220: - INFO - Test_NavData_ENG: test.Test_NavData_ENG > 'HOME' Menu: API
2023-02-07 15:10:18,220: - INFO - Test_NavData_ENG: test.Test_NavData_ENG > ========================================================================
2023-02-07 15:10:18,220: - INFO - Test_NavData_ENG: test.Test_NavData_ENG > 'HOME' Menu: No duplicated data to the TOP
2023-02-07 15:10:18,220: - INFO - Test_NavData_ENG: test.Test_NavData_ENG > ========================================================================
2023-02-07 15:10:18,220: - INFO - Test_NavData_ENG: test.Test_NavData_ENG > ALL MENU: 7
2023-02-07 15:10:18,376: - INFO - Test_NavData_ENG: test.Test_NavData_ENG > Data updated for [ENG]!
2023-02-07 15:10:18,376: - INFO - Test_NavData_ENG: test.Test_NavData_ENG > Top menu 'HOME' is done!
2023-02-07 15:10:18,434: - INFO - Test_NavData_JPN: test.Test_NavData_JPN > 'HOME' Menu: ダッシュボード >> Dashboard
2023-02-07 15:10:18,442: - INFO - Test_NavData_JPN: test.Test_NavData_JPN > 'HOME' Menu: システム >> System
2023-02-07 15:10:18,451: - INFO - Test_NavData_JPN: test.Test_NavData_JPN > 'HOME' Menu: アクセス ポイント >> Access Points
2023-02-07 15:10:18,460: - INFO - Test_NavData_JPN: test.Test_NavData_JPN > 'HOME' Menu: キャプチャ ATP >> Capture ATP
2023-02-07 15:10:18,469: - INFO - Test_NavData_JPN: test.Test_NavData_JPN > 'HOME' Menu: トポロジ >> Topology
2023-02-07 15:10:18,479: - INFO - Test_NavData_JPN: test.Test_NavData_JPN > 'HOME' Menu: 法的情報 >> Legal Information
2023-02-07 15:10:18,490: - INFO - Test_NavData_JPN: test.Test_NavData_JPN > 'HOME' Menu: API >> API
2023-02-07 15:10:18,490: - INFO - Test_NavData_JPN: test.Test_NavData_JPN > ========================================================================
2023-02-07 15:10:18,490: - INFO - Test_NavData_JPN: test.Test_NavData_JPN > 'HOME' Menu: No duplicated data to the TOP
2023-02-07 15:10:18,490: - INFO - Test_NavData_JPN: test.Test_NavData_JPN > ========================================================================
2023-02-07 15:10:18,490: - INFO - Test_NavData_JPN: test.Test_NavData_JPN > ALL MENU: 7
2023-02-07 15:10:18,499: - INFO - Test_NavData_JPN: test.Test_NavData_JPN > Data updated for [JPN]!
2023-02-07 15:10:18,499: - INFO - Test_NavData_JPN: test.Test_NavData_JPN > Top menu 'HOME' is done!
2023-02-07 15:10:23,824: - INFO - Test_NavData_ENG: test.Test_NavData_ENG > 'MONITOR' Menu: Real-Time Charts
2023-02-07 15:10:23,841: - INFO - Test_NavData_ENG: test.Test_NavData_ENG > 'MONITOR' Menu: System Monitor
2023-02-07 15:10:23,858: - INFO - Test_NavData_ENG: test.Test_NavData_ENG > 'MONITOR' Menu: Protocol Monitor
2023-02-07 15:10:23,874: - INFO - Test_NavData_ENG: test.Test_NavData_ENG > 'MONITOR' Menu: User Monitor
2023-02-07 15:10:23,959: - INFO - Test_NavData_ENG: test.Test_NavData_ENG > 'MONITOR' Menu: BWM Monitor
2023-02-07 15:10:23,984: - INFO - Test_NavData_ENG: test.Test_NavData_ENG > 'MONITOR' Menu: AppFlow
2023-02-07 15:10:24,004: - INFO - Test_NavData_ENG: test.Test_NavData_ENG > 'MONITOR' Menu: AppFlow Report
2023-02-07 15:10:24,020: - INFO - Test_NavData_ENG: test.Test_NavData_ENG > 'MONITOR' Menu: AppFlow Monitor
2023-02-07 15:10:24,115: - INFO - Test_NavData_ENG: test.Test_NavData_ENG > 'MONITOR' Menu: CTA Report
2023-02-07 15:10:24,139: - INFO - Test_NavData_ENG: test.Test_NavData_ENG > 'MONITOR' Menu: SDWAN
2023-02-07 15:10:24,165: - INFO - Test_NavData_ENG: test.Test_NavData_ENG > 'MONITOR' Menu: SDWAN Monitor
2023-02-07 15:10:24,210: - INFO - Test_NavData_ENG: test.Test_NavData_ENG > 'MONITOR' Menu: SD-WAN Connections
2023-02-07 15:10:24,226: - INFO - Test_NavData_ENG: test.Test_NavData_ENG > 'MONITOR' Menu: Logs
2023-02-07 15:10:24,242: - INFO - Test_NavData_ENG: test.Test_NavData_ENG > 'MONITOR' Menu: System Logs
2023-02-07 15:10:24,262: - INFO - Test_NavData_ENG: test.Test_NavData_ENG > 'MONITOR' Menu: Auditing Logs
2023-02-07 15:10:24,279: - INFO - Test_NavData_ENG: test.Test_NavData_ENG > 'MONITOR' Menu: Tools & Monitors
2023-02-07 15:10:24,298: - INFO - Test_NavData_ENG: test.Test_NavData_ENG > 'MONITOR' Menu: Packet Monitor
2023-02-07 15:10:24,314: - INFO - Test_NavData_ENG: test.Test_NavData_ENG > 'MONITOR' Menu: Connections
2023-02-07 15:10:24,330: - INFO - Test_NavData_ENG: test.Test_NavData_ENG > 'MONITOR' Menu: Core 0 Processes
2023-02-07 15:10:24,347: - INFO - Test_NavData_ENG: test.Test_NavData_ENG > 'MONITOR' Menu: Packet Replay
2023-02-07 15:10:24,347: - INFO - Test_NavData_ENG: test.Test_NavData_ENG > ========================================================================
2023-02-07 15:10:24,347: - INFO - Test_NavData_ENG: test.Test_NavData_ENG > 'MONITOR' Menu: No duplicated data to the TOP
2023-02-07 15:10:24,347: - INFO - Test_NavData_ENG: test.Test_NavData_ENG > ========================================================================
2023-02-07 15:10:24,347: - INFO - Test_NavData_ENG: test.Test_NavData_ENG > ALL MENU: 20
2023-02-07 15:10:24,358: - INFO - Test_NavData_ENG: test.Test_NavData_ENG > Data updated for [ENG]!
2023-02-07 15:10:24,359: - INFO - Test_NavData_ENG: test.Test_NavData_ENG > Top menu 'MONITOR' is done!
2023-02-07 15:10:24,689: - INFO - Test_NavData_JPN: test.Test_NavData_JPN > 'MONITOR' Menu: リアルタイム グラフ >> Real-Time Charts
2023-02-07 15:10:24,698: - INFO - Test_NavData_JPN: test.Test_NavData_JPN > 'MONITOR' Menu: システム監視 >> System Monitor
2023-02-07 15:10:24,707: - INFO - Test_NavData_JPN: test.Test_NavData_JPN > 'MONITOR' Menu: プロトコル監視 >> Protocol Monitor
2023-02-07 15:10:24,715: - INFO - Test_NavData_JPN: test.Test_NavData_JPN > 'MONITOR' Menu: ユーザ監視 >> User Monitor
2023-02-07 15:10:24,725: - INFO - Test_NavData_JPN: test.Test_NavData_JPN > 'MONITOR' Menu: 帯域幅管理監視 >> BWM Monitor
2023-02-07 15:10:24,735: - INFO - Test_NavData_JPN: test.Test_NavData_JPN > 'MONITOR' Menu: AppFlow >> AppFlow
2023-02-07 15:10:24,745: - INFO - Test_NavData_JPN: test.Test_NavData_JPN > 'MONITOR' Menu: AppFlow 報告 >> AppFlow Report
2023-02-07 15:10:24,755: - INFO - Test_NavData_JPN: test.Test_NavData_JPN > 'MONITOR' Menu: AppFlow 監視 >> AppFlow Monitor
2023-02-07 15:10:24,764: - INFO - Test_NavData_JPN: test.Test_NavData_JPN > 'MONITOR' Menu: CTA レポート >> CTA Report
2023-02-07 15:10:24,774: - INFO - Test_NavData_JPN: test.Test_NavData_JPN > 'MONITOR' Menu: SDWAN >> SDWAN
2023-02-07 15:10:24,783: - INFO - Test_NavData_JPN: test.Test_NavData_JPN > 'MONITOR' Menu: SDWAN 監視 >> SDWAN Monitor
2023-02-07 15:10:24,792: - INFO - Test_NavData_JPN: test.Test_NavData_JPN > 'MONITOR' Menu: SD-WAN 接続 >> SD-WAN Connections
2023-02-07 15:10:24,800: - INFO - Test_NavData_JPN: test.Test_NavData_JPN > 'MONITOR' Menu: ログ >> Logs
2023-02-07 15:10:24,810: - INFO - Test_NavData_JPN: test.Test_NavData_JPN > 'MONITOR' Menu: システム ログ >> System Logs
2023-02-07 15:10:24,820: - INFO - Test_NavData_JPN: test.Test_NavData_JPN > 'MONITOR' Menu: 監査ログ >> Auditing Logs
2023-02-07 15:10:24,828: - INFO - Test_NavData_JPN: test.Test_NavData_JPN > 'MONITOR' Menu: ツールと監視 >> Tools & Monitors
2023-02-07 15:10:24,840: - INFO - Test_NavData_JPN: test.Test_NavData_JPN > 'MONITOR' Menu: パケット監視 >> Packet Monitor
2023-02-07 15:10:24,850: - INFO - Test_NavData_JPN: test.Test_NavData_JPN > 'MONITOR' Menu: 接続 >> Connections
2023-02-07 15:10:24,860: - INFO - Test_NavData_JPN: test.Test_NavData_JPN > 'MONITOR' Menu: コア 0 プロセス >> Core 0 Processes
2023-02-07 15:10:24,871: - INFO - Test_NavData_JPN: test.Test_NavData_JPN > 'MONITOR' Menu: パケット再生 >> Packet Replay
2023-02-07 15:10:24,871: - INFO - Test_NavData_JPN: test.Test_NavData_JPN > ========================================================================
2023-02-07 15:10:24,871: - INFO - Test_NavData_JPN: test.Test_NavData_JPN > 'MONITOR' Menu: No duplicated data to the TOP
2023-02-07 15:10:24,871: - INFO - Test_NavData_JPN: test.Test_NavData_JPN > ========================================================================
2023-02-07 15:10:24,871: - INFO - Test_NavData_JPN: test.Test_NavData_JPN > ALL MENU: 20
2023-02-07 15:10:24,880: - INFO - Test_NavData_JPN: test.Test_NavData_JPN > Data updated for [JPN]!
2023-02-07 15:10:24,880: - INFO - Test_NavData_JPN: test.Test_NavData_JPN > Top menu 'MONITOR' is done!
2023-02-07 15:10:26,357: - INFO - Test_NavData_ENG: test.Test_NavData_ENG > 'DEVICE' Menu: Settings
2023-02-07 15:10:26,390: - INFO - Test_NavData_ENG: test.Test_NavData_ENG > 'DEVICE' Menu: Licenses
2023-02-07 15:10:26,409: - INFO - Test_NavData_ENG: test.Test_NavData_ENG > 'DEVICE' Menu: Administration
2023-02-07 15:10:26,428: - INFO - Test_NavData_ENG: test.Test_NavData_ENG > 'DEVICE' Menu: Time
2023-02-07 15:10:26,445: - INFO - Test_NavData_ENG: test.Test_NavData_ENG > 'DEVICE' Menu: Certificates
2023-02-07 15:10:26,463: - INFO - Test_NavData_ENG: test.Test_NavData_ENG > 'DEVICE' Menu: SNMP
2023-02-07 15:10:26,482: - INFO - Test_NavData_ENG: test.Test_NavData_ENG > 'DEVICE' Menu: Firmware and Settings
2023-02-07 15:10:26,498: - INFO - Test_NavData_ENG: test.Test_NavData_ENG > 'DEVICE' Menu: Storage
2023-02-07 15:10:26,512: - INFO - Test_NavData_ENG: test.Test_NavData_ENG > 'DEVICE' Menu: Restart
2023-02-07 15:10:26,530: - INFO - Test_NavData_ENG: test.Test_NavData_ENG > 'DEVICE' Menu: High Availability
2023-02-07 15:10:26,577: - INFO - Test_NavData_ENG: test.Test_NavData_ENG > 'DEVICE' Menu: Status
2023-02-07 15:10:26,603: - INFO - Test_NavData_ENG: test.Test_NavData_ENG > 'DEVICE' Menu: Settings
2023-02-07 15:10:26,621: - INFO - Test_NavData_ENG: test.Test_NavData_ENG > 'DEVICE' Menu: Advanced
2023-02-07 15:10:26,638: - INFO - Test_NavData_ENG: test.Test_NavData_ENG > 'DEVICE' Menu: Monitoring
2023-02-07 15:10:26,655: - INFO - Test_NavData_ENG: test.Test_NavData_ENG > 'DEVICE' Menu: Users
2023-02-07 15:10:26,670: - INFO - Test_NavData_ENG: test.Test_NavData_ENG > 'DEVICE' Menu: Status
2023-02-07 15:10:26,688: - INFO - Test_NavData_ENG: test.Test_NavData_ENG > 'DEVICE' Menu: Settings
2023-02-07 15:10:26,705: - INFO - Test_NavData_ENG: test.Test_NavData_ENG > 'DEVICE' Menu: Local Users & Groups
2023-02-07 15:10:26,721: - INFO - Test_NavData_ENG: test.Test_NavData_ENG > 'DEVICE' Menu: Guest Services
2023-02-07 15:10:26,736: - INFO - Test_NavData_ENG: test.Test_NavData_ENG > 'DEVICE' Menu: Guest Accounts
2023-02-07 15:10:26,751: - INFO - Test_NavData_ENG: test.Test_NavData_ENG > 'DEVICE' Menu: Guest Status
2023-02-07 15:10:26,766: - INFO - Test_NavData_ENG: test.Test_NavData_ENG > 'DEVICE' Menu: AppFlow
2023-02-07 15:10:26,767: - INFO - Test_NavData_JPN: test.Test_NavData_JPN > 'DEVICE' Menu: 設定 >> Settings
2023-02-07 15:10:26,776: - INFO - Test_NavData_JPN: test.Test_NavData_JPN > 'DEVICE' Menu: ライセンス >> Licenses
2023-02-07 15:10:26,781: - INFO - Test_NavData_ENG: test.Test_NavData_ENG > 'DEVICE' Menu: Flow Reporting
2023-02-07 15:10:26,788: - INFO - Test_NavData_JPN: test.Test_NavData_JPN > 'DEVICE' Menu: 管理 >> Administration
2023-02-07 15:10:26,797: - INFO - Test_NavData_ENG: test.Test_NavData_ENG > 'DEVICE' Menu: AppFlow Agent
2023-02-07 15:10:26,800: - INFO - Test_NavData_JPN: test.Test_NavData_JPN > 'DEVICE' Menu: 時間 >> Time
2023-02-07 15:10:26,810: - INFO - Test_NavData_ENG: test.Test_NavData_ENG > 'DEVICE' Menu: Log
2023-02-07 15:10:26,813: - INFO - Test_NavData_JPN: test.Test_NavData_JPN > 'DEVICE' Menu: 証明書 >> Certificates
2023-02-07 15:10:26,823: - INFO - Test_NavData_JPN: test.Test_NavData_JPN > 'DEVICE' Menu: SNMP >> SNMP
2023-02-07 15:10:26,824: - INFO - Test_NavData_ENG: test.Test_NavData_ENG > 'DEVICE' Menu: Settings
2023-02-07 15:10:26,833: - INFO - Test_NavData_JPN: test.Test_NavData_JPN > 'DEVICE' Menu: ファームウェアと設定 >> Firmware and Settings
2023-02-07 15:10:26,837: - INFO - Test_NavData_ENG: test.Test_NavData_ENG > 'DEVICE' Menu: Syslog
2023-02-07 15:10:26,841: - INFO - Test_NavData_JPN: test.Test_NavData_JPN > 'DEVICE' Menu: 記憶装置 >> Storage
2023-02-07 15:10:26,850: - INFO - Test_NavData_ENG: test.Test_NavData_ENG > 'DEVICE' Menu: Automation
2023-02-07 15:10:26,853: - INFO - Test_NavData_JPN: test.Test_NavData_JPN > 'DEVICE' Menu: 再起動 >> Restart
2023-02-07 15:10:26,864: - INFO - Test_NavData_ENG: test.Test_NavData_ENG > 'DEVICE' Menu: Name Resolution
2023-02-07 15:10:26,865: - INFO - Test_NavData_JPN: test.Test_NavData_JPN > 'DEVICE' Menu: 高可用性 >> High Availability
2023-02-07 15:10:26,874: - INFO - Test_NavData_JPN: test.Test_NavData_JPN > 'DEVICE' Menu: 状況 >> Status
2023-02-07 15:10:26,879: - INFO - Test_NavData_ENG: test.Test_NavData_ENG > 'DEVICE' Menu: Reports
2023-02-07 15:10:26,886: - INFO - Test_NavData_JPN: test.Test_NavData_JPN > 'DEVICE' Menu: 設定 >> Settings
2023-02-07 15:10:26,894: - INFO - Test_NavData_ENG: test.Test_NavData_ENG > 'DEVICE' Menu: AWS
2023-02-07 15:10:26,897: - INFO - Test_NavData_JPN: test.Test_NavData_JPN > 'DEVICE' Menu: 詳細 >> Advanced
2023-02-07 15:10:26,906: - INFO - Test_NavData_JPN: test.Test_NavData_JPN > 'DEVICE' Menu: 監視 >> Monitoring
2023-02-07 15:10:26,907: - INFO - Test_NavData_ENG: test.Test_NavData_ENG > 'DEVICE' Menu: Diagnostics
2023-02-07 15:10:26,915: - INFO - Test_NavData_JPN: test.Test_NavData_JPN > 'DEVICE' Menu: ユーザ >> Users
2023-02-07 15:10:26,919: - INFO - Test_NavData_ENG: test.Test_NavData_ENG > 'DEVICE' Menu: Tech Support Report
2023-02-07 15:10:26,923: - INFO - Test_NavData_JPN: test.Test_NavData_JPN > 'DEVICE' Menu: 状況 >> Status
2023-02-07 15:10:26,932: - INFO - Test_NavData_ENG: test.Test_NavData_ENG > 'DEVICE' Menu: Check Network Settings
2023-02-07 15:10:26,933: - INFO - Test_NavData_JPN: test.Test_NavData_JPN > 'DEVICE' Menu: 設定 >> Settings
2023-02-07 15:10:26,941: - INFO - Test_NavData_JPN: test.Test_NavData_JPN > 'DEVICE' Menu: パーティション >> Partitions
2023-02-07 15:10:26,947: - INFO - Test_NavData_ENG: test.Test_NavData_ENG > 'DEVICE' Menu: DNS Name Lookup
2023-02-07 15:10:26,950: - INFO - Test_NavData_JPN: test.Test_NavData_JPN > 'DEVICE' Menu: ローカル ユーザとグループ >> Local Users & Groups
2023-02-07 15:10:26,960: - INFO - Test_NavData_JPN: test.Test_NavData_JPN > 'DEVICE' Menu: ゲスト サービス >> Guest Services
2023-02-07 15:10:26,962: - INFO - Test_NavData_ENG: test.Test_NavData_ENG > 'DEVICE' Menu: Network Path
2023-02-07 15:10:26,968: - INFO - Test_NavData_JPN: test.Test_NavData_JPN > 'DEVICE' Menu: ゲスト アカウント >> Guest Accounts
2023-02-07 15:10:26,974: - INFO - Test_NavData_ENG: test.Test_NavData_ENG > 'DEVICE' Menu: Ping
2023-02-07 15:10:26,976: - INFO - Test_NavData_JPN: test.Test_NavData_JPN > 'DEVICE' Menu: ゲスト状況 >> Guest Status
2023-02-07 15:10:26,984: - INFO - Test_NavData_JPN: test.Test_NavData_JPN > 'DEVICE' Menu: AppFlow >> AppFlow
2023-02-07 15:10:26,987: - INFO - Test_NavData_ENG: test.Test_NavData_ENG > 'DEVICE' Menu: Trace Route
2023-02-07 15:10:26,992: - INFO - Test_NavData_JPN: test.Test_NavData_JPN > 'DEVICE' Menu: フロー報告 >> Flow Reporting
2023-02-07 15:10:26,999: - INFO - Test_NavData_ENG: test.Test_NavData_ENG > 'DEVICE' Menu: Real-Time Blacklist
2023-02-07 15:10:27,000: - INFO - Test_NavData_JPN: test.Test_NavData_JPN > 'DEVICE' Menu: AppFlow エージェント >> AppFlow Agent
2023-02-07 15:10:27,008: - INFO - Test_NavData_JPN: test.Test_NavData_JPN > 'DEVICE' Menu: ログ >> Log
2023-02-07 15:10:27,012: - INFO - Test_NavData_ENG: test.Test_NavData_ENG > 'DEVICE' Menu: Reverse Name Lookup
2023-02-07 15:10:27,016: - INFO - Test_NavData_JPN: test.Test_NavData_JPN > 'DEVICE' Menu: 設定 >> Settings
2023-02-07 15:10:27,024: - INFO - Test_NavData_JPN: test.Test_NavData_JPN > 'DEVICE' Menu: Syslog >> Syslog
2023-02-07 15:10:27,024: - INFO - Test_NavData_ENG: test.Test_NavData_ENG > 'DEVICE' Menu: Connection TopX
2023-02-07 15:10:27,032: - INFO - Test_NavData_JPN: test.Test_NavData_JPN > 'DEVICE' Menu: 自動化 >> Automation
2023-02-07 15:10:27,036: - INFO - Test_NavData_ENG: test.Test_NavData_ENG > 'DEVICE' Menu: Geo and Botnet
2023-02-07 15:10:27,042: - INFO - Test_NavData_JPN: test.Test_NavData_JPN > 'DEVICE' Menu: 名前解決 >> Name Resolution
2023-02-07 15:10:27,051: - INFO - Test_NavData_ENG: test.Test_NavData_ENG > 'DEVICE' Menu: MX and Banner
2023-02-07 15:10:27,051: - INFO - Test_NavData_JPN: test.Test_NavData_JPN > 'DEVICE' Menu: レポート >> Reports
2023-02-07 15:10:27,059: - INFO - Test_NavData_JPN: test.Test_NavData_JPN > 'DEVICE' Menu: AWS >> AWS
2023-02-07 15:10:27,064: - INFO - Test_NavData_ENG: test.Test_NavData_ENG > 'DEVICE' Menu: GRID Check
2023-02-07 15:10:27,067: - INFO - Test_NavData_JPN: test.Test_NavData_JPN > 'DEVICE' Menu: 診断 >> Diagnostics
2023-02-07 15:10:27,076: - INFO - Test_NavData_JPN: test.Test_NavData_JPN > 'DEVICE' Menu: テクニカル サポート レポート >> Tech Support Report
2023-02-07 15:10:27,077: - INFO - Test_NavData_ENG: test.Test_NavData_ENG > 'DEVICE' Menu: URL Rating Request
2023-02-07 15:10:27,085: - INFO - Test_NavData_JPN: test.Test_NavData_JPN > 'DEVICE' Menu: ネットワーク設定の確認 >> Check Network Settings
2023-02-07 15:10:27,090: - INFO - Test_NavData_ENG: test.Test_NavData_ENG > 'DEVICE' Menu: PMTU Discovery
2023-02-07 15:10:27,095: - INFO - Test_NavData_JPN: test.Test_NavData_JPN > 'DEVICE' Menu: DNS 名の調査 >> DNS Name Lookup
2023-02-07 15:10:27,106: - INFO - Test_NavData_ENG: test.Test_NavData_ENG > 'DEVICE' Menu: Switch Diagnostics
2023-02-07 15:10:27,107: - INFO - Test_NavData_JPN: test.Test_NavData_JPN > 'DEVICE' Menu: ネットワーク パス >> Network Path
2023-02-07 15:10:27,115: - INFO - Test_NavData_JPN: test.Test_NavData_JPN > 'DEVICE' Menu: Ping >> Ping
2023-02-07 15:10:27,120: - INFO - Test_NavData_ENG: test.Test_NavData_ENG > 'DEVICE' Menu: Switch Network
2023-02-07 15:10:27,125: - INFO - Test_NavData_JPN: test.Test_NavData_JPN > 'DEVICE' Menu: ルート追跡 >> Trace Route
2023-02-07 15:10:27,134: - INFO - Test_NavData_JPN: test.Test_NavData_JPN > 'DEVICE' Menu: リアルタイム ブラックリスト >> Real-Time Blacklist
2023-02-07 15:10:27,136: - INFO - Test_NavData_ENG: test.Test_NavData_ENG > 'DEVICE' Menu: Overview
2023-02-07 15:10:27,143: - INFO - Test_NavData_JPN: test.Test_NavData_JPN > 'DEVICE' Menu: 逆引き名前調査 >> Reverse Name Lookup
2023-02-07 15:10:27,149: - INFO - Test_NavData_ENG: test.Test_NavData_ENG > 'DEVICE' Menu: Switches
2023-02-07 15:10:27,153: - INFO - Test_NavData_JPN: test.Test_NavData_JPN > 'DEVICE' Menu: 上位接続 >> Connection TopX
2023-02-07 15:10:27,161: - INFO - Test_NavData_JPN: test.Test_NavData_JPN > 'DEVICE' Menu: 地域とボットネット >> Geo and Botnet
2023-02-07 15:10:27,164: - INFO - Test_NavData_ENG: test.Test_NavData_ENG > 'DEVICE' Menu: Access Points
2023-02-07 15:10:27,172: - INFO - Test_NavData_JPN: test.Test_NavData_JPN > 'DEVICE' Menu: MX とバナー >> MX and Banner
2023-02-07 15:10:27,179: - INFO - Test_NavData_ENG: test.Test_NavData_ENG > 'DEVICE' Menu: Settings
2023-02-07 15:10:27,182: - INFO - Test_NavData_JPN: test.Test_NavData_JPN > 'DEVICE' Menu: グリッド確認 >> GRID Check
2023-02-07 15:10:27,190: - INFO - Test_NavData_JPN: test.Test_NavData_JPN > 'DEVICE' Menu: URL 格付け要求 >> URL Rating Request
2023-02-07 15:10:27,191: - INFO - Test_NavData_ENG: test.Test_NavData_ENG > 'DEVICE' Menu: Firmware Management
2023-02-07 15:10:27,199: - INFO - Test_NavData_JPN: test.Test_NavData_JPN > 'DEVICE' Menu: PMTU 検出 >> PMTU Discovery
2023-02-07 15:10:27,204: - INFO - Test_NavData_ENG: test.Test_NavData_ENG > 'DEVICE' Menu: Floor Plan View
2023-02-07 15:10:27,208: - INFO - Test_NavData_JPN: test.Test_NavData_JPN > 'DEVICE' Menu: スイッチ診断 >> Switch Diagnostics
2023-02-07 15:10:27,218: - INFO - Test_NavData_ENG: test.Test_NavData_ENG > 'DEVICE' Menu: Station Status
2023-02-07 15:10:27,218: - INFO - Test_NavData_JPN: test.Test_NavData_JPN > 'DEVICE' Menu: スイッチ ネットワーク >> Switch Network
2023-02-07 15:10:27,227: - INFO - Test_NavData_JPN: test.Test_NavData_JPN > 'DEVICE' Menu: 概要 >> Overview
2023-02-07 15:10:27,231: - INFO - Test_NavData_ENG: test.Test_NavData_ENG > 'DEVICE' Menu: IDS
2023-02-07 15:10:27,236: - INFO - Test_NavData_JPN: test.Test_NavData_JPN > 'DEVICE' Menu: スイッチ >> Switches
2023-02-07 15:10:27,244: - INFO - Test_NavData_ENG: test.Test_NavData_ENG > 'DEVICE' Menu: Advanced IDP
2023-02-07 15:10:27,244: - INFO - Test_NavData_JPN: test.Test_NavData_JPN > 'DEVICE' Menu: アクセス ポイント >> Access Points
2023-02-07 15:10:27,253: - INFO - Test_NavData_JPN: test.Test_NavData_JPN > 'DEVICE' Menu: 設定 >> Settings
2023-02-07 15:10:27,257: - INFO - Test_NavData_ENG: test.Test_NavData_ENG > 'DEVICE' Menu: Packet Capture
2023-02-07 15:10:27,262: - INFO - Test_NavData_JPN: test.Test_NavData_JPN > 'DEVICE' Menu: ファームウェア管理 >> Firmware Management
2023-02-07 15:10:27,270: - INFO - Test_NavData_ENG: test.Test_NavData_ENG > 'DEVICE' Menu: Virtual Access Point
2023-02-07 15:10:27,270: - INFO - Test_NavData_JPN: test.Test_NavData_JPN > 'DEVICE' Menu: フロア プランの表示 >> Floor Plan View
2023-02-07 15:10:27,279: - INFO - Test_NavData_JPN: test.Test_NavData_JPN > 'DEVICE' Menu: ステーション状況 >> Station Status
2023-02-07 15:10:27,283: - INFO - Test_NavData_ENG: test.Test_NavData_ENG > 'DEVICE' Menu: RF Monitoring
2023-02-07 15:10:27,288: - INFO - Test_NavData_JPN: test.Test_NavData_JPN > 'DEVICE' Menu: IDS >> IDS
2023-02-07 15:10:27,296: - INFO - Test_NavData_ENG: test.Test_NavData_ENG > 'DEVICE' Menu: RF Analysis
2023-02-07 15:10:27,297: - INFO - Test_NavData_JPN: test.Test_NavData_JPN > 'DEVICE' Menu: 高度な IDP >> Advanced IDP
2023-02-07 15:10:27,305: - INFO - Test_NavData_JPN: test.Test_NavData_JPN > 'DEVICE' Menu: パケット キャプチャ >> Packet Capture
2023-02-07 15:10:27,309: - INFO - Test_NavData_ENG: test.Test_NavData_ENG > 'DEVICE' Menu: RF Spectrum
2023-02-07 15:10:27,314: - INFO - Test_NavData_JPN: test.Test_NavData_JPN > 'DEVICE' Menu: 仮想アクセス ポイント >> Virtual Access Point
2023-02-07 15:10:27,323: - INFO - Test_NavData_JPN: test.Test_NavData_JPN > 'DEVICE' Menu: RF 監視 >> RF Monitoring
2023-02-07 15:10:27,323: - INFO - Test_NavData_ENG: test.Test_NavData_ENG > 'DEVICE' Menu: FairNet
2023-02-07 15:10:27,332: - INFO - Test_NavData_JPN: test.Test_NavData_JPN > 'DEVICE' Menu: RF 解析 >> RF Analysis
2023-02-07 15:10:27,337: - INFO - Test_NavData_ENG: test.Test_NavData_ENG > 'DEVICE' Menu: Wi-Fi Multimedia
2023-02-07 15:10:27,341: - INFO - Test_NavData_JPN: test.Test_NavData_JPN > 'DEVICE' Menu: RF スペクトラム >> RF Spectrum
2023-02-07 15:10:27,355: - INFO - Test_NavData_JPN: test.Test_NavData_JPN > 'DEVICE' Menu: FairNet >> FairNet
2023-02-07 15:10:27,358: - INFO - Test_NavData_ENG: test.Test_NavData_ENG > 'DEVICE' Menu: 3G/4G/LTE WWAN
2023-02-07 15:10:27,370: - INFO - Test_NavData_JPN: test.Test_NavData_JPN > 'DEVICE' Menu: Wi-Fi マルチメディア >> Wi-Fi Multimedia
2023-02-07 15:10:27,375: - INFO - Test_NavData_ENG: test.Test_NavData_ENG > 'DEVICE' Menu: Bluetooth LE
2023-02-07 15:10:27,384: - INFO - Test_NavData_JPN: test.Test_NavData_JPN > 'DEVICE' Menu: 3G/4G/LTE WWAN >> 3G/4G/LTE WWAN
2023-02-07 15:10:27,394: - INFO - Test_NavData_JPN: test.Test_NavData_JPN > 'DEVICE' Menu: Bluetooth LE >> Bluetooth LE
2023-02-07 15:10:27,395: - INFO - Test_NavData_ENG: test.Test_NavData_ENG > 'DEVICE' Menu: Radio Management
2023-02-07 15:10:27,403: - INFO - Test_NavData_JPN: test.Test_NavData_JPN > 'DEVICE' Menu: 無線管理 >> Radio Management
2023-02-07 15:10:27,409: - INFO - Test_NavData_ENG: test.Test_NavData_ENG > 'DEVICE' Menu: WWAN
2023-02-07 15:10:27,409: - INFO - Test_NavData_ENG: test.Test_NavData_ENG > ========================================================================
2023-02-07 15:10:27,409: - INFO - Test_NavData_ENG: test.Test_NavData_ENG > 'DEVICE' Menu: Settings >> Settings (TOP)
2023-02-07 15:10:27,409: - INFO - Test_NavData_ENG: test.Test_NavData_ENG > ========================================================================
2023-02-07 15:10:27,409: - INFO - Test_NavData_ENG: test.Test_NavData_ENG > ALL MENU: 68
2023-02-07 15:10:27,415: - INFO - Test_NavData_JPN: test.Test_NavData_JPN > 'DEVICE' Menu: WWAN >> WWAN
2023-02-07 15:10:27,415: - INFO - Test_NavData_JPN: test.Test_NavData_JPN > ========================================================================
2023-02-07 15:10:27,416: - INFO - Test_NavData_JPN: test.Test_NavData_JPN > 'DEVICE' Menu: Settings >> Settings (TOP)
2023-02-07 15:10:27,416: - INFO - Test_NavData_JPN: test.Test_NavData_JPN > ========================================================================
2023-02-07 15:10:27,416: - INFO - Test_NavData_JPN: test.Test_NavData_JPN > ALL MENU: 69
2023-02-07 15:10:27,425: - INFO - Test_NavData_ENG: test.Test_NavData_ENG > Data updated for [ENG]!
2023-02-07 15:10:27,425: - INFO - Test_NavData_ENG: test.Test_NavData_ENG > Top menu 'DEVICE' is done!
2023-02-07 15:10:27,432: - INFO - Test_NavData_JPN: test.Test_NavData_JPN > Data updated for [JPN]!
2023-02-07 15:10:27,432: - INFO - Test_NavData_JPN: test.Test_NavData_JPN > Top menu 'DEVICE' is done!
2023-02-07 15:10:31,972: - INFO - Test_NavData_ENG: test.Test_NavData_ENG > 'NETWORK' Menu: System
2023-02-07 15:10:31,987: - INFO - Test_NavData_ENG: test.Test_NavData_ENG > 'NETWORK' Menu: Interfaces
2023-02-07 15:10:32,004: - INFO - Test_NavData_ENG: test.Test_NavData_ENG > 'NETWORK' Menu: Failover & LB
2023-02-07 15:10:32,019: - INFO - Test_NavData_ENG: test.Test_NavData_ENG > 'NETWORK' Menu: Neighbor Discovery
2023-02-07 15:10:32,033: - INFO - Test_NavData_ENG: test.Test_NavData_ENG > 'NETWORK' Menu: ARP
2023-02-07 15:10:32,050: - INFO - Test_NavData_ENG: test.Test_NavData_ENG > 'NETWORK' Menu: MAC IP Anti-Spoof
2023-02-07 15:10:32,066: - INFO - Test_NavData_ENG: test.Test_NavData_ENG > 'NETWORK' Menu: Web Proxy
2023-02-07 15:10:32,092: - INFO - Test_NavData_ENG: test.Test_NavData_ENG > 'NETWORK' Menu: PortShield Groups
2023-02-07 15:10:32,113: - INFO - Test_NavData_ENG: test.Test_NavData_ENG > 'NETWORK' Menu: PoE Settings
2023-02-07 15:10:32,129: - INFO - Test_NavData_ENG: test.Test_NavData_ENG > 'NETWORK' Menu: VLAN Translation
2023-02-07 15:10:32,147: - INFO - Test_NavData_ENG: test.Test_NavData_ENG > 'NETWORK' Menu: IP Helper
2023-02-07 15:10:32,161: - INFO - Test_NavData_ENG: test.Test_NavData_ENG > 'NETWORK' Menu: Dynamic Routing
2023-02-07 15:10:32,176: - INFO - Test_NavData_ENG: test.Test_NavData_ENG > 'NETWORK' Menu: DHCP Server
2023-02-07 15:10:32,191: - INFO - Test_NavData_ENG: test.Test_NavData_ENG > 'NETWORK' Menu: Multicast
2023-02-07 15:10:32,205: - INFO - Test_NavData_ENG: test.Test_NavData_ENG > 'NETWORK' Menu: Network Monitor
2023-02-07 15:10:32,223: - INFO - Test_NavData_ENG: test.Test_NavData_ENG > 'NETWORK' Menu: AWS Configuration
2023-02-07 15:10:32,236: - INFO - Test_NavData_ENG: test.Test_NavData_ENG > 'NETWORK' Menu: Firewall
2023-02-07 15:10:32,250: - INFO - Test_NavData_ENG: test.Test_NavData_ENG > 'NETWORK' Menu: Advanced
2023-02-07 15:10:32,265: - INFO - Test_NavData_ENG: test.Test_NavData_ENG > 'NETWORK' Menu: Flood Protection
2023-02-07 15:10:32,280: - INFO - Test_NavData_ENG: test.Test_NavData_ENG > 'NETWORK' Menu: SSL Control
2023-02-07 15:10:32,298: - INFO - Test_NavData_ENG: test.Test_NavData_ENG > 'NETWORK' Menu: Cipher Control
2023-02-07 15:10:32,315: - INFO - Test_NavData_ENG: test.Test_NavData_ENG > 'NETWORK' Menu: RBL Filter
2023-02-07 15:10:32,334: - INFO - Test_NavData_ENG: test.Test_NavData_ENG > 'NETWORK' Menu: VoIP
2023-02-07 15:10:32,353: - INFO - Test_NavData_ENG: test.Test_NavData_ENG > 'NETWORK' Menu: Settings
2023-02-07 15:10:32,369: - INFO - Test_NavData_ENG: test.Test_NavData_ENG > 'NETWORK' Menu: Call Status
2023-02-07 15:10:32,389: - INFO - Test_NavData_ENG: test.Test_NavData_ENG > 'NETWORK' Menu: DNS
2023-02-07 15:10:32,406: - INFO - Test_NavData_ENG: test.Test_NavData_ENG > 'NETWORK' Menu: Settings
2023-02-07 15:10:32,427: - INFO - Test_NavData_ENG: test.Test_NavData_ENG > 'NETWORK' Menu: Dynamic DNS
2023-02-07 15:10:32,442: - INFO - Test_NavData_ENG: test.Test_NavData_ENG > 'NETWORK' Menu: DNS Proxy
2023-02-07 15:10:32,456: - INFO - Test_NavData_ENG: test.Test_NavData_ENG > 'NETWORK' Menu: DNS Security
2023-02-07 15:10:32,533: - INFO - Test_NavData_ENG: test.Test_NavData_ENG > 'NETWORK' Menu: SDWAN
2023-02-07 15:10:32,555: - INFO - Test_NavData_ENG: test.Test_NavData_ENG > 'NETWORK' Menu: Groups
2023-02-07 15:10:32,574: - INFO - Test_NavData_ENG: test.Test_NavData_ENG > 'NETWORK' Menu: SLA Probes
2023-02-07 15:10:32,590: - INFO - Test_NavData_ENG: test.Test_NavData_ENG > 'NETWORK' Menu: SLA Class Objects
2023-02-07 15:10:32,605: - INFO - Test_NavData_ENG: test.Test_NavData_ENG > 'NETWORK' Menu: Path Selection Profiles
2023-02-07 15:10:32,619: - INFO - Test_NavData_ENG: test.Test_NavData_ENG > 'NETWORK' Menu: Rules
2023-02-07 15:10:32,634: - INFO - Test_NavData_ENG: test.Test_NavData_ENG > 'NETWORK' Menu: IPSec VPN
2023-02-07 15:10:32,648: - INFO - Test_NavData_ENG: test.Test_NavData_ENG > 'NETWORK' Menu: Rules and Settings
2023-02-07 15:10:32,661: - INFO - Test_NavData_ENG: test.Test_NavData_ENG > 'NETWORK' Menu: Advanced
2023-02-07 15:10:32,676: - INFO - Test_NavData_ENG: test.Test_NavData_ENG > 'NETWORK' Menu: DHCP over VPN
2023-02-07 15:10:32,691: - INFO - Test_NavData_ENG: test.Test_NavData_ENG > 'NETWORK' Menu: L2TP Server
2023-02-07 15:10:32,709: - INFO - Test_NavData_ENG: test.Test_NavData_ENG > 'NETWORK' Menu: AWS VPN
2023-02-07 15:10:32,725: - INFO - Test_NavData_ENG: test.Test_NavData_ENG > 'NETWORK' Menu: SSL VPN
2023-02-07 15:10:32,740: - INFO - Test_NavData_ENG: test.Test_NavData_ENG > 'NETWORK' Menu: Status
2023-02-07 15:10:32,754: - INFO - Test_NavData_ENG: test.Test_NavData_ENG > 'NETWORK' Menu: Server Settings
2023-02-07 15:10:32,768: - INFO - Test_NavData_ENG: test.Test_NavData_ENG > 'NETWORK' Menu: Client Settings
2023-02-07 15:10:32,784: - INFO - Test_NavData_ENG: test.Test_NavData_ENG > 'NETWORK' Menu: Portal Settings
2023-02-07 15:10:32,831: - INFO - Test_NavData_ENG: test.Test_NavData_ENG > 'NETWORK' Menu: Virtual Office
2023-02-07 15:10:32,831: - INFO - Test_NavData_ENG: test.Test_NavData_ENG > ========================================================================
2023-02-07 15:10:32,831: - INFO - Test_NavData_ENG: test.Test_NavData_ENG > 'NETWORK' Menu: No duplicated data to the TOP
2023-02-07 15:10:32,831: - INFO - Test_NavData_ENG: test.Test_NavData_ENG > ========================================================================
2023-02-07 15:10:32,831: - INFO - Test_NavData_ENG: test.Test_NavData_ENG > ALL MENU: 48
2023-02-07 15:10:32,851: - INFO - Test_NavData_ENG: test.Test_NavData_ENG > Data updated for [ENG]!
2023-02-07 15:10:32,852: - INFO - Test_NavData_ENG: test.Test_NavData_ENG > Top menu 'NETWORK' is done!
2023-02-07 15:10:33,148: - INFO - Test_NavData_JPN: test.Test_NavData_JPN > 'NETWORK' Menu: システム >> System
2023-02-07 15:10:33,168: - INFO - Test_NavData_JPN: test.Test_NavData_JPN > 'NETWORK' Menu: インターフェース >> Interfaces
2023-02-07 15:10:33,184: - INFO - Test_NavData_JPN: test.Test_NavData_JPN > 'NETWORK' Menu: フェイルオーバーと負荷分散 >> Failover & LB
2023-02-07 15:10:33,200: - INFO - Test_NavData_JPN: test.Test_NavData_JPN > 'NETWORK' Menu: 近隣者検出 >> Neighbor Discovery
2023-02-07 15:10:33,209: - INFO - Test_NavData_JPN: test.Test_NavData_JPN > 'NETWORK' Menu: ARP >> ARP
2023-02-07 15:10:33,219: - INFO - Test_NavData_JPN: test.Test_NavData_JPN > 'NETWORK' Menu: MAC IP アンチスプーフ >> MAC IP Anti-Spoof
2023-02-07 15:10:33,236: - INFO - Test_NavData_JPN: test.Test_NavData_JPN > 'NETWORK' Menu: ウェブ プロキシ >> Web Proxy
2023-02-07 15:10:33,251: - INFO - Test_NavData_JPN: test.Test_NavData_JPN > 'NETWORK' Menu: PortShield グループ >> PortShield Groups
2023-02-07 15:10:33,262: - INFO - Test_NavData_JPN: test.Test_NavData_JPN > 'NETWORK' Menu: VLAN 変換 >> VLAN Translation
2023-02-07 15:10:33,293: - INFO - Test_NavData_JPN: test.Test_NavData_JPN > 'NETWORK' Menu: IP ヘルパー >> IP Helper
2023-02-07 15:10:33,324: - INFO - Test_NavData_JPN: test.Test_NavData_JPN > 'NETWORK' Menu: 動的ルーティング >> Dynamic Routing
2023-02-07 15:10:33,335: - INFO - Test_NavData_JPN: test.Test_NavData_JPN > 'NETWORK' Menu: DHCP サーバ >> DHCP Server
2023-02-07 15:10:33,344: - INFO - Test_NavData_JPN: test.Test_NavData_JPN > 'NETWORK' Menu: マルチキャスト >> Multicast
2023-02-07 15:10:33,354: - INFO - Test_NavData_JPN: test.Test_NavData_JPN > 'NETWORK' Menu: ネットワーク監視 >> Network Monitor
2023-02-07 15:10:33,363: - INFO - Test_NavData_JPN: test.Test_NavData_JPN > 'NETWORK' Menu: AWS 設定 >> AWS Configuration
2023-02-07 15:10:33,373: - INFO - Test_NavData_JPN: test.Test_NavData_JPN > 'NETWORK' Menu: ファイアウォール >> Firewall
2023-02-07 15:10:33,392: - INFO - Test_NavData_JPN: test.Test_NavData_JPN > 'NETWORK' Menu: 詳細 >> Advanced
2023-02-07 15:10:33,401: - INFO - Test_NavData_JPN: test.Test_NavData_JPN > 'NETWORK' Menu: フラッド防御 >> Flood Protection
2023-02-07 15:10:33,410: - INFO - Test_NavData_JPN: test.Test_NavData_JPN > 'NETWORK' Menu: SSL 制御 >> SSL Control
2023-02-07 15:10:33,418: - INFO - Test_NavData_JPN: test.Test_NavData_JPN > 'NETWORK' Menu: 暗号化制御 >> Cipher Control
2023-02-07 15:10:33,428: - INFO - Test_NavData_JPN: test.Test_NavData_JPN > 'NETWORK' Menu: RBL フィルタ >> RBL Filter
2023-02-07 15:10:33,437: - INFO - Test_NavData_JPN: test.Test_NavData_JPN > 'NETWORK' Menu: VoIP >> VoIP
2023-02-07 15:10:33,446: - INFO - Test_NavData_JPN: test.Test_NavData_JPN > 'NETWORK' Menu: 設定 >> Settings
2023-02-07 15:10:33,455: - INFO - Test_NavData_JPN: test.Test_NavData_JPN > 'NETWORK' Menu: 通話状況 >> Call Status
2023-02-07 15:10:33,465: - INFO - Test_NavData_JPN: test.Test_NavData_JPN > 'NETWORK' Menu: DNS >> DNS
2023-02-07 15:10:33,476: - INFO - Test_NavData_JPN: test.Test_NavData_JPN > 'NETWORK' Menu: 設定 >> Settings
2023-02-07 15:10:33,488: - INFO - Test_NavData_JPN: test.Test_NavData_JPN > 'NETWORK' Menu: 動的 DNS >> Dynamic DNS
2023-02-07 15:10:33,498: - INFO - Test_NavData_JPN: test.Test_NavData_JPN > 'NETWORK' Menu: DNS プロキシ >> DNS Proxy
2023-02-07 15:10:33,508: - INFO - Test_NavData_JPN: test.Test_NavData_JPN > 'NETWORK' Menu: DNS セキュリティ >> DNS Security
2023-02-07 15:10:33,517: - INFO - Test_NavData_JPN: test.Test_NavData_JPN > 'NETWORK' Menu: スイッチング >> Switching
2023-02-07 15:10:33,529: - INFO - Test_NavData_JPN: test.Test_NavData_JPN > 'NETWORK' Menu: VLAN トランク >> VLAN Trunking
2023-02-07 15:10:33,538: - INFO - Test_NavData_JPN: test.Test_NavData_JPN > 'NETWORK' Menu: L2 発見 >> L2 Discovery
2023-02-07 15:10:33,547: - INFO - Test_NavData_JPN: test.Test_NavData_JPN > 'NETWORK' Menu: リンク統合 >> Link Aggregation
2023-02-07 15:10:33,559: - INFO - Test_NavData_JPN: test.Test_NavData_JPN > 'NETWORK' Menu: ポート ミラーリング >> Port Mirroring
2023-02-07 15:10:33,572: - INFO - Test_NavData_JPN: test.Test_NavData_JPN > 'NETWORK' Menu: SDWAN >> SDWAN
2023-02-07 15:10:33,584: - INFO - Test_NavData_JPN: test.Test_NavData_JPN > 'NETWORK' Menu: グループ >> Groups
2023-02-07 15:10:33,597: - INFO - Test_NavData_JPN: test.Test_NavData_JPN > 'NETWORK' Menu: SLA プローブ >> SLA Probes
2023-02-07 15:10:33,607: - INFO - Test_NavData_JPN: test.Test_NavData_JPN > 'NETWORK' Menu: SLA クラス オブジェクト >> SLA Class Objects
2023-02-07 15:10:33,621: - INFO - Test_NavData_JPN: test.Test_NavData_JPN > 'NETWORK' Menu: パス選択プロファイル >> Path Selection Profiles
2023-02-07 15:10:33,633: - INFO - Test_NavData_JPN: test.Test_NavData_JPN > 'NETWORK' Menu: ルール >> Rules
2023-02-07 15:10:33,645: - INFO - Test_NavData_JPN: test.Test_NavData_JPN > 'NETWORK' Menu: IPSec VPN >> IPSec VPN
2023-02-07 15:10:33,657: - INFO - Test_NavData_JPN: test.Test_NavData_JPN > 'NETWORK' Menu: ルールと設定 >> Rules and Settings
2023-02-07 15:10:33,670: - INFO - Test_NavData_JPN: test.Test_NavData_JPN > 'NETWORK' Menu: 詳細 >> Advanced
2023-02-07 15:10:33,680: - INFO - Test_NavData_JPN: test.Test_NavData_JPN > 'NETWORK' Menu: VPN を越えた DHCP >> DHCP over VPN
2023-02-07 15:10:33,691: - INFO - Test_NavData_JPN: test.Test_NavData_JPN > 'NETWORK' Menu: L2TP サーバ >> L2TP Server
2023-02-07 15:10:33,701: - INFO - Test_NavData_JPN: test.Test_NavData_JPN > 'NETWORK' Menu: AWS VPN >> AWS VPN
2023-02-07 15:10:33,714: - INFO - Test_NavData_JPN: test.Test_NavData_JPN > 'NETWORK' Menu: SSL VPN >> SSL VPN
2023-02-07 15:10:33,724: - INFO - Test_NavData_JPN: test.Test_NavData_JPN > 'NETWORK' Menu: 状況 >> Status
2023-02-07 15:10:33,735: - INFO - Test_NavData_JPN: test.Test_NavData_JPN > 'NETWORK' Menu: サーバ設定 >> Server Settings
2023-02-07 15:10:33,744: - INFO - Test_NavData_JPN: test.Test_NavData_JPN > 'NETWORK' Menu: クライアント設定 >> Client Settings
2023-02-07 15:10:33,753: - INFO - Test_NavData_JPN: test.Test_NavData_JPN > 'NETWORK' Menu: ポータル設定 >> Portal Settings
2023-02-07 15:10:33,764: - INFO - Test_NavData_JPN: test.Test_NavData_JPN > 'NETWORK' Menu: 仮想オフィス >> Virtual Office
2023-02-07 15:10:33,764: - INFO - Test_NavData_JPN: test.Test_NavData_JPN > ========================================================================
2023-02-07 15:10:33,765: - INFO - Test_NavData_JPN: test.Test_NavData_JPN > 'NETWORK' Menu: No duplicated data to the TOP
2023-02-07 15:10:33,765: - INFO - Test_NavData_JPN: test.Test_NavData_JPN > ========================================================================
2023-02-07 15:10:33,765: - INFO - Test_NavData_JPN: test.Test_NavData_JPN > ALL MENU: 52
2023-02-07 15:10:33,783: - INFO - Test_NavData_JPN: test.Test_NavData_JPN > Data updated for [JPN]!
2023-02-07 15:10:33,783: - INFO - Test_NavData_JPN: test.Test_NavData_JPN > Top menu 'NETWORK' is done!
2023-02-07 15:10:34,601: - INFO - Test_NavData_ENG: test.Test_NavData_ENG > 'OBJECT' Menu: Match Objects
2023-02-07 15:10:34,616: - INFO - Test_NavData_ENG: test.Test_NavData_ENG > 'OBJECT' Menu: Zones
2023-02-07 15:10:34,634: - INFO - Test_NavData_ENG: test.Test_NavData_ENG > 'OBJECT' Menu: Addresses
2023-02-07 15:10:34,648: - INFO - Test_NavData_ENG: test.Test_NavData_ENG > 'OBJECT' Menu: Services
2023-02-07 15:10:34,663: - INFO - Test_NavData_ENG: test.Test_NavData_ENG > 'OBJECT' Menu: URI Lists
2023-02-07 15:10:34,676: - INFO - Test_NavData_ENG: test.Test_NavData_ENG > 'OBJECT' Menu: Match Objects
2023-02-07 15:10:34,690: - INFO - Test_NavData_ENG: test.Test_NavData_ENG > 'OBJECT' Menu: Schedules
2023-02-07 15:10:34,737: - INFO - Test_NavData_ENG: test.Test_NavData_ENG > 'OBJECT' Menu: Dynamic Group
2023-02-07 15:10:34,762: - INFO - Test_NavData_ENG: test.Test_NavData_ENG > 'OBJECT' Menu: Email Addresses
2023-02-07 15:10:34,780: - INFO - Test_NavData_ENG: test.Test_NavData_ENG > 'OBJECT' Menu: Profile Objects
2023-02-07 15:10:34,797: - INFO - Test_NavData_ENG: test.Test_NavData_ENG > 'OBJECT' Menu: Endpoint Security
2023-02-07 15:10:34,820: - INFO - Test_NavData_ENG: test.Test_NavData_ENG > 'OBJECT' Menu: Bandwidth
2023-02-07 15:10:34,841: - INFO - Test_NavData_ENG: test.Test_NavData_ENG > 'OBJECT' Menu: QoS Marking
2023-02-07 15:10:34,859: - INFO - Test_NavData_ENG: test.Test_NavData_ENG > 'OBJECT' Menu: Content Filter
2023-02-07 15:10:34,877: - INFO - Test_NavData_ENG: test.Test_NavData_ENG > 'OBJECT' Menu: DHCP Option
2023-02-07 15:10:34,891: - INFO - Test_NavData_ENG: test.Test_NavData_ENG > 'OBJECT' Menu: AWS
2023-02-07 15:10:34,907: - INFO - Test_NavData_ENG: test.Test_NavData_ENG > 'OBJECT' Menu: Action Objects
2023-02-07 15:10:34,922: - INFO - Test_NavData_ENG: test.Test_NavData_ENG > 'OBJECT' Menu: App Rule Actions
2023-02-07 15:10:34,936: - INFO - Test_NavData_ENG: test.Test_NavData_ENG > 'OBJECT' Menu: Content Filter Actions
2023-02-07 15:10:34,936: - INFO - Test_NavData_ENG: test.Test_NavData_ENG > ========================================================================
2023-02-07 15:10:34,936: - INFO - Test_NavData_ENG: test.Test_NavData_ENG > 'OBJECT' Menu: Match Objects >> Match Objects (TOP)
2023-02-07 15:10:34,936: - INFO - Test_NavData_ENG: test.Test_NavData_ENG > ========================================================================
2023-02-07 15:10:34,936: - INFO - Test_NavData_ENG: test.Test_NavData_ENG > ALL MENU: 19
2023-02-07 15:10:34,950: - INFO - Test_NavData_ENG: test.Test_NavData_ENG > Data updated for [ENG]!
2023-02-07 15:10:34,951: - INFO - Test_NavData_ENG: test.Test_NavData_ENG > Top menu 'OBJECT' is done!
2023-02-07 15:10:36,031: - INFO - Test_NavData_JPN: test.Test_NavData_JPN > 'OBJECT' Menu: 一致オブジェクト >> Match Objects
2023-02-07 15:10:36,043: - INFO - Test_NavData_JPN: test.Test_NavData_JPN > 'OBJECT' Menu: ゾーン >> Zones
2023-02-07 15:10:36,054: - INFO - Test_NavData_JPN: test.Test_NavData_JPN > 'OBJECT' Menu: アドレス >> Addresses
2023-02-07 15:10:36,066: - INFO - Test_NavData_JPN: test.Test_NavData_JPN > 'OBJECT' Menu: サービス >> Services
2023-02-07 15:10:36,075: - INFO - Test_NavData_JPN: test.Test_NavData_JPN > 'OBJECT' Menu: URI リスト >> URI Lists
2023-02-07 15:10:36,085: - INFO - Test_NavData_JPN: test.Test_NavData_JPN > 'OBJECT' Menu: 一致オブジェクト >> Match Objects
2023-02-07 15:10:36,094: - INFO - Test_NavData_JPN: test.Test_NavData_JPN > 'OBJECT' Menu: スケジュール >> Schedules
2023-02-07 15:10:36,103: - INFO - Test_NavData_JPN: test.Test_NavData_JPN > 'OBJECT' Menu: 動的グループ >> Dynamic Group
2023-02-07 15:10:36,113: - INFO - Test_NavData_JPN: test.Test_NavData_JPN > 'OBJECT' Menu: 電子メール アドレス >> Email Addresses
2023-02-07 15:10:36,122: - INFO - Test_NavData_JPN: test.Test_NavData_JPN > 'OBJECT' Menu: プロファイル オブジェクト >> Profile Objects
2023-02-07 15:10:36,132: - INFO - Test_NavData_JPN: test.Test_NavData_JPN > 'OBJECT' Menu: エンドポイント セキュリティ >> Endpoint Security
2023-02-07 15:10:36,143: - INFO - Test_NavData_JPN: test.Test_NavData_JPN > 'OBJECT' Menu: 帯域幅 >> Bandwidth
2023-02-07 15:10:36,154: - INFO - Test_NavData_JPN: test.Test_NavData_JPN > 'OBJECT' Menu: QoS 級割 >> QoS Marking
2023-02-07 15:10:36,163: - INFO - Test_NavData_JPN: test.Test_NavData_JPN > 'OBJECT' Menu: コンテンツ フィルタ >> Content Filter
2023-02-07 15:10:36,173: - INFO - Test_NavData_JPN: test.Test_NavData_JPN > 'OBJECT' Menu: DHCP オプション >> DHCP Option
2023-02-07 15:10:36,185: - INFO - Test_NavData_JPN: test.Test_NavData_JPN > 'OBJECT' Menu: AWS >> AWS
2023-02-07 15:10:36,195: - INFO - Test_NavData_JPN: test.Test_NavData_JPN > 'OBJECT' Menu: 動作オブジェクト >> Action Objects
2023-02-07 15:10:36,206: - INFO - Test_NavData_JPN: test.Test_NavData_JPN > 'OBJECT' Menu: アプリケーション ルールの動作 >> App Rule Actions
2023-02-07 15:10:36,216: - INFO - Test_NavData_JPN: test.Test_NavData_JPN > 'OBJECT' Menu: コンテンツ フィルタの動作 >> Content Filter Actions
2023-02-07 15:10:36,216: - INFO - Test_NavData_JPN: test.Test_NavData_JPN > ========================================================================
2023-02-07 15:10:36,216: - INFO - Test_NavData_JPN: test.Test_NavData_JPN > 'OBJECT' Menu: Match Objects >> Match Objects (TOP)
2023-02-07 15:10:36,216: - INFO - Test_NavData_JPN: test.Test_NavData_JPN > ========================================================================
2023-02-07 15:10:36,216: - INFO - Test_NavData_JPN: test.Test_NavData_JPN > ALL MENU: 19
2023-02-07 15:10:36,231: - INFO - Test_NavData_JPN: test.Test_NavData_JPN > Data updated for [JPN]!
2023-02-07 15:10:36,232: - INFO - Test_NavData_JPN: test.Test_NavData_JPN > Top menu 'OBJECT' is done!
2023-02-07 15:10:37,315: - INFO - Test_NavData_ENG: test.Test_NavData_ENG > 'POLICY' Menu: Rules and Policies
2023-02-07 15:10:37,334: - INFO - Test_NavData_ENG: test.Test_NavData_ENG > 'POLICY' Menu: Access Rules
2023-02-07 15:10:37,350: - INFO - Test_NavData_ENG: test.Test_NavData_ENG > 'POLICY' Menu: NAT Rules
2023-02-07 15:10:37,365: - INFO - Test_NavData_ENG: test.Test_NavData_ENG > 'POLICY' Menu: Routing Rules
2023-02-07 15:10:37,380: - INFO - Test_NavData_ENG: test.Test_NavData_ENG > 'POLICY' Menu: Content Filter Rules
2023-02-07 15:10:37,396: - INFO - Test_NavData_ENG: test.Test_NavData_ENG > 'POLICY' Menu: App Rules
2023-02-07 15:10:37,423: - INFO - Test_NavData_ENG: test.Test_NavData_ENG > 'POLICY' Menu: Endpoint Rules
2023-02-07 15:10:37,440: - INFO - Test_NavData_ENG: test.Test_NavData_ENG > 'POLICY' Menu: DPI-SSL
2023-02-07 15:10:37,457: - INFO - Test_NavData_ENG: test.Test_NavData_ENG > 'POLICY' Menu: Client SSL
2023-02-07 15:10:37,473: - INFO - Test_NavData_ENG: test.Test_NavData_ENG > 'POLICY' Menu: Server SSL
2023-02-07 15:10:37,489: - INFO - Test_NavData_ENG: test.Test_NavData_ENG > 'POLICY' Menu: DPI-SSH
2023-02-07 15:10:37,506: - INFO - Test_NavData_ENG: test.Test_NavData_ENG > 'POLICY' Menu: Settings
2023-02-07 15:10:37,525: - INFO - Test_NavData_ENG: test.Test_NavData_ENG > 'POLICY' Menu: Security Services
2023-02-07 15:10:37,540: - INFO - Test_NavData_ENG: test.Test_NavData_ENG > 'POLICY' Menu: Summary
2023-02-07 15:10:37,555: - INFO - Test_NavData_ENG: test.Test_NavData_ENG > 'POLICY' Menu: Gateway Anti-Virus
2023-02-07 15:10:37,572: - INFO - Test_NavData_ENG: test.Test_NavData_ENG > 'POLICY' Menu: Anti-Spyware
2023-02-07 15:10:37,588: - INFO - Test_NavData_ENG: test.Test_NavData_ENG > 'POLICY' Menu: Intrusion Prevention
2023-02-07 15:10:37,604: - INFO - Test_NavData_ENG: test.Test_NavData_ENG > 'POLICY' Menu: Geo-IP Filter
2023-02-07 15:10:37,621: - INFO - Test_NavData_ENG: test.Test_NavData_ENG > 'POLICY' Menu: Botnet Filter
2023-02-07 15:10:37,635: - INFO - Test_NavData_ENG: test.Test_NavData_ENG > 'POLICY' Menu: App Control
2023-02-07 15:10:37,649: - INFO - Test_NavData_ENG: test.Test_NavData_ENG > 'POLICY' Menu: Content Filter
2023-02-07 15:10:37,665: - INFO - Test_NavData_ENG: test.Test_NavData_ENG > 'POLICY' Menu: Anti-Spam
2023-02-07 15:10:37,680: - INFO - Test_NavData_ENG: test.Test_NavData_ENG > 'POLICY' Menu: Status
2023-02-07 15:10:37,693: - INFO - Test_NavData_ENG: test.Test_NavData_ENG > 'POLICY' Menu: Settings
2023-02-07 15:10:37,708: - INFO - Test_NavData_ENG: test.Test_NavData_ENG > 'POLICY' Menu: Capture ATP
2023-02-07 15:10:37,723: - INFO - Test_NavData_ENG: test.Test_NavData_ENG > 'POLICY' Menu: Settings
2023-02-07 15:10:37,737: - INFO - Test_NavData_ENG: test.Test_NavData_ENG > 'POLICY' Menu: Scanning History
2023-02-07 15:10:37,751: - INFO - Test_NavData_ENG: test.Test_NavData_ENG > 'POLICY' Menu: Endpoint Security
2023-02-07 15:10:37,751: - INFO - Test_NavData_ENG: test.Test_NavData_ENG > ========================================================================
2023-02-07 15:10:37,751: - INFO - Test_NavData_ENG: test.Test_NavData_ENG > 'POLICY' Menu: No duplicated data to the TOP
2023-02-07 15:10:37,751: - INFO - Test_NavData_ENG: test.Test_NavData_ENG > ========================================================================
2023-02-07 15:10:37,751: - INFO - Test_NavData_ENG: test.Test_NavData_ENG > ALL MENU: 28
2023-02-07 15:10:37,761: - INFO - Test_NavData_ENG: test.Test_NavData_ENG > Data updated for [ENG]!
2023-02-07 15:10:37,761: - INFO - Test_NavData_ENG: test.Test_NavData_ENG > Top menu 'POLICY' is done!
2023-02-07 15:10:39,022: - INFO - Test_NavData_JPN: test.Test_NavData_JPN > 'POLICY' Menu: ルールとポリシー >> Rules and Policies
2023-02-07 15:10:39,034: - INFO - Test_NavData_JPN: test.Test_NavData_JPN > 'POLICY' Menu: アクセス ルール >> Access Rules
2023-02-07 15:10:39,047: - INFO - Test_NavData_JPN: test.Test_NavData_JPN > 'POLICY' Menu: NAT ルール >> NAT Rules
2023-02-07 15:10:39,058: - INFO - Test_NavData_JPN: test.Test_NavData_JPN > 'POLICY' Menu: ルーティング ルール >> Routing Rules
2023-02-07 15:10:39,070: - INFO - Test_NavData_JPN: test.Test_NavData_JPN > 'POLICY' Menu: コンテンツ フィルタ ルール >> Content Filter Rules
2023-02-07 15:10:39,082: - INFO - Test_NavData_JPN: test.Test_NavData_JPN > 'POLICY' Menu: アプリケーション ルール >> App Rules
2023-02-07 15:10:39,094: - INFO - Test_NavData_JPN: test.Test_NavData_JPN > 'POLICY' Menu: エンドポイント ルール >> Endpoint Rules
2023-02-07 15:10:39,106: - INFO - Test_NavData_JPN: test.Test_NavData_JPN > 'POLICY' Menu: DPI-SSL >> DPI-SSL
2023-02-07 15:10:39,118: - INFO - Test_NavData_JPN: test.Test_NavData_JPN > 'POLICY' Menu: クライアント SSL >> Client SSL
2023-02-07 15:10:39,133: - INFO - Test_NavData_JPN: test.Test_NavData_JPN > 'POLICY' Menu: サーバ SSL >> Server SSL
2023-02-07 15:10:39,147: - INFO - Test_NavData_JPN: test.Test_NavData_JPN > 'POLICY' Menu: DPI-SSH >> DPI-SSH
2023-02-07 15:10:39,160: - INFO - Test_NavData_JPN: test.Test_NavData_JPN > 'POLICY' Menu: 設定 >> Settings
2023-02-07 15:10:39,174: - INFO - Test_NavData_JPN: test.Test_NavData_JPN > 'POLICY' Menu: セキュリティ サービス >> Security Services
2023-02-07 15:10:39,186: - INFO - Test_NavData_JPN: test.Test_NavData_JPN > 'POLICY' Menu: サマリ >> Summary
2023-02-07 15:10:39,199: - INFO - Test_NavData_JPN: test.Test_NavData_JPN > 'POLICY' Menu: ゲートウェイ アンチウイルス >> Gateway Anti-Virus
2023-02-07 15:10:39,210: - INFO - Test_NavData_JPN: test.Test_NavData_JPN > 'POLICY' Menu: アンチスパイウェア >> Anti-Spyware
2023-02-07 15:10:39,224: - INFO - Test_NavData_JPN: test.Test_NavData_JPN > 'POLICY' Menu: 侵入防御 >> Intrusion Prevention
2023-02-07 15:10:39,236: - INFO - Test_NavData_JPN: test.Test_NavData_JPN > 'POLICY' Menu: 地域 IP フィルタ >> Geo-IP Filter
2023-02-07 15:10:39,247: - INFO - Test_NavData_JPN: test.Test_NavData_JPN > 'POLICY' Menu: ボットネット フィルタ >> Botnet Filter
2023-02-07 15:10:39,260: - INFO - Test_NavData_JPN: test.Test_NavData_JPN > 'POLICY' Menu: アプリケーション制御 >> App Control
2023-02-07 15:10:39,272: - INFO - Test_NavData_JPN: test.Test_NavData_JPN > 'POLICY' Menu: コンテンツ フィルタ >> Content Filter
2023-02-07 15:10:39,283: - INFO - Test_NavData_JPN: test.Test_NavData_JPN > 'POLICY' Menu: アンチスパム >> Anti-Spam
2023-02-07 15:10:39,294: - INFO - Test_NavData_JPN: test.Test_NavData_JPN > 'POLICY' Menu: 状況 >> Status
2023-02-07 15:10:39,306: - INFO - Test_NavData_JPN: test.Test_NavData_JPN > 'POLICY' Menu: 設定 >> Settings
2023-02-07 15:10:39,316: - INFO - Test_NavData_JPN: test.Test_NavData_JPN > 'POLICY' Menu: キャプチャ ATP >> Capture ATP
2023-02-07 15:10:39,329: - INFO - Test_NavData_JPN: test.Test_NavData_JPN > 'POLICY' Menu: 設定 >> Settings
2023-02-07 15:10:39,340: - INFO - Test_NavData_JPN: test.Test_NavData_JPN > 'POLICY' Menu: スキャン履歴 >> Scanning History
2023-02-07 15:10:39,350: - INFO - Test_NavData_JPN: test.Test_NavData_JPN > 'POLICY' Menu: エンドポイント セキュリティ >> Endpoint Security
2023-02-07 15:10:39,350: - INFO - Test_NavData_JPN: test.Test_NavData_JPN > ========================================================================
2023-02-07 15:10:39,350: - INFO - Test_NavData_JPN: test.Test_NavData_JPN > 'POLICY' Menu: No duplicated data to the TOP
2023-02-07 15:10:39,350: - INFO - Test_NavData_JPN: test.Test_NavData_JPN > ========================================================================
2023-02-07 15:10:39,350: - INFO - Test_NavData_JPN: test.Test_NavData_JPN > ALL MENU: 28
2023-02-07 15:10:39,360: - INFO - Test_NavData_JPN: test.Test_NavData_JPN > Data updated for [JPN]!
2023-02-07 15:10:39,360: - INFO - Test_NavData_JPN: test.Test_NavData_JPN > Top menu 'POLICY' is done!
2023-02-07 15:10:43,193: - INFO - Test_NavData_ENG: test.Test_NavData_ENG > Info created for [ENG]!
2023-02-07 15:10:43,195: - INFO - Test_NavData_ENG: test.Test_NavData_ENG > Info updated for [ENG]!
2023-02-07 15:10:43,470: - INFO - Test_NavData_ENG: test_Step02_MenuTop_ENG > [Pass]Take screenshot...
2023-02-07 15:10:45,263: - INFO - Test_NavData_JPN: test.Test_NavData_JPN > Info created for [JPN]!
2023-02-07 15:10:45,266: - INFO - Test_NavData_JPN: test.Test_NavData_JPN > Info updated for [JPN]!
2023-02-07 15:10:45,517: - INFO - Test_NavData_JPN: test_Step02_MenuTop_JPN > [Pass]Take screenshot...
2023-02-07 15:10:48,690: - INFO - Test_NavData_ENG: box_JPN > Got data!
2023-02-07 15:10:48,693: - INFO - Test_NavData_ENG: box_ENG > Got data!
2023-02-07 15:10:48,693: - INFO - Test_NavData_ENG: test_dataCompare > Ready to start...
2023-02-07 15:10:48,694: - INFO - Test_NavData_ENG: test_dataCompare > --------------------------------------------------------------------
2023-02-07 15:10:48,695: - INFO - Test_NavData_ENG: test_dataCompare > [JPN] info: Device Name -----> NSA 2700
2023-02-07 15:10:48,695: - INFO - Test_NavData_ENG: test_dataCompare > [JPN] info: Serial Number ---> 2CB8EDBA2F98
2023-02-07 15:10:48,695: - INFO - Test_NavData_ENG: test_dataCompare > [JPN] info: Firmware Version > SonicOS 7.0.1-5108-R4064-j4079
2023-02-07 15:10:48,695: - INFO - Test_NavData_ENG: test_dataCompare > --------------------------------------------------------------------
2023-02-07 15:10:48,696: - INFO - Test_NavData_ENG: test_dataCompare > [ENG] info: Device Name -----> TZ 570P
2023-02-07 15:10:48,696: - INFO - Test_NavData_ENG: test_dataCompare > [ENG] info: Serial Number ---> 2CB8ED694D58
2023-02-07 15:10:48,696: - INFO - Test_NavData_ENG: test_dataCompare > [ENG] info: Firmware Version > SonicOS 7.0.1-5108-P4066
2023-02-07 15:10:48,696: - INFO - Test_NavData_ENG: test_dataCompare > --------------------------------------------------------------------
2023-02-07 15:10:48,697: - INFO - Test_NavData_ENG: missing_page > [ENG] version missing: DEVICE > Users > Partitions
2023-02-07 15:10:48,697: - INFO - Test_NavData_ENG: missing_page > [JPN] version missing: NETWORK > System > PoE Settings
2023-02-07 15:10:48,697: - INFO - Test_NavData_ENG: missing_page > [ENG] version missing: NETWORK > Switching
2023-02-07 15:10:48,697: - INFO - Test_NavData_ENG: missing_page > [ENG] version missing: NETWORK > Switching > VLAN Trunking
2023-02-07 15:10:48,697: - INFO - Test_NavData_ENG: missing_page > [ENG] version missing: NETWORK > Switching > L2 Discovery
2023-02-07 15:10:48,697: - INFO - Test_NavData_ENG: missing_page > [ENG] version missing: NETWORK > Switching > Link Aggregation
2023-02-07 15:10:48,697: - INFO - Test_NavData_ENG: missing_page > [ENG] version missing: NETWORK > Switching > Port Mirroring
