2022-08-03 16:47:58,174: - INFO - Test_NavData_ENG: test.Test_NavData_ENG > Before Navigate To...https://10.8.162.154[ENG]
2022-08-03 16:47:58,174: - INFO - Test_NavData_JPN: test.Test_NavData_JPN > Before Navigate To...https://10.8.162.159[JPN]
2022-08-03 16:47:58,534: - INFO - Test_NavData_ENG: test.Test_NavData_ENG > Login to main page...
2022-08-03 16:47:58,536: - INFO - Test_NavData_JPN: test.Test_NavData_JPN > Login to main page...
2022-08-03 16:48:13,812: - INFO - Test_NavData_JPN: test_Step01_Login_JPN > [Pass]Take screenshot...
2022-08-03 16:48:13,930: - INFO - Test_NavData_JPN: test.Test_NavData_JPN > Switch to 'Non-Config' mode...
2022-08-03 16:48:13,959: - INFO - Test_NavData_ENG: test_Step01_Login_ENG > [Pass]Take screenshot...
2022-08-03 16:48:14,070: - INFO - Test_NavData_JPN: test.Test_NavData_JPN > Data created for [JPN]!
2022-08-03 16:48:14,071: - INFO - Test_NavData_ENG: test.Test_NavData_ENG > Switch to 'Non-Config' mode...
2022-08-03 16:48:14,075: - INFO - Test_NavData_ENG: test.Test_NavData_ENG > Data created for [ENG]!
2022-08-03 16:48:16,029: - INFO - Test_NavData_ENG: test.Test_NavData_ENG > 'HOME' Menu: Dashboard
2022-08-03 16:48:16,053: - INFO - Test_NavData_ENG: test.Test_NavData_ENG > 'HOME' Menu: System
2022-08-03 16:48:16,073: - INFO - Test_NavData_ENG: test.Test_NavData_ENG > 'HOME' Menu: Access Points
2022-08-03 16:48:16,091: - INFO - Test_NavData_ENG: test.Test_NavData_ENG > 'HOME' Menu: Capture ATP
2022-08-03 16:48:16,108: - INFO - Test_NavData_ENG: test.Test_NavData_ENG > 'HOME' Menu: Topology
2022-08-03 16:48:16,133: - INFO - Test_NavData_ENG: test.Test_NavData_ENG > 'HOME' Menu: Legal Information
2022-08-03 16:48:16,155: - INFO - Test_NavData_ENG: test.Test_NavData_ENG > 'HOME' Menu: API
2022-08-03 16:48:16,155: - INFO - Test_NavData_ENG: test.Test_NavData_ENG > ========================================================================
2022-08-03 16:48:16,156: - INFO - Test_NavData_ENG: test.Test_NavData_ENG > ========================================================================
2022-08-03 16:48:16,156: - INFO - Test_NavData_ENG: test.Test_NavData_ENG > ALL MENU: 7
2022-08-03 16:48:16,420: - INFO - Test_NavData_ENG: test.Test_NavData_ENG > Data updated for [ENG]!
2022-08-03 16:48:16,420: - INFO - Test_NavData_ENG: test.Test_NavData_ENG > Top menu 'HOME' is done!
2022-08-03 16:48:17,438: - INFO - Test_NavData_JPN: test.Test_NavData_JPN > 'HOME' Menu: ダッシュボード >> Dashboard
2022-08-03 16:48:17,460: - INFO - Test_NavData_JPN: test.Test_NavData_JPN > 'HOME' Menu: システム >> System
2022-08-03 16:48:17,479: - INFO - Test_NavData_JPN: test.Test_NavData_JPN > 'HOME' Menu: アクセス ポイント >> Access Points
2022-08-03 16:48:17,495: - INFO - Test_NavData_JPN: test.Test_NavData_JPN > 'HOME' Menu: キャプチャ ATP >> Capture ATP
2022-08-03 16:48:17,508: - INFO - Test_NavData_JPN: test.Test_NavData_JPN > 'HOME' Menu: トポロジ >> Topology
2022-08-03 16:48:17,523: - INFO - Test_NavData_JPN: test.Test_NavData_JPN > 'HOME' Menu: 法的情報 >> Legal Information
2022-08-03 16:48:17,537: - INFO - Test_NavData_JPN: test.Test_NavData_JPN > 'HOME' Menu: API >> API
2022-08-03 16:48:17,537: - INFO - Test_NavData_JPN: test.Test_NavData_JPN > ========================================================================
2022-08-03 16:48:17,537: - INFO - Test_NavData_JPN: test.Test_NavData_JPN > ========================================================================
2022-08-03 16:48:17,537: - INFO - Test_NavData_JPN: test.Test_NavData_JPN > ALL MENU: 7
2022-08-03 16:48:17,548: - INFO - Test_NavData_JPN: test.Test_NavData_JPN > Data updated for [JPN]!
2022-08-03 16:48:17,549: - INFO - Test_NavData_JPN: test.Test_NavData_JPN > Top menu 'HOME' is done!
2022-08-03 16:48:18,109: - INFO - Test_NavData_ENG: test.Test_NavData_ENG > 'MONITOR' Menu: Real-Time Charts
2022-08-03 16:48:18,129: - INFO - Test_NavData_ENG: test.Test_NavData_ENG > 'MONITOR' Menu: System Monitor
2022-08-03 16:48:18,145: - INFO - Test_NavData_ENG: test.Test_NavData_ENG > 'MONITOR' Menu: Protocol Monitor
2022-08-03 16:48:18,164: - INFO - Test_NavData_ENG: test.Test_NavData_ENG > 'MONITOR' Menu: User Monitor
2022-08-03 16:48:18,183: - INFO - Test_NavData_ENG: test.Test_NavData_ENG > 'MONITOR' Menu: BWM Monitor
2022-08-03 16:48:18,203: - INFO - Test_NavData_ENG: test.Test_NavData_ENG > 'MONITOR' Menu: AppFlow
2022-08-03 16:48:18,223: - INFO - Test_NavData_ENG: test.Test_NavData_ENG > 'MONITOR' Menu: AppFlow Report
2022-08-03 16:48:18,240: - INFO - Test_NavData_ENG: test.Test_NavData_ENG > 'MONITOR' Menu: AppFlow Monitor
2022-08-03 16:48:18,261: - INFO - Test_NavData_ENG: test.Test_NavData_ENG > 'MONITOR' Menu: CTA Report
2022-08-03 16:48:18,282: - INFO - Test_NavData_ENG: test.Test_NavData_ENG > 'MONITOR' Menu: SDWAN
2022-08-03 16:48:18,302: - INFO - Test_NavData_ENG: test.Test_NavData_ENG > 'MONITOR' Menu: SDWAN Monitor
2022-08-03 16:48:18,325: - INFO - Test_NavData_ENG: test.Test_NavData_ENG > 'MONITOR' Menu: SD-WAN Connections
2022-08-03 16:48:18,355: - INFO - Test_NavData_ENG: test.Test_NavData_ENG > 'MONITOR' Menu: Logs
2022-08-03 16:48:18,380: - INFO - Test_NavData_ENG: test.Test_NavData_ENG > 'MONITOR' Menu: System Logs
2022-08-03 16:48:18,407: - INFO - Test_NavData_ENG: test.Test_NavData_ENG > 'MONITOR' Menu: Auditing Logs
2022-08-03 16:48:18,437: - INFO - Test_NavData_ENG: test.Test_NavData_ENG > 'MONITOR' Menu: Tools & Monitors
2022-08-03 16:48:18,465: - INFO - Test_NavData_ENG: test.Test_NavData_ENG > 'MONITOR' Menu: Packet Monitor
2022-08-03 16:48:18,489: - INFO - Test_NavData_ENG: test.Test_NavData_ENG > 'MONITOR' Menu: Connections
2022-08-03 16:48:18,512: - INFO - Test_NavData_ENG: test.Test_NavData_ENG > 'MONITOR' Menu: Core 0 Processes
2022-08-03 16:48:18,536: - INFO - Test_NavData_ENG: test.Test_NavData_ENG > 'MONITOR' Menu: Packet Replay
2022-08-03 16:48:18,536: - INFO - Test_NavData_ENG: test.Test_NavData_ENG > ========================================================================
2022-08-03 16:48:18,536: - INFO - Test_NavData_ENG: test.Test_NavData_ENG > ========================================================================
2022-08-03 16:48:18,536: - INFO - Test_NavData_ENG: test.Test_NavData_ENG > ALL MENU: 20
2022-08-03 16:48:18,555: - INFO - Test_NavData_ENG: test.Test_NavData_ENG > Data updated for [ENG]!
2022-08-03 16:48:18,556: - INFO - Test_NavData_ENG: test.Test_NavData_ENG > Top menu 'MONITOR' is done!
2022-08-03 16:48:20,500: - INFO - Test_NavData_JPN: test.Test_NavData_JPN > 'MONITOR' Menu: リアルタイム グラフ >> Real-Time Charts
2022-08-03 16:48:20,518: - INFO - Test_NavData_JPN: test.Test_NavData_JPN > 'MONITOR' Menu: システム監視 >> System Monitor
2022-08-03 16:48:20,533: - INFO - Test_NavData_JPN: test.Test_NavData_JPN > 'MONITOR' Menu: プロトコル監視 >> Protocol Monitor
2022-08-03 16:48:20,548: - INFO - Test_NavData_JPN: test.Test_NavData_JPN > 'MONITOR' Menu: ユーザ監視 >> User Monitor
2022-08-03 16:48:20,560: - INFO - Test_NavData_JPN: test.Test_NavData_JPN > 'MONITOR' Menu: 帯域幅管理監視 >> BWM Monitor
2022-08-03 16:48:20,572: - INFO - Test_NavData_JPN: test.Test_NavData_JPN > 'MONITOR' Menu: AppFlow >> AppFlow
2022-08-03 16:48:20,588: - INFO - Test_NavData_JPN: test.Test_NavData_JPN > 'MONITOR' Menu: AppFlow 報告 >> AppFlow Report
2022-08-03 16:48:20,601: - INFO - Test_NavData_JPN: test.Test_NavData_JPN > 'MONITOR' Menu: AppFlow 監視 >> AppFlow Monitor
2022-08-03 16:48:20,614: - INFO - Test_NavData_JPN: test.Test_NavData_JPN > 'MONITOR' Menu: CTA レポート >> CTA Report
2022-08-03 16:48:20,630: - INFO - Test_NavData_JPN: test.Test_NavData_JPN > 'MONITOR' Menu: SDWAN >> SDWAN
2022-08-03 16:48:20,643: - INFO - Test_NavData_JPN: test.Test_NavData_JPN > 'MONITOR' Menu: SDWAN 監視 >> SDWAN Monitor
2022-08-03 16:48:20,656: - INFO - Test_NavData_JPN: test.Test_NavData_JPN > 'MONITOR' Menu: SD-WAN 接続 >> SD-WAN Connections
2022-08-03 16:48:20,660: - INFO - Test_NavData_ENG: test.Test_NavData_ENG > 'DEVICE' Menu: Settings
2022-08-03 16:48:20,670: - INFO - Test_NavData_JPN: test.Test_NavData_JPN > 'MONITOR' Menu: ログ >> Logs
2022-08-03 16:48:20,683: - INFO - Test_NavData_JPN: test.Test_NavData_JPN > 'MONITOR' Menu: システム ログ >> System Logs
2022-08-03 16:48:20,685: - INFO - Test_NavData_ENG: test.Test_NavData_ENG > 'DEVICE' Menu: Licenses
2022-08-03 16:48:20,694: - INFO - Test_NavData_JPN: test.Test_NavData_JPN > 'MONITOR' Menu: 監査ログ >> Auditing Logs
2022-08-03 16:48:20,706: - INFO - Test_NavData_JPN: test.Test_NavData_JPN > 'MONITOR' Menu: ツールと監視 >> Tools & Monitors
2022-08-03 16:48:20,707: - INFO - Test_NavData_ENG: test.Test_NavData_ENG > 'DEVICE' Menu: Administration
2022-08-03 16:48:20,719: - INFO - Test_NavData_JPN: test.Test_NavData_JPN > 'MONITOR' Menu: パケット監視 >> Packet Monitor
2022-08-03 16:48:20,725: - INFO - Test_NavData_ENG: test.Test_NavData_ENG > 'DEVICE' Menu: Time
2022-08-03 16:48:20,732: - INFO - Test_NavData_JPN: test.Test_NavData_JPN > 'MONITOR' Menu: 接続 >> Connections
2022-08-03 16:48:20,746: - INFO - Test_NavData_JPN: test.Test_NavData_JPN > 'MONITOR' Menu: コア 0 プロセス >> Core 0 Processes
2022-08-03 16:48:20,749: - INFO - Test_NavData_ENG: test.Test_NavData_ENG > 'DEVICE' Menu: Certificates
2022-08-03 16:48:20,758: - INFO - Test_NavData_JPN: test.Test_NavData_JPN > 'MONITOR' Menu: パケット再生 >> Packet Replay
2022-08-03 16:48:20,759: - INFO - Test_NavData_JPN: test.Test_NavData_JPN > ========================================================================
2022-08-03 16:48:20,759: - INFO - Test_NavData_JPN: test.Test_NavData_JPN > ========================================================================
2022-08-03 16:48:20,759: - INFO - Test_NavData_JPN: test.Test_NavData_JPN > ALL MENU: 20
2022-08-03 16:48:20,770: - INFO - Test_NavData_JPN: test.Test_NavData_JPN > Data updated for [JPN]!
2022-08-03 16:48:20,770: - INFO - Test_NavData_JPN: test.Test_NavData_JPN > Top menu 'MONITOR' is done!
2022-08-03 16:48:20,773: - INFO - Test_NavData_ENG: test.Test_NavData_ENG > 'DEVICE' Menu: SNMP
2022-08-03 16:48:20,792: - INFO - Test_NavData_ENG: test.Test_NavData_ENG > 'DEVICE' Menu: Firmware and Settings
2022-08-03 16:48:20,812: - INFO - Test_NavData_ENG: test.Test_NavData_ENG > 'DEVICE' Menu: Storage
2022-08-03 16:48:20,831: - INFO - Test_NavData_ENG: test.Test_NavData_ENG > 'DEVICE' Menu: Restart
2022-08-03 16:48:20,851: - INFO - Test_NavData_ENG: test.Test_NavData_ENG > 'DEVICE' Menu: High Availability
2022-08-03 16:48:20,868: - INFO - Test_NavData_ENG: test.Test_NavData_ENG > 'DEVICE' Menu: Status
2022-08-03 16:48:20,885: - INFO - Test_NavData_ENG: test.Test_NavData_ENG > 'DEVICE' Menu: Settings
2022-08-03 16:48:20,903: - INFO - Test_NavData_ENG: test.Test_NavData_ENG > 'DEVICE' Menu: Advanced
2022-08-03 16:48:20,921: - INFO - Test_NavData_ENG: test.Test_NavData_ENG > 'DEVICE' Menu: Monitoring
2022-08-03 16:48:20,946: - INFO - Test_NavData_ENG: test.Test_NavData_ENG > 'DEVICE' Menu: Users
2022-08-03 16:48:20,967: - INFO - Test_NavData_ENG: test.Test_NavData_ENG > 'DEVICE' Menu: Status
2022-08-03 16:48:20,985: - INFO - Test_NavData_ENG: test.Test_NavData_ENG > 'DEVICE' Menu: Settings
2022-08-03 16:48:21,012: - INFO - Test_NavData_ENG: test.Test_NavData_ENG > 'DEVICE' Menu: Local Users & Groups
2022-08-03 16:48:21,037: - INFO - Test_NavData_ENG: test.Test_NavData_ENG > 'DEVICE' Menu: Guest Services
2022-08-03 16:48:21,059: - INFO - Test_NavData_ENG: test.Test_NavData_ENG > 'DEVICE' Menu: Guest Accounts
2022-08-03 16:48:21,089: - INFO - Test_NavData_ENG: test.Test_NavData_ENG > 'DEVICE' Menu: Guest Status
2022-08-03 16:48:21,119: - INFO - Test_NavData_ENG: test.Test_NavData_ENG > 'DEVICE' Menu: AppFlow
2022-08-03 16:48:21,141: - INFO - Test_NavData_ENG: test.Test_NavData_ENG > 'DEVICE' Menu: Flow Reporting
2022-08-03 16:48:21,160: - INFO - Test_NavData_ENG: test.Test_NavData_ENG > 'DEVICE' Menu: AppFlow Agent
2022-08-03 16:48:21,177: - INFO - Test_NavData_ENG: test.Test_NavData_ENG > 'DEVICE' Menu: Log
2022-08-03 16:48:21,196: - INFO - Test_NavData_ENG: test.Test_NavData_ENG > 'DEVICE' Menu: Settings
2022-08-03 16:48:21,216: - INFO - Test_NavData_ENG: test.Test_NavData_ENG > 'DEVICE' Menu: Syslog
2022-08-03 16:48:21,235: - INFO - Test_NavData_ENG: test.Test_NavData_ENG > 'DEVICE' Menu: Automation
2022-08-03 16:48:21,254: - INFO - Test_NavData_ENG: test.Test_NavData_ENG > 'DEVICE' Menu: Name Resolution
2022-08-03 16:48:21,274: - INFO - Test_NavData_ENG: test.Test_NavData_ENG > 'DEVICE' Menu: Reports
2022-08-03 16:48:21,301: - INFO - Test_NavData_ENG: test.Test_NavData_ENG > 'DEVICE' Menu: AWS
2022-08-03 16:48:21,327: - INFO - Test_NavData_ENG: test.Test_NavData_ENG > 'DEVICE' Menu: Diagnostics
2022-08-03 16:48:21,348: - INFO - Test_NavData_ENG: test.Test_NavData_ENG > 'DEVICE' Menu: Tech Support Report
2022-08-03 16:48:21,370: - INFO - Test_NavData_ENG: test.Test_NavData_ENG > 'DEVICE' Menu: Check Network Settings
2022-08-03 16:48:21,391: - INFO - Test_NavData_ENG: test.Test_NavData_ENG > 'DEVICE' Menu: DNS Name Lookup
2022-08-03 16:48:21,413: - INFO - Test_NavData_ENG: test.Test_NavData_ENG > 'DEVICE' Menu: Network Path
2022-08-03 16:48:21,438: - INFO - Test_NavData_ENG: test.Test_NavData_ENG > 'DEVICE' Menu: Ping
2022-08-03 16:48:21,461: - INFO - Test_NavData_ENG: test.Test_NavData_ENG > 'DEVICE' Menu: Trace Route
2022-08-03 16:48:21,485: - INFO - Test_NavData_ENG: test.Test_NavData_ENG > 'DEVICE' Menu: Real-Time Blacklist
2022-08-03 16:48:21,506: - INFO - Test_NavData_ENG: test.Test_NavData_ENG > 'DEVICE' Menu: Reverse Name Lookup
2022-08-03 16:48:21,528: - INFO - Test_NavData_ENG: test.Test_NavData_ENG > 'DEVICE' Menu: Connection TopX
2022-08-03 16:48:21,553: - INFO - Test_NavData_ENG: test.Test_NavData_ENG > 'DEVICE' Menu: Geo and Botnet
2022-08-03 16:48:21,574: - INFO - Test_NavData_ENG: test.Test_NavData_ENG > 'DEVICE' Menu: MX and Banner
2022-08-03 16:48:21,594: - INFO - Test_NavData_ENG: test.Test_NavData_ENG > 'DEVICE' Menu: GRID Check
2022-08-03 16:48:21,616: - INFO - Test_NavData_ENG: test.Test_NavData_ENG > 'DEVICE' Menu: URL Rating Request
2022-08-03 16:48:21,639: - INFO - Test_NavData_ENG: test.Test_NavData_ENG > 'DEVICE' Menu: PMTU Discovery
2022-08-03 16:48:21,661: - INFO - Test_NavData_ENG: test.Test_NavData_ENG > 'DEVICE' Menu: Switch Diagnostics
2022-08-03 16:48:21,685: - INFO - Test_NavData_ENG: test.Test_NavData_ENG > 'DEVICE' Menu: Switch Network
2022-08-03 16:48:21,706: - INFO - Test_NavData_ENG: test.Test_NavData_ENG > 'DEVICE' Menu: Overview
2022-08-03 16:48:21,724: - INFO - Test_NavData_ENG: test.Test_NavData_ENG > 'DEVICE' Menu: Switches
2022-08-03 16:48:21,751: - INFO - Test_NavData_ENG: test.Test_NavData_ENG > 'DEVICE' Menu: Access Points
2022-08-03 16:48:21,775: - INFO - Test_NavData_ENG: test.Test_NavData_ENG > 'DEVICE' Menu: Settings
2022-08-03 16:48:21,798: - INFO - Test_NavData_ENG: test.Test_NavData_ENG > 'DEVICE' Menu: Firmware Management
2022-08-03 16:48:21,819: - INFO - Test_NavData_ENG: test.Test_NavData_ENG > 'DEVICE' Menu: Floor Plan View
2022-08-03 16:48:21,843: - INFO - Test_NavData_ENG: test.Test_NavData_ENG > 'DEVICE' Menu: Station Status
2022-08-03 16:48:21,865: - INFO - Test_NavData_ENG: test.Test_NavData_ENG > 'DEVICE' Menu: IDS
2022-08-03 16:48:21,888: - INFO - Test_NavData_ENG: test.Test_NavData_ENG > 'DEVICE' Menu: Advanced IDP
2022-08-03 16:48:21,913: - INFO - Test_NavData_ENG: test.Test_NavData_ENG > 'DEVICE' Menu: Packet Capture
2022-08-03 16:48:21,939: - INFO - Test_NavData_ENG: test.Test_NavData_ENG > 'DEVICE' Menu: Virtual Access Point
2022-08-03 16:48:21,966: - INFO - Test_NavData_ENG: test.Test_NavData_ENG > 'DEVICE' Menu: RF Monitoring
2022-08-03 16:48:21,987: - INFO - Test_NavData_ENG: test.Test_NavData_ENG > 'DEVICE' Menu: RF Analysis
2022-08-03 16:48:22,009: - INFO - Test_NavData_ENG: test.Test_NavData_ENG > 'DEVICE' Menu: RF Spectrum
2022-08-03 16:48:22,031: - INFO - Test_NavData_ENG: test.Test_NavData_ENG > 'DEVICE' Menu: FairNet
2022-08-03 16:48:22,059: - INFO - Test_NavData_ENG: test.Test_NavData_ENG > 'DEVICE' Menu: Wi-Fi Multimedia
2022-08-03 16:48:22,083: - INFO - Test_NavData_ENG: test.Test_NavData_ENG > 'DEVICE' Menu: 3G/4G/LTE WWAN
2022-08-03 16:48:22,107: - INFO - Test_NavData_ENG: test.Test_NavData_ENG > 'DEVICE' Menu: Bluetooth LE
2022-08-03 16:48:22,128: - INFO - Test_NavData_ENG: test.Test_NavData_ENG > 'DEVICE' Menu: Radio Management
2022-08-03 16:48:22,151: - INFO - Test_NavData_ENG: test.Test_NavData_ENG > 'DEVICE' Menu: WWAN
2022-08-03 16:48:22,152: - INFO - Test_NavData_ENG: test.Test_NavData_ENG > ========================================================================
2022-08-03 16:48:22,152: - INFO - Test_NavData_ENG: test.Test_NavData_ENG > 'DEVICE' Menu: Settings >> Settings (TOP)
2022-08-03 16:48:22,152: - INFO - Test_NavData_ENG: test.Test_NavData_ENG > ========================================================================
2022-08-03 16:48:22,152: - INFO - Test_NavData_ENG: test.Test_NavData_ENG > ALL MENU: 68
2022-08-03 16:48:22,177: - INFO - Test_NavData_ENG: test.Test_NavData_ENG > Data updated for [ENG]!
2022-08-03 16:48:22,177: - INFO - Test_NavData_ENG: test.Test_NavData_ENG > Top menu 'DEVICE' is done!
2022-08-03 16:48:23,195: - INFO - Test_NavData_JPN: test.Test_NavData_JPN > 'DEVICE' Menu: 設定 >> Settings
2022-08-03 16:48:23,216: - INFO - Test_NavData_JPN: test.Test_NavData_JPN > 'DEVICE' Menu: ライセンス >> Licenses
2022-08-03 16:48:23,238: - INFO - Test_NavData_JPN: test.Test_NavData_JPN > 'DEVICE' Menu: 管理 >> Administration
2022-08-03 16:48:23,254: - INFO - Test_NavData_JPN: test.Test_NavData_JPN > 'DEVICE' Menu: 時間 >> Time
2022-08-03 16:48:23,268: - INFO - Test_NavData_JPN: test.Test_NavData_JPN > 'DEVICE' Menu: 証明書 >> Certificates
2022-08-03 16:48:23,282: - INFO - Test_NavData_JPN: test.Test_NavData_JPN > 'DEVICE' Menu: SNMP >> SNMP
2022-08-03 16:48:23,296: - INFO - Test_NavData_JPN: test.Test_NavData_JPN > 'DEVICE' Menu: ファームウェアと設定 >> Firmware and Settings
2022-08-03 16:48:23,313: - INFO - Test_NavData_JPN: test.Test_NavData_JPN > 'DEVICE' Menu: 記憶装置 >> Storage
2022-08-03 16:48:23,330: - INFO - Test_NavData_JPN: test.Test_NavData_JPN > 'DEVICE' Menu: 再起動 >> Restart
2022-08-03 16:48:23,354: - INFO - Test_NavData_JPN: test.Test_NavData_JPN > 'DEVICE' Menu: 高可用性 >> High Availability
2022-08-03 16:48:23,376: - INFO - Test_NavData_JPN: test.Test_NavData_JPN > 'DEVICE' Menu: 状況 >> Status
2022-08-03 16:48:23,390: - INFO - Test_NavData_JPN: test.Test_NavData_JPN > 'DEVICE' Menu: 設定 >> Settings
2022-08-03 16:48:23,402: - INFO - Test_NavData_JPN: test.Test_NavData_JPN > 'DEVICE' Menu: 詳細 >> Advanced
2022-08-03 16:48:23,422: - INFO - Test_NavData_JPN: test.Test_NavData_JPN > 'DEVICE' Menu: 監視 >> Monitoring
2022-08-03 16:48:23,438: - INFO - Test_NavData_JPN: test.Test_NavData_JPN > 'DEVICE' Menu: ユーザ >> Users
2022-08-03 16:48:23,459: - INFO - Test_NavData_JPN: test.Test_NavData_JPN > 'DEVICE' Menu: 状況 >> Status
2022-08-03 16:48:23,472: - INFO - Test_NavData_JPN: test.Test_NavData_JPN > 'DEVICE' Menu: 設定 >> Settings
2022-08-03 16:48:23,487: - INFO - Test_NavData_JPN: test.Test_NavData_JPN > 'DEVICE' Menu: パーティション >> Partitions
2022-08-03 16:48:23,503: - INFO - Test_NavData_JPN: test.Test_NavData_JPN > 'DEVICE' Menu: ローカル ユーザとグループ >> Local Users & Groups
2022-08-03 16:48:23,525: - INFO - Test_NavData_JPN: test.Test_NavData_JPN > 'DEVICE' Menu: ゲスト サービス >> Guest Services
2022-08-03 16:48:23,542: - INFO - Test_NavData_JPN: test.Test_NavData_JPN > 'DEVICE' Menu: ゲスト アカウント >> Guest Accounts
2022-08-03 16:48:23,556: - INFO - Test_NavData_JPN: test.Test_NavData_JPN > 'DEVICE' Menu: ゲスト状況 >> Guest Status
2022-08-03 16:48:23,568: - INFO - Test_NavData_JPN: test.Test_NavData_JPN > 'DEVICE' Menu: AppFlow >> AppFlow
2022-08-03 16:48:23,581: - INFO - Test_NavData_JPN: test.Test_NavData_JPN > 'DEVICE' Menu: フロー報告 >> Flow Reporting
2022-08-03 16:48:23,597: - INFO - Test_NavData_JPN: test.Test_NavData_JPN > 'DEVICE' Menu: AppFlow エージェント >> AppFlow Agent
2022-08-03 16:48:23,616: - INFO - Test_NavData_JPN: test.Test_NavData_JPN > 'DEVICE' Menu: ログ >> Log
2022-08-03 16:48:23,631: - INFO - Test_NavData_JPN: test.Test_NavData_JPN > 'DEVICE' Menu: 設定 >> Settings
2022-08-03 16:48:23,646: - INFO - Test_NavData_JPN: test.Test_NavData_JPN > 'DEVICE' Menu: Syslog >> Syslog
2022-08-03 16:48:23,662: - INFO - Test_NavData_JPN: test.Test_NavData_JPN > 'DEVICE' Menu: 自動化 >> Automation
2022-08-03 16:48:23,679: - INFO - Test_NavData_JPN: test.Test_NavData_JPN > 'DEVICE' Menu: 名前解決 >> Name Resolution
2022-08-03 16:48:23,694: - INFO - Test_NavData_JPN: test.Test_NavData_JPN > 'DEVICE' Menu: レポート >> Reports
2022-08-03 16:48:23,709: - INFO - Test_NavData_JPN: test.Test_NavData_JPN > 'DEVICE' Menu: AWS >> AWS
2022-08-03 16:48:23,724: - INFO - Test_NavData_JPN: test.Test_NavData_JPN > 'DEVICE' Menu: 診断 >> Diagnostics
2022-08-03 16:48:23,739: - INFO - Test_NavData_JPN: test.Test_NavData_JPN > 'DEVICE' Menu: テクニカル サポート レポート >> Tech Support Report
2022-08-03 16:48:23,754: - INFO - Test_NavData_JPN: test.Test_NavData_JPN > 'DEVICE' Menu: ネットワーク設定の確認 >> Check Network Settings
2022-08-03 16:48:23,778: - INFO - Test_NavData_JPN: test.Test_NavData_JPN > 'DEVICE' Menu: DNS 名の調査 >> DNS Name Lookup
2022-08-03 16:48:23,833: - INFO - Test_NavData_JPN: test.Test_NavData_JPN > 'DEVICE' Menu: ネットワーク パス >> Network Path
2022-08-03 16:48:23,898: - INFO - Test_NavData_JPN: test.Test_NavData_JPN > 'DEVICE' Menu: Ping >> Ping
2022-08-03 16:48:23,927: - INFO - Test_NavData_JPN: test.Test_NavData_JPN > 'DEVICE' Menu: ルート追跡 >> Trace Route
2022-08-03 16:48:23,941: - INFO - Test_NavData_JPN: test.Test_NavData_JPN > 'DEVICE' Menu: リアルタイム ブラックリスト >> Real-Time Blacklist
2022-08-03 16:48:23,958: - INFO - Test_NavData_JPN: test.Test_NavData_JPN > 'DEVICE' Menu: 逆引き名前調査 >> Reverse Name Lookup
2022-08-03 16:48:23,980: - INFO - Test_NavData_JPN: test.Test_NavData_JPN > 'DEVICE' Menu: 上位接続 >> Connection TopX
2022-08-03 16:48:23,993: - INFO - Test_NavData_JPN: test.Test_NavData_JPN > 'DEVICE' Menu: 地域とボットネット >> Geo and Botnet
2022-08-03 16:48:24,008: - INFO - Test_NavData_JPN: test.Test_NavData_JPN > 'DEVICE' Menu: MX とバナー >> MX and Banner
2022-08-03 16:48:24,022: - INFO - Test_NavData_JPN: test.Test_NavData_JPN > 'DEVICE' Menu: グリッド確認 >> GRID Check
2022-08-03 16:48:24,038: - INFO - Test_NavData_JPN: test.Test_NavData_JPN > 'DEVICE' Menu: URL 格付け要求 >> URL Rating Request
2022-08-03 16:48:24,050: - INFO - Test_NavData_JPN: test.Test_NavData_JPN > 'DEVICE' Menu: PMTU 検出 >> PMTU Discovery
2022-08-03 16:48:24,063: - INFO - Test_NavData_JPN: test.Test_NavData_JPN > 'DEVICE' Menu: スイッチ診断 >> Switch Diagnostics
2022-08-03 16:48:24,075: - INFO - Test_NavData_JPN: test.Test_NavData_JPN > 'DEVICE' Menu: スイッチ ネットワーク >> Switch Network
2022-08-03 16:48:24,088: - INFO - Test_NavData_JPN: test.Test_NavData_JPN > 'DEVICE' Menu: 概要 >> Overview
2022-08-03 16:48:24,101: - INFO - Test_NavData_JPN: test.Test_NavData_JPN > 'DEVICE' Menu: スイッチ >> Switches
2022-08-03 16:48:24,111: - INFO - Test_NavData_JPN: test.Test_NavData_JPN > 'DEVICE' Menu: アクセス ポイント >> Access Points
2022-08-03 16:48:24,125: - INFO - Test_NavData_JPN: test.Test_NavData_JPN > 'DEVICE' Menu: 設定 >> Settings
2022-08-03 16:48:24,138: - INFO - Test_NavData_JPN: test.Test_NavData_JPN > 'DEVICE' Menu: ファームウェア管理 >> Firmware Management
2022-08-03 16:48:24,148: - INFO - Test_NavData_JPN: test.Test_NavData_JPN > 'DEVICE' Menu: フロア プランの表示 >> Floor Plan View
2022-08-03 16:48:24,159: - INFO - Test_NavData_JPN: test.Test_NavData_JPN > 'DEVICE' Menu: ステーション状況 >> Station Status
2022-08-03 16:48:24,171: - INFO - Test_NavData_JPN: test.Test_NavData_JPN > 'DEVICE' Menu: IDS >> IDS
2022-08-03 16:48:24,182: - INFO - Test_NavData_JPN: test.Test_NavData_JPN > 'DEVICE' Menu: 高度な IDP >> Advanced IDP
2022-08-03 16:48:24,188: - INFO - Test_NavData_ENG: test.Test_NavData_ENG > 'NETWORK' Menu: System
2022-08-03 16:48:24,195: - INFO - Test_NavData_JPN: test.Test_NavData_JPN > 'DEVICE' Menu: パケット キャプチャ >> Packet Capture
2022-08-03 16:48:24,206: - INFO - Test_NavData_JPN: test.Test_NavData_JPN > 'DEVICE' Menu: 仮想アクセス ポイント >> Virtual Access Point
2022-08-03 16:48:24,211: - INFO - Test_NavData_ENG: test.Test_NavData_ENG > 'NETWORK' Menu: Interfaces
2022-08-03 16:48:24,221: - INFO - Test_NavData_JPN: test.Test_NavData_JPN > 'DEVICE' Menu: RF 監視 >> RF Monitoring
2022-08-03 16:48:24,232: - INFO - Test_NavData_ENG: test.Test_NavData_ENG > 'NETWORK' Menu: Failover & LB
2022-08-03 16:48:24,233: - INFO - Test_NavData_JPN: test.Test_NavData_JPN > 'DEVICE' Menu: RF 解析 >> RF Analysis
2022-08-03 16:48:24,244: - INFO - Test_NavData_JPN: test.Test_NavData_JPN > 'DEVICE' Menu: RF スペクトラム >> RF Spectrum
2022-08-03 16:48:24,253: - INFO - Test_NavData_ENG: test.Test_NavData_ENG > 'NETWORK' Menu: Neighbor Discovery
2022-08-03 16:48:24,254: - INFO - Test_NavData_JPN: test.Test_NavData_JPN > 'DEVICE' Menu: FairNet >> FairNet
2022-08-03 16:48:24,266: - INFO - Test_NavData_JPN: test.Test_NavData_JPN > 'DEVICE' Menu: Wi-Fi マルチメディア >> Wi-Fi Multimedia
2022-08-03 16:48:24,271: - INFO - Test_NavData_ENG: test.Test_NavData_ENG > 'NETWORK' Menu: ARP
2022-08-03 16:48:24,279: - INFO - Test_NavData_JPN: test.Test_NavData_JPN > 'DEVICE' Menu: 3G/4G/LTE WWAN >> 3G/4G/LTE WWAN
2022-08-03 16:48:24,288: - INFO - Test_NavData_ENG: test.Test_NavData_ENG > 'NETWORK' Menu: MAC IP Anti-Spoof
2022-08-03 16:48:24,289: - INFO - Test_NavData_JPN: test.Test_NavData_JPN > 'DEVICE' Menu: Bluetooth LE >> Bluetooth LE
2022-08-03 16:48:24,301: - INFO - Test_NavData_JPN: test.Test_NavData_JPN > 'DEVICE' Menu: 無線管理 >> Radio Management
2022-08-03 16:48:24,307: - INFO - Test_NavData_ENG: test.Test_NavData_ENG > 'NETWORK' Menu: Web Proxy
2022-08-03 16:48:24,312: - INFO - Test_NavData_JPN: test.Test_NavData_JPN > 'DEVICE' Menu: WWAN >> WWAN
2022-08-03 16:48:24,312: - INFO - Test_NavData_JPN: test.Test_NavData_JPN > ========================================================================
2022-08-03 16:48:24,312: - INFO - Test_NavData_JPN: test.Test_NavData_JPN > 'DEVICE' Menu: Settings >> Settings (TOP)
2022-08-03 16:48:24,312: - INFO - Test_NavData_JPN: test.Test_NavData_JPN > ========================================================================
2022-08-03 16:48:24,312: - INFO - Test_NavData_JPN: test.Test_NavData_JPN > ALL MENU: 69
2022-08-03 16:48:24,328: - INFO - Test_NavData_ENG: test.Test_NavData_ENG > 'NETWORK' Menu: PortShield Groups
2022-08-03 16:48:24,333: - INFO - Test_NavData_JPN: test.Test_NavData_JPN > Data updated for [JPN]!
2022-08-03 16:48:24,333: - INFO - Test_NavData_JPN: test.Test_NavData_JPN > Top menu 'DEVICE' is done!
2022-08-03 16:48:24,345: - INFO - Test_NavData_ENG: test.Test_NavData_ENG > 'NETWORK' Menu: PoE Settings
2022-08-03 16:48:24,361: - INFO - Test_NavData_ENG: test.Test_NavData_ENG > 'NETWORK' Menu: VLAN Translation
2022-08-03 16:48:24,381: - INFO - Test_NavData_ENG: test.Test_NavData_ENG > 'NETWORK' Menu: IP Helper
2022-08-03 16:48:24,400: - INFO - Test_NavData_ENG: test.Test_NavData_ENG > 'NETWORK' Menu: Dynamic Routing
2022-08-03 16:48:24,423: - INFO - Test_NavData_ENG: test.Test_NavData_ENG > 'NETWORK' Menu: DHCP Server
2022-08-03 16:48:24,446: - INFO - Test_NavData_ENG: test.Test_NavData_ENG > 'NETWORK' Menu: Multicast
2022-08-03 16:48:24,468: - INFO - Test_NavData_ENG: test.Test_NavData_ENG > 'NETWORK' Menu: Network Monitor
2022-08-03 16:48:24,487: - INFO - Test_NavData_ENG: test.Test_NavData_ENG > 'NETWORK' Menu: AWS Configuration
2022-08-03 16:48:24,511: - INFO - Test_NavData_ENG: test.Test_NavData_ENG > 'NETWORK' Menu: Firewall
2022-08-03 16:48:24,536: - INFO - Test_NavData_ENG: test.Test_NavData_ENG > 'NETWORK' Menu: Advanced
2022-08-03 16:48:24,559: - INFO - Test_NavData_ENG: test.Test_NavData_ENG > 'NETWORK' Menu: Flood Protection
2022-08-03 16:48:24,579: - INFO - Test_NavData_ENG: test.Test_NavData_ENG > 'NETWORK' Menu: SSL Control
2022-08-03 16:48:24,604: - INFO - Test_NavData_ENG: test.Test_NavData_ENG > 'NETWORK' Menu: Cipher Control
2022-08-03 16:48:24,624: - INFO - Test_NavData_ENG: test.Test_NavData_ENG > 'NETWORK' Menu: RBL Filter
2022-08-03 16:48:24,648: - INFO - Test_NavData_ENG: test.Test_NavData_ENG > 'NETWORK' Menu: VoIP
2022-08-03 16:48:24,676: - INFO - Test_NavData_ENG: test.Test_NavData_ENG > 'NETWORK' Menu: Settings
2022-08-03 16:48:24,700: - INFO - Test_NavData_ENG: test.Test_NavData_ENG > 'NETWORK' Menu: Call Status
2022-08-03 16:48:24,721: - INFO - Test_NavData_ENG: test.Test_NavData_ENG > 'NETWORK' Menu: DNS
2022-08-03 16:48:24,742: - INFO - Test_NavData_ENG: test.Test_NavData_ENG > 'NETWORK' Menu: Settings
2022-08-03 16:48:24,764: - INFO - Test_NavData_ENG: test.Test_NavData_ENG > 'NETWORK' Menu: Dynamic DNS
2022-08-03 16:48:24,785: - INFO - Test_NavData_ENG: test.Test_NavData_ENG > 'NETWORK' Menu: DNS Proxy
2022-08-03 16:48:24,807: - INFO - Test_NavData_ENG: test.Test_NavData_ENG > 'NETWORK' Menu: DNS Security
2022-08-03 16:48:24,829: - INFO - Test_NavData_ENG: test.Test_NavData_ENG > 'NETWORK' Menu: SDWAN
2022-08-03 16:48:24,851: - INFO - Test_NavData_ENG: test.Test_NavData_ENG > 'NETWORK' Menu: Groups
2022-08-03 16:48:24,876: - INFO - Test_NavData_ENG: test.Test_NavData_ENG > 'NETWORK' Menu: SLA Probes
2022-08-03 16:48:24,897: - INFO - Test_NavData_ENG: test.Test_NavData_ENG > 'NETWORK' Menu: SLA Class Objects
2022-08-03 16:48:24,920: - INFO - Test_NavData_ENG: test.Test_NavData_ENG > 'NETWORK' Menu: Path Selection Profiles
2022-08-03 16:48:24,947: - INFO - Test_NavData_ENG: test.Test_NavData_ENG > 'NETWORK' Menu: Rules
2022-08-03 16:48:24,971: - INFO - Test_NavData_ENG: test.Test_NavData_ENG > 'NETWORK' Menu: IPSec VPN
2022-08-03 16:48:24,996: - INFO - Test_NavData_ENG: test.Test_NavData_ENG > 'NETWORK' Menu: Rules and Settings
2022-08-03 16:48:25,023: - INFO - Test_NavData_ENG: test.Test_NavData_ENG > 'NETWORK' Menu: Advanced
2022-08-03 16:48:25,049: - INFO - Test_NavData_ENG: test.Test_NavData_ENG > 'NETWORK' Menu: DHCP over VPN
2022-08-03 16:48:25,073: - INFO - Test_NavData_ENG: test.Test_NavData_ENG > 'NETWORK' Menu: L2TP Server
2022-08-03 16:48:25,096: - INFO - Test_NavData_ENG: test.Test_NavData_ENG > 'NETWORK' Menu: AWS VPN
2022-08-03 16:48:25,118: - INFO - Test_NavData_ENG: test.Test_NavData_ENG > 'NETWORK' Menu: SSL VPN
2022-08-03 16:48:25,138: - INFO - Test_NavData_ENG: test.Test_NavData_ENG > 'NETWORK' Menu: Status
2022-08-03 16:48:25,159: - INFO - Test_NavData_ENG: test.Test_NavData_ENG > 'NETWORK' Menu: Server Settings
2022-08-03 16:48:25,179: - INFO - Test_NavData_ENG: test.Test_NavData_ENG > 'NETWORK' Menu: Client Settings
2022-08-03 16:48:25,199: - INFO - Test_NavData_ENG: test.Test_NavData_ENG > 'NETWORK' Menu: Portal Settings
2022-08-03 16:48:25,220: - INFO - Test_NavData_ENG: test.Test_NavData_ENG > 'NETWORK' Menu: Virtual Office
2022-08-03 16:48:25,220: - INFO - Test_NavData_ENG: test.Test_NavData_ENG > ========================================================================
2022-08-03 16:48:25,220: - INFO - Test_NavData_ENG: test.Test_NavData_ENG > ========================================================================
2022-08-03 16:48:25,220: - INFO - Test_NavData_ENG: test.Test_NavData_ENG > ALL MENU: 48
2022-08-03 16:48:25,248: - INFO - Test_NavData_ENG: test.Test_NavData_ENG > Data updated for [ENG]!
2022-08-03 16:48:25,248: - INFO - Test_NavData_ENG: test.Test_NavData_ENG > Top menu 'NETWORK' is done!
2022-08-03 16:48:26,931: - INFO - Test_NavData_ENG: test.Test_NavData_ENG > 'OBJECT' Menu: Match Objects
2022-08-03 16:48:26,952: - INFO - Test_NavData_ENG: test.Test_NavData_ENG > 'OBJECT' Menu: Zones
2022-08-03 16:48:26,969: - INFO - Test_NavData_ENG: test.Test_NavData_ENG > 'OBJECT' Menu: Addresses
2022-08-03 16:48:26,990: - INFO - Test_NavData_ENG: test.Test_NavData_ENG > 'OBJECT' Menu: Services
2022-08-03 16:48:27,011: - INFO - Test_NavData_ENG: test.Test_NavData_ENG > 'OBJECT' Menu: URI Lists
2022-08-03 16:48:27,030: - INFO - Test_NavData_ENG: test.Test_NavData_ENG > 'OBJECT' Menu: Match Objects
2022-08-03 16:48:27,050: - INFO - Test_NavData_ENG: test.Test_NavData_ENG > 'OBJECT' Menu: Schedules
2022-08-03 16:48:27,070: - INFO - Test_NavData_ENG: test.Test_NavData_ENG > 'OBJECT' Menu: Dynamic Group
2022-08-03 16:48:27,093: - INFO - Test_NavData_ENG: test.Test_NavData_ENG > 'OBJECT' Menu: Email Addresses
2022-08-03 16:48:27,114: - INFO - Test_NavData_ENG: test.Test_NavData_ENG > 'OBJECT' Menu: Profile Objects
2022-08-03 16:48:27,137: - INFO - Test_NavData_ENG: test.Test_NavData_ENG > 'OBJECT' Menu: Endpoint Security
2022-08-03 16:48:27,162: - INFO - Test_NavData_ENG: test.Test_NavData_ENG > 'OBJECT' Menu: Bandwidth
2022-08-03 16:48:27,184: - INFO - Test_NavData_ENG: test.Test_NavData_ENG > 'OBJECT' Menu: QoS Marking
2022-08-03 16:48:27,212: - INFO - Test_NavData_ENG: test.Test_NavData_ENG > 'OBJECT' Menu: Content Filter
2022-08-03 16:48:27,232: - INFO - Test_NavData_ENG: test.Test_NavData_ENG > 'OBJECT' Menu: DHCP Option
2022-08-03 16:48:27,255: - INFO - Test_NavData_ENG: test.Test_NavData_ENG > 'OBJECT' Menu: AWS
2022-08-03 16:48:27,276: - INFO - Test_NavData_ENG: test.Test_NavData_ENG > 'OBJECT' Menu: Action Objects
2022-08-03 16:48:27,302: - INFO - Test_NavData_ENG: test.Test_NavData_ENG > 'OBJECT' Menu: App Rule Actions
2022-08-03 16:48:27,331: - INFO - Test_NavData_ENG: test.Test_NavData_ENG > 'OBJECT' Menu: Content Filter Actions
2022-08-03 16:48:27,331: - INFO - Test_NavData_ENG: test.Test_NavData_ENG > ========================================================================
2022-08-03 16:48:27,331: - INFO - Test_NavData_ENG: test.Test_NavData_ENG > ========================================================================
2022-08-03 16:48:27,331: - INFO - Test_NavData_ENG: test.Test_NavData_ENG > ALL MENU: 19
2022-08-03 16:48:27,361: - INFO - Test_NavData_ENG: test.Test_NavData_ENG > Data updated for [ENG]!
2022-08-03 16:48:27,361: - INFO - Test_NavData_ENG: test.Test_NavData_ENG > Top menu 'OBJECT' is done!
2022-08-03 16:48:27,415: - INFO - Test_NavData_JPN: test.Test_NavData_JPN > 'NETWORK' Menu: システム >> System
2022-08-03 16:48:27,434: - INFO - Test_NavData_JPN: test.Test_NavData_JPN > 'NETWORK' Menu: インターフェース >> Interfaces
2022-08-03 16:48:27,454: - INFO - Test_NavData_JPN: test.Test_NavData_JPN > 'NETWORK' Menu: フェイルオーバーと負荷分散 >> Failover & LB
2022-08-03 16:48:27,477: - INFO - Test_NavData_JPN: test.Test_NavData_JPN > 'NETWORK' Menu: 近隣者検出 >> Neighbor Discovery
2022-08-03 16:48:27,495: - INFO - Test_NavData_JPN: test.Test_NavData_JPN > 'NETWORK' Menu: ARP >> ARP
2022-08-03 16:48:27,509: - INFO - Test_NavData_JPN: test.Test_NavData_JPN > 'NETWORK' Menu: MAC IP アンチスプーフ >> MAC IP Anti-Spoof
2022-08-03 16:48:27,524: - INFO - Test_NavData_JPN: test.Test_NavData_JPN > 'NETWORK' Menu: ウェブ プロキシ >> Web Proxy
2022-08-03 16:48:27,542: - INFO - Test_NavData_JPN: test.Test_NavData_JPN > 'NETWORK' Menu: PortShield グループ >> PortShield Groups
2022-08-03 16:48:27,556: - INFO - Test_NavData_JPN: test.Test_NavData_JPN > 'NETWORK' Menu: VLAN 変換 >> VLAN Translation
2022-08-03 16:48:27,576: - INFO - Test_NavData_JPN: test.Test_NavData_JPN > 'NETWORK' Menu: IP ヘルパー >> IP Helper
2022-08-03 16:48:27,595: - INFO - Test_NavData_JPN: test.Test_NavData_JPN > 'NETWORK' Menu: 動的ルーティング >> Dynamic Routing
2022-08-03 16:48:27,610: - INFO - Test_NavData_JPN: test.Test_NavData_JPN > 'NETWORK' Menu: DHCP サーバ >> DHCP Server
2022-08-03 16:48:27,624: - INFO - Test_NavData_JPN: test.Test_NavData_JPN > 'NETWORK' Menu: マルチキャスト >> Multicast
2022-08-03 16:48:27,770: - INFO - Test_NavData_JPN: test.Test_NavData_JPN > 'NETWORK' Menu: ネットワーク監視 >> Network Monitor
2022-08-03 16:48:27,789: - INFO - Test_NavData_JPN: test.Test_NavData_JPN > 'NETWORK' Menu: AWS 設定 >> AWS Configuration
2022-08-03 16:48:27,805: - INFO - Test_NavData_JPN: test.Test_NavData_JPN > 'NETWORK' Menu: ファイアウォール >> Firewall
2022-08-03 16:48:27,819: - INFO - Test_NavData_JPN: test.Test_NavData_JPN > 'NETWORK' Menu: 詳細 >> Advanced
2022-08-03 16:48:27,831: - INFO - Test_NavData_JPN: test.Test_NavData_JPN > 'NETWORK' Menu: フラッド防御 >> Flood Protection
2022-08-03 16:48:27,842: - INFO - Test_NavData_JPN: test.Test_NavData_JPN > 'NETWORK' Menu: SSL 制御 >> SSL Control
2022-08-03 16:48:27,854: - INFO - Test_NavData_JPN: test.Test_NavData_JPN > 'NETWORK' Menu: 暗号化制御 >> Cipher Control
2022-08-03 16:48:27,869: - INFO - Test_NavData_JPN: test.Test_NavData_JPN > 'NETWORK' Menu: RBL フィルタ >> RBL Filter
2022-08-03 16:48:27,882: - INFO - Test_NavData_JPN: test.Test_NavData_JPN > 'NETWORK' Menu: VoIP >> VoIP
2022-08-03 16:48:27,898: - INFO - Test_NavData_JPN: test.Test_NavData_JPN > 'NETWORK' Menu: 設定 >> Settings
2022-08-03 16:48:27,913: - INFO - Test_NavData_JPN: test.Test_NavData_JPN > 'NETWORK' Menu: 通話状況 >> Call Status
2022-08-03 16:48:27,929: - INFO - Test_NavData_JPN: test.Test_NavData_JPN > 'NETWORK' Menu: DNS >> DNS
2022-08-03 16:48:27,944: - INFO - Test_NavData_JPN: test.Test_NavData_JPN > 'NETWORK' Menu: 設定 >> Settings
2022-08-03 16:48:27,958: - INFO - Test_NavData_JPN: test.Test_NavData_JPN > 'NETWORK' Menu: 動的 DNS >> Dynamic DNS
2022-08-03 16:48:27,980: - INFO - Test_NavData_JPN: test.Test_NavData_JPN > 'NETWORK' Menu: DNS プロキシ >> DNS Proxy
2022-08-03 16:48:27,994: - INFO - Test_NavData_JPN: test.Test_NavData_JPN > 'NETWORK' Menu: DNS セキュリティ >> DNS Security
2022-08-03 16:48:28,007: - INFO - Test_NavData_JPN: test.Test_NavData_JPN > 'NETWORK' Menu: スイッチング >> Switching
2022-08-03 16:48:28,020: - INFO - Test_NavData_JPN: test.Test_NavData_JPN > 'NETWORK' Menu: VLAN トランク >> VLAN Trunking
2022-08-03 16:48:28,036: - INFO - Test_NavData_JPN: test.Test_NavData_JPN > 'NETWORK' Menu: L2 発見 >> L2 Discovery
2022-08-03 16:48:28,048: - INFO - Test_NavData_JPN: test.Test_NavData_JPN > 'NETWORK' Menu: リンク統合 >> Link Aggregation
2022-08-03 16:48:28,060: - INFO - Test_NavData_JPN: test.Test_NavData_JPN > 'NETWORK' Menu: ポート ミラーリング >> Port Mirroring
2022-08-03 16:48:28,079: - INFO - Test_NavData_JPN: test.Test_NavData_JPN > 'NETWORK' Menu: SDWAN >> SDWAN
2022-08-03 16:48:28,094: - INFO - Test_NavData_JPN: test.Test_NavData_JPN > 'NETWORK' Menu: グループ >> Groups
2022-08-03 16:48:28,107: - INFO - Test_NavData_JPN: test.Test_NavData_JPN > 'NETWORK' Menu: SLA プローブ >> SLA Probes
2022-08-03 16:48:28,120: - INFO - Test_NavData_JPN: test.Test_NavData_JPN > 'NETWORK' Menu: SLA クラス オブジェクト >> SLA Class Objects
2022-08-03 16:48:28,133: - INFO - Test_NavData_JPN: test.Test_NavData_JPN > 'NETWORK' Menu: パス選択プロファイル >> Path Selection Profiles
2022-08-03 16:48:28,149: - INFO - Test_NavData_JPN: test.Test_NavData_JPN > 'NETWORK' Menu: ルール >> Rules
2022-08-03 16:48:28,165: - INFO - Test_NavData_JPN: test.Test_NavData_JPN > 'NETWORK' Menu: IPSec VPN >> IPSec VPN
2022-08-03 16:48:28,178: - INFO - Test_NavData_JPN: test.Test_NavData_JPN > 'NETWORK' Menu: ルールと設定 >> Rules and Settings
2022-08-03 16:48:28,196: - INFO - Test_NavData_JPN: test.Test_NavData_JPN > 'NETWORK' Menu: 詳細 >> Advanced
2022-08-03 16:48:28,208: - INFO - Test_NavData_JPN: test.Test_NavData_JPN > 'NETWORK' Menu: VPN を越えた DHCP >> DHCP over VPN
2022-08-03 16:48:28,224: - INFO - Test_NavData_JPN: test.Test_NavData_JPN > 'NETWORK' Menu: L2TP サーバ >> L2TP Server
2022-08-03 16:48:28,238: - INFO - Test_NavData_JPN: test.Test_NavData_JPN > 'NETWORK' Menu: AWS VPN >> AWS VPN
2022-08-03 16:48:28,323: - INFO - Test_NavData_JPN: test.Test_NavData_JPN > 'NETWORK' Menu: SSL VPN >> SSL VPN
2022-08-03 16:48:28,355: - INFO - Test_NavData_JPN: test.Test_NavData_JPN > 'NETWORK' Menu: 状況 >> Status
2022-08-03 16:48:28,368: - INFO - Test_NavData_JPN: test.Test_NavData_JPN > 'NETWORK' Menu: サーバ設定 >> Server Settings
2022-08-03 16:48:28,381: - INFO - Test_NavData_JPN: test.Test_NavData_JPN > 'NETWORK' Menu: クライアント設定 >> Client Settings
2022-08-03 16:48:28,393: - INFO - Test_NavData_JPN: test.Test_NavData_JPN > 'NETWORK' Menu: ポータル設定 >> Portal Settings
2022-08-03 16:48:28,405: - INFO - Test_NavData_JPN: test.Test_NavData_JPN > 'NETWORK' Menu: 仮想オフィス >> Virtual Office
2022-08-03 16:48:28,405: - INFO - Test_NavData_JPN: test.Test_NavData_JPN > ========================================================================
2022-08-03 16:48:28,405: - INFO - Test_NavData_JPN: test.Test_NavData_JPN > ========================================================================
2022-08-03 16:48:28,405: - INFO - Test_NavData_JPN: test.Test_NavData_JPN > ALL MENU: 52
2022-08-03 16:48:28,425: - INFO - Test_NavData_JPN: test.Test_NavData_JPN > Data updated for [JPN]!
2022-08-03 16:48:28,425: - INFO - Test_NavData_JPN: test.Test_NavData_JPN > Top menu 'NETWORK' is done!
2022-08-03 16:48:30,262: - INFO - Test_NavData_ENG: test.Test_NavData_ENG > 'POLICY' Menu: Rules and Policies
2022-08-03 16:48:30,297: - INFO - Test_NavData_ENG: test.Test_NavData_ENG > 'POLICY' Menu: Access Rules
2022-08-03 16:48:30,321: - INFO - Test_NavData_ENG: test.Test_NavData_ENG > 'POLICY' Menu: NAT Rules
2022-08-03 16:48:30,342: - INFO - Test_NavData_ENG: test.Test_NavData_ENG > 'POLICY' Menu: Routing Rules
2022-08-03 16:48:30,361: - INFO - Test_NavData_ENG: test.Test_NavData_ENG > 'POLICY' Menu: Content Filter Rules
2022-08-03 16:48:30,379: - INFO - Test_NavData_ENG: test.Test_NavData_ENG > 'POLICY' Menu: App Rules
2022-08-03 16:48:30,396: - INFO - Test_NavData_ENG: test.Test_NavData_ENG > 'POLICY' Menu: Endpoint Rules
2022-08-03 16:48:30,413: - INFO - Test_NavData_ENG: test.Test_NavData_ENG > 'POLICY' Menu: DPI-SSL
2022-08-03 16:48:30,440: - INFO - Test_NavData_ENG: test.Test_NavData_ENG > 'POLICY' Menu: Client SSL
2022-08-03 16:48:30,465: - INFO - Test_NavData_ENG: test.Test_NavData_ENG > 'POLICY' Menu: Server SSL
2022-08-03 16:48:30,489: - INFO - Test_NavData_ENG: test.Test_NavData_ENG > 'POLICY' Menu: DPI-SSH
2022-08-03 16:48:30,508: - INFO - Test_NavData_ENG: test.Test_NavData_ENG > 'POLICY' Menu: Settings
2022-08-03 16:48:30,529: - INFO - Test_NavData_ENG: test.Test_NavData_ENG > 'POLICY' Menu: Security Services
2022-08-03 16:48:30,550: - INFO - Test_NavData_ENG: test.Test_NavData_ENG > 'POLICY' Menu: Summary
2022-08-03 16:48:30,572: - INFO - Test_NavData_ENG: test.Test_NavData_ENG > 'POLICY' Menu: Gateway Anti-Virus
2022-08-03 16:48:30,594: - INFO - Test_NavData_ENG: test.Test_NavData_ENG > 'POLICY' Menu: Anti-Spyware
2022-08-03 16:48:30,614: - INFO - Test_NavData_ENG: test.Test_NavData_ENG > 'POLICY' Menu: Intrusion Prevention
2022-08-03 16:48:30,636: - INFO - Test_NavData_ENG: test.Test_NavData_ENG > 'POLICY' Menu: Geo-IP Filter
2022-08-03 16:48:30,656: - INFO - Test_NavData_ENG: test.Test_NavData_ENG > 'POLICY' Menu: Botnet Filter
2022-08-03 16:48:30,678: - INFO - Test_NavData_ENG: test.Test_NavData_ENG > 'POLICY' Menu: App Control
2022-08-03 16:48:30,700: - INFO - Test_NavData_ENG: test.Test_NavData_ENG > 'POLICY' Menu: Content Filter
2022-08-03 16:48:30,725: - INFO - Test_NavData_ENG: test.Test_NavData_ENG > 'POLICY' Menu: Anti-Spam
2022-08-03 16:48:30,748: - INFO - Test_NavData_ENG: test.Test_NavData_ENG > 'POLICY' Menu: Status
2022-08-03 16:48:30,771: - INFO - Test_NavData_ENG: test.Test_NavData_ENG > 'POLICY' Menu: Settings
2022-08-03 16:48:30,795: - INFO - Test_NavData_ENG: test.Test_NavData_ENG > 'POLICY' Menu: Capture ATP
2022-08-03 16:48:30,819: - INFO - Test_NavData_ENG: test.Test_NavData_ENG > 'POLICY' Menu: Settings
2022-08-03 16:48:30,842: - INFO - Test_NavData_ENG: test.Test_NavData_ENG > 'POLICY' Menu: Scanning History
2022-08-03 16:48:30,869: - INFO - Test_NavData_ENG: test.Test_NavData_ENG > 'POLICY' Menu: Endpoint Security
2022-08-03 16:48:30,869: - INFO - Test_NavData_ENG: test.Test_NavData_ENG > ========================================================================
2022-08-03 16:48:30,869: - INFO - Test_NavData_ENG: test.Test_NavData_ENG > ========================================================================
2022-08-03 16:48:30,869: - INFO - Test_NavData_ENG: test.Test_NavData_ENG > ALL MENU: 28
2022-08-03 16:48:30,895: - INFO - Test_NavData_ENG: test.Test_NavData_ENG > Data updated for [ENG]!
2022-08-03 16:48:30,895: - INFO - Test_NavData_ENG: test.Test_NavData_ENG > Top menu 'POLICY' is done!
2022-08-03 16:48:31,623: - INFO - Test_NavData_JPN: test.Test_NavData_JPN > 'OBJECT' Menu: 一致オブジェクト >> Match Objects
2022-08-03 16:48:31,642: - INFO - Test_NavData_JPN: test.Test_NavData_JPN > 'OBJECT' Menu: ゾーン >> Zones
2022-08-03 16:48:31,665: - INFO - Test_NavData_JPN: test.Test_NavData_JPN > 'OBJECT' Menu: アドレス >> Addresses
2022-08-03 16:48:31,679: - INFO - Test_NavData_JPN: test.Test_NavData_JPN > 'OBJECT' Menu: サービス >> Services
2022-08-03 16:48:31,695: - INFO - Test_NavData_JPN: test.Test_NavData_JPN > 'OBJECT' Menu: URI リスト >> URI Lists
2022-08-03 16:48:31,710: - INFO - Test_NavData_JPN: test.Test_NavData_JPN > 'OBJECT' Menu: 一致オブジェクト >> Match Objects
2022-08-03 16:48:31,724: - INFO - Test_NavData_JPN: test.Test_NavData_JPN > 'OBJECT' Menu: スケジュール >> Schedules
2022-08-03 16:48:31,740: - INFO - Test_NavData_JPN: test.Test_NavData_JPN > 'OBJECT' Menu: 動的グループ >> Dynamic Group
2022-08-03 16:48:31,752: - INFO - Test_NavData_JPN: test.Test_NavData_JPN > 'OBJECT' Menu: 電子メール アドレス >> Email Addresses
2022-08-03 16:48:31,764: - INFO - Test_NavData_JPN: test.Test_NavData_JPN > 'OBJECT' Menu: プロファイル オブジェクト >> Profile Objects
2022-08-03 16:48:31,778: - INFO - Test_NavData_JPN: test.Test_NavData_JPN > 'OBJECT' Menu: エンドポイント セキュリティ >> Endpoint Security
2022-08-03 16:48:31,789: - INFO - Test_NavData_JPN: test.Test_NavData_JPN > 'OBJECT' Menu: 帯域幅 >> Bandwidth
2022-08-03 16:48:31,801: - INFO - Test_NavData_JPN: test.Test_NavData_JPN > 'OBJECT' Menu: QoS 級割 >> QoS Marking
2022-08-03 16:48:31,815: - INFO - Test_NavData_JPN: test.Test_NavData_JPN > 'OBJECT' Menu: コンテンツ フィルタ >> Content Filter
2022-08-03 16:48:31,828: - INFO - Test_NavData_JPN: test.Test_NavData_JPN > 'OBJECT' Menu: DHCP オプション >> DHCP Option
2022-08-03 16:48:31,840: - INFO - Test_NavData_JPN: test.Test_NavData_JPN > 'OBJECT' Menu: AWS >> AWS
2022-08-03 16:48:31,853: - INFO - Test_NavData_JPN: test.Test_NavData_JPN > 'OBJECT' Menu: 動作オブジェクト >> Action Objects
2022-08-03 16:48:31,865: - INFO - Test_NavData_JPN: test.Test_NavData_JPN > 'OBJECT' Menu: アプリケーション ルールの動作 >> App Rule Actions
2022-08-03 16:48:31,883: - INFO - Test_NavData_JPN: test.Test_NavData_JPN > 'OBJECT' Menu: コンテンツ フィルタの動作 >> Content Filter Actions
2022-08-03 16:48:31,883: - INFO - Test_NavData_JPN: test.Test_NavData_JPN > ========================================================================
2022-08-03 16:48:31,883: - INFO - Test_NavData_JPN: test.Test_NavData_JPN > ========================================================================
2022-08-03 16:48:31,883: - INFO - Test_NavData_JPN: test.Test_NavData_JPN > ALL MENU: 19
2022-08-03 16:48:31,905: - INFO - Test_NavData_JPN: test.Test_NavData_JPN > Data updated for [JPN]!
2022-08-03 16:48:31,905: - INFO - Test_NavData_JPN: test.Test_NavData_JPN > Top menu 'OBJECT' is done!
2022-08-03 16:48:34,971: - INFO - Test_NavData_JPN: test.Test_NavData_JPN > 'POLICY' Menu: ルールとポリシー >> Rules and Policies
2022-08-03 16:48:34,986: - INFO - Test_NavData_JPN: test.Test_NavData_JPN > 'POLICY' Menu: アクセス ルール >> Access Rules
2022-08-03 16:48:35,001: - INFO - Test_NavData_JPN: test.Test_NavData_JPN > 'POLICY' Menu: NAT ルール >> NAT Rules
2022-08-03 16:48:35,015: - INFO - Test_NavData_JPN: test.Test_NavData_JPN > 'POLICY' Menu: ルーティング ルール >> Routing Rules
2022-08-03 16:48:35,030: - INFO - Test_NavData_JPN: test.Test_NavData_JPN > 'POLICY' Menu: コンテンツ フィルタ ルール >> Content Filter Rules
2022-08-03 16:48:35,045: - INFO - Test_NavData_JPN: test.Test_NavData_JPN > 'POLICY' Menu: アプリケーション ルール >> App Rules
2022-08-03 16:48:35,061: - INFO - Test_NavData_JPN: test.Test_NavData_JPN > 'POLICY' Menu: エンドポイント ルール >> Endpoint Rules
2022-08-03 16:48:35,078: - INFO - Test_NavData_JPN: test.Test_NavData_JPN > 'POLICY' Menu: DPI-SSL >> DPI-SSL
2022-08-03 16:48:35,093: - INFO - Test_NavData_JPN: test.Test_NavData_JPN > 'POLICY' Menu: クライアント SSL >> Client SSL
2022-08-03 16:48:35,108: - INFO - Test_NavData_JPN: test.Test_NavData_JPN > 'POLICY' Menu: サーバ SSL >> Server SSL
2022-08-03 16:48:35,123: - INFO - Test_NavData_JPN: test.Test_NavData_JPN > 'POLICY' Menu: DPI-SSH >> DPI-SSH
2022-08-03 16:48:35,139: - INFO - Test_NavData_JPN: test.Test_NavData_JPN > 'POLICY' Menu: 設定 >> Settings
2022-08-03 16:48:35,154: - INFO - Test_NavData_JPN: test.Test_NavData_JPN > 'POLICY' Menu: セキュリティ サービス >> Security Services
2022-08-03 16:48:35,168: - INFO - Test_NavData_JPN: test.Test_NavData_JPN > 'POLICY' Menu: サマリ >> Summary
2022-08-03 16:48:35,180: - INFO - Test_NavData_JPN: test.Test_NavData_JPN > 'POLICY' Menu: ゲートウェイ アンチウイルス >> Gateway Anti-Virus
2022-08-03 16:48:35,191: - INFO - Test_NavData_JPN: test.Test_NavData_JPN > 'POLICY' Menu: アンチスパイウェア >> Anti-Spyware
2022-08-03 16:48:35,204: - INFO - Test_NavData_JPN: test.Test_NavData_JPN > 'POLICY' Menu: 侵入防御 >> Intrusion Prevention
2022-08-03 16:48:35,218: - INFO - Test_NavData_JPN: test.Test_NavData_JPN > 'POLICY' Menu: 地域 IP フィルタ >> Geo-IP Filter
2022-08-03 16:48:35,230: - INFO - Test_NavData_JPN: test.Test_NavData_JPN > 'POLICY' Menu: ボットネット フィルタ >> Botnet Filter
2022-08-03 16:48:35,242: - INFO - Test_NavData_JPN: test.Test_NavData_JPN > 'POLICY' Menu: アプリケーション制御 >> App Control
2022-08-03 16:48:35,254: - INFO - Test_NavData_JPN: test.Test_NavData_JPN > 'POLICY' Menu: コンテンツ フィルタ >> Content Filter
2022-08-03 16:48:35,268: - INFO - Test_NavData_JPN: test.Test_NavData_JPN > 'POLICY' Menu: アンチスパム >> Anti-Spam
2022-08-03 16:48:35,282: - INFO - Test_NavData_JPN: test.Test_NavData_JPN > 'POLICY' Menu: 状況 >> Status
2022-08-03 16:48:35,296: - INFO - Test_NavData_JPN: test.Test_NavData_JPN > 'POLICY' Menu: 設定 >> Settings
2022-08-03 16:48:35,308: - INFO - Test_NavData_JPN: test.Test_NavData_JPN > 'POLICY' Menu: キャプチャ ATP >> Capture ATP
2022-08-03 16:48:35,319: - INFO - Test_NavData_JPN: test.Test_NavData_JPN > 'POLICY' Menu: 設定 >> Settings
2022-08-03 16:48:35,334: - INFO - Test_NavData_JPN: test.Test_NavData_JPN > 'POLICY' Menu: スキャン履歴 >> Scanning History
2022-08-03 16:48:35,347: - INFO - Test_NavData_JPN: test.Test_NavData_JPN > 'POLICY' Menu: エンドポイント セキュリティ >> Endpoint Security
2022-08-03 16:48:35,348: - INFO - Test_NavData_JPN: test.Test_NavData_JPN > ========================================================================
2022-08-03 16:48:35,348: - INFO - Test_NavData_JPN: test.Test_NavData_JPN > ========================================================================
2022-08-03 16:48:35,348: - INFO - Test_NavData_JPN: test.Test_NavData_JPN > ALL MENU: 28
2022-08-03 16:48:35,358: - INFO - Test_NavData_JPN: test.Test_NavData_JPN > Data updated for [JPN]!
2022-08-03 16:48:35,358: - INFO - Test_NavData_JPN: test.Test_NavData_JPN > Top menu 'POLICY' is done!
2022-08-03 16:48:35,644: - INFO - Test_NavData_ENG: test.Test_NavData_ENG > Info created for [ENG]!
2022-08-03 16:48:35,648: - INFO - Test_NavData_ENG: test.Test_NavData_ENG > Info updated for [ENG]!
2022-08-03 16:48:35,951: - INFO - Test_NavData_ENG: test_Step02_MenuTop_ENG > [Pass]Take screenshot...
2022-08-03 16:48:41,390: - INFO - Test_NavData_JPN: test.Test_NavData_JPN > Info created for [JPN]!
2022-08-03 16:48:41,394: - INFO - Test_NavData_JPN: test.Test_NavData_JPN > Info updated for [JPN]!
2022-08-03 16:48:41,563: - INFO - Test_NavData_JPN: test_Step02_MenuTop_JPN > [Pass]Take screenshot...
2022-08-03 16:48:44,799: - INFO - Test_NavData_ENG: box_JPN > Got data!
2022-08-03 16:48:44,803: - INFO - Test_NavData_ENG: box_ENG > Got data!
2022-08-03 16:48:44,804: - INFO - Test_NavData_ENG: test_dataCompare > Ready to start...
2022-08-03 16:48:44,804: - INFO - Test_NavData_ENG: test_dataCompare > --------------------------------------------------------------------
2022-08-03 16:48:44,805: - INFO - Test_NavData_ENG: test_dataCompare > [JPN] info: Device Name -----> NSA 2700
2022-08-03 16:48:44,805: - INFO - Test_NavData_ENG: test_dataCompare > [JPN] info: Serial Number ---> 2CB8ED8279E0
2022-08-03 16:48:44,805: - INFO - Test_NavData_ENG: test_dataCompare > [JPN] info: Firmware Version > SonicOS 7.0.1-5079-P3152-j3280
2022-08-03 16:48:44,805: - INFO - Test_NavData_ENG: test_dataCompare > --------------------------------------------------------------------
2022-08-03 16:48:44,806: - INFO - Test_NavData_ENG: test_dataCompare > [ENG] info: Device Name -----> TZ 570P
2022-08-03 16:48:44,806: - INFO - Test_NavData_ENG: test_dataCompare > [ENG] info: Serial Number ---> 2CB8ED694D58
2022-08-03 16:48:44,806: - INFO - Test_NavData_ENG: test_dataCompare > [ENG] info: Firmware Version > SonicOS 7.0.1-5079-P3151
2022-08-03 16:48:44,807: - INFO - Test_NavData_ENG: test_dataCompare > --------------------------------------------------------------------
2022-08-03 16:48:44,808: - INFO - Test_NavData_ENG: missing_page > [ENG] version missing: DEVICE > Users > Partitions
2022-08-03 16:48:44,809: - INFO - Test_NavData_ENG: missing_page > [JPN] version missing: NETWORK > System > PoE Settings
2022-08-03 16:48:44,809: - INFO - Test_NavData_ENG: missing_page > [ENG] version missing: NETWORK > Switching
2022-08-03 16:48:44,809: - INFO - Test_NavData_ENG: missing_page > [ENG] version missing: NETWORK > Switching > VLAN Trunking
2022-08-03 16:48:44,809: - INFO - Test_NavData_ENG: missing_page > [ENG] version missing: NETWORK > Switching > L2 Discovery
2022-08-03 16:48:44,809: - INFO - Test_NavData_ENG: missing_page > [ENG] version missing: NETWORK > Switching > Link Aggregation
2022-08-03 16:48:44,809: - INFO - Test_NavData_ENG: missing_page > [ENG] version missing: NETWORK > Switching > Port Mirroring
