2023-01-10 16:36:22,371: - INFO - Test_NavData_JPN: test.Test_NavData_JPN > Before Navigate To...https://10.8.162.236[JPN]
2023-01-10 16:36:22,371: - INFO - Test_NavData_ENG: test.Test_NavData_ENG > Before Navigate To...https://10.8.162.230[ENG]
2023-01-10 16:36:22,811: - INFO - Test_NavData_JPN: test.Test_NavData_JPN > Login to main page...
2023-01-10 16:36:22,813: - INFO - Test_NavData_ENG: test.Test_NavData_ENG > Login to main page...
2023-01-10 16:36:25,065: - INFO - Test_NavData_ENG: test.Test_NavData_ENG > Preempt the box...
2023-01-10 16:36:27,684: - INFO - Test_NavData_ENG: test_Step01_Login_ENG > [Pass]Take screenshot...
2023-01-10 16:36:27,941: - INFO - Test_NavData_ENG: test.Test_NavData_ENG > Data created for [ENG]!
2023-01-10 16:36:31,142: - INFO - Test_NavData_ENG: test.Test_NavData_ENG > 'HOME' Menu: Dashboard
2023-01-10 16:36:31,165: - INFO - Test_NavData_ENG: test.Test_NavData_ENG > 'HOME' Menu: System
2023-01-10 16:36:31,190: - INFO - Test_NavData_ENG: test.Test_NavData_ENG > 'HOME' Menu: Access Points
2023-01-10 16:36:31,214: - INFO - Test_NavData_ENG: test.Test_NavData_ENG > 'HOME' Menu: Capture ATP
2023-01-10 16:36:31,240: - INFO - Test_NavData_ENG: test.Test_NavData_ENG > 'HOME' Menu: Topology
2023-01-10 16:36:31,263: - INFO - Test_NavData_ENG: test.Test_NavData_ENG > 'HOME' Menu: Legal Information
2023-01-10 16:36:31,287: - INFO - Test_NavData_ENG: test.Test_NavData_ENG > 'HOME' Menu: API
2023-01-10 16:36:31,288: - INFO - Test_NavData_ENG: test.Test_NavData_ENG > ========================================================================
2023-01-10 16:36:31,288: - INFO - Test_NavData_ENG: test.Test_NavData_ENG > 'HOME' Menu: No duplicated data to the TOP
2023-01-10 16:36:31,288: - INFO - Test_NavData_ENG: test.Test_NavData_ENG > ========================================================================
2023-01-10 16:36:31,288: - INFO - Test_NavData_ENG: test.Test_NavData_ENG > ALL MENU: 7
2023-01-10 16:36:31,480: - INFO - Test_NavData_ENG: test.Test_NavData_ENG > Data updated for [ENG]!
2023-01-10 16:36:31,480: - INFO - Test_NavData_ENG: test.Test_NavData_ENG > Top menu 'HOME' is done!
2023-01-10 16:36:33,240: - INFO - Test_NavData_ENG: test.Test_NavData_ENG > 'MONITOR' Menu: Real-Time Charts
2023-01-10 16:36:33,266: - INFO - Test_NavData_ENG: test.Test_NavData_ENG > 'MONITOR' Menu: System Monitor
2023-01-10 16:36:33,291: - INFO - Test_NavData_ENG: test.Test_NavData_ENG > 'MONITOR' Menu: Protocol Monitor
2023-01-10 16:36:33,321: - INFO - Test_NavData_ENG: test.Test_NavData_ENG > 'MONITOR' Menu: User Monitor
2023-01-10 16:36:33,351: - INFO - Test_NavData_ENG: test.Test_NavData_ENG > 'MONITOR' Menu: BWM Monitor
2023-01-10 16:36:33,376: - INFO - Test_NavData_ENG: test.Test_NavData_ENG > 'MONITOR' Menu: AppFlow
2023-01-10 16:36:33,412: - INFO - Test_NavData_ENG: test.Test_NavData_ENG > 'MONITOR' Menu: AppFlow Report
2023-01-10 16:36:33,440: - INFO - Test_NavData_ENG: test.Test_NavData_ENG > 'MONITOR' Menu: AppFlow Monitor
2023-01-10 16:36:33,469: - INFO - Test_NavData_ENG: test.Test_NavData_ENG > 'MONITOR' Menu: CTA Report
2023-01-10 16:36:33,500: - INFO - Test_NavData_ENG: test.Test_NavData_ENG > 'MONITOR' Menu: SDWAN
2023-01-10 16:36:33,531: - INFO - Test_NavData_ENG: test.Test_NavData_ENG > 'MONITOR' Menu: SDWAN Monitor
2023-01-10 16:36:33,565: - INFO - Test_NavData_ENG: test.Test_NavData_ENG > 'MONITOR' Menu: SD-WAN Connections
2023-01-10 16:36:33,589: - INFO - Test_NavData_ENG: test.Test_NavData_ENG > 'MONITOR' Menu: Logs
2023-01-10 16:36:33,622: - INFO - Test_NavData_ENG: test.Test_NavData_ENG > 'MONITOR' Menu: System Logs
2023-01-10 16:36:33,657: - INFO - Test_NavData_ENG: test.Test_NavData_ENG > 'MONITOR' Menu: Auditing Logs
2023-01-10 16:36:33,696: - INFO - Test_NavData_ENG: test.Test_NavData_ENG > 'MONITOR' Menu: Tools & Monitors
2023-01-10 16:36:33,729: - INFO - Test_NavData_ENG: test.Test_NavData_ENG > 'MONITOR' Menu: Packet Monitor
2023-01-10 16:36:33,761: - INFO - Test_NavData_ENG: test.Test_NavData_ENG > 'MONITOR' Menu: Connections
2023-01-10 16:36:33,793: - INFO - Test_NavData_ENG: test.Test_NavData_ENG > 'MONITOR' Menu: Core 0 Processes
2023-01-10 16:36:33,828: - INFO - Test_NavData_ENG: test.Test_NavData_ENG > 'MONITOR' Menu: Packet Replay
2023-01-10 16:36:33,829: - INFO - Test_NavData_ENG: test.Test_NavData_ENG > ========================================================================
2023-01-10 16:36:33,829: - INFO - Test_NavData_ENG: test.Test_NavData_ENG > 'MONITOR' Menu: No duplicated data to the TOP
2023-01-10 16:36:33,829: - INFO - Test_NavData_ENG: test.Test_NavData_ENG > ========================================================================
2023-01-10 16:36:33,829: - INFO - Test_NavData_ENG: test.Test_NavData_ENG > ALL MENU: 20
2023-01-10 16:36:33,852: - INFO - Test_NavData_ENG: test.Test_NavData_ENG > Data updated for [ENG]!
2023-01-10 16:36:33,853: - INFO - Test_NavData_ENG: test.Test_NavData_ENG > Top menu 'MONITOR' is done!
2023-01-10 16:36:35,695: - INFO - Test_NavData_ENG: test.Test_NavData_ENG > 'DEVICE' Menu: Settings
2023-01-10 16:36:35,725: - INFO - Test_NavData_ENG: test.Test_NavData_ENG > 'DEVICE' Menu: Licenses
2023-01-10 16:36:35,753: - INFO - Test_NavData_ENG: test.Test_NavData_ENG > 'DEVICE' Menu: Administration
2023-01-10 16:36:35,778: - INFO - Test_NavData_ENG: test.Test_NavData_ENG > 'DEVICE' Menu: Time
2023-01-10 16:36:35,800: - INFO - Test_NavData_ENG: test.Test_NavData_ENG > 'DEVICE' Menu: Certificates
2023-01-10 16:36:35,822: - INFO - Test_NavData_ENG: test.Test_NavData_ENG > 'DEVICE' Menu: SNMP
2023-01-10 16:36:35,844: - INFO - Test_NavData_ENG: test.Test_NavData_ENG > 'DEVICE' Menu: Firmware and Settings
2023-01-10 16:36:35,877: - INFO - Test_NavData_ENG: test.Test_NavData_ENG > 'DEVICE' Menu: Storage
2023-01-10 16:36:35,906: - INFO - Test_NavData_ENG: test.Test_NavData_ENG > 'DEVICE' Menu: Restart
2023-01-10 16:36:35,928: - INFO - Test_NavData_ENG: test.Test_NavData_ENG > 'DEVICE' Menu: High Availability
2023-01-10 16:36:35,949: - INFO - Test_NavData_ENG: test.Test_NavData_ENG > 'DEVICE' Menu: Status
2023-01-10 16:36:35,983: - INFO - Test_NavData_ENG: test.Test_NavData_ENG > 'DEVICE' Menu: Settings
2023-01-10 16:36:36,011: - INFO - Test_NavData_ENG: test.Test_NavData_ENG > 'DEVICE' Menu: Advanced
2023-01-10 16:36:36,032: - INFO - Test_NavData_ENG: test.Test_NavData_ENG > 'DEVICE' Menu: Monitoring
2023-01-10 16:36:36,055: - INFO - Test_NavData_ENG: test.Test_NavData_ENG > 'DEVICE' Menu: Users
2023-01-10 16:36:36,087: - INFO - Test_NavData_ENG: test.Test_NavData_ENG > 'DEVICE' Menu: Status
2023-01-10 16:36:36,114: - INFO - Test_NavData_ENG: test.Test_NavData_ENG > 'DEVICE' Menu: Settings
2023-01-10 16:36:36,140: - INFO - Test_NavData_ENG: test.Test_NavData_ENG > 'DEVICE' Menu: Local Users & Groups
2023-01-10 16:36:36,164: - INFO - Test_NavData_ENG: test.Test_NavData_ENG > 'DEVICE' Menu: Guest Services
2023-01-10 16:36:36,185: - INFO - Test_NavData_ENG: test.Test_NavData_ENG > 'DEVICE' Menu: Guest Accounts
2023-01-10 16:36:36,207: - INFO - Test_NavData_ENG: test.Test_NavData_ENG > 'DEVICE' Menu: Guest Status
2023-01-10 16:36:36,229: - INFO - Test_NavData_ENG: test.Test_NavData_ENG > 'DEVICE' Menu: AppFlow
2023-01-10 16:36:36,251: - INFO - Test_NavData_ENG: test.Test_NavData_ENG > 'DEVICE' Menu: Flow Reporting
2023-01-10 16:36:36,272: - INFO - Test_NavData_ENG: test.Test_NavData_ENG > 'DEVICE' Menu: AppFlow Agent
2023-01-10 16:36:36,298: - INFO - Test_NavData_ENG: test.Test_NavData_ENG > 'DEVICE' Menu: Log
2023-01-10 16:36:36,320: - INFO - Test_NavData_ENG: test.Test_NavData_ENG > 'DEVICE' Menu: Settings
2023-01-10 16:36:36,340: - INFO - Test_NavData_ENG: test.Test_NavData_ENG > 'DEVICE' Menu: Syslog
2023-01-10 16:36:36,362: - INFO - Test_NavData_ENG: test.Test_NavData_ENG > 'DEVICE' Menu: Automation
2023-01-10 16:36:36,395: - INFO - Test_NavData_ENG: test.Test_NavData_ENG > 'DEVICE' Menu: Name Resolution
2023-01-10 16:36:36,421: - INFO - Test_NavData_ENG: test.Test_NavData_ENG > 'DEVICE' Menu: Reports
2023-01-10 16:36:36,449: - INFO - Test_NavData_ENG: test.Test_NavData_ENG > 'DEVICE' Menu: AWS
2023-01-10 16:36:36,476: - INFO - Test_NavData_ENG: test.Test_NavData_ENG > 'DEVICE' Menu: Diagnostics
2023-01-10 16:36:36,498: - INFO - Test_NavData_ENG: test.Test_NavData_ENG > 'DEVICE' Menu: Tech Support Report
2023-01-10 16:36:36,523: - INFO - Test_NavData_ENG: test.Test_NavData_ENG > 'DEVICE' Menu: Check Network Settings
2023-01-10 16:36:36,551: - INFO - Test_NavData_ENG: test.Test_NavData_ENG > 'DEVICE' Menu: DNS Name Lookup
2023-01-10 16:36:36,580: - INFO - Test_NavData_ENG: test.Test_NavData_ENG > 'DEVICE' Menu: Network Path
2023-01-10 16:36:36,609: - INFO - Test_NavData_ENG: test.Test_NavData_ENG > 'DEVICE' Menu: Ping
2023-01-10 16:36:36,639: - INFO - Test_NavData_ENG: test.Test_NavData_ENG > 'DEVICE' Menu: Trace Route
2023-01-10 16:36:36,669: - INFO - Test_NavData_ENG: test.Test_NavData_ENG > 'DEVICE' Menu: Real-Time Blacklist
2023-01-10 16:36:36,701: - INFO - Test_NavData_ENG: test.Test_NavData_ENG > 'DEVICE' Menu: Reverse Name Lookup
2023-01-10 16:36:36,729: - INFO - Test_NavData_ENG: test.Test_NavData_ENG > 'DEVICE' Menu: Connection TopX
2023-01-10 16:36:36,755: - INFO - Test_NavData_ENG: test.Test_NavData_ENG > 'DEVICE' Menu: Geo and Botnet
2023-01-10 16:36:36,786: - INFO - Test_NavData_ENG: test.Test_NavData_ENG > 'DEVICE' Menu: MX and Banner
2023-01-10 16:36:36,813: - INFO - Test_NavData_ENG: test.Test_NavData_ENG > 'DEVICE' Menu: GRID Check
2023-01-10 16:36:36,848: - INFO - Test_NavData_ENG: test.Test_NavData_ENG > 'DEVICE' Menu: URL Rating Request
2023-01-10 16:36:36,886: - INFO - Test_NavData_ENG: test.Test_NavData_ENG > 'DEVICE' Menu: PMTU Discovery
2023-01-10 16:36:36,949: - INFO - Test_NavData_ENG: test.Test_NavData_ENG > 'DEVICE' Menu: Switch Diagnostics
2023-01-10 16:36:36,995: - INFO - Test_NavData_ENG: test.Test_NavData_ENG > 'DEVICE' Menu: Switch Network
2023-01-10 16:36:37,029: - INFO - Test_NavData_ENG: test.Test_NavData_ENG > 'DEVICE' Menu: Overview
2023-01-10 16:36:37,061: - INFO - Test_NavData_ENG: test.Test_NavData_ENG > 'DEVICE' Menu: Switches
2023-01-10 16:36:37,087: - INFO - Test_NavData_ENG: test.Test_NavData_ENG > 'DEVICE' Menu: Access Points
2023-01-10 16:36:37,118: - INFO - Test_NavData_ENG: test.Test_NavData_ENG > 'DEVICE' Menu: Settings
2023-01-10 16:36:37,149: - INFO - Test_NavData_ENG: test.Test_NavData_ENG > 'DEVICE' Menu: Firmware Management
2023-01-10 16:36:37,175: - INFO - Test_NavData_ENG: test.Test_NavData_ENG > 'DEVICE' Menu: Floor Plan View
2023-01-10 16:36:37,201: - INFO - Test_NavData_ENG: test.Test_NavData_ENG > 'DEVICE' Menu: Station Status
2023-01-10 16:36:37,234: - INFO - Test_NavData_ENG: test.Test_NavData_ENG > 'DEVICE' Menu: IDS
2023-01-10 16:36:37,266: - INFO - Test_NavData_ENG: test.Test_NavData_ENG > 'DEVICE' Menu: Advanced IDP
2023-01-10 16:36:37,294: - INFO - Test_NavData_ENG: test.Test_NavData_ENG > 'DEVICE' Menu: Packet Capture
2023-01-10 16:36:37,321: - INFO - Test_NavData_ENG: test.Test_NavData_ENG > 'DEVICE' Menu: Virtual Access Point
2023-01-10 16:36:37,353: - INFO - Test_NavData_ENG: test.Test_NavData_ENG > 'DEVICE' Menu: RF Monitoring
2023-01-10 16:36:37,387: - INFO - Test_NavData_ENG: test.Test_NavData_ENG > 'DEVICE' Menu: RF Analysis
2023-01-10 16:36:37,416: - INFO - Test_NavData_ENG: test.Test_NavData_ENG > 'DEVICE' Menu: RF Spectrum
2023-01-10 16:36:37,449: - INFO - Test_NavData_ENG: test.Test_NavData_ENG > 'DEVICE' Menu: FairNet
2023-01-10 16:36:37,481: - INFO - Test_NavData_ENG: test.Test_NavData_ENG > 'DEVICE' Menu: Wi-Fi Multimedia
2023-01-10 16:36:37,513: - INFO - Test_NavData_ENG: test.Test_NavData_ENG > 'DEVICE' Menu: 3G/4G/LTE WWAN
2023-01-10 16:36:37,545: - INFO - Test_NavData_ENG: test.Test_NavData_ENG > 'DEVICE' Menu: Bluetooth LE
2023-01-10 16:36:37,573: - INFO - Test_NavData_ENG: test.Test_NavData_ENG > 'DEVICE' Menu: Radio Management
2023-01-10 16:36:37,601: - INFO - Test_NavData_ENG: test.Test_NavData_ENG > 'DEVICE' Menu: WWAN
2023-01-10 16:36:37,601: - INFO - Test_NavData_ENG: test.Test_NavData_ENG > ========================================================================
2023-01-10 16:36:37,601: - INFO - Test_NavData_ENG: test.Test_NavData_ENG > 'DEVICE' Menu: Settings >> Settings (TOP)
2023-01-10 16:36:37,602: - INFO - Test_NavData_ENG: test.Test_NavData_ENG > ========================================================================
2023-01-10 16:36:37,602: - INFO - Test_NavData_ENG: test.Test_NavData_ENG > ALL MENU: 68
2023-01-10 16:36:37,630: - INFO - Test_NavData_ENG: test.Test_NavData_ENG > Data updated for [ENG]!
2023-01-10 16:36:37,630: - INFO - Test_NavData_ENG: test.Test_NavData_ENG > Top menu 'DEVICE' is done!
2023-01-10 16:36:39,624: - INFO - Test_NavData_ENG: test.Test_NavData_ENG > 'NETWORK' Menu: System
2023-01-10 16:36:39,650: - INFO - Test_NavData_ENG: test.Test_NavData_ENG > 'NETWORK' Menu: Interfaces
2023-01-10 16:36:39,683: - INFO - Test_NavData_ENG: test.Test_NavData_ENG > 'NETWORK' Menu: Failover & LB
2023-01-10 16:36:39,714: - INFO - Test_NavData_ENG: test.Test_NavData_ENG > 'NETWORK' Menu: Neighbor Discovery
2023-01-10 16:36:39,744: - INFO - Test_NavData_ENG: test.Test_NavData_ENG > 'NETWORK' Menu: ARP
2023-01-10 16:36:39,778: - INFO - Test_NavData_ENG: test.Test_NavData_ENG > 'NETWORK' Menu: MAC IP Anti-Spoof
2023-01-10 16:36:39,811: - INFO - Test_NavData_ENG: test.Test_NavData_ENG > 'NETWORK' Menu: Web Proxy
2023-01-10 16:36:39,847: - INFO - Test_NavData_ENG: test.Test_NavData_ENG > 'NETWORK' Menu: PortShield Groups
2023-01-10 16:36:39,881: - INFO - Test_NavData_ENG: test.Test_NavData_ENG > 'NETWORK' Menu: PoE Settings
2023-01-10 16:36:39,911: - INFO - Test_NavData_ENG: test.Test_NavData_ENG > 'NETWORK' Menu: VLAN Translation
2023-01-10 16:36:39,941: - INFO - Test_NavData_ENG: test.Test_NavData_ENG > 'NETWORK' Menu: IP Helper
2023-01-10 16:36:39,969: - INFO - Test_NavData_ENG: test.Test_NavData_ENG > 'NETWORK' Menu: Dynamic Routing
2023-01-10 16:36:40,002: - INFO - Test_NavData_ENG: test.Test_NavData_ENG > 'NETWORK' Menu: DHCP Server
2023-01-10 16:36:40,064: - INFO - Test_NavData_ENG: test.Test_NavData_ENG > 'NETWORK' Menu: Multicast
2023-01-10 16:36:40,116: - INFO - Test_NavData_ENG: test.Test_NavData_ENG > 'NETWORK' Menu: Network Monitor
2023-01-10 16:36:40,146: - INFO - Test_NavData_ENG: test.Test_NavData_ENG > 'NETWORK' Menu: AWS Configuration
2023-01-10 16:36:40,171: - INFO - Test_NavData_ENG: test.Test_NavData_ENG > 'NETWORK' Menu: Firewall
2023-01-10 16:36:40,200: - INFO - Test_NavData_ENG: test.Test_NavData_ENG > 'NETWORK' Menu: Advanced
2023-01-10 16:36:40,229: - INFO - Test_NavData_ENG: test.Test_NavData_ENG > 'NETWORK' Menu: Flood Protection
2023-01-10 16:36:40,261: - INFO - Test_NavData_ENG: test.Test_NavData_ENG > 'NETWORK' Menu: SSL Control
2023-01-10 16:36:40,283: - INFO - Test_NavData_ENG: test.Test_NavData_ENG > 'NETWORK' Menu: Cipher Control
2023-01-10 16:36:40,304: - INFO - Test_NavData_ENG: test.Test_NavData_ENG > 'NETWORK' Menu: RBL Filter
2023-01-10 16:36:40,329: - INFO - Test_NavData_ENG: test.Test_NavData_ENG > 'NETWORK' Menu: VoIP
2023-01-10 16:36:40,351: - INFO - Test_NavData_ENG: test.Test_NavData_ENG > 'NETWORK' Menu: Settings
2023-01-10 16:36:40,377: - INFO - Test_NavData_ENG: test.Test_NavData_ENG > 'NETWORK' Menu: Call Status
2023-01-10 16:36:40,399: - INFO - Test_NavData_ENG: test.Test_NavData_ENG > 'NETWORK' Menu: DNS
2023-01-10 16:36:40,421: - INFO - Test_NavData_ENG: test.Test_NavData_ENG > 'NETWORK' Menu: Settings
2023-01-10 16:36:40,445: - INFO - Test_NavData_ENG: test.Test_NavData_ENG > 'NETWORK' Menu: Dynamic DNS
2023-01-10 16:36:40,476: - INFO - Test_NavData_ENG: test.Test_NavData_ENG > 'NETWORK' Menu: DNS Proxy
2023-01-10 16:36:40,508: - INFO - Test_NavData_ENG: test.Test_NavData_ENG > 'NETWORK' Menu: DNS Security
2023-01-10 16:36:40,535: - INFO - Test_NavData_ENG: test.Test_NavData_ENG > 'NETWORK' Menu: SDWAN
2023-01-10 16:36:40,561: - INFO - Test_NavData_ENG: test.Test_NavData_ENG > 'NETWORK' Menu: Groups
2023-01-10 16:36:40,580: - INFO - Test_NavData_ENG: test.Test_NavData_ENG > 'NETWORK' Menu: SLA Probes
2023-01-10 16:36:40,600: - INFO - Test_NavData_ENG: test.Test_NavData_ENG > 'NETWORK' Menu: SLA Class Objects
2023-01-10 16:36:40,620: - INFO - Test_NavData_ENG: test.Test_NavData_ENG > 'NETWORK' Menu: Path Selection Profiles
2023-01-10 16:36:40,645: - INFO - Test_NavData_ENG: test.Test_NavData_ENG > 'NETWORK' Menu: Rules
2023-01-10 16:36:40,668: - INFO - Test_NavData_ENG: test.Test_NavData_ENG > 'NETWORK' Menu: IPSec VPN
2023-01-10 16:36:40,695: - INFO - Test_NavData_ENG: test.Test_NavData_ENG > 'NETWORK' Menu: Rules and Settings
2023-01-10 16:36:40,722: - INFO - Test_NavData_ENG: test.Test_NavData_ENG > 'NETWORK' Menu: Advanced
2023-01-10 16:36:40,751: - INFO - Test_NavData_ENG: test.Test_NavData_ENG > 'NETWORK' Menu: DHCP over VPN
2023-01-10 16:36:40,784: - INFO - Test_NavData_ENG: test.Test_NavData_ENG > 'NETWORK' Menu: L2TP Server
2023-01-10 16:36:40,816: - INFO - Test_NavData_ENG: test.Test_NavData_ENG > 'NETWORK' Menu: AWS VPN
2023-01-10 16:36:40,843: - INFO - Test_NavData_ENG: test.Test_NavData_ENG > 'NETWORK' Menu: SSL VPN
2023-01-10 16:36:40,872: - INFO - Test_NavData_ENG: test.Test_NavData_ENG > 'NETWORK' Menu: Status
2023-01-10 16:36:40,901: - INFO - Test_NavData_ENG: test.Test_NavData_ENG > 'NETWORK' Menu: Server Settings
2023-01-10 16:36:40,927: - INFO - Test_NavData_ENG: test.Test_NavData_ENG > 'NETWORK' Menu: Client Settings
2023-01-10 16:36:40,956: - INFO - Test_NavData_ENG: test.Test_NavData_ENG > 'NETWORK' Menu: Portal Settings
2023-01-10 16:36:40,987: - INFO - Test_NavData_ENG: test.Test_NavData_ENG > 'NETWORK' Menu: Virtual Office
2023-01-10 16:36:40,987: - INFO - Test_NavData_ENG: test.Test_NavData_ENG > ========================================================================
2023-01-10 16:36:40,987: - INFO - Test_NavData_ENG: test.Test_NavData_ENG > 'NETWORK' Menu: No duplicated data to the TOP
2023-01-10 16:36:40,987: - INFO - Test_NavData_ENG: test.Test_NavData_ENG > ========================================================================
2023-01-10 16:36:40,987: - INFO - Test_NavData_ENG: test.Test_NavData_ENG > ALL MENU: 48
2023-01-10 16:36:41,030: - INFO - Test_NavData_ENG: test.Test_NavData_ENG > Data updated for [ENG]!
2023-01-10 16:36:41,030: - INFO - Test_NavData_ENG: test.Test_NavData_ENG > Top menu 'NETWORK' is done!
2023-01-10 16:36:42,727: - INFO - Test_NavData_ENG: test.Test_NavData_ENG > 'OBJECT' Menu: Match Objects
2023-01-10 16:36:42,762: - INFO - Test_NavData_ENG: test.Test_NavData_ENG > 'OBJECT' Menu: Zones
2023-01-10 16:36:42,796: - INFO - Test_NavData_ENG: test.Test_NavData_ENG > 'OBJECT' Menu: Addresses
2023-01-10 16:36:42,827: - INFO - Test_NavData_ENG: test.Test_NavData_ENG > 'OBJECT' Menu: Services
2023-01-10 16:36:42,851: - INFO - Test_NavData_ENG: test.Test_NavData_ENG > 'OBJECT' Menu: URI Lists
2023-01-10 16:36:42,876: - INFO - Test_NavData_ENG: test.Test_NavData_ENG > 'OBJECT' Menu: Match Objects
2023-01-10 16:36:42,904: - INFO - Test_NavData_ENG: test.Test_NavData_ENG > 'OBJECT' Menu: Schedules
2023-01-10 16:36:42,931: - INFO - Test_NavData_ENG: test.Test_NavData_ENG > 'OBJECT' Menu: Dynamic Group
2023-01-10 16:36:42,965: - INFO - Test_NavData_ENG: test.Test_NavData_ENG > 'OBJECT' Menu: Email Addresses
2023-01-10 16:36:42,988: - INFO - Test_NavData_ENG: test.Test_NavData_ENG > 'OBJECT' Menu: Profile Objects
2023-01-10 16:36:43,012: - INFO - Test_NavData_ENG: test.Test_NavData_ENG > 'OBJECT' Menu: Endpoint Security
2023-01-10 16:36:43,043: - INFO - Test_NavData_ENG: test.Test_NavData_ENG > 'OBJECT' Menu: Bandwidth
2023-01-10 16:36:43,070: - INFO - Test_NavData_ENG: test.Test_NavData_ENG > 'OBJECT' Menu: QoS Marking
2023-01-10 16:36:43,097: - INFO - Test_NavData_ENG: test.Test_NavData_ENG > 'OBJECT' Menu: Content Filter
2023-01-10 16:36:43,120: - INFO - Test_NavData_ENG: test.Test_NavData_ENG > 'OBJECT' Menu: DHCP Option
2023-01-10 16:36:43,149: - INFO - Test_NavData_ENG: test.Test_NavData_ENG > 'OBJECT' Menu: AWS
2023-01-10 16:36:43,178: - INFO - Test_NavData_ENG: test.Test_NavData_ENG > 'OBJECT' Menu: Action Objects
2023-01-10 16:36:43,203: - INFO - Test_NavData_ENG: test.Test_NavData_ENG > 'OBJECT' Menu: App Rule Actions
2023-01-10 16:36:43,228: - INFO - Test_NavData_ENG: test.Test_NavData_ENG > 'OBJECT' Menu: Content Filter Actions
2023-01-10 16:36:43,228: - INFO - Test_NavData_ENG: test.Test_NavData_ENG > ========================================================================
2023-01-10 16:36:43,229: - INFO - Test_NavData_ENG: test.Test_NavData_ENG > 'OBJECT' Menu: Match Objects >> Match Objects (TOP)
2023-01-10 16:36:43,229: - INFO - Test_NavData_ENG: test.Test_NavData_ENG > ========================================================================
2023-01-10 16:36:43,229: - INFO - Test_NavData_ENG: test.Test_NavData_ENG > ALL MENU: 19
2023-01-10 16:36:43,270: - INFO - Test_NavData_ENG: test.Test_NavData_ENG > Data updated for [ENG]!
2023-01-10 16:36:43,270: - INFO - Test_NavData_ENG: test.Test_NavData_ENG > Top menu 'OBJECT' is done!
2023-01-10 16:36:45,950: - INFO - Test_NavData_ENG: test.Test_NavData_ENG > 'POLICY' Menu: Rules and Policies
2023-01-10 16:36:45,987: - INFO - Test_NavData_ENG: test.Test_NavData_ENG > 'POLICY' Menu: Access Rules
2023-01-10 16:36:46,016: - INFO - Test_NavData_ENG: test.Test_NavData_ENG > 'POLICY' Menu: NAT Rules
2023-01-10 16:36:46,047: - INFO - Test_NavData_ENG: test.Test_NavData_ENG > 'POLICY' Menu: Routing Rules
2023-01-10 16:36:46,073: - INFO - Test_NavData_ENG: test.Test_NavData_ENG > 'POLICY' Menu: Content Filter Rules
2023-01-10 16:36:46,105: - INFO - Test_NavData_ENG: test.Test_NavData_ENG > 'POLICY' Menu: App Rules
2023-01-10 16:36:46,137: - INFO - Test_NavData_ENG: test.Test_NavData_ENG > 'POLICY' Menu: Endpoint Rules
2023-01-10 16:36:46,168: - INFO - Test_NavData_ENG: test.Test_NavData_ENG > 'POLICY' Menu: DPI-SSL
2023-01-10 16:36:46,195: - INFO - Test_NavData_ENG: test.Test_NavData_ENG > 'POLICY' Menu: Client SSL
2023-01-10 16:36:46,226: - INFO - Test_NavData_ENG: test.Test_NavData_ENG > 'POLICY' Menu: Server SSL
2023-01-10 16:36:46,249: - INFO - Test_NavData_ENG: test.Test_NavData_ENG > 'POLICY' Menu: DPI-SSH
2023-01-10 16:36:46,273: - INFO - Test_NavData_ENG: test.Test_NavData_ENG > 'POLICY' Menu: Settings
2023-01-10 16:36:46,294: - INFO - Test_NavData_ENG: test.Test_NavData_ENG > 'POLICY' Menu: Security Services
2023-01-10 16:36:46,316: - INFO - Test_NavData_ENG: test.Test_NavData_ENG > 'POLICY' Menu: Summary
2023-01-10 16:36:46,340: - INFO - Test_NavData_ENG: test.Test_NavData_ENG > 'POLICY' Menu: Gateway Anti-Virus
2023-01-10 16:36:46,364: - INFO - Test_NavData_ENG: test.Test_NavData_ENG > 'POLICY' Menu: Anti-Spyware
2023-01-10 16:36:46,385: - INFO - Test_NavData_ENG: test.Test_NavData_ENG > 'POLICY' Menu: Intrusion Prevention
2023-01-10 16:36:46,409: - INFO - Test_NavData_ENG: test.Test_NavData_ENG > 'POLICY' Menu: Geo-IP Filter
2023-01-10 16:36:46,436: - INFO - Test_NavData_ENG: test.Test_NavData_ENG > 'POLICY' Menu: Botnet Filter
2023-01-10 16:36:46,466: - INFO - Test_NavData_ENG: test.Test_NavData_ENG > 'POLICY' Menu: App Control
2023-01-10 16:36:46,496: - INFO - Test_NavData_ENG: test.Test_NavData_ENG > 'POLICY' Menu: Content Filter
2023-01-10 16:36:46,527: - INFO - Test_NavData_ENG: test.Test_NavData_ENG > 'POLICY' Menu: Anti-Spam
2023-01-10 16:36:46,557: - INFO - Test_NavData_ENG: test.Test_NavData_ENG > 'POLICY' Menu: Status
2023-01-10 16:36:46,584: - INFO - Test_NavData_ENG: test.Test_NavData_ENG > 'POLICY' Menu: Settings
2023-01-10 16:36:46,609: - INFO - Test_NavData_ENG: test.Test_NavData_ENG > 'POLICY' Menu: Capture ATP
2023-01-10 16:36:46,640: - INFO - Test_NavData_ENG: test.Test_NavData_ENG > 'POLICY' Menu: Settings
2023-01-10 16:36:46,682: - INFO - Test_NavData_ENG: test.Test_NavData_ENG > 'POLICY' Menu: Scanning History
2023-01-10 16:36:46,714: - INFO - Test_NavData_ENG: test.Test_NavData_ENG > 'POLICY' Menu: Endpoint Security
2023-01-10 16:36:46,715: - INFO - Test_NavData_ENG: test.Test_NavData_ENG > ========================================================================
2023-01-10 16:36:46,715: - INFO - Test_NavData_ENG: test.Test_NavData_ENG > 'POLICY' Menu: No duplicated data to the TOP
2023-01-10 16:36:46,716: - INFO - Test_NavData_ENG: test.Test_NavData_ENG > ========================================================================
2023-01-10 16:36:46,716: - INFO - Test_NavData_ENG: test.Test_NavData_ENG > ALL MENU: 28
2023-01-10 16:36:46,756: - INFO - Test_NavData_ENG: test.Test_NavData_ENG > Data updated for [ENG]!
2023-01-10 16:36:46,756: - INFO - Test_NavData_ENG: test.Test_NavData_ENG > Top menu 'POLICY' is done!
2023-01-10 16:36:51,528: - INFO - Test_NavData_ENG: test.Test_NavData_ENG > Info created for [ENG]!
2023-01-10 16:36:51,533: - INFO - Test_NavData_ENG: test.Test_NavData_ENG > Info updated for [ENG]!
2023-01-10 16:36:52,022: - INFO - Test_NavData_ENG: test_Step02_MenuTop_ENG > [Pass]Take screenshot...
2023-01-10 16:36:53,161: - INFO - Test_NavData_JPN: test.Test_NavData_JPN > Element Not Found! >> preempt
2023-01-10 16:36:53,628: - INFO - Test_NavData_JPN: test_Step01_Login_JPN > [Pass]Take screenshot...
2023-01-10 16:36:53,750: - INFO - Test_NavData_JPN: test.Test_NavData_JPN > Switch to 'Non-Config' mode...
2023-01-10 16:36:53,753: - INFO - Test_NavData_JPN: test.Test_NavData_JPN > Data created for [JPN]!
2023-01-10 16:36:57,224: - INFO - Test_NavData_JPN: test.Test_NavData_JPN > 'HOME' Menu: ダッシュボード >> Dashboard
2023-01-10 16:36:57,238: - INFO - Test_NavData_JPN: test.Test_NavData_JPN > 'HOME' Menu: システム >> System
2023-01-10 16:36:57,254: - INFO - Test_NavData_JPN: test.Test_NavData_JPN > 'HOME' Menu: アクセス ポイント >> Access Points
2023-01-10 16:36:57,270: - INFO - Test_NavData_JPN: test.Test_NavData_JPN > 'HOME' Menu: キャプチャ ATP >> Capture ATP
2023-01-10 16:36:57,286: - INFO - Test_NavData_JPN: test.Test_NavData_JPN > 'HOME' Menu: トポロジ >> Topology
2023-01-10 16:36:57,301: - INFO - Test_NavData_JPN: test.Test_NavData_JPN > 'HOME' Menu: 法的情報 >> Legal Information
2023-01-10 16:36:57,314: - INFO - Test_NavData_JPN: test.Test_NavData_JPN > 'HOME' Menu: API >> API
2023-01-10 16:36:57,315: - INFO - Test_NavData_JPN: test.Test_NavData_JPN > ========================================================================
2023-01-10 16:36:57,315: - INFO - Test_NavData_JPN: test.Test_NavData_JPN > 'HOME' Menu: No duplicated data to the TOP
2023-01-10 16:36:57,315: - INFO - Test_NavData_JPN: test.Test_NavData_JPN > ========================================================================
2023-01-10 16:36:57,315: - INFO - Test_NavData_JPN: test.Test_NavData_JPN > ALL MENU: 7
2023-01-10 16:36:57,325: - INFO - Test_NavData_JPN: test.Test_NavData_JPN > Data updated for [JPN]!
2023-01-10 16:36:57,325: - INFO - Test_NavData_JPN: test.Test_NavData_JPN > Top menu 'HOME' is done!
2023-01-10 16:36:59,670: - INFO - Test_NavData_JPN: test.Test_NavData_JPN > 'MONITOR' Menu: リアルタイム グラフ >> Real-Time Charts
2023-01-10 16:36:59,687: - INFO - Test_NavData_JPN: test.Test_NavData_JPN > 'MONITOR' Menu: システム監視 >> System Monitor
2023-01-10 16:36:59,703: - INFO - Test_NavData_JPN: test.Test_NavData_JPN > 'MONITOR' Menu: プロトコル監視 >> Protocol Monitor
2023-01-10 16:36:59,719: - INFO - Test_NavData_JPN: test.Test_NavData_JPN > 'MONITOR' Menu: ユーザ監視 >> User Monitor
2023-01-10 16:36:59,738: - INFO - Test_NavData_JPN: test.Test_NavData_JPN > 'MONITOR' Menu: 帯域幅管理監視 >> BWM Monitor
2023-01-10 16:36:59,753: - INFO - Test_NavData_JPN: test.Test_NavData_JPN > 'MONITOR' Menu: AppFlow >> AppFlow
2023-01-10 16:36:59,771: - INFO - Test_NavData_JPN: test.Test_NavData_JPN > 'MONITOR' Menu: AppFlow 報告 >> AppFlow Report
2023-01-10 16:36:59,785: - INFO - Test_NavData_JPN: test.Test_NavData_JPN > 'MONITOR' Menu: AppFlow 監視 >> AppFlow Monitor
2023-01-10 16:36:59,802: - INFO - Test_NavData_JPN: test.Test_NavData_JPN > 'MONITOR' Menu: CTA レポート >> CTA Report
2023-01-10 16:36:59,818: - INFO - Test_NavData_JPN: test.Test_NavData_JPN > 'MONITOR' Menu: SDWAN >> SDWAN
2023-01-10 16:36:59,835: - INFO - Test_NavData_JPN: test.Test_NavData_JPN > 'MONITOR' Menu: SDWAN 監視 >> SDWAN Monitor
2023-01-10 16:36:59,848: - INFO - Test_NavData_JPN: test.Test_NavData_JPN > 'MONITOR' Menu: SD-WAN 接続 >> SD-WAN Connections
2023-01-10 16:36:59,863: - INFO - Test_NavData_JPN: test.Test_NavData_JPN > 'MONITOR' Menu: ログ >> Logs
2023-01-10 16:36:59,877: - INFO - Test_NavData_JPN: test.Test_NavData_JPN > 'MONITOR' Menu: システム ログ >> System Logs
2023-01-10 16:36:59,893: - INFO - Test_NavData_JPN: test.Test_NavData_JPN > 'MONITOR' Menu: 監査ログ >> Auditing Logs
2023-01-10 16:36:59,906: - INFO - Test_NavData_JPN: test.Test_NavData_JPN > 'MONITOR' Menu: ツールと監視 >> Tools & Monitors
2023-01-10 16:36:59,922: - INFO - Test_NavData_JPN: test.Test_NavData_JPN > 'MONITOR' Menu: パケット監視 >> Packet Monitor
2023-01-10 16:36:59,940: - INFO - Test_NavData_JPN: test.Test_NavData_JPN > 'MONITOR' Menu: 接続 >> Connections
2023-01-10 16:36:59,960: - INFO - Test_NavData_JPN: test.Test_NavData_JPN > 'MONITOR' Menu: コア 0 プロセス >> Core 0 Processes
2023-01-10 16:36:59,979: - INFO - Test_NavData_JPN: test.Test_NavData_JPN > 'MONITOR' Menu: パケット再生 >> Packet Replay
2023-01-10 16:36:59,979: - INFO - Test_NavData_JPN: test.Test_NavData_JPN > ========================================================================
2023-01-10 16:36:59,979: - INFO - Test_NavData_JPN: test.Test_NavData_JPN > 'MONITOR' Menu: No duplicated data to the TOP
2023-01-10 16:36:59,979: - INFO - Test_NavData_JPN: test.Test_NavData_JPN > ========================================================================
2023-01-10 16:36:59,979: - INFO - Test_NavData_JPN: test.Test_NavData_JPN > ALL MENU: 20
2023-01-10 16:36:59,989: - INFO - Test_NavData_JPN: test.Test_NavData_JPN > Data updated for [JPN]!
2023-01-10 16:36:59,989: - INFO - Test_NavData_JPN: test.Test_NavData_JPN > Top menu 'MONITOR' is done!
2023-01-10 16:37:02,553: - INFO - Test_NavData_JPN: test.Test_NavData_JPN > 'DEVICE' Menu: 設定 >> Settings
2023-01-10 16:37:02,573: - INFO - Test_NavData_JPN: test.Test_NavData_JPN > 'DEVICE' Menu: ライセンス >> Licenses
2023-01-10 16:37:02,589: - INFO - Test_NavData_JPN: test.Test_NavData_JPN > 'DEVICE' Menu: 管理 >> Administration
2023-01-10 16:37:02,604: - INFO - Test_NavData_JPN: test.Test_NavData_JPN > 'DEVICE' Menu: 時間 >> Time
2023-01-10 16:37:02,619: - INFO - Test_NavData_JPN: test.Test_NavData_JPN > 'DEVICE' Menu: 証明書 >> Certificates
2023-01-10 16:37:02,635: - INFO - Test_NavData_JPN: test.Test_NavData_JPN > 'DEVICE' Menu: SNMP >> SNMP
2023-01-10 16:37:02,652: - INFO - Test_NavData_JPN: test.Test_NavData_JPN > 'DEVICE' Menu: ファームウェアと設定 >> Firmware and Settings
2023-01-10 16:37:02,671: - INFO - Test_NavData_JPN: test.Test_NavData_JPN > 'DEVICE' Menu: 記憶装置 >> Storage
2023-01-10 16:37:02,685: - INFO - Test_NavData_JPN: test.Test_NavData_JPN > 'DEVICE' Menu: 再起動 >> Restart
2023-01-10 16:37:02,699: - INFO - Test_NavData_JPN: test.Test_NavData_JPN > 'DEVICE' Menu: 高可用性 >> High Availability
2023-01-10 16:37:02,717: - INFO - Test_NavData_JPN: test.Test_NavData_JPN > 'DEVICE' Menu: 状況 >> Status
2023-01-10 16:37:02,734: - INFO - Test_NavData_JPN: test.Test_NavData_JPN > 'DEVICE' Menu: 設定 >> Settings
2023-01-10 16:37:02,748: - INFO - Test_NavData_JPN: test.Test_NavData_JPN > 'DEVICE' Menu: 詳細 >> Advanced
2023-01-10 16:37:02,762: - INFO - Test_NavData_JPN: test.Test_NavData_JPN > 'DEVICE' Menu: 監視 >> Monitoring
2023-01-10 16:37:02,782: - INFO - Test_NavData_JPN: test.Test_NavData_JPN > 'DEVICE' Menu: ユーザ >> Users
2023-01-10 16:37:02,805: - INFO - Test_NavData_JPN: test.Test_NavData_JPN > 'DEVICE' Menu: 状況 >> Status
2023-01-10 16:37:02,821: - INFO - Test_NavData_JPN: test.Test_NavData_JPN > 'DEVICE' Menu: 設定 >> Settings
2023-01-10 16:37:02,840: - INFO - Test_NavData_JPN: test.Test_NavData_JPN > 'DEVICE' Menu: パーティション >> Partitions
2023-01-10 16:37:02,856: - INFO - Test_NavData_JPN: test.Test_NavData_JPN > 'DEVICE' Menu: ローカル ユーザとグループ >> Local Users & Groups
2023-01-10 16:37:02,873: - INFO - Test_NavData_JPN: test.Test_NavData_JPN > 'DEVICE' Menu: ゲスト サービス >> Guest Services
2023-01-10 16:37:02,887: - INFO - Test_NavData_JPN: test.Test_NavData_JPN > 'DEVICE' Menu: ゲスト アカウント >> Guest Accounts
2023-01-10 16:37:02,903: - INFO - Test_NavData_JPN: test.Test_NavData_JPN > 'DEVICE' Menu: ゲスト状況 >> Guest Status
2023-01-10 16:37:02,920: - INFO - Test_NavData_JPN: test.Test_NavData_JPN > 'DEVICE' Menu: AppFlow >> AppFlow
2023-01-10 16:37:02,938: - INFO - Test_NavData_JPN: test.Test_NavData_JPN > 'DEVICE' Menu: フロー報告 >> Flow Reporting
2023-01-10 16:37:02,960: - INFO - Test_NavData_JPN: test.Test_NavData_JPN > 'DEVICE' Menu: AppFlow エージェント >> AppFlow Agent
2023-01-10 16:37:02,979: - INFO - Test_NavData_JPN: test.Test_NavData_JPN > 'DEVICE' Menu: ログ >> Log
2023-01-10 16:37:02,996: - INFO - Test_NavData_JPN: test.Test_NavData_JPN > 'DEVICE' Menu: 設定 >> Settings
2023-01-10 16:37:03,013: - INFO - Test_NavData_JPN: test.Test_NavData_JPN > 'DEVICE' Menu: Syslog >> Syslog
2023-01-10 16:37:03,030: - INFO - Test_NavData_JPN: test.Test_NavData_JPN > 'DEVICE' Menu: 自動化 >> Automation
2023-01-10 16:37:03,048: - INFO - Test_NavData_JPN: test.Test_NavData_JPN > 'DEVICE' Menu: 名前解決 >> Name Resolution
2023-01-10 16:37:03,064: - INFO - Test_NavData_JPN: test.Test_NavData_JPN > 'DEVICE' Menu: レポート >> Reports
2023-01-10 16:37:03,083: - INFO - Test_NavData_JPN: test.Test_NavData_JPN > 'DEVICE' Menu: AWS >> AWS
2023-01-10 16:37:03,101: - INFO - Test_NavData_JPN: test.Test_NavData_JPN > 'DEVICE' Menu: 診断 >> Diagnostics
2023-01-10 16:37:03,119: - INFO - Test_NavData_JPN: test.Test_NavData_JPN > 'DEVICE' Menu: テクニカル サポート レポート >> Tech Support Report
2023-01-10 16:37:03,137: - INFO - Test_NavData_JPN: test.Test_NavData_JPN > 'DEVICE' Menu: ネットワーク設定の確認 >> Check Network Settings
2023-01-10 16:37:03,156: - INFO - Test_NavData_JPN: test.Test_NavData_JPN > 'DEVICE' Menu: DNS 名の調査 >> DNS Name Lookup
2023-01-10 16:37:03,173: - INFO - Test_NavData_JPN: test.Test_NavData_JPN > 'DEVICE' Menu: ネットワーク パス >> Network Path
2023-01-10 16:37:03,190: - INFO - Test_NavData_JPN: test.Test_NavData_JPN > 'DEVICE' Menu: Ping >> Ping
2023-01-10 16:37:03,207: - INFO - Test_NavData_JPN: test.Test_NavData_JPN > 'DEVICE' Menu: ルート追跡 >> Trace Route
2023-01-10 16:37:03,228: - INFO - Test_NavData_JPN: test.Test_NavData_JPN > 'DEVICE' Menu: リアルタイム ブラックリスト >> Real-Time Blacklist
2023-01-10 16:37:03,248: - INFO - Test_NavData_JPN: test.Test_NavData_JPN > 'DEVICE' Menu: 逆引き名前調査 >> Reverse Name Lookup
2023-01-10 16:37:03,266: - INFO - Test_NavData_JPN: test.Test_NavData_JPN > 'DEVICE' Menu: 上位接続 >> Connection TopX
2023-01-10 16:37:03,282: - INFO - Test_NavData_JPN: test.Test_NavData_JPN > 'DEVICE' Menu: 地域とボットネット >> Geo and Botnet
2023-01-10 16:37:03,299: - INFO - Test_NavData_JPN: test.Test_NavData_JPN > 'DEVICE' Menu: MX とバナー >> MX and Banner
2023-01-10 16:37:03,316: - INFO - Test_NavData_JPN: test.Test_NavData_JPN > 'DEVICE' Menu: グリッド確認 >> GRID Check
2023-01-10 16:37:03,336: - INFO - Test_NavData_JPN: test.Test_NavData_JPN > 'DEVICE' Menu: URL 格付け要求 >> URL Rating Request
2023-01-10 16:37:03,357: - INFO - Test_NavData_JPN: test.Test_NavData_JPN > 'DEVICE' Menu: PMTU 検出 >> PMTU Discovery
2023-01-10 16:37:03,374: - INFO - Test_NavData_JPN: test.Test_NavData_JPN > 'DEVICE' Menu: スイッチ診断 >> Switch Diagnostics
2023-01-10 16:37:03,390: - INFO - Test_NavData_JPN: test.Test_NavData_JPN > 'DEVICE' Menu: スイッチ ネットワーク >> Switch Network
2023-01-10 16:37:03,411: - INFO - Test_NavData_JPN: test.Test_NavData_JPN > 'DEVICE' Menu: 概要 >> Overview
2023-01-10 16:37:03,435: - INFO - Test_NavData_JPN: test.Test_NavData_JPN > 'DEVICE' Menu: スイッチ >> Switches
2023-01-10 16:37:03,459: - INFO - Test_NavData_JPN: test.Test_NavData_JPN > 'DEVICE' Menu: アクセス ポイント >> Access Points
2023-01-10 16:37:03,475: - INFO - Test_NavData_JPN: test.Test_NavData_JPN > 'DEVICE' Menu: 設定 >> Settings
2023-01-10 16:37:03,492: - INFO - Test_NavData_JPN: test.Test_NavData_JPN > 'DEVICE' Menu: ファームウェア管理 >> Firmware Management
2023-01-10 16:37:03,508: - INFO - Test_NavData_JPN: test.Test_NavData_JPN > 'DEVICE' Menu: フロア プランの表示 >> Floor Plan View
2023-01-10 16:37:03,526: - INFO - Test_NavData_JPN: test.Test_NavData_JPN > 'DEVICE' Menu: ステーション状況 >> Station Status
2023-01-10 16:37:03,545: - INFO - Test_NavData_JPN: test.Test_NavData_JPN > 'DEVICE' Menu: IDS >> IDS
2023-01-10 16:37:03,566: - INFO - Test_NavData_JPN: test.Test_NavData_JPN > 'DEVICE' Menu: 高度な IDP >> Advanced IDP
2023-01-10 16:37:03,588: - INFO - Test_NavData_JPN: test.Test_NavData_JPN > 'DEVICE' Menu: パケット キャプチャ >> Packet Capture
2023-01-10 16:37:03,607: - INFO - Test_NavData_JPN: test.Test_NavData_JPN > 'DEVICE' Menu: 仮想アクセス ポイント >> Virtual Access Point
2023-01-10 16:37:03,629: - INFO - Test_NavData_JPN: test.Test_NavData_JPN > 'DEVICE' Menu: RF 監視 >> RF Monitoring
2023-01-10 16:37:03,649: - INFO - Test_NavData_JPN: test.Test_NavData_JPN > 'DEVICE' Menu: RF 解析 >> RF Analysis
2023-01-10 16:37:03,667: - INFO - Test_NavData_JPN: test.Test_NavData_JPN > 'DEVICE' Menu: RF スペクトラム >> RF Spectrum
2023-01-10 16:37:03,687: - INFO - Test_NavData_JPN: test.Test_NavData_JPN > 'DEVICE' Menu: FairNet >> FairNet
2023-01-10 16:37:03,707: - INFO - Test_NavData_JPN: test.Test_NavData_JPN > 'DEVICE' Menu: Wi-Fi マルチメディア >> Wi-Fi Multimedia
2023-01-10 16:37:03,725: - INFO - Test_NavData_JPN: test.Test_NavData_JPN > 'DEVICE' Menu: 3G/4G/LTE WWAN >> 3G/4G/LTE WWAN
2023-01-10 16:37:03,737: - INFO - Test_NavData_JPN: test.Test_NavData_JPN > 'DEVICE' Menu: Bluetooth LE >> Bluetooth LE
2023-01-10 16:37:03,755: - INFO - Test_NavData_JPN: test.Test_NavData_JPN > 'DEVICE' Menu: 無線管理 >> Radio Management
2023-01-10 16:37:03,770: - INFO - Test_NavData_JPN: test.Test_NavData_JPN > 'DEVICE' Menu: WWAN >> WWAN
2023-01-10 16:37:03,771: - INFO - Test_NavData_JPN: test.Test_NavData_JPN > ========================================================================
2023-01-10 16:37:03,771: - INFO - Test_NavData_JPN: test.Test_NavData_JPN > 'DEVICE' Menu: Settings >> Settings (TOP)
2023-01-10 16:37:03,771: - INFO - Test_NavData_JPN: test.Test_NavData_JPN > ========================================================================
2023-01-10 16:37:03,771: - INFO - Test_NavData_JPN: test.Test_NavData_JPN > ALL MENU: 69
2023-01-10 16:37:03,785: - INFO - Test_NavData_JPN: test.Test_NavData_JPN > Data updated for [JPN]!
2023-01-10 16:37:03,785: - INFO - Test_NavData_JPN: test.Test_NavData_JPN > Top menu 'DEVICE' is done!
2023-01-10 16:37:06,641: - INFO - Test_NavData_JPN: test.Test_NavData_JPN > 'NETWORK' Menu: システム >> System
2023-01-10 16:37:06,663: - INFO - Test_NavData_JPN: test.Test_NavData_JPN > 'NETWORK' Menu: インターフェース >> Interfaces
2023-01-10 16:37:06,683: - INFO - Test_NavData_JPN: test.Test_NavData_JPN > 'NETWORK' Menu: フェイルオーバーと負荷分散 >> Failover & LB
2023-01-10 16:37:06,701: - INFO - Test_NavData_JPN: test.Test_NavData_JPN > 'NETWORK' Menu: 近隣者検出 >> Neighbor Discovery
2023-01-10 16:37:06,718: - INFO - Test_NavData_JPN: test.Test_NavData_JPN > 'NETWORK' Menu: ARP >> ARP
2023-01-10 16:37:06,735: - INFO - Test_NavData_JPN: test.Test_NavData_JPN > 'NETWORK' Menu: MAC IP アンチスプーフ >> MAC IP Anti-Spoof
2023-01-10 16:37:06,748: - INFO - Test_NavData_JPN: test.Test_NavData_JPN > 'NETWORK' Menu: ウェブ プロキシ >> Web Proxy
2023-01-10 16:37:06,762: - INFO - Test_NavData_JPN: test.Test_NavData_JPN > 'NETWORK' Menu: PortShield グループ >> PortShield Groups
2023-01-10 16:37:06,780: - INFO - Test_NavData_JPN: test.Test_NavData_JPN > 'NETWORK' Menu: VLAN 変換 >> VLAN Translation
2023-01-10 16:37:06,817: - INFO - Test_NavData_JPN: test.Test_NavData_JPN > 'NETWORK' Menu: IP ヘルパー >> IP Helper
2023-01-10 16:37:06,831: - INFO - Test_NavData_JPN: test.Test_NavData_JPN > 'NETWORK' Menu: 動的ルーティング >> Dynamic Routing
2023-01-10 16:37:06,845: - INFO - Test_NavData_JPN: test.Test_NavData_JPN > 'NETWORK' Menu: DHCP サーバ >> DHCP Server
2023-01-10 16:37:06,858: - INFO - Test_NavData_JPN: test.Test_NavData_JPN > 'NETWORK' Menu: マルチキャスト >> Multicast
2023-01-10 16:37:06,871: - INFO - Test_NavData_JPN: test.Test_NavData_JPN > 'NETWORK' Menu: ネットワーク監視 >> Network Monitor
2023-01-10 16:37:06,886: - INFO - Test_NavData_JPN: test.Test_NavData_JPN > 'NETWORK' Menu: AWS 設定 >> AWS Configuration
2023-01-10 16:37:06,902: - INFO - Test_NavData_JPN: test.Test_NavData_JPN > 'NETWORK' Menu: ファイアウォール >> Firewall
2023-01-10 16:37:06,917: - INFO - Test_NavData_JPN: test.Test_NavData_JPN > 'NETWORK' Menu: 詳細 >> Advanced
2023-01-10 16:37:06,936: - INFO - Test_NavData_JPN: test.Test_NavData_JPN > 'NETWORK' Menu: フラッド防御 >> Flood Protection
2023-01-10 16:37:06,953: - INFO - Test_NavData_JPN: test.Test_NavData_JPN > 'NETWORK' Menu: SSL 制御 >> SSL Control
2023-01-10 16:37:06,971: - INFO - Test_NavData_JPN: test.Test_NavData_JPN > 'NETWORK' Menu: 暗号化制御 >> Cipher Control
2023-01-10 16:37:06,988: - INFO - Test_NavData_JPN: test.Test_NavData_JPN > 'NETWORK' Menu: RBL フィルタ >> RBL Filter
2023-01-10 16:37:07,004: - INFO - Test_NavData_JPN: test.Test_NavData_JPN > 'NETWORK' Menu: VoIP >> VoIP
2023-01-10 16:37:07,021: - INFO - Test_NavData_JPN: test.Test_NavData_JPN > 'NETWORK' Menu: 設定 >> Settings
2023-01-10 16:37:07,040: - INFO - Test_NavData_JPN: test.Test_NavData_JPN > 'NETWORK' Menu: 通話状況 >> Call Status
2023-01-10 16:37:07,061: - INFO - Test_NavData_JPN: test.Test_NavData_JPN > 'NETWORK' Menu: DNS >> DNS
2023-01-10 16:37:07,082: - INFO - Test_NavData_JPN: test.Test_NavData_JPN > 'NETWORK' Menu: 設定 >> Settings
2023-01-10 16:37:07,100: - INFO - Test_NavData_JPN: test.Test_NavData_JPN > 'NETWORK' Menu: 動的 DNS >> Dynamic DNS
2023-01-10 16:37:07,122: - INFO - Test_NavData_JPN: test.Test_NavData_JPN > 'NETWORK' Menu: DNS プロキシ >> DNS Proxy
2023-01-10 16:37:07,138: - INFO - Test_NavData_JPN: test.Test_NavData_JPN > 'NETWORK' Menu: DNS セキュリティ >> DNS Security
2023-01-10 16:37:07,156: - INFO - Test_NavData_JPN: test.Test_NavData_JPN > 'NETWORK' Menu: スイッチング >> Switching
2023-01-10 16:37:07,178: - INFO - Test_NavData_JPN: test.Test_NavData_JPN > 'NETWORK' Menu: VLAN トランク >> VLAN Trunking
2023-01-10 16:37:07,202: - INFO - Test_NavData_JPN: test.Test_NavData_JPN > 'NETWORK' Menu: L2 発見 >> L2 Discovery
2023-01-10 16:37:07,221: - INFO - Test_NavData_JPN: test.Test_NavData_JPN > 'NETWORK' Menu: リンク統合 >> Link Aggregation
2023-01-10 16:37:07,249: - INFO - Test_NavData_JPN: test.Test_NavData_JPN > 'NETWORK' Menu: ポート ミラーリング >> Port Mirroring
2023-01-10 16:37:07,268: - INFO - Test_NavData_JPN: test.Test_NavData_JPN > 'NETWORK' Menu: SDWAN >> SDWAN
2023-01-10 16:37:07,286: - INFO - Test_NavData_JPN: test.Test_NavData_JPN > 'NETWORK' Menu: グループ >> Groups
2023-01-10 16:37:07,305: - INFO - Test_NavData_JPN: test.Test_NavData_JPN > 'NETWORK' Menu: SLA プローブ >> SLA Probes
2023-01-10 16:37:07,326: - INFO - Test_NavData_JPN: test.Test_NavData_JPN > 'NETWORK' Menu: SLA クラス オブジェクト >> SLA Class Objects
2023-01-10 16:37:07,346: - INFO - Test_NavData_JPN: test.Test_NavData_JPN > 'NETWORK' Menu: パス選択プロファイル >> Path Selection Profiles
2023-01-10 16:37:07,368: - INFO - Test_NavData_JPN: test.Test_NavData_JPN > 'NETWORK' Menu: ルール >> Rules
2023-01-10 16:37:07,391: - INFO - Test_NavData_JPN: test.Test_NavData_JPN > 'NETWORK' Menu: IPSec VPN >> IPSec VPN
2023-01-10 16:37:07,414: - INFO - Test_NavData_JPN: test.Test_NavData_JPN > 'NETWORK' Menu: ルールと設定 >> Rules and Settings
2023-01-10 16:37:07,438: - INFO - Test_NavData_JPN: test.Test_NavData_JPN > 'NETWORK' Menu: 詳細 >> Advanced
2023-01-10 16:37:07,463: - INFO - Test_NavData_JPN: test.Test_NavData_JPN > 'NETWORK' Menu: VPN を越えた DHCP >> DHCP over VPN
2023-01-10 16:37:07,488: - INFO - Test_NavData_JPN: test.Test_NavData_JPN > 'NETWORK' Menu: L2TP サーバ >> L2TP Server
2023-01-10 16:37:07,511: - INFO - Test_NavData_JPN: test.Test_NavData_JPN > 'NETWORK' Menu: AWS VPN >> AWS VPN
2023-01-10 16:37:07,533: - INFO - Test_NavData_JPN: test.Test_NavData_JPN > 'NETWORK' Menu: SSL VPN >> SSL VPN
2023-01-10 16:37:07,555: - INFO - Test_NavData_JPN: test.Test_NavData_JPN > 'NETWORK' Menu: 状況 >> Status
2023-01-10 16:37:07,576: - INFO - Test_NavData_JPN: test.Test_NavData_JPN > 'NETWORK' Menu: サーバ設定 >> Server Settings
2023-01-10 16:37:07,595: - INFO - Test_NavData_JPN: test.Test_NavData_JPN > 'NETWORK' Menu: クライアント設定 >> Client Settings
2023-01-10 16:37:07,616: - INFO - Test_NavData_JPN: test.Test_NavData_JPN > 'NETWORK' Menu: ポータル設定 >> Portal Settings
2023-01-10 16:37:07,633: - INFO - Test_NavData_JPN: test.Test_NavData_JPN > 'NETWORK' Menu: 仮想オフィス >> Virtual Office
2023-01-10 16:37:07,633: - INFO - Test_NavData_JPN: test.Test_NavData_JPN > ========================================================================
2023-01-10 16:37:07,633: - INFO - Test_NavData_JPN: test.Test_NavData_JPN > 'NETWORK' Menu: No duplicated data to the TOP
2023-01-10 16:37:07,633: - INFO - Test_NavData_JPN: test.Test_NavData_JPN > ========================================================================
2023-01-10 16:37:07,633: - INFO - Test_NavData_JPN: test.Test_NavData_JPN > ALL MENU: 52
2023-01-10 16:37:07,653: - INFO - Test_NavData_JPN: test.Test_NavData_JPN > Data updated for [JPN]!
2023-01-10 16:37:07,653: - INFO - Test_NavData_JPN: test.Test_NavData_JPN > Top menu 'NETWORK' is done!
2023-01-10 16:37:10,363: - INFO - Test_NavData_JPN: test.Test_NavData_JPN > 'OBJECT' Menu: 一致オブジェクト >> Match Objects
2023-01-10 16:37:10,380: - INFO - Test_NavData_JPN: test.Test_NavData_JPN > 'OBJECT' Menu: ゾーン >> Zones
2023-01-10 16:37:10,395: - INFO - Test_NavData_JPN: test.Test_NavData_JPN > 'OBJECT' Menu: アドレス >> Addresses
2023-01-10 16:37:10,414: - INFO - Test_NavData_JPN: test.Test_NavData_JPN > 'OBJECT' Menu: サービス >> Services
2023-01-10 16:37:10,436: - INFO - Test_NavData_JPN: test.Test_NavData_JPN > 'OBJECT' Menu: URI リスト >> URI Lists
2023-01-10 16:37:10,452: - INFO - Test_NavData_JPN: test.Test_NavData_JPN > 'OBJECT' Menu: 一致オブジェクト >> Match Objects
2023-01-10 16:37:10,467: - INFO - Test_NavData_JPN: test.Test_NavData_JPN > 'OBJECT' Menu: スケジュール >> Schedules
2023-01-10 16:37:10,483: - INFO - Test_NavData_JPN: test.Test_NavData_JPN > 'OBJECT' Menu: 動的グループ >> Dynamic Group
2023-01-10 16:37:10,497: - INFO - Test_NavData_JPN: test.Test_NavData_JPN > 'OBJECT' Menu: 電子メール アドレス >> Email Addresses
2023-01-10 16:37:10,512: - INFO - Test_NavData_JPN: test.Test_NavData_JPN > 'OBJECT' Menu: プロファイル オブジェクト >> Profile Objects
2023-01-10 16:37:10,531: - INFO - Test_NavData_JPN: test.Test_NavData_JPN > 'OBJECT' Menu: エンドポイント セキュリティ >> Endpoint Security
2023-01-10 16:37:10,550: - INFO - Test_NavData_JPN: test.Test_NavData_JPN > 'OBJECT' Menu: 帯域幅 >> Bandwidth
2023-01-10 16:37:10,568: - INFO - Test_NavData_JPN: test.Test_NavData_JPN > 'OBJECT' Menu: QoS 級割 >> QoS Marking
2023-01-10 16:37:10,585: - INFO - Test_NavData_JPN: test.Test_NavData_JPN > 'OBJECT' Menu: コンテンツ フィルタ >> Content Filter
2023-01-10 16:37:10,599: - INFO - Test_NavData_JPN: test.Test_NavData_JPN > 'OBJECT' Menu: DHCP オプション >> DHCP Option
2023-01-10 16:37:10,620: - INFO - Test_NavData_JPN: test.Test_NavData_JPN > 'OBJECT' Menu: AWS >> AWS
2023-01-10 16:37:10,640: - INFO - Test_NavData_JPN: test.Test_NavData_JPN > 'OBJECT' Menu: 動作オブジェクト >> Action Objects
2023-01-10 16:37:10,656: - INFO - Test_NavData_JPN: test.Test_NavData_JPN > 'OBJECT' Menu: アプリケーション ルールの動作 >> App Rule Actions
2023-01-10 16:37:10,676: - INFO - Test_NavData_JPN: test.Test_NavData_JPN > 'OBJECT' Menu: コンテンツ フィルタの動作 >> Content Filter Actions
2023-01-10 16:37:10,676: - INFO - Test_NavData_JPN: test.Test_NavData_JPN > ========================================================================
2023-01-10 16:37:10,676: - INFO - Test_NavData_JPN: test.Test_NavData_JPN > 'OBJECT' Menu: Match Objects >> Match Objects (TOP)
2023-01-10 16:37:10,676: - INFO - Test_NavData_JPN: test.Test_NavData_JPN > ========================================================================
2023-01-10 16:37:10,676: - INFO - Test_NavData_JPN: test.Test_NavData_JPN > ALL MENU: 19
2023-01-10 16:37:10,687: - INFO - Test_NavData_JPN: test.Test_NavData_JPN > Data updated for [JPN]!
2023-01-10 16:37:10,687: - INFO - Test_NavData_JPN: test.Test_NavData_JPN > Top menu 'OBJECT' is done!
2023-01-10 16:37:13,757: - INFO - Test_NavData_JPN: test.Test_NavData_JPN > 'POLICY' Menu: ルールとポリシー >> Rules and Policies
2023-01-10 16:37:13,776: - INFO - Test_NavData_JPN: test.Test_NavData_JPN > 'POLICY' Menu: アクセス ルール >> Access Rules
2023-01-10 16:37:13,794: - INFO - Test_NavData_JPN: test.Test_NavData_JPN > 'POLICY' Menu: NAT ルール >> NAT Rules
2023-01-10 16:37:13,815: - INFO - Test_NavData_JPN: test.Test_NavData_JPN > 'POLICY' Menu: ルーティング ルール >> Routing Rules
2023-01-10 16:37:13,833: - INFO - Test_NavData_JPN: test.Test_NavData_JPN > 'POLICY' Menu: コンテンツ フィルタ ルール >> Content Filter Rules
2023-01-10 16:37:13,850: - INFO - Test_NavData_JPN: test.Test_NavData_JPN > 'POLICY' Menu: アプリケーション ルール >> App Rules
2023-01-10 16:37:13,868: - INFO - Test_NavData_JPN: test.Test_NavData_JPN > 'POLICY' Menu: エンドポイント ルール >> Endpoint Rules
2023-01-10 16:37:13,884: - INFO - Test_NavData_JPN: test.Test_NavData_JPN > 'POLICY' Menu: DPI-SSL >> DPI-SSL
2023-01-10 16:37:13,904: - INFO - Test_NavData_JPN: test.Test_NavData_JPN > 'POLICY' Menu: クライアント SSL >> Client SSL
2023-01-10 16:37:13,925: - INFO - Test_NavData_JPN: test.Test_NavData_JPN > 'POLICY' Menu: サーバ SSL >> Server SSL
2023-01-10 16:37:13,943: - INFO - Test_NavData_JPN: test.Test_NavData_JPN > 'POLICY' Menu: DPI-SSH >> DPI-SSH
2023-01-10 16:37:13,961: - INFO - Test_NavData_JPN: test.Test_NavData_JPN > 'POLICY' Menu: 設定 >> Settings
2023-01-10 16:37:13,979: - INFO - Test_NavData_JPN: test.Test_NavData_JPN > 'POLICY' Menu: セキュリティ サービス >> Security Services
2023-01-10 16:37:14,000: - INFO - Test_NavData_JPN: test.Test_NavData_JPN > 'POLICY' Menu: サマリ >> Summary
2023-01-10 16:37:14,018: - INFO - Test_NavData_JPN: test.Test_NavData_JPN > 'POLICY' Menu: ゲートウェイ アンチウイルス >> Gateway Anti-Virus
2023-01-10 16:37:14,037: - INFO - Test_NavData_JPN: test.Test_NavData_JPN > 'POLICY' Menu: アンチスパイウェア >> Anti-Spyware
2023-01-10 16:37:14,055: - INFO - Test_NavData_JPN: test.Test_NavData_JPN > 'POLICY' Menu: 侵入防御 >> Intrusion Prevention
2023-01-10 16:37:14,074: - INFO - Test_NavData_JPN: test.Test_NavData_JPN > 'POLICY' Menu: 地域 IP フィルタ >> Geo-IP Filter
2023-01-10 16:37:14,092: - INFO - Test_NavData_JPN: test.Test_NavData_JPN > 'POLICY' Menu: ボットネット フィルタ >> Botnet Filter
2023-01-10 16:37:14,113: - INFO - Test_NavData_JPN: test.Test_NavData_JPN > 'POLICY' Menu: アプリケーション制御 >> App Control
2023-01-10 16:37:14,130: - INFO - Test_NavData_JPN: test.Test_NavData_JPN > 'POLICY' Menu: コンテンツ フィルタ >> Content Filter
2023-01-10 16:37:14,152: - INFO - Test_NavData_JPN: test.Test_NavData_JPN > 'POLICY' Menu: アンチスパム >> Anti-Spam
2023-01-10 16:37:14,169: - INFO - Test_NavData_JPN: test.Test_NavData_JPN > 'POLICY' Menu: 状況 >> Status
2023-01-10 16:37:14,186: - INFO - Test_NavData_JPN: test.Test_NavData_JPN > 'POLICY' Menu: 設定 >> Settings
2023-01-10 16:37:14,209: - INFO - Test_NavData_JPN: test.Test_NavData_JPN > 'POLICY' Menu: キャプチャ ATP >> Capture ATP
2023-01-10 16:37:14,226: - INFO - Test_NavData_JPN: test.Test_NavData_JPN > 'POLICY' Menu: 設定 >> Settings
2023-01-10 16:37:14,246: - INFO - Test_NavData_JPN: test.Test_NavData_JPN > 'POLICY' Menu: スキャン履歴 >> Scanning History
2023-01-10 16:37:14,265: - INFO - Test_NavData_JPN: test.Test_NavData_JPN > 'POLICY' Menu: エンドポイント セキュリティ >> Endpoint Security
2023-01-10 16:37:14,265: - INFO - Test_NavData_JPN: test.Test_NavData_JPN > ========================================================================
2023-01-10 16:37:14,266: - INFO - Test_NavData_JPN: test.Test_NavData_JPN > 'POLICY' Menu: No duplicated data to the TOP
2023-01-10 16:37:14,266: - INFO - Test_NavData_JPN: test.Test_NavData_JPN > ========================================================================
2023-01-10 16:37:14,266: - INFO - Test_NavData_JPN: test.Test_NavData_JPN > ALL MENU: 28
2023-01-10 16:37:14,289: - INFO - Test_NavData_JPN: test.Test_NavData_JPN > Data updated for [JPN]!
2023-01-10 16:37:14,289: - INFO - Test_NavData_JPN: test.Test_NavData_JPN > Top menu 'POLICY' is done!
2023-01-10 16:37:20,575: - INFO - Test_NavData_JPN: test.Test_NavData_JPN > Info created for [JPN]!
2023-01-10 16:37:20,578: - INFO - Test_NavData_JPN: test.Test_NavData_JPN > Info updated for [JPN]!
2023-01-10 16:37:20,999: - INFO - Test_NavData_JPN: test_Step02_MenuTop_JPN > [Pass]Take screenshot...
2023-01-10 16:37:24,313: - INFO - Test_NavData_ENG: box_JPN > Got data!
2023-01-10 16:37:24,319: - INFO - Test_NavData_ENG: box_ENG > Got data!
2023-01-10 16:37:24,319: - INFO - Test_NavData_ENG: test_dataCompare > Ready to start...
2023-01-10 16:37:24,319: - INFO - Test_NavData_ENG: test_dataCompare > --------------------------------------------------------------------
2023-01-10 16:37:24,322: - INFO - Test_NavData_ENG: test_dataCompare > [JPN] info: Device Name -----> NSA 2700
2023-01-10 16:37:24,322: - INFO - Test_NavData_ENG: test_dataCompare > [JPN] info: Serial Number ---> 2CB8EDBA2F98
2023-01-10 16:37:24,322: - INFO - Test_NavData_ENG: test_dataCompare > [JPN] info: Firmware Version > SonicOS 7.0.1-5104-R3844-j3888
2023-01-10 16:37:24,322: - INFO - Test_NavData_ENG: test_dataCompare > --------------------------------------------------------------------
2023-01-10 16:37:24,324: - INFO - Test_NavData_ENG: test_dataCompare > [ENG] info: Device Name -----> TZ 570P
2023-01-10 16:37:24,324: - INFO - Test_NavData_ENG: test_dataCompare > [ENG] info: Serial Number ---> 2CB8ED694D58
2023-01-10 16:37:24,324: - INFO - Test_NavData_ENG: test_dataCompare > [ENG] info: Firmware Version > SonicOS 7.0.1-5104-P3848
2023-01-10 16:37:24,324: - INFO - Test_NavData_ENG: test_dataCompare > --------------------------------------------------------------------
2023-01-10 16:37:24,326: - INFO - Test_NavData_ENG: missing_page > [ENG] version missing: DEVICE > Users > Partitions
2023-01-10 16:37:24,326: - INFO - Test_NavData_ENG: missing_page > [JPN] version missing: NETWORK > System > PoE Settings
2023-01-10 16:37:24,326: - INFO - Test_NavData_ENG: missing_page > [ENG] version missing: NETWORK > Switching
2023-01-10 16:37:24,326: - INFO - Test_NavData_ENG: missing_page > [ENG] version missing: NETWORK > Switching > VLAN Trunking
2023-01-10 16:37:24,326: - INFO - Test_NavData_ENG: missing_page > [ENG] version missing: NETWORK > Switching > L2 Discovery
2023-01-10 16:37:24,326: - INFO - Test_NavData_ENG: missing_page > [ENG] version missing: NETWORK > Switching > Link Aggregation
2023-01-10 16:37:24,327: - INFO - Test_NavData_ENG: missing_page > [ENG] version missing: NETWORK > Switching > Port Mirroring
